2020-10-30T21:27:16.824299208Z: INFO: Sent a broadcast containing a finalization message
2020-10-30T21:27:16.979932611Z: INFO: Processed a finalization message from d41c71530edd94ea
2020-10-30T21:27:16.980237890Z: INFO: Sent a broadcast containing a finalization message
2020-10-30T21:27:17.020528426Z: INFO: Processed a finalization message from d41c71530edd94ea
2020-10-30T21:27:17.021549478Z: INFO: Sent a broadcast containing a finalization message
groupadd: group 'docker' already exists
useradd: user 'docker' already exists
Initializing configuration structure in directory '/var/lib/concordium/config'.
Skipping '/var/lib/concordium/config': directory already exists.
Creating directory '/var/lib/concordium/config/accounts'.
Skipping '/var/lib/concordium/config/accounts': directory already exists.
Creating file '/var/lib/concordium/config/accounts/names.map'.
Skipping '/var/lib/concordium/config/accounts/names.map': file already exists.
[92mConfiguration initialized.
[0m2020-10-30 21:30:35,525 INFO Included extra file "/etc/supervisor/conf.d/concordium.conf" during parsing
2020-10-30 21:30:35,526 INFO Set uid to user 0 succeeded
Unlinking stale socket /var/run/supervisor.sock
2020-10-30 21:30:35,835 INFO RPC interface 'supervisor' initialized
2020-10-30 21:30:35,836 CRIT Server 'unix_http_server' running without any HTTP authentication checking
2020-10-30 21:30:35,837 INFO supervisord started with pid 13
2020-10-30 21:30:36,841 INFO spawned: 'collector' with pid 15
2020-10-30 21:30:36,844 INFO spawned: 'middleware' with pid 16
2020-10-30 21:30:36,853 INFO spawned: 'nginx' with pid 17
2020-10-30 21:30:36,865 INFO spawned: 'p2p-client' with pid 19
2020-10-30T21:30:37.003178802Z: INFO: Starting up p2p_client version 0.3.2!
2020-10-30T21:30:37.004296292Z: INFO: Application data directory: "/var/lib/concordium/data"
2020-10-30T21:30:37.004869689Z: INFO: Application config directory: "/var/lib/concordium/config"
2020-10-30T21:30:37.004880848Z: INFO: Network: enabled
2020-10-30T21:30:37.004883193Z: INFO: Log level: info
2020-10-30T21:30:37.006260230Z: INFO: My Node ID is 302eebca9f7b9279
2020-10-30T21:30:37.010224486Z: INFO: Starting consensus layer
2020-10-30T21:30:37.010232896Z: INFO: Starting up the consensus thread
2020-10-30T21:30:37.013005560Z: INFO: Starting up the consensus layer
2020-10-30 21:30:38,015 INFO success: collector entered RUNNING state, process has stayed up for > than 1 seconds (startsecs)
2020-10-30 21:30:38,016 INFO success: middleware entered RUNNING state, process has stayed up for > than 1 seconds (startsecs)
2020-10-30 21:30:38,017 INFO success: nginx entered RUNNING state, process has stayed up for > than 1 seconds (startsecs)
2020-10-30 21:30:38,018 INFO success: p2p-client entered RUNNING state, process has stayed up for > than 1 seconds (startsecs)
2020-10-30T21:31:05.168338261Z: INFO: Consensus layer started
2020-10-30T21:31:05.173082061Z: INFO: RPC server started
2020-10-30T21:31:05.174382918Z: INFO: Starting out of band catch-up
2020-10-30T21:31:05.187289202Z: ERROR: External: Error importing block: OtherError ResultDuplicate
2020-10-30T21:31:05.187836957Z: INFO: Completed out of band catch-up
2020-10-30T21:31:05.218373223Z: INFO: Starting the P2P layer
2020-10-30T21:31:05.223056794Z: INFO: Attempting to bootstrap
2020-10-30T21:31:05.294616718Z: INFO: Using bootstrapper 54.77.133.220:8888
2020-10-30T21:31:05.295385861Z: INFO: Using bootstrapper 52.17.42.154:8888
2020-10-30T21:31:05.295722692Z: INFO: Commencing baking
2020-10-30T21:31:05.305552565Z: INFO: Runner: Starting baker thread
2020-10-30T21:31:05.677882204Z: INFO: Sent a direct message to peer 33bb2c1a4199ce59 containing a catch-up status message
2020-10-30T21:31:05.680848754Z: INFO: Processed a catch-up status message from 33bb2c1a4199ce59
2020-10-30T21:31:05.680902519Z: INFO: Sent a direct message to peer 33bb2c1a4199ce59 containing a catch-up status message
2020-10-30T21:31:05.695436014Z: INFO: Processed a catch-up status message from 18ee526e52ffcc6a
2020-10-30T21:31:05.700175942Z: INFO: Sent a direct message to peer 18ee526e52ffcc6a containing a catch-up status message
2020-10-30T21:31:05.788400733Z: INFO: Skov: Receive statistics: blocksReceivedCount=1 blockLastReceived=1.6040934657870598e9 blockReceiveLatencyEMA=21.5787059779 blockReceiveLatencyEMSD=64.7361179337 blockReceivePeriodEMA=Nothing blockReceivePeriodEMSD=Nothing
2020-10-30T21:31:05.885645945Z: INFO: Skov: Block f7042cba889e59cb93e43d63fd31025116c96fb1131f8c917cec2dcb44bf4bf9 (481) arrived
2020-10-30T21:31:05.887030420Z: INFO: Skov: Arrive statistics: blocksVerifiedCount=1 blockLastArrive=1.604093465885403e9 blockArriveLatencyEMA=21.588540300200002 blockArriveLatencyEMSD=64.7656209006 blockArrivePeriodEMA=Nothing blockArrivePeriodEMSD=Nothing transactionsPerBlockEMA=0.1 transactionsPerBlockEMSD=0.30000000000000004
2020-10-30T21:31:05.888086205Z: INFO: Processed a block from 33bb2c1a4199ce59
2020-10-30T21:31:05.889721565Z: INFO: Skov: Receive statistics: blocksReceivedCount=2 blockLastReceived=1.6040934658887906e9 blockReceiveLatencyEMA=39.709714436910005 blockReceiveLatencyEMSD=82.03834273240504 blockReceivePeriodEMA=Just 0.101730789 blockReceivePeriodEMSD=Just 0.0
2020-10-30T21:31:05.908131940Z: INFO: Skov: Block f7042cba889e59cb93e43d63fd31025116c96fb1131f8c917cec2dcb44bf4bf9 is finalized at height 200871 with finalization delta=0
2020-10-30T21:31:05.909941660Z: INFO: Skov: Finalization statistics: finalizationCount=1 lastFinalizedTime=1.6040934659098833e9 finalizationPeriodEMA=Nothing finalizationPeriodEMSD=Nothing
2020-10-30T21:31:05.936062584Z: INFO: Skov: Block 20cec5129f8b94308ac9cf356c22c1317d63728097633866a8bac07d2eb50eb9 (11) arrived
2020-10-30T21:31:05.936936702Z: INFO: Skov: Arrive statistics: blocksVerifiedCount=2 blockLastArrive=1.6040934659360042e9 blockArriveLatencyEMA=39.723286676780006 blockArriveLatencyEMSD=82.06673090151786 blockArrivePeriodEMA=Just 5.0601064e-2 blockArrivePeriodEMSD=Just 0.0 transactionsPerBlockEMA=0.19 transactionsPerBlockEMSD=0.39230090491866065
2020-10-30T21:31:05.937400166Z: INFO: Processed a block from 33bb2c1a4199ce59
2020-10-30T21:31:05.938401818Z: INFO: Skov: Receive statistics: blocksReceivedCount=3 blockLastReceived=1.6040934659377022e9 blockReceiveLatencyEMA=52.757513214719005 blockReceiveLatencyEMSD=87.11754236069417 blockReceivePeriodEMA=Just 9.64488748e-2 blockReceivePeriodEMSD=Just 1.58457426e-2
2020-10-30T21:31:05.963165853Z: INFO: Skov: Block 20cec5129f8b94308ac9cf356c22c1317d63728097633866a8bac07d2eb50eb9 is finalized at height 200872 with finalization delta=0
2020-10-30T21:31:05.964065372Z: INFO: Skov: Finalization statistics: finalizationCount=2 lastFinalizedTime=1.6040934659639745e9 finalizationPeriodEMA=Just 5.4091362e-2 finalizationPeriodEMSD=Just 0.0
2020-10-30T21:31:06.010868375Z: INFO: Skov: Block 29207f230cf11b9013204562bdb14459a8bc775f1ee2c328617725e29dd1e7f4 (958) arrived
2020-10-30T21:31:06.012130213Z: INFO: Skov: Arrive statistics: blocksVerifiedCount=3 blockLastArrive=1.604093466010826e9 blockArriveLatencyEMA=52.777040630802006 blockArriveLatencyEMSD=87.1496294851862 blockArrivePeriodEMA=Just 5.30231727e-2 blockArrivePeriodEMSD=Just 7.266326100000001e-3 transactionsPerBlockEMA=0.271 transactionsPerBlockEMSD=0.4444760960951669
2020-10-30T21:31:06.012923911Z: INFO: Processed a block from 33bb2c1a4199ce59
2020-10-30T21:31:06.014487575Z: INFO: Skov: Receive statistics: blocksReceivedCount=4 blockLastReceived=1.604093466014175e9 blockReceiveLatencyEMA=64.4331793858471 blockReceiveLatencyEMSD=89.76307811749348 blockReceivePeriodEMA=Just 9.445125842e-2 blockReceivePeriodEMSD=Just 1.618310982183919e-2
2020-10-30T21:31:06.016123010Z: INFO: Skov: Block da1f2df94c50a760253a1a70dd404b7d29e00ad8527db4a96b70f59cdaf77286 (688) arrived
2020-10-30T21:31:06.020953825Z: INFO: Skov: Arrive statistics: blocksVerifiedCount=4 blockLastArrive=1.6040934660160942e9 blockArriveLatencyEMA=64.45094598382181 blockArriveLatencyEMSD=89.78904567477089 blockArrivePeriodEMA=Just 4.824764983e-2 blockArrivePeriodEMSD=Just 1.5898745662140282e-2 transactionsPerBlockEMA=0.2439 transactionsPerBlockEMSD=0.42943310305564475
2020-10-30T21:31:06.021364113Z: INFO: Processed a block from 33bb2c1a4199ce59
2020-10-30T21:31:06.022384557Z: INFO: Skov: Receive statistics: blocksReceivedCount=5 blockLastReceived=1.6040934660216615e9 blockReceiveLatencyEMA=74.46702759406239 blockReceiveLatencyEMSD=90.32038619605243 blockReceivePeriodEMA=Just 8.5754786778e-2 blockReceivePeriodEMSD=Just 3.0271460327115522e-2
2020-10-30T21:31:06.044726694Z: INFO: Skov: Block 29207f230cf11b9013204562bdb14459a8bc775f1ee2c328617725e29dd1e7f4 is finalized at height 200873 with finalization delta=0
2020-10-30T21:31:06.046245923Z: INFO: Skov: Finalization statistics: finalizationCount=3 lastFinalizedTime=1.6040934660461845e9 finalizationPeriodEMA=Just 5.69032242e-2 finalizationPeriodEMSD=Just 8.435586600000001e-3
2020-10-30T21:31:06.062613419Z: INFO: Skov: Block c27068a56312ed6c43b166242c0edd197972458523bec916e45de5642a791822 (7) arrived
2020-10-30T21:31:06.065813960Z: INFO: Skov: Arrive statistics: blocksVerifiedCount=5 blockLastArrive=1.6040934660625794e9 blockArriveLatencyEMA=74.48710931593963 blockArriveLatencyEMSD=90.34592752707782 blockArrivePeriodEMA=Just 4.8071399247000005e-2 blockArrivePeriodEMSD=Just 1.5092139698483862e-2 transactionsPerBlockEMA=0.31951 transactionsPerBlockEMSD=0.4662867786030396
2020-10-30T21:31:06.066278582Z: INFO: Processed a block from 33bb2c1a4199ce59
2020-10-30T21:31:06.067528122Z: INFO: Skov: Receive statistics: blocksReceivedCount=6 blockLastReceived=1.6040934660666752e9 blockReceiveLatencyEMA=82.72699236155614 blockReceiveLatencyEMSD=89.19662610203257 blockReceivePeriodEMA=Just 8.16806882002e-2 blockReceivePeriodEMSD=Just 3.1210730403135458e-2
2020-10-30T21:31:06.090309365Z: INFO: Skov: Block da1f2df94c50a760253a1a70dd404b7d29e00ad8527db4a96b70f59cdaf77286 is finalized at height 200874 with finalization delta=0
2020-10-30T21:31:06.091054410Z: INFO: Skov: Finalization statistics: finalizationCount=4 lastFinalizedTime=1.604093466090962e9 finalizationPeriodEMA=Just 5.569064538e-2 finalizationPeriodEMSD=Just 8.790695974148064e-3
2020-10-30T21:31:06.106851255Z: INFO: Skov: Block 8e78f5a5b679649c015332169e3e2b0b3ac21ab084cee7ff87a67bafb70ac5a5 (688) arrived
2020-10-30T21:31:06.108875890Z: INFO: Skov: Arrive statistics: blocksVerifiedCount=6 blockLastArrive=1.6040934661068146e9 blockArriveLatencyEMA=82.74907985034567 blockArriveLatencyEMSD=89.22157459189869 blockArrivePeriodEMA=Just 4.7687794822300004e-2 blockArrivePeriodEMSD=Just 1.4363835971026057e-2 transactionsPerBlockEMA=0.287559 transactionsPerBlockEMSD=0.4526243713268211
2020-10-30T21:31:06.109488836Z: INFO: Processed a block from 33bb2c1a4199ce59
2020-10-30T21:31:06.110712962Z: INFO: Skov: Receive statistics: blocksReceivedCount=7 blockLastReceived=1.6040934661099684e9 blockReceiveLatencyEMA=89.99028997790053 blockReceiveLatencyEMSD=87.37982448803365 blockReceivePeriodEMA=Just 7.784194498018e-2 blockReceivePeriodEMSD=Just 3.176983268213305e-2
2020-10-30T21:31:06.131769656Z: INFO: Skov: Block 8e78f5a5b679649c015332169e3e2b0b3ac21ab084cee7ff87a67bafb70ac5a5 is finalized at height 200876 with finalization delta=0
2020-10-30T21:31:06.137456760Z: INFO: Skov: Finalization statistics: finalizationCount=5 lastFinalizedTime=1.6040934661373916e9 finalizationPeriodEMA=Just 5.4764545542e-2 finalizationPeriodEMSD=Just 8.790201950376641e-3
2020-10-30T21:31:06.154114970Z: INFO: Skov: Block fe8b7b4d9f37dae51b85ba1b293a910db545e1bc958c4245456e3a96199b3b09 (8) arrived
2020-10-30T21:31:06.161261503Z: INFO: Skov: Arrive statistics: blocksVerifiedCount=7 blockLastArrive=1.6040934661539743e9 blockArriveLatencyEMA=90.0145693033111 blockArriveLatencyEMSD=87.40438472017485 blockArrivePeriodEMA=Just 4.7634987340070004e-2 blockArrivePeriodEMSD=Just 1.362765214899115e-2 transactionsPerBlockEMA=0.35880310000000004 transactionsPerBlockEMSD=0.47964928377971133
2020-10-30T21:31:06.161457474Z: INFO: Processed a block from 33bb2c1a4199ce59
2020-10-30T21:31:06.162049400Z: INFO: Skov: Receive statistics: blocksReceivedCount=8 blockLastReceived=1.6040934661617634e9 blockReceiveLatencyEMA=96.48243731361048 blockReceiveLatencyEMSD=85.15305131385898 blockReceivePeriodEMA=Just 7.5237231482162e-2 blockReceivePeriodEMSD=Just 3.1136005418911254e-2
2020-10-30T21:31:06.163595094Z: INFO: Skov: Block 2cc16454376adf61627a3f5d4975ece6fddcd2d1f8f4027373f97135b599d606 (688) arrived
2020-10-30T21:31:06.171085657Z: INFO: Skov: Arrive statistics: blocksVerifiedCount=8 blockLastArrive=1.6040934661635623e9 blockArriveLatencyEMA=96.50446859908 blockArriveLatencyEMSD=85.17419185002048 blockArrivePeriodEMA=Just 4.3830276706063e-2 blockArrivePeriodEMSD=Just 1.72459856158251e-2 transactionsPerBlockEMA=0.32292279 transactionsPerBlockEMSD=0.46759347910189675
2020-10-30T21:31:06.171670121Z: INFO: Processed a block from 33bb2c1a4199ce59
2020-10-30T21:31:06.173006505Z: INFO: Skov: Receive statistics: blocksReceivedCount=9 blockLastReceived=1.6040934661719801e9 blockReceiveLatencyEMA=102.05139159784943 blockReceiveLatencyEMSD=82.49277059011972 blockReceivePeriodEMA=Just 6.873519043394581e-2 blockReceivePeriodEMSD=Just 3.539766362679916e-2
2020-10-30T21:31:06.184643155Z: INFO: Skov: Block fe8b7b4d9f37dae51b85ba1b293a910db545e1bc958c4245456e3a96199b3b09 is finalized at height 200877 with finalization delta=0
2020-10-30T21:31:06.190889777Z: INFO: Skov: Finalization statistics: finalizationCount=6 lastFinalizedTime=1.6040934661908238e9 finalizationPeriodEMA=Just 5.46313118878e-2 finalizationPeriodEMSD=Just 8.348691283971886e-3
2020-10-30T21:31:06.208454092Z: INFO: Skov: Block f2c19dbd5fabe58d14f689114689b93ec2a70eb577498cf2fdd91f1f0764ea69 (15) arrived
2020-10-30T21:31:06.209404313Z: INFO: Skov: Arrive statistics: blocksVerifiedCount=9 blockLastArrive=1.6040934662084255e9 blockArriveLatencyEMA=102.074864287872 blockArriveLatencyEMSD=82.513286413408 blockArrivePeriodEMA=Just 4.39335716354567e-2 blockArrivePeriodEMSD=Just 1.6363912932335828e-2 transactionsPerBlockEMA=0.29063051100000004 transactionsPerBlockEMSD=0.45405331963975215
2020-10-30T21:31:06.209813821Z: INFO: Processed a block from 33bb2c1a4199ce59
2020-10-30T21:31:06.210820095Z: INFO: Skov: Receive statistics: blocksReceivedCount=10 blockLastReceived=1.6040934662101145e9 blockReceiveLatencyEMA=105.89226389016449 blockReceiveLatencyEMSD=79.10323747713218 blockReceivePeriodEMA=Just 6.567510789055123e-2 blockReceivePeriodEMSD=Just 3.481338934611096e-2
2020-10-30T21:31:06.231639845Z: INFO: Skov: Block 2cc16454376adf61627a3f5d4975ece6fddcd2d1f8f4027373f97135b599d606 is finalized at height 200878 with finalization delta=0
2020-10-30T21:31:06.232368780Z: INFO: Skov: Finalization statistics: finalizationCount=7 lastFinalizedTime=1.6040934662323024e9 finalizationPeriodEMA=Just 5.331603999902e-2 finalizationPeriodEMSD=Just 8.848731141372503e-3
2020-10-30T21:31:06.248972462Z: INFO: Skov: Block 55f4bc2e073c408cf822918fd269178a9b77df83a2dd196eb4c32162155de9d5 (17) arrived
2020-10-30T21:31:06.251240125Z: INFO: Skov: Arrive statistics: blocksVerifiedCount=10 blockLastArrive=1.604093466248932e9 blockArriveLatencyEMA=105.9172710403848 blockArriveLatencyEMSD=79.12316347399663 blockArrivePeriodEMA=Just 4.359084707191103e-2 blockArrivePeriodEMSD=Just 1.555818186516275e-2 transactionsPerBlockEMA=0.36156745990000005 transactionsPerBlockEMSD=0.4804544014175143
2020-10-30T21:31:06.251858746Z: INFO: Processed a block from 33bb2c1a4199ce59
2020-10-30T21:31:06.252912360Z: INFO: Skov: Receive statistics: blocksReceivedCount=11 blockLastReceived=1.6040934662522116e9 blockReceiveLatencyEMA=106.30325866814803 blockReceiveLatencyEMSD=75.05404860362285 blockReceivePeriodEMA=Just 6.331731200149611e-2 blockReceivePeriodEMSD=Just 3.377584466860197e-2
2020-10-30T21:31:06.269099015Z: INFO: Skov: Block 55f4bc2e073c408cf822918fd269178a9b77df83a2dd196eb4c32162155de9d5 is finalized at height 200880 with finalization delta=0
2020-10-30T21:31:06.273632219Z: INFO: Skov: Finalization statistics: finalizationCount=8 lastFinalizedTime=1.6040934662735403e9 finalizationPeriodEMA=Just 5.2108231299118e-2 finalizationPeriodEMSD=Just 9.143262832878456e-3
2020-10-30T21:31:06.301252178Z: INFO: Skov: Block c72d3d1f0596e5456ec18bdc3e348f0bf4119566ca2fccd19a63518c23b8b171 (10) arrived
2020-10-30T21:31:06.302204406Z: INFO: Skov: Arrive statistics: blocksVerifiedCount=11 blockLastArrive=1.6040934663012087e9 blockArriveLatencyEMA=106.33066480284633 blockArriveLatencyEMSD=75.07306806002465 blockArrivePeriodEMA=Just 4.445944756471992e-2 blockArrivePeriodEMSD=Just 1.4988045970022307e-2 transactionsPerBlockEMA=0.42541071391000007 transactionsPerBlockEMSD=0.49440513589624474
2020-10-30T21:31:06.302745833Z: INFO: Processed a block from 33bb2c1a4199ce59
2020-10-30T21:31:06.303830652Z: INFO: Skov: Receive statistics: blocksReceivedCount=12 blockLastReceived=1.6040934663031042e9 blockReceiveLatencyEMA=106.42824321123322 blockReceiveLatencyEMSD=71.20350961040877 blockReceivePeriodEMA=Just 6.2074823701346496e-2 blockReceivePeriodEMSD=Just 3.2258656347620145e-2
2020-10-30T21:31:06.324912639Z: INFO: Skov: Block c72d3d1f0596e5456ec18bdc3e348f0bf4119566ca2fccd19a63518c23b8b171 is finalized at height 200881 with finalization delta=0
2020-10-30T21:31:06.329829882Z: INFO: Skov: Finalization statistics: finalizationCount=9 lastFinalizedTime=1.6040934663297598e9 finalizationPeriodEMA=Just 5.25193504692062e-2 finalizationPeriodEMSD=Just 8.761307006155704e-3
2020-10-30T21:31:06.348864556Z: INFO: Skov: Block eefdd4c29993c4e2ffc520dbda944cd0ee685832bd539c7297bf703ee063c1bf (1274) arrived
2020-10-30T21:31:06.350596068Z: INFO: Skov: Arrive statistics: blocksVerifiedCount=12 blockLastArrive=1.60409346634882e9 blockArriveLatencyEMA=106.4574803315617 blockArriveLatencyEMSD=71.22158193100947 blockArrivePeriodEMA=Just 4.477464530824793e-2 blockArrivePeriodEMSD=Just 1.425031635990156e-2 transactionsPerBlockEMA=0.48286964251900005 transactionsPerBlockEMSD=0.4997064646895948
2020-10-30T21:31:06.351671085Z: INFO: Processed a block from 33bb2c1a4199ce59
2020-10-30T21:31:06.365256226Z: INFO: Skov: Receive statistics: blocksReceivedCount=13 blockLastReceived=1.6040934663640392e9 blockReceiveLatencyEMA=104.5218228187099 blockReceiveLatencyEMSD=67.79126603901771 blockReceivePeriodEMA=Just 6.1960860031211845e-2 blockReceivePeriodEMSD=Just 3.0605158190760314e-2
2020-10-30T21:31:06.374259757Z: INFO: Skov: Block eefdd4c29993c4e2ffc520dbda944cd0ee685832bd539c7297bf703ee063c1bf is finalized at height 200882 with finalization delta=0
2020-10-30T21:31:06.375077162Z: INFO: Skov: Finalization statistics: finalizationCount=10 lastFinalizedTime=1.6040934663749971e9 finalizationPeriodEMA=Just 5.1791150522285584e-2 finalizationPeriodEMSD=Just 8.594005287103242e-3
2020-10-30T21:31:06.400331919Z: INFO: Skov: Block 3282508b86d4c7fcbb5e009c041e8fd2dd75021d13c288e4348004f7033c53ad (15) arrived
2020-10-30T21:31:06.400875093Z: INFO: Skov: Arrive statistics: blocksVerifiedCount=13 blockLastArrive=1.6040934664002924e9 blockArriveLatencyEMA=104.55176153870553 blockArriveLatencyEMSD=67.8081723432873 blockArrivePeriodEMA=Just 4.5444412077423134e-2 blockArrivePeriodEMSD=Just 1.3667540102277836e-2 transactionsPerBlockEMA=0.5345826782671 transactionsPerBlockEMSD=0.4988026046081499
2020-10-30T21:31:06.402945585Z: INFO: Processed a block from 33bb2c1a4199ce59
2020-10-30T21:31:06.404517113Z: INFO: Skov: Receive statistics: blocksReceivedCount=14 blockLastReceived=1.6040934664033058e9 blockReceiveLatencyEMA=101.9599711074389 blockReceiveLatencyEMSD=64.77003885880005 blockReceivePeriodEMA=Just 5.969141602809066e-2 blockReceivePeriodEMSD=Just 2.982216494225463e-2
2020-10-30T21:31:06.420596143Z: INFO: Skov: Block 3282508b86d4c7fcbb5e009c041e8fd2dd75021d13c288e4348004f7033c53ad is finalized at height 200883 with finalization delta=0
2020-10-30T21:31:06.421320171Z: INFO: Skov: Finalization statistics: finalizationCount=11 lastFinalizedTime=1.6040934664212599e9 finalizationPeriodEMA=Just 5.123832277005703e-2 finalizationPeriodEMSD=Just 8.31996399631569e-3
2020-10-30T21:31:06.447759611Z: INFO: Skov: Block 6264013b6bc71f8220ae302bbabdae23b57148ab0196663174e088917851837f (8) arrived
2020-10-30T21:31:06.448540912Z: INFO: Skov: Arrive statistics: blocksVerifiedCount=14 blockLastArrive=1.6040934664477165e9 blockArriveLatencyEMA=101.99135702633498 blockArriveLatencyEMSD=64.78544940251602 blockArrivePeriodEMA=Just 4.564237206968082e-2 blockArrivePeriodEMSD=Just 1.2979760422652165e-2 transactionsPerBlockEMA=0.5811244104403901 transactionsPerBlockEMSD=0.49337493859203996
2020-10-30T21:31:06.448925397Z: INFO: Processed a block from 33bb2c1a4199ce59
2020-10-30T21:31:06.450031872Z: INFO: Skov: Receive statistics: blocksReceivedCount=15 blockLastReceived=1.6040934664492524e9 blockReceiveLatencyEMA=97.93389923539502 blockReceiveLatencyEMSD=62.62208422643875 blockReceivePeriodEMA=Just 5.831694252528159e-2 blockReceivePeriodEMSD=Just 2.8590697199404828e-2
2020-10-30T21:31:06.465700290Z: INFO: Skov: Block 6264013b6bc71f8220ae302bbabdae23b57148ab0196663174e088917851837f is finalized at height 200884 with finalization delta=0
2020-10-30T21:31:06.467025118Z: INFO: Skov: Finalization statistics: finalizationCount=12 lastFinalizedTime=1.604093466466951e9 finalizationPeriodEMA=Just 5.0683577693051325e-2 finalizationPeriodEMSD=Just 8.066554389214083e-3
2020-10-30T21:31:06.488563048Z: INFO: Skov: Block 1a1f60940be02fa2d9034a7e44f1628d5a9e93d673254f53ab8acd174d0108bc (13) arrived
2020-10-30T21:31:06.489424926Z: INFO: Skov: Arrive statistics: blocksVerifiedCount=15 blockLastArrive=1.6040934664885225e9 blockArriveLatencyEMA=97.96607357360148 blockArriveLatencyEMSD=62.63597345560312 blockArrivePeriodEMA=Just 4.5158743262712735e-2 blockArrivePeriodEMSD=Just 1.2398864221083604e-2 transactionsPerBlockEMA=0.6230119693963511 transactionsPerBlockEMSD=0.484631876154707
2020-10-30T21:31:06.489915531Z: INFO: Processed a block from 33bb2c1a4199ce59
2020-10-30T21:31:06.491098600Z: INFO: Skov: Receive statistics: blocksReceivedCount=16 blockLastReceived=1.6040934664902465e9 blockReceiveLatencyEMA=88.98953397165552 blockReceiveLatencyEMSD=65.18732943845437 blockReceivePeriodEMA=Just 5.6584669372753436e-2 blockReceivePeriodEMSD=Just 2.7616880746890626e-2
2020-10-30T21:31:06.511045722Z: INFO: Skov: Block 1a1f60940be02fa2d9034a7e44f1628d5a9e93d673254f53ab8acd174d0108bc is finalized at height 200885 with finalization delta=0
2020-10-30T21:31:06.511738319Z: INFO: Skov: Finalization statistics: finalizationCount=13 lastFinalizedTime=1.6040934665116715e9 finalizationPeriodEMA=Just 5.008729012374619e-2 finalizationPeriodEMSD=Just 7.858905746381267e-3
2020-10-30T21:31:06.531848853Z: INFO: Skov: Block 99243ab67200113c325c1b4f489079a03eaa4398c0271bc5604ef309e7f7f63c (7) arrived
2020-10-30T21:31:06.536119228Z: INFO: Skov: Arrive statistics: blocksVerifiedCount=16 blockLastArrive=1.6040934665317867e9 blockArriveLatencyEMA=89.02264489284133 blockArriveLatencyEMSD=65.19818174434396 blockArrivePeriodEMA=Just 4.496929563644146e-2 blockArrivePeriodEMSD=Just 1.1776317939130157e-2 transactionsPerBlockEMA=0.660710772456716 transactionsPerBlockEMSD=0.47346810622930635
2020-10-30T21:31:06.536838022Z: INFO: Processed a block from 33bb2c1a4199ce59
2020-10-30T21:31:06.537997932Z: INFO: Skov: Receive statistics: blocksReceivedCount=17 blockLastReceived=1.6040934665372257e9 blockReceiveLatencyEMA=80.76930315698996 blockReceiveLatencyEMSD=66.57776565192928 blockReceivePeriodEMA=Just 5.562412513547809e-2 blockReceivePeriodEMSD=Just 2.635766869537301e-2
2020-10-30T21:31:06.558571022Z: INFO: Skov: Block 99243ab67200113c325c1b4f489079a03eaa4398c0271bc5604ef309e7f7f63c is finalized at height 200886 with finalization delta=0
2020-10-30T21:31:06.559276098Z: INFO: Skov: Finalization statistics: finalizationCount=14 lastFinalizedTime=1.6040934665592122e9 finalizationPeriodEMA=Just 4.983263241137158e-2 finalizationPeriodEMSD=Just 7.4946523956552465e-3
2020-10-30T21:31:06.580759151Z: INFO: Skov: Block 6e881e5a96efb71e6e5a92ed50dbc7fc1fd8319feee9e5c9fb4a0a2b15e6c4cd (13) arrived
2020-10-30T21:31:06.581558314Z: INFO: Skov: Arrive statistics: blocksVerifiedCount=17 blockLastArrive=1.604093466576699e9 blockArriveLatencyEMA=80.8030503034572 blockArriveLatencyEMSD=66.58662200033991 blockArrivePeriodEMA=Just 4.496358937279732e-2 blockArrivePeriodEMSD=Just 1.1172009256894386e-2 transactionsPerBlockEMA=0.5946396952110443 transactionsPerBlockEMSD=0.4909616360677896
2020-10-30T21:31:06.582021744Z: INFO: Processed a block from 33bb2c1a4199ce59
2020-10-30T21:31:06.606615006Z: INFO: Skov: Block 6e881e5a96efb71e6e5a92ed50dbc7fc1fd8319feee9e5c9fb4a0a2b15e6c4cd is finalized at height 200887 with finalization delta=0
2020-10-30T21:31:06.607199892Z: INFO: Skov: Finalization statistics: finalizationCount=15 lastFinalizedTime=1.6040934666071415e9 finalizationPeriodEMA=Just 4.964229037023442e-2 finalizationPeriodEMSD=Just 7.13294496769386e-3
2020-10-30T21:31:06.616569529Z: INFO: Processed a finalization record from 33bb2c1a4199ce59
2020-10-30T21:31:06.617247025Z: INFO: Processed a catch-up status message from 33bb2c1a4199ce59
2020-10-30T21:31:06.617821517Z: INFO: Sent a direct message to peer cb9be1e8633bf93b containing a catch-up status message
2020-10-30T21:31:06.618152717Z: INFO: Processed a catch-up status message from cb9be1e8633bf93b
2020-10-30T21:31:06.618541162Z: INFO: Sent a direct message to peer ea4983517aceb4ea containing a catch-up status message
2020-10-30T21:31:06.620372421Z: INFO: Processed a catch-up status message from ea4983517aceb4ea
2020-10-30T21:31:06.620801567Z: INFO: Sent a direct message to peer 055bd1986fa18a7f containing a catch-up status message
2020-10-30T21:31:06.621098834Z: INFO: Processed a catch-up status message from 055bd1986fa18a7f
2020-10-30T21:31:06.621495550Z: INFO: Sent a direct message to peer 98a4e5ab907e00ea containing a catch-up status message
2020-10-30T21:31:06.621777022Z: INFO: Processed a catch-up status message from 98a4e5ab907e00ea
2020-10-30T21:31:06.622122115Z: INFO: Sent a direct message to peer 0704fe3f1cf79b7b containing a catch-up status message
2020-10-30T21:31:06.622657358Z: INFO: Processed a catch-up status message from 0704fe3f1cf79b7b
2020-10-30T21:31:06.623842088Z: INFO: Sent a direct message to peer 6a31cbb276ffd8a4 containing a catch-up status message
2020-10-30T21:31:06.624177964Z: INFO: Processed a catch-up status message from 6a31cbb276ffd8a4
2020-10-30T21:31:06.624549528Z: INFO: Sent a direct message to peer cc475e8db5fa4688 containing a catch-up status message
2020-10-30T21:31:06.624836634Z: INFO: Processed a catch-up status message from cc475e8db5fa4688
2020-10-30T21:31:06.637465628Z: INFO: Sent a direct message to peer 18ee526e52ffcc6a containing a catch-up status message
2020-10-30T21:31:06.743858810Z: INFO: Processed a catch-up status message from 18ee526e52ffcc6a
2020-10-30T21:31:06.831377519Z: INFO: Sent a direct message to peer af644881a31259ed containing a catch-up status message
2020-10-30T21:31:06.832131154Z: INFO: Sent a direct message to peer af644881a31259ed containing a catch-up status message
2020-10-30T21:31:06.832357428Z: INFO: Processed a catch-up status message from af644881a31259ed
2020-10-30T21:31:06.978174841Z: INFO: Processed a catch-up status message from af644881a31259ed
2020-10-30T21:31:33.568588977Z: INFO: Processed a finalization message from cb9be1e8633bf93b
2020-10-30T21:31:33.568666267Z: INFO: Sent a broadcast containing a finalization message
2020-10-30T21:31:33.569977165Z: INFO: Skov: Receive statistics: blocksReceivedCount=18 blockLastReceived=1.6040934935686755e9 blockReceiveLatencyEMA=72.72424039969097 blockReceiveLatencyEMSD=67.61542948323857 blockReceivePeriodEMA=Just 2.7532066885219306 blockReceivePeriodEMSD=Just 8.092786320582594
2020-10-30T21:31:33.577372717Z: INFO: Skov: Block b2a0d89d528a884b1ea0835fb7c30effdcb001cd264e24692a807d19a76ce46b (682) arrived
2020-10-30T21:31:33.578521693Z: INFO: Skov: Arrive statistics: blocksVerifiedCount=18 blockLastArrive=1.6040934935773184e9 blockArriveLatencyEMA=72.75547710671148 blockArriveLatencyEMSD=67.62596628283663 blockArrivePeriodEMA=Just 2.7405291641355176 blockArrivePeriodEMSD=Just 8.086703669791829 transactionsPerBlockEMA=0.6351757256899399 transactionsPerBlockEMSD=0.48138085045439666
2020-10-30T21:31:33.579416370Z: INFO: Processed a block from cb9be1e8633bf93b
2020-10-30T21:31:33.580083613Z: INFO: Sent a broadcast containing a block
2020-10-30T21:31:33.591225103Z: INFO: Processed a finalization message from cb9be1e8633bf93b
2020-10-30T21:31:33.591535729Z: INFO: Sent a broadcast containing a finalization message
2020-10-30T21:31:33.591752133Z: INFO: Processed a finalization message from cb9be1e8633bf93b
2020-10-30T21:31:33.591886279Z: INFO: Sent a broadcast containing a finalization message
2020-10-30T21:31:33.592136533Z: INFO: Processed a finalization message from cb9be1e8633bf93b
2020-10-30T21:31:33.592243586Z: INFO: Sent a broadcast containing a finalization message
2020-10-30T21:31:33.592443047Z: INFO: Processed a finalization message from 18ee526e52ffcc6a
2020-10-30T21:31:33.592554271Z: INFO: Sent a broadcast containing a finalization message
2020-10-30T21:31:33.592914563Z: INFO: Processed a finalization message from 18ee526e52ffcc6a
2020-10-30T21:31:33.593059089Z: INFO: Sent a broadcast containing a finalization message
2020-10-30T21:31:33.593262453Z: INFO: Processed a finalization message from 33bb2c1a4199ce59
2020-10-30T21:31:33.593365487Z: INFO: Sent a broadcast containing a finalization message
2020-10-30T21:31:33.599210060Z: INFO: Processed a finalization message from cb9be1e8633bf93b
2020-10-30T21:31:33.601686104Z: INFO: Sent a broadcast containing a finalization message
2020-10-30T21:31:33.602265477Z: INFO: Processed a finalization message from cb9be1e8633bf93b
2020-10-30T21:31:33.602580251Z: INFO: Sent a broadcast containing a finalization message
2020-10-30T21:31:33.602986536Z: INFO: Processed a finalization message from cb9be1e8633bf93b
2020-10-30T21:31:33.603309592Z: INFO: Sent a broadcast containing a finalization message
2020-10-30T21:31:33.603728287Z: INFO: Processed a finalization message from cb9be1e8633bf93b
2020-10-30T21:31:33.604334207Z: INFO: Sent a broadcast containing a finalization message
2020-10-30T21:31:33.609314914Z: INFO: Processed a finalization message from cb9be1e8633bf93b
2020-10-30T21:31:33.619215485Z: INFO: Sent a broadcast containing a finalization message
2020-10-30T21:31:33.620620706Z: INFO: Processed a finalization message from 055bd1986fa18a7f
2020-10-30T21:31:33.621135689Z: INFO: Sent a broadcast containing a finalization message
2020-10-30T21:31:33.621688043Z: INFO: Processed a finalization message from 055bd1986fa18a7f
2020-10-30T21:31:33.622130789Z: INFO: Sent a broadcast containing a finalization message
2020-10-30T21:31:33.622624381Z: INFO: Processed a finalization message from ea4983517aceb4ea
2020-10-30T21:31:33.625134412Z: INFO: Sent a broadcast containing a finalization message
2020-10-30T21:31:33.625707129Z: INFO: Processed a finalization message from 055bd1986fa18a7f
2020-10-30T21:31:33.626117065Z: INFO: Sent a broadcast containing a finalization message
2020-10-30T21:31:33.629416550Z: INFO: Processed a finalization message from 055bd1986fa18a7f
2020-10-30T21:31:33.629730954Z: INFO: Sent a broadcast containing a finalization message
2020-10-30T21:31:33.629861260Z: INFO: Processed a finalization message from 055bd1986fa18a7f
2020-10-30T21:31:33.629869422Z: INFO: Sent a broadcast containing a finalization message
2020-10-30T21:31:33.629966337Z: INFO: Processed a finalization message from 055bd1986fa18a7f
2020-10-30T21:31:33.629971560Z: INFO: Sent a broadcast containing a finalization message
2020-10-30T21:31:33.630084412Z: INFO: Processed a finalization message from 055bd1986fa18a7f
2020-10-30T21:31:33.630090530Z: INFO: Sent a broadcast containing a finalization message
2020-10-30T21:31:33.630180757Z: INFO: Processed a finalization message from 055bd1986fa18a7f
2020-10-30T21:31:33.630185073Z: INFO: Sent a broadcast containing a finalization message
2020-10-30T21:31:33.630269018Z: INFO: Processed a finalization message from cb9be1e8633bf93b
2020-10-30T21:31:33.630273416Z: INFO: Sent a broadcast containing a finalization message
2020-10-30T21:31:33.630355383Z: INFO: Processed a finalization message from 055bd1986fa18a7f
2020-10-30T21:31:33.630359598Z: INFO: Sent a broadcast containing a finalization message
2020-10-30T21:31:33.630441592Z: INFO: Processed a finalization message from 055bd1986fa18a7f
2020-10-30T21:31:33.630445954Z: INFO: Sent a broadcast containing a finalization message
2020-10-30T21:31:33.640344177Z: INFO: Processed a finalization message from 055bd1986fa18a7f
2020-10-30T21:31:33.640836550Z: INFO: Sent a broadcast containing a finalization message
2020-10-30T21:31:33.641352882Z: INFO: Processed a finalization message from 055bd1986fa18a7f
2020-10-30T21:31:33.641649684Z: INFO: Sent a broadcast containing a finalization message
2020-10-30T21:31:33.642070069Z: INFO: Processed a finalization message from cb9be1e8633bf93b
2020-10-30T21:31:33.649745600Z: INFO: Sent a broadcast containing a finalization message
2020-10-30T21:31:33.650289263Z: INFO: Processed a finalization message from cb9be1e8633bf93b
2020-10-30T21:31:33.650403172Z: INFO: Sent a broadcast containing a finalization message
2020-10-30T21:31:33.650519164Z: INFO: Processed a finalization message from cb9be1e8633bf93b
2020-10-30T21:31:33.650525226Z: INFO: Sent a broadcast containing a finalization message
2020-10-30T21:31:33.650617132Z: INFO: Processed a finalization message from cb9be1e8633bf93b