[2J[1;1H
_________                                      .___.__               
\_   ___ \  ____   ____   ____  ___________  __| _/|__|__ __  _____  
/    \  \/ /  _ \ /    \_/ ___\/  _ \_  __ \/ __ | |  |  |  \/     \ 
\     \___(  <_> )   |  \  \__(  <_> )  | \/ /_/ | |  |  |  /  Y Y  \
 \______  /\____/|___|  /\___  >____/|__|  \____ | |__|____/|__|_|  /
        \/            \/     \/                 \/                \/ 

Welcome to the Concordium node (testnet). Let's get you started!

This software requires you to have Docker installed, running and configured for access from this user


Checking whether docker is accessible on your PATH
OK

Checking whether Docker is running
OK

Checking whether we can access docker
OK


Validating system credentials
OK

Currently your node name is set to ou812. Press enter to keep it or enter a new one: 
OK

Latest version of the concordium client is 0.3.2
Using your local image

Do you want to flush the local node database before starting? (y/N): 
Now going to boot up node with name ou812 running v0.3.2 (testnet)
[2J[1;1Hgroupadd: group 'docker' already exists
useradd: user 'docker' already exists
Initializing configuration structure in directory '/var/lib/concordium/config'.
Skipping '/var/lib/concordium/config': directory already exists.
Creating directory '/var/lib/concordium/config/accounts'.
Skipping '/var/lib/concordium/config/accounts': directory already exists.
Creating file '/var/lib/concordium/config/accounts/names.map'.
Skipping '/var/lib/concordium/config/accounts/names.map': file already exists.
[92mConfiguration initialized.
[0m2020-10-17 02:35:38,234 INFO Included extra file "/etc/supervisor/conf.d/concordium.conf" during parsing
2020-10-17 02:35:38,235 INFO Set uid to user 0 succeeded
2020-10-17 02:35:38,244 INFO RPC interface 'supervisor' initialized
2020-10-17 02:35:38,244 CRIT Server 'unix_http_server' running without any HTTP authentication checking
2020-10-17 02:35:38,245 INFO supervisord started with pid 13
2020-10-17 02:35:39,249 INFO spawned: 'collector' with pid 15
2020-10-17 02:35:39,252 INFO spawned: 'middleware' with pid 16
2020-10-17 02:35:39,255 INFO spawned: 'nginx' with pid 17
2020-10-17 02:35:39,259 INFO spawned: 'p2p-client' with pid 19
2020-10-17T02:35:39.323105945Z: INFO: Starting up p2p_client version 0.3.2!
2020-10-17T02:35:39.323133912Z: INFO: Application data directory: "/var/lib/concordium/data"
2020-10-17T02:35:39.323146092Z: INFO: Application config directory: "/var/lib/concordium/config"
2020-10-17T02:35:39.323149431Z: INFO: Network: enabled
2020-10-17T02:35:39.323151256Z: INFO: Log level: info
2020-10-17T02:35:39.323381996Z: INFO: My Node ID is e20f773960d11d59
2020-10-17T02:35:39.330347150Z: INFO: Starting consensus layer
2020-10-17T02:35:39.330364709Z: INFO: Starting up the consensus thread
2020-10-17T02:35:39.332787241Z: INFO: Starting up the consensus layer
2020-10-17 02:35:40,334 INFO success: collector entered RUNNING state, process has stayed up for > than 1 seconds (startsecs)
2020-10-17 02:35:40,334 INFO success: middleware entered RUNNING state, process has stayed up for > than 1 seconds (startsecs)
2020-10-17 02:35:40,334 INFO success: nginx entered RUNNING state, process has stayed up for > than 1 seconds (startsecs)
2020-10-17 02:35:40,334 INFO success: p2p-client entered RUNNING state, process has stayed up for > than 1 seconds (startsecs)
2020-10-17T02:36:06.958866283Z: INFO: Consensus layer started
2020-10-17T02:36:06.958991314Z: INFO: RPC server started
2020-10-17T02:36:06.959396343Z: INFO: Starting the P2P layer
2020-10-17T02:36:06.959414135Z: INFO: Attempting to bootstrap
2020-10-17T02:36:06.995183085Z: INFO: Using bootstrapper 52.17.42.154:8888
2020-10-17T02:36:06.995605409Z: INFO: Using bootstrapper 54.77.133.220:8888
2020-10-17T02:36:06.995755849Z: INFO: Commencing baking
2020-10-17T02:36:06.996358984Z: INFO: Runner: Starting baker thread
2020-10-17T02:36:07.357164690Z: INFO: Sent a direct message to peer 399eb94dff6d1a63 containing a catch-up status message
2020-10-17T02:36:07.358219681Z: INFO: Processed a catch-up status message from 399eb94dff6d1a63
2020-10-17T02:36:07.358264701Z: INFO: Sent a direct message to peer 399eb94dff6d1a63 containing a catch-up status message
2020-10-17T02:36:07.373664049Z: INFO: Skov: Receive statistics: blocksReceivedCount=1 blockLastReceived=1.6029021673720868e9 blockReceiveLatencyEMA=10.212208676900001 blockReceiveLatencyEMSD=30.636626030700004 blockReceivePeriodEMA=Nothing blockReceivePeriodEMSD=Nothing
2020-10-17T02:36:07.456742779Z: INFO: Skov: Block 68f1ba7a2c62f8606168c29fa43508038ab5d7502638a0865863e2cc480584d5 (11) arrived
2020-10-17T02:36:07.458307662Z: INFO: Skov: Arrive statistics: blocksVerifiedCount=1 blockLastArrive=1.60290216745666e9 blockArriveLatencyEMA=10.220666000600001 blockArriveLatencyEMSD=30.661998001800004 blockArrivePeriodEMA=Nothing blockArrivePeriodEMSD=Nothing transactionsPerBlockEMA=0.0 transactionsPerBlockEMSD=0.0
2020-10-17T02:36:07.458711266Z: INFO: Processed a block from 399eb94dff6d1a63
2020-10-17T02:36:07.459496117Z: INFO: Skov: Receive statistics: blocksReceivedCount=2 blockLastReceived=1.6029021674589436e9 blockReceiveLatencyEMA=19.38688217971 blockReceiveLatencyEMSD=40.02891797237272 blockReceivePeriodEMA=Just 8.6856936e-2 blockReceivePeriodEMSD=Just 0.0
2020-10-17T02:36:07.461871029Z: INFO: Skov: Block a87f5d3841fa74e51361bfe1b5dae035c120ebaa6d583aa8edd56b51a9109959 (749) arrived
2020-10-17T02:36:07.462260126Z: INFO: Skov: Arrive statistics: blocksVerifiedCount=2 blockLastArrive=1.6029021674618354e9 blockArriveLatencyEMA=19.39478294624 blockArriveLatencyEMSD=40.045250715992026 blockArrivePeriodEMA=Just 5.175451e-3 blockArrivePeriodEMSD=Just 0.0 transactionsPerBlockEMA=0.0 transactionsPerBlockEMSD=0.0
2020-10-17T02:36:07.462484746Z: INFO: Processed a block from 399eb94dff6d1a63
2020-10-17T02:36:07.464013937Z: INFO: Skov: Receive statistics: blocksReceivedCount=3 blockLastReceived=1.602902167462668e9 blockReceiveLatencyEMA=26.994460765638998 blockReceiveLatencyEMSD=44.30530571054464 blockReceivePeriodEMA=Just 7.854367579999999e-2 blockReceivePeriodEMSD=Just 2.4939780600000003e-2
2020-10-17T02:36:07.478991474Z: INFO: Skov: Block 68f1ba7a2c62f8606168c29fa43508038ab5d7502638a0865863e2cc480584d5 is finalized at height 85417 with finalization delta=0
2020-10-17T02:36:07.479498480Z: INFO: Skov: Finalization statistics: finalizationCount=1 lastFinalizedTime=1.602902167479444e9 finalizationPeriodEMA=Nothing finalizationPeriodEMSD=Nothing
2020-10-17T02:36:07.532648213Z: INFO: Skov: Block 6291af61dec48a765bc2bbec3a24da23c6660c4f6af83f7a25952565fc84c761 (5) arrived
2020-10-17T02:36:07.533218910Z: INFO: Skov: Arrive statistics: blocksVerifiedCount=3 blockLastArrive=1.602902167532604e9 blockArriveLatencyEMA=27.008565046816 blockArriveLatencyEMSD=44.328173832129124 blockArrivePeriodEMA=Just 1.1734755400000001e-2 blockArrivePeriodEMSD=Just 1.96779132e-2 transactionsPerBlockEMA=0.0 transactionsPerBlockEMSD=0.0
2020-10-17T02:36:07.533482746Z: INFO: Processed a block from 399eb94dff6d1a63
2020-10-17T02:36:07.536370997Z: INFO: Skov: Receive statistics: blocksReceivedCount=4 blockLastReceived=1.602902167534201e9 blockReceiveLatencyEMA=33.5484347871751 blockReceiveLatencyEMSD=46.40318180867631 blockReceivePeriodEMA=Just 7.784260241999999e-2 blockReceivePeriodEMSD=Just 2.3753250844796472e-2
2020-10-17T02:36:07.551750416Z: INFO: Skov: Block a87f5d3841fa74e51361bfe1b5dae035c120ebaa6d583aa8edd56b51a9109959 is finalized at height 85418 with finalization delta=0
2020-10-17T02:36:07.552412652Z: INFO: Skov: Finalization statistics: finalizationCount=2 lastFinalizedTime=1.602902167552312e9 finalizationPeriodEMA=Just 7.2867647e-2 finalizationPeriodEMSD=Just 0.0
2020-10-17T02:36:07.572703994Z: INFO: Skov: Block 635fb0effcef06de9a3df958868fd4e1ac9012ba2ceefba672ff62e0fa4cd3f8 (11) arrived
2020-10-17T02:36:07.573252664Z: INFO: Skov: Arrive statistics: blocksVerifiedCount=4 blockLastArrive=1.6029021675726666e9 blockArriveLatencyEMA=33.5649752181344 blockArriveLatencyEMSD=46.42592944436781 blockArrivePeriodEMA=Just 1.4567560660000001e-2 blockArrivePeriodEMSD=Just 2.051149219061875e-2 transactionsPerBlockEMA=0.0 transactionsPerBlockEMSD=0.0
2020-10-17T02:36:07.573519812Z: INFO: Processed a block from 399eb94dff6d1a63
2020-10-17T02:36:07.574750047Z: INFO: Skov: Receive statistics: blocksReceivedCount=5 blockLastReceived=1.6029021675737395e9 blockReceiveLatencyEMA=38.525965258657585 blockReceiveLatencyEMSD=46.48561110841711 blockReceivePeriodEMA=Just 7.401219427799999e-2 blockReceivePeriodEMSD=Just 2.5295127434645213e-2
2020-10-17T02:36:07.584197697Z: INFO: Skov: Block 635fb0effcef06de9a3df958868fd4e1ac9012ba2ceefba672ff62e0fa4cd3f8 is finalized at height 85420 with finalization delta=0
2020-10-17T02:36:07.584615710Z: INFO: Skov: Finalization statistics: finalizationCount=3 lastFinalizedTime=1.6029021675845435e9 finalizationPeriodEMA=Just 6.8804042e-2 finalizationPeriodEMSD=Just 1.2190814999999997e-2
2020-10-17T02:36:07.597298437Z: INFO: Skov: Block 9d964efbacb8d5276c8254ab7ca4169dd790d59b82bbcbf2db68154036b8dbd8 (12) arrived
2020-10-17T02:36:07.597451002Z: INFO: Skov: Arrive statistics: blocksVerifiedCount=5 blockLastArrive=1.6029021675972579e9 blockArriveLatencyEMA=38.54320347172096 blockArriveLatencyEMSD=46.50672038748103 blockArrivePeriodEMA=Just 1.5569903994000002e-2 blockArrivePeriodEMSD=Just 1.9689880906957277e-2 transactionsPerBlockEMA=0.0 transactionsPerBlockEMSD=0.0
2020-10-17T02:36:07.597500504Z: INFO: Processed a block from 399eb94dff6d1a63
2020-10-17T02:36:07.597861481Z: INFO: Skov: Receive statistics: blocksReceivedCount=6 blockLastReceived=1.6029021675975196e9 blockReceiveLatencyEMA=42.958120689291825 blockReceiveLatencyEMSD=46.06101227678782 blockReceivePeriodEMA=Just 6.89889811502e-2 blockReceivePeriodEMSD=Just 2.8336428072133e-2
2020-10-17T02:36:07.599503740Z: INFO: Skov: Block 85208c48cd8c958475ff001b2ab1d77759950a8e1334fc8b5fba6322649bb2c3 (8) arrived
2020-10-17T02:36:07.599806393Z: INFO: Skov: Arrive statistics: blocksVerifiedCount=6 blockLastArrive=1.6029021675994809e9 blockArriveLatencyEMA=42.97383121134886 blockArriveLatencyEMSD=46.078863881218375 blockArrivePeriodEMA=Just 1.42352249946e-2 blockArrivePeriodEMSD=Just 1.9103784478477007e-2 transactionsPerBlockEMA=0.0 transactionsPerBlockEMSD=0.0
2020-10-17T02:36:07.599982911Z: INFO: Processed a block from 399eb94dff6d1a63
2020-10-17T02:36:07.602116678Z: INFO: Skov: Receive statistics: blocksReceivedCount=7 blockLastReceived=1.602902167600528e9 blockReceiveLatencyEMA=46.77236141046264 blockReceiveLatencyEMSD=45.17068803192506 blockReceivePeriodEMA=Just 6.2390916635179997e-2 blockReceivePeriodEMSD=Just 3.338364776949555e-2
2020-10-17T02:36:07.610927496Z: INFO: Skov: Block 9d964efbacb8d5276c8254ab7ca4169dd790d59b82bbcbf2db68154036b8dbd8 is finalized at height 85421 with finalization delta=0
2020-10-17T02:36:07.611574371Z: INFO: Skov: Finalization statistics: finalizationCount=4 lastFinalizedTime=1.6029021676113281e9 finalizationPeriodEMA=Just 6.46021227e-2 finalizationPeriodEMSD=Just 1.7107293928649698e-2
2020-10-17T02:36:07.620858199Z: INFO: Skov: Block 553b7d3b7ab3becdfce21e5623ad6af32cad368a22d25ebf14d9553b7a4c99a5 (17) arrived
2020-10-17T02:36:07.621392709Z: INFO: Skov: Arrive statistics: blocksVerifiedCount=7 blockLastArrive=1.6029021676208205e9 blockArriveLatencyEMA=46.788530131313976 blockArriveLatencyEMSD=45.187419461342486 blockArrivePeriodEMA=Just 1.494565679514e-2 blockArrivePeriodEMSD=Just 1.8248329878349297e-2 transactionsPerBlockEMA=0.0 transactionsPerBlockEMSD=0.0
2020-10-17T02:36:07.621633445Z: INFO: Processed a block from 399eb94dff6d1a63
2020-10-17T02:36:07.622719102Z: INFO: Skov: Receive statistics: blocksReceivedCount=8 blockLastReceived=1.6029021676218126e9 blockReceiveLatencyEMA=49.957306538416375 blockReceiveLatencyEMSD=43.90497501152272 blockReceivePeriodEMA=Just 5.8280303871662e-2 blockReceivePeriodEMSD=Just 3.39866941637804e-2
2020-10-17T02:36:07.631762218Z: INFO: Skov: Block 85208c48cd8c958475ff001b2ab1d77759950a8e1334fc8b5fba6322649bb2c3 is finalized at height 85422 with finalization delta=0
2020-10-17T02:36:07.632234612Z: INFO: Skov: Finalization statistics: finalizationCount=5 lastFinalizedTime=1.6029021676321535e9 finalizationPeriodEMA=Just 6.022443773e-2 finalizationPeriodEMSD=Just 2.0877516286047258e-2
2020-10-17T02:36:07.647618219Z: INFO: Skov: Block 1b3d690dd292928aa5463e6def87d391651242f879b403b4afe4a3acde687f1e (10) arrived
2020-10-17T02:36:07.648457933Z: INFO: Skov: Arrive statistics: blocksVerifiedCount=8 blockLastArrive=1.602902167647566e9 blockArriveLatencyEMA=49.97443372508258 blockArriveLatencyEMSD=43.92109316941999 blockArrivePeriodEMA=Just 1.6125656915626e-2 blockArrivePeriodEMSD=Just 1.7670115777019484e-2 transactionsPerBlockEMA=0.0 transactionsPerBlockEMSD=0.0
2020-10-17T02:36:07.648801903Z: INFO: Processed a block from 399eb94dff6d1a63
2020-10-17T02:36:07.650718582Z: INFO: Skov: Receive statistics: blocksReceivedCount=9 blockLastReceived=1.6029021676490445e9 blockReceiveLatencyEMA=51.351480328074736 blockReceiveLatencyEMSD=41.86138593845317 blockReceivePeriodEMA=Just 5.51754479844958e-2 blockReceivePeriodEMSD=Just 3.356109373790946e-2
2020-10-17T02:36:07.667427377Z: INFO: Skov: Block 1b3d690dd292928aa5463e6def87d391651242f879b403b4afe4a3acde687f1e is finalized at height 85424 with finalization delta=0
2020-10-17T02:36:07.668166755Z: INFO: Skov: Finalization statistics: finalizationCount=6 lastFinalizedTime=1.6029021676680543e9 finalizationPeriodEMA=Just 5.7792076256999995e-2 finalizationPeriodEMSD=Just 2.110760665411321e-2
2020-10-17T02:36:07.693555610Z: INFO: Skov: Block 8394be8319aa26b04f6a15f655a5ab030763dc38598f7eaedaa14f3e4168beb1 (18) arrived
2020-10-17T02:36:07.694191512Z: INFO: Skov: Arrive statistics: blocksVerifiedCount=9 blockLastArrive=1.602902167693512e9 blockArriveLatencyEMA=51.37134155397432 blockArriveLatencyEMSD=41.877420479525185 blockArrivePeriodEMA=Just 1.9107685724063402e-2 blockArrivePeriodEMSD=Just 1.900110930301441e-2 transactionsPerBlockEMA=0.0 transactionsPerBlockEMSD=0.0
2020-10-17T02:36:07.694252760Z: INFO: Processed a block from 399eb94dff6d1a63
2020-10-17T02:36:07.696551379Z: INFO: Skov: Receive statistics: blocksReceivedCount=10 blockLastReceived=1.6029021676942708e9 blockReceiveLatencyEMA=52.060759378367266 blockReceiveLatencyEMSD=39.77016168385498 blockReceivePeriodEMA=Just 5.418054278604622e-2 blockReceivePeriodEMSD=Just 3.197844334518785e-2
2020-10-17T02:36:07.710026207Z: INFO: Skov: Block 8394be8319aa26b04f6a15f655a5ab030763dc38598f7eaedaa14f3e4168beb1 is finalized at height 85425 with finalization delta=0
2020-10-17T02:36:07.710787375Z: INFO: Skov: Finalization statistics: finalizationCount=7 lastFinalizedTime=1.602902167710695e9 finalizationPeriodEMA=Just 5.62769294313e-2 finalizationPeriodEMSD=Just 2.053384966169634e-2
2020-10-17T02:36:07.726078921Z: INFO: Skov: Block c875d4df5ddb9c38c883d6ccbad56757c7418157e9c4b19b669061ac091a6598 (5) arrived
2020-10-17T02:36:07.726634747Z: INFO: Skov: Arrive statistics: blocksVerifiedCount=10 blockLastArrive=1.6029021677260344e9 blockArriveLatencyEMA=52.08181083947689 blockArriveLatencyEMSD=39.78554273687671 blockArrivePeriodEMA=Just 2.044915665165706e-2 blockArrivePeriodEMSD=Just 1.8469808811051664e-2 transactionsPerBlockEMA=0.0 transactionsPerBlockEMSD=0.0
2020-10-17T02:36:07.726709176Z: INFO: Processed a block from 399eb94dff6d1a63
2020-10-17T02:36:07.728179977Z: INFO: Skov: Receive statistics: blocksReceivedCount=11 blockLastReceived=1.6029021677267334e9 blockReceiveLatencyEMA=50.07735678033054 blockReceiveLatencyEMSD=38.19560389779247 blockReceivePeriodEMA=Just 5.20087452074416e-2 blockReceivePeriodEMSD=Just 3.1029165270840698e-2
2020-10-17T02:36:07.739422276Z: INFO: Skov: Block c875d4df5ddb9c38c883d6ccbad56757c7418157e9c4b19b669061ac091a6598 is finalized at height 85426 with finalization delta=0
2020-10-17T02:36:07.739567666Z: INFO: Skov: Finalization statistics: finalizationCount=8 lastFinalizedTime=1.6029021677394652e9 finalizationPeriodEMA=Just 5.352626648817e-2 finalizationPeriodEMSD=Just 2.1155859788167662e-2
2020-10-17T02:36:07.748271993Z: INFO: Skov: Block 8f598a94cf69fcd80e608ddbfe1c2ce29f19daa1908668a516b4902b1f5d2a9a (11) arrived
2020-10-17T02:36:07.748846748Z: INFO: Skov: Arrive statistics: blocksVerifiedCount=11 blockLastArrive=1.602902167748231e9 blockArriveLatencyEMA=50.0984528371292 blockArriveLatencyEMSD=38.20999673475971 blockArrivePeriodEMA=Just 2.0623881686491354e-2 blockArrivePeriodEMSD=Just 1.7529837800313558e-2 transactionsPerBlockEMA=0.0 transactionsPerBlockEMSD=0.0
2020-10-17T02:36:07.749077099Z: INFO: Processed a block from 399eb94dff6d1a63
2020-10-17T02:36:07.750842253Z: INFO: Skov: Receive statistics: blocksReceivedCount=12 blockLastReceived=1.6029021677492425e9 blockReceiveLatencyEMA=46.21954535589749 blockReceiveLatencyEMSD=38.03890274815678 blockReceivePeriodEMA=Just 4.905878448669744e-2 blockReceivePeriodEMSD=Just 3.07383897097755e-2
2020-10-17T02:36:07.761279375Z: INFO: Skov: Block 8f598a94cf69fcd80e608ddbfe1c2ce29f19daa1908668a516b4902b1f5d2a9a is finalized at height 85427 with finalization delta=0
2020-10-17T02:36:07.761725640Z: INFO: Skov: Finalization statistics: finalizationCount=9 lastFinalizedTime=1.6029021677616506e9 finalizationPeriodEMA=Just 5.0392172439353e-2 finalizationPeriodEMSD=Just 2.2163399391799527e-2
2020-10-17T02:36:07.772333138Z: INFO: Skov: Block 6f4e3ff5d00c9518a6b9931fe137f6b29a099f497d211636eb4af2a35f1542a7 (759) arrived
2020-10-17T02:36:07.772843856Z: INFO: Skov: Arrive statistics: blocksVerifiedCount=12 blockLastArrive=1.6029021677722995e9 blockArriveLatencyEMA=46.24083751531628 blockArriveLatencyEMSD=38.05173096145674 blockArrivePeriodEMA=Just 2.096837381784222e-2 blockArrivePeriodEMSD=Just 1.66623457361752e-2 transactionsPerBlockEMA=0.0 transactionsPerBlockEMSD=0.0
2020-10-17T02:36:07.773062478Z: INFO: Processed a block from 399eb94dff6d1a63
2020-10-17T02:36:07.785316783Z: INFO: Skov: Block 6f4e3ff5d00c9518a6b9931fe137f6b29a099f497d211636eb4af2a35f1542a7 is finalized at height 85428 with finalization delta=0
2020-10-17T02:36:07.786101173Z: INFO: Skov: Finalization statistics: finalizationCount=10 lastFinalizedTime=1.6029021677859318e9 finalizationPeriodEMA=Just 4.77810908954177e-2 finalizationPeriodEMSD=Just 2.2437788812672554e-2
2020-10-17T02:36:07.798320385Z: INFO: Processed a finalization record from 399eb94dff6d1a63
2020-10-17T02:36:07.805232838Z: INFO: Skov: Receive statistics: blocksReceivedCount=13 blockLastReceived=1.6029021678038602e9 blockReceiveLatencyEMA=41.75297684700774 blockReceiveLatencyEMSD=38.49434267859119 blockReceivePeriodEMA=Just 4.9614679138027695e-2 blockReceivePeriodEMSD=Just 2.9208644465730134e-2
2020-10-17T02:36:07.810044478Z: INFO: Skov: Block f623d5024b6c55fef1189c82b7da7f68a75c06d8aa0507b6fe63b215e4036327 (753) arrived
2020-10-17T02:36:07.810510547Z: INFO: Skov: Arrive statistics: blocksVerifiedCount=13 blockLastArrive=1.60290216781e9 blockArriveLatencyEMA=41.772753746584655 blockArriveLatencyEMSD=38.50733383819768 blockArrivePeriodEMA=Just 2.2641557336057997e-2 blockArrivePeriodEMSD=Just 1.6585122147856273e-2 transactionsPerBlockEMA=0.0 transactionsPerBlockEMSD=0.0
2020-10-17T02:36:07.810766118Z: INFO: Processed a block from 399eb94dff6d1a63
2020-10-17T02:36:07.824936626Z: INFO: Skov: Block f623d5024b6c55fef1189c82b7da7f68a75c06d8aa0507b6fe63b215e4036327 is finalized at height 85429 with finalization delta=0
2020-10-17T02:36:07.825644959Z: INFO: Skov: Finalization statistics: finalizationCount=11 lastFinalizedTime=1.6029021678255522e9 finalizationPeriodEMA=Just 4.696501270587593e-2 finalizationPeriodEMSD=Just 2.1426683892401464e-2
2020-10-17T02:36:07.841376962Z: INFO: Processed a finalization record from 399eb94dff6d1a63
2020-10-17T02:36:07.842157710Z: INFO: Processed a catch-up status message from 399eb94dff6d1a63
2020-10-17T02:36:07.843316414Z: INFO: Processed a finalization message from 399eb94dff6d1a63
2020-10-17T02:36:07.843569606Z: INFO: Sent a broadcast containing a finalization message
2020-10-17T02:36:07.844227671Z: INFO: Processed a catch-up status message from a8000d614fe75539
2020-10-17T02:36:07.844257156Z: INFO: Sent a direct message to peer a8000d614fe75539 containing a catch-up status message
2020-10-17T02:36:07.844916688Z: INFO: Sent a direct message to peer c3b43100d608b211 containing a catch-up status message
2020-10-17T02:36:07.844776988Z: INFO: Processed a catch-up status message from c3b43100d608b211
2020-10-17T02:36:07.846808038Z: INFO: Processed a finalization message from 399eb94dff6d1a63
2020-10-17T02:36:07.847205180Z: INFO: Sent a broadcast containing a finalization message
2020-10-17T02:36:07.847721167Z: INFO: Processed a catch-up status message from 3faf069b7f32a3fb
2020-10-17T02:36:07.847744125Z: INFO: Sent a direct message to peer 3faf069b7f32a3fb containing a catch-up status message
2020-10-17T02:36:07.848019841Z: INFO: Processed a catch-up status message from 64f4d3cbfe558632
2020-10-17T02:36:07.848267386Z: INFO: Sent a direct message to peer 64f4d3cbfe558632 containing a catch-up status message
2020-10-17T02:36:07.849676229Z: INFO: Processed a finalization message from a8000d614fe75539
2020-10-17T02:36:07.850037777Z: INFO: Sent a broadcast containing a finalization message
2020-10-17T02:36:07.851617105Z: INFO: Processed a finalization message from a8000d614fe75539
2020-10-17T02:36:07.851828023Z: INFO: Sent a broadcast containing a finalization message
2020-10-17T02:36:07.852216967Z: INFO: Processed a catch-up status message from a2bbb58f7c2f25b3
2020-10-17T02:36:07.852244617Z: INFO: Sent a direct message to peer a2bbb58f7c2f25b3 containing a catch-up status message
2020-10-17T02:36:07.852774157Z: INFO: Sent a direct message to peer 204bffa6a3b3f95f containing a catch-up status message
2020-10-17T02:36:07.852503492Z: INFO: Processed a catch-up status message from 204bffa6a3b3f95f
2020-10-17T02:36:07.855314703Z: INFO: Processed a finalization message from 64f4d3cbfe558632
2020-10-17T02:36:07.855705812Z: INFO: Sent a broadcast containing a finalization message
2020-10-17T02:36:07.856878043Z: INFO: Processed a finalization message from c3b43100d608b211
2020-10-17T02:36:07.857217613Z: INFO: Sent a broadcast containing a finalization message
2020-10-17T02:36:07.857764488Z: INFO: Sent a direct message to peer b2c13cf57ec96384 containing a catch-up status message
2020-10-17T02:36:07.857956245Z: INFO: Processed a catch-up status message from 05031bd7b1188422
2020-10-17T02:36:07.858479472Z: INFO: Processed a catch-up status message from cc475e8db5fa4688
2020-10-17T02:36:07.858587998Z: INFO: Sent a direct message to peer 05031bd7b1188422 containing a catch-up status message
2020-10-17T02:36:07.859500255Z: INFO: Sent a direct message to peer cc475e8db5fa4688 containing a catch-up status message
2020-10-17T02:36:07.897513806Z: INFO: Processed a finalization message from 64f4d3cbfe558632
2020-10-17T02:36:07.897578486Z: INFO: Sent a broadcast containing a finalization message
2020-10-17T02:36:08.251054730Z: INFO: Processed a finalization message from 3faf069b7f32a3fb
2020-10-17T02:36:08.251091506Z: INFO: Sent a broadcast containing a finalization message
2020-10-17T02:36:09.412978192Z: INFO: Processed a finalization message from 64f4d3cbfe558632
2020-10-17T02:36:09.413072623Z: INFO: Sent a broadcast containing a finalization message
2020-10-17T02:36:19.831192091Z: INFO: Skov: Receive statistics: blocksReceivedCount=14 blockLastReceived=1.602902179830042e9 blockReceiveLatencyEMA=37.61068333980696 blockReceiveLatencyEMSD=38.57538510409592 blockReceivePeriodEMA=Just 1.247271362024225 blockReceivePeriodEMSD=Just 3.5930768988400597
2020-10-17T02:36:19.843063817Z: INFO: Skov: Block 71860fcf18cbd0a972e36054889b8781c73c017e20867c494f8c7a2b420a69da (752) arrived
2020-10-17T02:36:19.843678898Z: INFO: Skov: Arrive statistics: blocksVerifiedCount=14 blockLastArrive=1.602902179843019e9 blockArriveLatencyEMA=37.62978026482619 blockArriveLatencyEMSD=38.58770978988969 blockArrivePeriodEMA=Just 1.2236793117024525 blockArrivePeriodEMSD=Just 3.603147616511185 transactionsPerBlockEMA=0.0 transactionsPerBlockEMSD=0.0
2020-10-17T02:36:19.843902716Z: INFO: Processed a block from 64f4d3cbfe558632
2020-10-17T02:36:19.844174324Z: INFO: Sent a broadcast containing a block
^C2020-10-17 02:36:28,320 WARN received SIGINT indicating exit request
2020-10-17 02:36:28,321 INFO waiting for collector, middleware, nginx, p2p-client to die
2020-10-17T02:36:28.322215903Z: INFO: Signal received attempting to shutdown node cleanly
2020-10-17 02:36:31,326 INFO waiting for collector, middleware, nginx, p2p-client to die
2020-10-17 02:36:34,329 INFO waiting for collector, middleware, nginx, p2p-client to die
2020-10-17T02:36:36.974691815Z: INFO: Shutting down
2020-10-17T02:36:36.975048901Z: INFO: Stopping baking
2020-10-17T02:36:36.975304854Z: ERROR: Runner: Message loop exited with exception: thread killed
2020-10-17T02:36:36.975427467Z: INFO: Runner: Exiting baker thread
2020-10-17T02:36:37.012812716Z: INFO: P2PNode gracefully closed.
2020-10-17 02:36:37,022 INFO stopped: p2p-client (exit status 0)
2020-10-17 02:36:37,032 INFO stopped: nginx (exit status 0)
2020-10-17 02:36:37,036 INFO stopped: middleware (terminated by SIGTERM)
2020-10-17 02:36:37,038 INFO stopped: collector (terminated by SIGTERM)
concordium-node exiting
