C:\Users\tr\Documents\concordium-software\concordium-node.exe --no-block-state-import
pause

^C2020-10-16 11:17:03,398 WARN received SIGINT indicating exit request
2020-10-16 11:17:03,398 INFO waiting for collector, middleware, nginx, p2p-client to die
2020-10-16T11:17:03.398658900Z: INFO: Signal received attempting to shutdown node cleanly
2020-10-16 11:17:06,831 INFO waiting for collector, middleware, nginx, p2p-client to die
2020-10-16 11:17:10,394 INFO waiting for collector, middleware, nginx, p2p-client to die
2020-10-16 11:17:13,398 INFO waiting for collector, middleware, nginx, p2p-client to die
2020-10-16 11:17:16,830 INFO waiting for collector, middleware, nginx, p2p-client to die
2020-10-16 11:17:20,395 INFO waiting for collector, middleware, nginx, p2p-client to die
2020-10-16T11:17:21.014957200Z: INFO: Shutting down
2020-10-16T11:17:21.015083600Z: INFO: Stopping baking
2020-10-16T11:17:21.015397200Z: ERROR: Runner: Message loop exited with exception: thread killed
2020-10-16T11:17:21.015409600Z: INFO: Runner: Exiting baker thread
2020-10-16T11:17:21.045409400Z: INFO: P2PNode gracefully closed.
2020-10-16 11:17:21,055 INFO stopped: p2p-client (exit status 0)
2020-10-16 11:17:21,066 INFO stopped: nginx (exit status 0)
2020-10-16 11:17:21,070 INFO stopped: middleware (terminated by SIGTERM)
2020-10-16 11:17:21,077 INFO stopped: collector (terminated by SIGTERM)
concordium-node exiting