{"PERSISTED_NODE_ID":"c7208f5896ac8fd8","VERSION":"0.3.2"}
2020-10-16T09:40:45.155009900Z: INFO: Starting out of band catch-up
2020-10-16T10:10:39.887608800Z: INFO: Completed out of band catch-up
2020-10-16T10:18:38.145483700Z: INFO: Skov: Block 34d209d0312f6d51c5dc4796b143ea83875862dab1c242fdb9fb1da34a9c94c6 (15) arrived
2020-10-16T11:02:12.418561000Z: INFO: Starting out of band catch-up
2020-10-16T11:02:12.425695100Z: INFO: Completed out of band catch-up
2020-10-16T11:06:50.255838600Z: INFO: Starting out of band catch-up
2020-10-16T11:06:50.259916900Z: INFO: Completed out of band catch-up
2020-10-16T11:21:06.175315200Z: INFO: Starting out of band catch-up
2020-10-16T11:21:06.178958100Z: INFO: Completed out of band catch-up
2020-10-16T11:38:40.988235900Z: INFO: Starting out of band catch-up
2020-10-16T11:38:40.991430200Z: INFO: Completed out of band catch-up
2020-10-16T11:07:04.385655500Z: INFO: Skov: Block 5a3a9a93c3127784b9b0fb4c73996b59c10ee5770a5cf52a4d5afb26f0ef42d8 (719) arrived
2020-10-16T12:25:08.403982700Z: INFO: Skov: Block 1e20b28085b31726dbb33a8766562b6191b30cef6974cd262781bfe8dead8fe1 (323) arrived
2020-10-16T13:07:50.017103700Z: INFO: Skov: Block f27de82f9488cbb945fd199bed75231ed471c750ed0473ddfdded5ac3b2c6431 (12) arrived
2020-10-16T14:22:09.290154000Z: INFO: Skov: Block 80325095fd65475b19e2aa2e42b8d89d90a8b24b3fdeb6b5a17e2114265335d3 (259) arrived
2020-10-16T15:36:23.818353000Z: INFO: Skov: Block bab24520c485feebb68570e9dcc43c2d7385a89db3de49a9c34e0126b4b8309d (0) arrived
2020-10-16T16:01:01.552840200Z: INFO: Skov: Block 48436269f6fb034bfa4fced20ee4cc7f6587a42326b0995b8b542aaf653eaa19 (14) arrived
2020-10-16T17:51:30.368625600Z: INFO: Skov: Block ea8908918d4d54da6b75d03156151ceb554321672991a51ff93002bc2c38e159 (1) arrived
2020-10-16T18:14:18.033367600Z: INFO: Skov: Block 5edd1281f470a9f115c938f0e1f2b5bfe295329caa7e46552c4a64c131eafd1b (8) arrived
2020-10-16T19:01:16.514653700Z: INFO: Starting out of band catch-up
2020-10-16T19:01:16.517814900Z: INFO: Completed out of band catch-up
2020-10-16T19:42:23.412306000Z: INFO: Skov: Block 56cb3b090c9a88e155975bd3ab3bb55557738d0c6f79fd9a971b5ca0db043017 (1) arrived
2020-10-16T20:59:50.183416000Z: INFO: Skov: Block d4e19589140eb6ff6d9195335f64882775b1ad327742db5dcf0b1c9f7d1143b9 (12) arrived
2020-10-16T21:24:40.850923800Z: INFO: Skov: Block ef058c75e52b4656d957937c99fa4ec29b1533c8949083f73097135617288c58 (8) arrived
2020-10-16T22:36:22.190592800Z: INFO: Skov: Block bc18ff08f5134b1b7f4dde6a244b853cd70fe85b90d430f01fb5cd866b713570 (18) arrived
2020-10-16T23:54:37.600125000Z: INFO: Skov: Block 49d943294703ffdfbbedf6c082139fa9bc4bcbdb2612d2d1778acfb1629008ab (16) arrived
2020-10-17T00:07:48.631682100Z: INFO: Skov: Block 710e0d11099106b5e26880fd69e9cc73a7045c3faccc97b3e7ca4c192bd3b4c8 (732) arrived
2020-10-17T01:53:21.983211900Z: INFO: Skov: Block 52bb94fc48fee2c260165ec150f689aa391d07496acd6f83a7fd685821581ac3 (17) arrived
2020-10-17T02:46:53.328732900Z: INFO: Skov: Block b9a2943dd7b9c8e275c38f6a9877b43083426364279b0f774d1c6534f4eb4b4b (0) arrived
2020-10-17T03:42:47.952610400Z: INFO: Skov: Block 4550a3bc457d64d3f6e972553c8650f4a5a041b8d6917f04b7cc7ec4a93853bb (15) arrived
2020-10-17T04:41:54.959665800Z: INFO: Skov: Block 72847dab5790a3c6562f4366946abcb880f5a18426831f84a7e51195d423d4b0 (5) arrived
2020-10-17T05:31:07.666037100Z: INFO: Skov: Block f43075357472f678a15f431436e6a0e63de61b681d3928d4221582761e905a79 (16) arrived
2020-10-17T06:48:15.392487700Z: INFO: Skov: Block a10e33bad5f480e4002111871d3636815aee21bc9b215f6ad573ab4d368efac3 (9) arrived
2020-10-17T07:11:07.702470200Z: INFO: Skov: Block aa23a034cd2350222253006dc84e1267978ce8ffeff3819902c41808b49401bd (6) arrived
2020-10-17T08:52:20.654749200Z: INFO: Skov: Block 751ad0c9abf5adfb71a4d1986249b23d2fffab321d15c3ca5d0c1bd7ce220fca (553) arrived
2020-10-17T14:50:43.294804900Z: INFO: Skov: Block 9421c01a875eeac594474c7a3546166ce2b05c27c759ddbf9a3ae2b74a6552ff (6) arrived
2020-10-17T16:09:14.242655100Z: INFO: Skov: Block 727034bb365ba0722608f934ac10b5e8bcb4c676b19b71143866f3d160ee6d27 (6) arrived
2020-10-17T17:24:35.690966300Z: INFO: Skov: Block 69b0a13d753ee2d9db0e5677f4d62986a98a14af43a99d6864690c45dc0bbef5 (9) arrived
2020-10-17T18:24:46.132856000Z: INFO: Skov: Block e3e6e086713b6faa6a59385fe87ca8a6a1b6a5ca726cd2b66379c195c0891c55 (7) arrived
2020-10-17T19:17:31.975540100Z: INFO: Skov: Block 4cb93e767c48d1d726a22b5ef81aa7c3be1fec87825ca0171fbac59e5bac7d78 (2) arrived
2020-10-17T20:11:50.573857700Z: INFO: Skov: Block 1d5aa931d4304660091fb382c1965bbd8cb171c6926ac02c2f47d6927727193f (821) arrived
2020-10-17T21:14:04.565877900Z: INFO: Skov: Block 11305e2408fbde1cc219abb6e3ee73a41e4fcc2ff73a865e95c2b9362f6d5aad (672) arrived
2020-10-18T11:04:35.523475100Z: INFO: Starting out of band catch-up
2020-10-18T11:04:35.529949400Z: INFO: Completed out of band catch-up
2020-10-18T11:06:16.392797000Z: INFO: Skov: Block 953d5863f43dd77fb588a501f53b35c4b33f02e176f5b6c9da15e1acdff56b64 (5) arrived
2020-10-18T12:36:59.667080400Z: INFO: Skov: Block ed38c031d719644d58c2dbf50fa673ef92462c2620cf3a78fe31d5c1569911a4 (5) arrived
2020-10-18T13:59:26.697421500Z: INFO: Skov: Block ee37f8172619b8f71d914b407e5f84eebebc62c8a245df5e17196ab50b047192 (17) arrived
2020-10-18T14:12:23.206900600Z: INFO: Skov: Block 538b4226f4b1d89085f827d79770e1f1a797cbdb08f31df32ba2b222356aecff (7) arrived
2020-10-18T15:33:24.327615600Z: INFO: Skov: Block bb48e071e216ccfd1acd12eecd88b8b45ec2af9cf4d6e87cebc0ed7a27b8ee40 (4) arrived
2020-10-18T16:29:10.797924700Z: INFO: Skov: Block 6eac27e04bab00955a61fc1fa861ffc8a132602218582b0b4ce6a8b2bf813f9a (17) arrived
2020-10-18T17:48:13.997531400Z: INFO: Skov: Block f15227d2df75044f5f56010163720c0439917ec4112bb7d764c5a8056f5ef9f8 (14) arrived
2020-10-18T18:28:53.171533300Z: INFO: Skov: Block 39e4f65787e746434f4ba3cf256b37e33e0a0e6541460d777965a0958a68103e (12) arrived
2020-10-18T19:01:13.577575000Z: INFO: Skov: Block c3c83a35f2062ad9c66bf44213d47a49c711a812252744a2ecc407c3114cc46e (12) arrived
2020-10-18T20:30:44.209875000Z: INFO: Skov: Block 3b17c616ba3a5c39b94b1d659aa98c62af43b4e96097d0323167ac7ae2250687 (17) arrived
2020-10-18T21:42:37.331092400Z: INFO: Starting out of band catch-up
2020-10-18T21:42:37.336841600Z: INFO: Completed out of band catch-up
2020-10-18T21:45:22.325148700Z: INFO: Skov: Block abd2dbc5a57fd0bd62e23cfb6223697f8624d56ceee436797f6577b9846c1911 (17) arrived
2020-10-19T11:17:37.953875900Z: INFO: Starting out of band catch-up
2020-10-19T11:17:37.961370800Z: INFO: Completed out of band catch-up
2020-10-19T11:20:58.105286500Z: INFO: Skov: Block 64cf4589ec1eb82e4dac231acf09c285b0599a0bc0d4bfee615ea3c0d92e9335 (10) arrived
2020-10-19T12:56:13.152927100Z: INFO: Skov: Block 1a5a5c6c87c8953576b892db59caa5895dd6c15622f6c2a11c279ad3314e8d95 (8) arrived
2020-10-19T13:50:12.616457100Z: INFO: Skov: Block 3b099cbebee64fee626453d896310c92b0693c634e8078de91e98ba228b816ed (16) arrived
2020-10-19T14:50:26.306871900Z: INFO: Skov: Block b35ae87a70adddbe83bebfc73a85af9dc3492a978845fd26b3affd71c83ec8dc (382) arrived
2020-10-19T15:35:18.267735600Z: INFO: Skov: Block 52cc4f80feadbf55729b9d7719c9c66961081169b6baefec5f75adff68b34250 (13) arrived
2020-10-19T16:59:06.016403600Z: INFO: Skov: Block acb1fc78ac21914b7d79e6b43c5d246cf1c937f2ca28ee74d488444416c2304a (4) arrived
2020-10-19T17:10:03.064615800Z: INFO: Skov: Block 2c68dea53eba6916153b5d7385bba45d62000f155ffe474541d35cc13bd07030 (8) arrived
2020-10-19T18:50:32.393658400Z: INFO: Skov: Block a1be8c09256c21ecadd72f8809377ac91d48f9b73394b0c23c43f63f6f79bbd2 (15) arrived
2020-10-19T19:13:20.679925800Z: INFO: Skov: Block c23337e9ebd28c00472ee4b906477eb262fe08755f228e8f17b184201e06e73a (17) arrived
2020-10-19T20:12:26.439514900Z: INFO: Skov: Block 22973480e47866de5baa27696a65e74bb2743053c7d87f54503f44cee7eef295 (14) arrived
2020-10-19T21:05:54.796780600Z: INFO: Skov: Block 1d454758c38c20eb7c92b97ac1936b189edae8294192256ca816559e615b9c23 (12) arrived
2020-10-19T22:12:01.557926100Z: INFO: Skov: Block 62e7619d4f6ccd4d215142423f77d227bd56a57d4101c6697e0e43f55262ae7a (15) arrived
2020-10-19T23:04:13.142138000Z: INFO: Skov: Block 8053481bc4c96c1f14ae9b60a391c654f91b703f5344c764ca7685499894b3d2 (3) arrived
2020-10-20T00:23:56.279457700Z: INFO: Skov: Block 41741127608b4b75d91ce439024886b9f8387ada80dadf45835031c49f048d1e (7) arrived
2020-10-20T01:07:41.423219300Z: INFO: Skov: Block bbee138b900dc0c621fabc79f9604bc1e75d9d98d61417a9f0ea599729bb20c4 (10) arrived
2020-10-20T02:37:46.364002100Z: INFO: Skov: Block 1c03716c8e5446b61c243415987ae07ff15f0492c0e4f22a92afd134c8161134 (14) arrived
2020-10-20T03:33:10.492967300Z: INFO: Skov: Block e831ed3f0a9c30fb0cfaf057b1e0570297b7088c290534a170c72d56768f526f (13) arrived
2020-10-20T04:15:36.192558800Z: INFO: Skov: Block 9ccee48e17a74ff3f7723ded047e48418a0bf4624e8527d6c83ab386575ef6c2 (8) arrived
2020-10-20T05:15:48.579829900Z: INFO: Skov: Block 6a077b143cbb474e1773d55cbddc1263a6f1a31748bf6be308884407c8a67405 (14) arrived
2020-10-20T06:49:24.658850100Z: INFO: Skov: Block e51fa7268938918c91aa21ce0eba7d2da650d5201ce9676e53713a71c75cc46d (2) arrived
2020-10-20T07:26:34.717130100Z: INFO: Skov: Block 20c1e003ca3d37efbc7898b0d71f216f4c171f407a29a03c4ffa3ab3a9b1c9c1 (15) arrived
2020-10-20T08:20:53.674767700Z: INFO: Skov: Block 7c239764f0f5f2396be2552eeeab6e67633333eca70d28656244e4a2fa07b311 (677) arrived
2020-10-20T09:23:05.279797700Z: INFO: Skov: Block ada921adf0037bd315c98a9720ff23ee012a283d8cfacb01cc272a9902db8355 (7) arrived
2020-10-20T10:46:35.879969000Z: INFO: Skov: Block cf4dfd479d8746f6a3b2b6090e12a9e7eb85a2abb0c264da32e6c405a4f9654a (12) arrived
2020-10-20T11:43:21.903639000Z: INFO: Skov: Block 33a89ffa4ef52b9a8bd69878f83a471972c5d7f7c67de5b2f562cda6ef6e7376 (1) arrived
2020-10-20T12:35:05.836128800Z: INFO: Skov: Block bb4d2e4c2952c41d76cdb70beeb7f5fea0e13e6bf309d240beb7fd4ed0026fa6 (11) arrived
2020-10-20T13:14:34.581623100Z: INFO: Skov: Block 536efe7ff59c44fa90c8a143813748dcc8f8938671fae1918bf2799984f05ce5 (17) arrived
2020-10-20T14:31:17.124416500Z: INFO: Skov: Block 175d6524e08c45b31e9131f6ac0b0183bfe5dcd8041a4fd34485f03f78d47877 (2) arrived
2020-10-20T15:15:20.279349600Z: INFO: Starting out of band catch-up
2020-10-20T15:15:20.288196300Z: INFO: Completed out of band catch-up
2020-10-20T15:53:39.342835400Z: INFO: Skov: Block cfe7ee21d1bc6dd7b39a37010b9bdabc5723bf22e63f94d8c9f52618ccabd660 (1) arrived
2020-10-20T16:22:35.922091800Z: INFO: Skov: Block 2a8630957f7fdb75367843c00abf92ef58c5e1d20deb4df3e0a949bc30b8b3f2 (17) arrived
2020-10-20T17:52:55.813193300Z: INFO: Skov: Block a1ac95c10dfef914502c2acb2ef6fdd84af6ee50e15026740067de2341c2d988 (910) arrived
2020-10-20T18:05:07.610421900Z: INFO: Skov: Block 26972a0a40a0f82c5fbe0f238cbdc7b5c83e557a59ead7cfba862dff9bf24f3a (16) arrived
2020-10-20T19:54:45.681870100Z: INFO: Skov: Block 4e0c2326bb30fdd1f626caf9c81afd7cdb87ab28df272d45e749fa4c4acc2403 (10) arrived
2020-10-20T20:56:15.710736900Z: INFO: Skov: Block 399cdc7d8165321653a8b93f89d7d83da0d5c8c4a1d6d9a12012a2a07d3b562d (933) arrived
2020-10-20T21:39:45.740456900Z: INFO: Skov: Block d6624eba1d4c8c6476be35fff6caf33ecf09e47101cc6f3f73c36d248ba47e1e (15) arrived
2020-10-20T22:39:13.736493900Z: INFO: Starting out of band catch-up
2020-10-20T22:39:13.742701600Z: INFO: Completed out of band catch-up
2020-10-20T22:39:30.713615900Z: INFO: Skov: Block dabef3c79d0c3f7e4757faf4f74aed3492b3ec31d2e448e084e70abecfc1bdf1 (11) arrived
2020-10-21T12:10:12.690864600Z: INFO: Skov: Block 6c6bcfe5137508ba1d6c9d891548e383f8be5e22f3543e14a914c6448c2fe87d (463) arrived
2020-10-21T13:08:15.825846900Z: INFO: Skov: Block a99f85e6fc9893dc16b8b9b628dd1b116f1dc1dd4243b1a1087e8231107c7c39 (15) arrived
2020-10-21T14:36:55.830763800Z: INFO: Skov: Block 20b7e098e343af2f6896c2932cbc163d995c7994116be3ef124e2e6bf63a5c12 (5) arrived
2020-10-21T15:27:23.862004600Z: INFO: Skov: Block add54072722eea2e5aa50bc1ae58f6c41848c88d941c4c274757f53e39984034 (9) arrived
2020-10-21T16:31:48.077730800Z: INFO: Skov: Block 0dd202d023be63a1fa05a297ef5ea7685358b8c0efa8137af4947bf14cddfb1c (6) arrived
2020-10-21T17:55:19.025515900Z: INFO: Skov: Block 5c52155ceb6e8b87c8dc6366c3b36e077877c26228356c05c62f828db1181a3f (15) arrived
2020-10-21T18:47:19.423867500Z: INFO: Skov: Block 7c04e1897940f054a33cc96c48cb9f4c29476cf07ce66e675baf1ca2dcb5df48 (5) arrived
2020-10-21T19:30:21.467489600Z: INFO: Skov: Block cbb21b9942b5bf306d5f8ec7cbffb3822a7f3ec4538c6bf0471e6b277c2c41d8 (2) arrived
2020-10-21T20:39:17.888314800Z: INFO: Skov: Block eae916e3cfb87b321ca1cc91bf4cd7db14f98b40f58b82105dddfdf093093827 (12) arrived
2020-10-21T21:17:55.417061400Z: INFO: Skov: Block 9a69fd7d4791b10761880902bd413604fa9f63924de223a17ecf7f3b9fbc0be8 (5) arrived
2020-10-21T22:32:42.437997700Z: INFO: Skov: Block 6dc954ec53ce8089caac46afc7b40bcf92bf3d129467b2bb79d105c0f5f61cbb (2) arrived
2020-10-21T23:58:02.356171700Z: INFO: Skov: Block e72d9b6bef42ab69ca3ec831931a8b4afa61d1229b30c12f1b2a5155fc07bb8b (732) arrived
2020-10-22T00:28:01.770389600Z: INFO: Skov: Block c973523f6c3a8023e2923167d18ec8a3dc44763d4cf4a56d696085b82378eb46 (12) arrived
2020-10-22T01:01:57.288702700Z: INFO: Skov: Block a2951155c62d7f639cdfa1fe9aa12f73ab8ee8488e4a14c459c8398767045414 (0) arrived
2020-10-22T02:36:42.092634200Z: INFO: Skov: Block b1da590b6931b2beee9ad058a9d6e3cb30500341fc6d16ada4d5641205b316da (1114) arrived
2020-10-22T03:26:12.964674700Z: INFO: Skov: Block 55db4792178eeeeae19438827da8312197d220341afe84ce19ab363b4798af51 (857) arrived
2020-10-22T04:58:33.103264800Z: INFO: Skov: Block b0333b067ff07dc7c71a99b3944a585491b14fd5d3004df9a750061a24a2a1e9 (914) arrived
2020-10-22T05:23:16.298155500Z: INFO: Skov: Block 0a73197685807fe1fb0ad70fecc21e2bcbf1060f80d82d042b0ae752f0e9d7db (17) arrived
2020-10-22T06:15:40.707764100Z: INFO: Skov: Block 985755443639fe35a50e416b236101c7a8ac9d79b2a91566108e3818f5439b7c (0) arrived
2020-10-22T07:11:31.679183000Z: INFO: Skov: Block 468ac2d3adf6c65fd2eb871a4997c1e98e68850dc0034fdaf1190a4a3a0237ab (7) arrived
2020-10-22T08:09:38.116953200Z: INFO: Skov: Block 1121eec7c0a479987c6358988506dccb49830b13f973704dd00199c397a01c5c (6) arrived
2020-10-22T09:50:16.461447100Z: INFO: Skov: Block c9990c82383f5ec853958c6d472da51d670be1c515bd1709b1c4d7b301181610 (5) arrived
2020-10-22T10:54:56.383826500Z: INFO: Skov: Block 087848cbc6ab31140b26f43cc8fc145d2a7f0e5d96e19c733850184821a807fd (1036) arrived
2020-10-22T11:04:46.040758300Z: INFO: Skov: Block 5cb6476f38287887e121bcd6b88fb93826d2de1594d3bff4176be1c847ae13b3 (3) arrived
2020-10-22T12:46:48.420597200Z: INFO: Skov: Block 03e9f8bd7fca3bb2dfe2e271fd417d40b97bf6b270d114320ff42db27d6e2fb7 (15) arrived
2020-10-22T13:36:22.043446000Z: INFO: Skov: Block d7ecaf7441e33822e0ec071f1af62ed8970a7d48b93f325262c8a627785028f1 (14) arrived
2020-10-22T14:49:31.622022300Z: INFO: Skov: Block 2b19fe7d0ea6ff3e290211c355f3bcd17cf65dade13f40c593432c6539c4b814 (2) arrived
2020-10-22T15:43:21.066605000Z: INFO: Skov: Block 14607cf98abd3597aa466a19540c7972e6c3755058b9ac4acaf852589ed4a5a8 (9) arrived
2020-10-22T16:27:03.350780200Z: INFO: Skov: Block 0547bf098b8f080caaeae418bb3e5ca33be04db845da88a625b0168c64287947 (1) arrived
2020-10-22T17:12:12.750990800Z: INFO: Skov: Block 1da9a9259607aab1588181324c3375bf6a141f3ffd770aa87c49b60ebb872123 (13) arrived
2020-10-22T18:19:06.366784200Z: INFO: Skov: Block 33810b5ef24a21117033fed71ffca08e4360b55073c47feeb666ab13fa2d735f (13) arrived
2020-10-22T19:34:48.595302500Z: INFO: Skov: Block a27d14897933e222d506ca4ea12e23c366926c7ddb7a6b1ce24dda2676d2403a (6) arrived
2020-10-22T20:07:26.965292600Z: INFO: Skov: Block 6743d6921011e4c8473688fc4e358acd8cd278ae672b0ad8cde505f8b1a1ffc4 (14) arrived
2020-10-22T21:49:59.197843900Z: INFO: Skov: Block 36e877cec69829325cd4801310bc09900948b782c4d1a48dd23dd5009ca468f3 (10) arrived
2020-10-22T22:42:02.192299100Z: INFO: Skov: Block 6f4a9994f3a18a56eb75b64be8fbdba833e9c1e788997e28d4758b2768e7f3bc (121) arrived
2020-10-22T23:58:30.809680300Z: INFO: Skov: Block 7d057fce2c15f98261d795a3683f83e4b4b56a6cb248df2a635f212dd2e0c80d (2) arrived
2020-10-23T00:12:32.548533000Z: INFO: Skov: Block f066a391b58f622c0a2967335b37a072e5043e3d2b59c6d10644f8013a9dd632 (18) arrived
2020-10-23T01:14:18.501291400Z: INFO: Skov: Block 3b1ab0452b5e3208a8fab994f0f4648455d4f6ba6f024f7ecc785d242e037200 (1) arrived
2020-10-23T02:11:32.141910500Z: INFO: Skov: Block ed9cd5a45df5d7abd3a8eca58c530c5b73964a9b78e241abf4f39b7e6713e311 (12) arrived
2020-10-23T03:59:26.886058800Z: INFO: Skov: Block ebddbac63343ea2fc124a0835b67a6768a9df27bce1ebb6499c3fe7e46738eac (1) arrived
2020-10-23T04:50:02.865407900Z: INFO: Skov: Block 58f9f9635075d17f31058a70ed6453dfe727e07789427ff585e9c9bfa2d1a73e (606) arrived
2020-10-23T05:18:08.517150800Z: INFO: Skov: Block bc9ff52076b40bec2d18ba17490e17b5756baf8450f445c40a53f64998767efb (2) arrived
2020-10-23T06:47:12.687269600Z: INFO: Skov: Block 4eeb7b6e321ff3abcc7a6a23f412902fb302967a382e9da6d1779822b981f7d2 (13) arrived
2020-10-23T07:20:19.179185900Z: INFO: Skov: Block 7f1d5f396b0a734571d10eb0ebced7bc7941761f7b4a5b211cb43ae0bc6855c8 (16) arrived
2020-10-23T08:49:57.342590300Z: INFO: Skov: Block 1db6ee470bf722ad8af281613bf9a4483263649bf52926ae60de1aa05a5e46b4 (396) arrived
2020-10-23T09:33:48.799161900Z: INFO: Skov: Block a0f6751d5e248ce066b248138560b149462fc02efb2d4588e3959c6708f8c86c (5) arrived
2020-10-23T10:49:04.951019300Z: INFO: Skov: Block 98b3bc05650e29e392f8afe63b774888c3e646b7e62a4b2bada09a072e96cf65 (596) arrived
2020-10-23T11:09:12.969785900Z: INFO: Starting out of band catch-up
2020-10-23T11:09:12.978120900Z: INFO: Completed out of band catch-up
2020-10-23T11:17:39.985139200Z: INFO: Skov: Block 019899604edf5c07dc938c7786191b9d745bd05e1ad91b8a145482ff0de9519c (1161) arrived
2020-10-23T12:42:16.722277500Z: INFO: Skov: Block e4248cedf1cb843a7264160f4e608d881a2e13130191d704292c86714fb4b358 (666) arrived
2020-10-23T13:58:00.793553500Z: INFO: Skov: Block 0d29b175246022b709b4918a1cb44c616839d5785575b987d21facfcf228ea75 (8) arrived
2020-10-23T14:20:54.466757600Z: INFO: Skov: Block 81f730cf6e7e82ee4bb3e4a15dac9ca6616055b67d1a4eab664d285c4707f0a6 (1) arrived
2020-10-23T15:27:39.941700400Z: INFO: Skov: Block f98fa91b9bfe8d6c9a7f2d9aa5b17083570c52f8b265a24cd7472a4a157b319c (4) arrived
2020-10-23T16:09:20.622653800Z: INFO: Skov: Block d44b096e2f9ea356016dadda1d3baad5d5381cc4baa4f84519f0d2c86eb53f50 (15) arrived
2020-10-23T17:14:42.464674300Z: INFO: Skov: Block 0801b1c290c3b4c56d0b2032689d599e75804cf845b40ab9cd0003a74c80a26c (1) arrived
2020-10-23T18:42:00.725979100Z: INFO: Skov: Block fd94b34186b7e2717442e9cd0cd2ced66d9f7ba841acea8a873a8b5602746fd1 (14) arrived
2020-10-23T19:18:54.293608900Z: INFO: Skov: Block b8ccc5d763ec19bcd28ee1b5227b233b22bd69b900e285f59fd43eb2c307ba79 (10) arrived
2020-10-23T20:56:14.372845500Z: INFO: Skov: Block a14adf7f3733315f87d1fb02ce1aa96fd46bc6d2a4df12517bd0014b72c785a8 (780) arrived
2020-10-23T21:29:12.904443600Z: INFO: Skov: Block 70ec0e07f53cb8c0969a30d2e2da672642c79130738f13dc23cbf83aa98612dc (942) arrived
2020-10-23T22:57:22.197898900Z: INFO: Skov: Block 59fe6c3498c548c6eac439ff4b4116222be2d8ce9ccb113bad5b3004e1104436 (11) arrived
2020-10-23T23:38:02.624015400Z: INFO: Skov: Block 720afe40adf16cea66507bf7b27859baa7fe0e888397fbdeae957916cf4d9500 (8) arrived
2020-10-24T00:23:30.364537300Z: INFO: Skov: Block 2eb9b372c9cf961918d17a661dd66370fc56de5865f92be6bff5f5f51eae563b (11) arrived
2020-10-24T01:47:19.616713500Z: INFO: Skov: Block 77541cd59c032f21f902bd1476c4f069bd92d59d91b77f28839fcdb2fcf83a80 (0) arrived
2020-10-24T02:34:44.879531600Z: INFO: Skov: Block b48cc6b0aebee4d8c38144bde84557b5c27d87a9eab90f9f36fd293f7b7d6c7f (18) arrived
2020-10-24T03:58:20.760791500Z: INFO: Skov: Block 591290757fd461d9433aa1b1750c01260890c0ded1951315e9a18381e581ad07 (9) arrived
2020-10-24T04:02:50.886806100Z: INFO: Skov: Block f5797ea369c4907c82041e86300828000a5567ab127723989e5ef7c16cbad8cc (16) arrived
2020-10-24T05:29:25.529885800Z: INFO: Skov: Block 18f27b499e644397d66327ef521a0c540097b52ab67649be947ea73b17026359 (5) arrived
2020-10-24T06:27:16.194424200Z: INFO: Skov: Block 3a320a86ed3cf88fdf024d10e2a20b085644d54562b27adaf9ea5669d1ba6993 (0) arrived
2020-10-24T07:06:17.582764200Z: INFO: Skov: Block 78afc3dc9b7a7139eecd39ed12491132398aa60b2dfffdae82b465414cad4f4f (506) arrived
2020-10-24T08:31:52.205522000Z: INFO: Skov: Block cd8058cda2c5af0e294be678211f0b2af6751ce817242fd8fcdb7fcf8e6b7363 (8) arrived
2020-10-24T09:15:26.342695600Z: INFO: Skov: Block 24436b638d689ff7b7936622bc0966820b0662e993a93a4ea714de260de65610 (820) arrived
2020-10-24T10:50:36.333192600Z: INFO: Skov: Block 667f82cff060ff6880c2e2bd3d6a01dcb23ddaf249925eca347febc395d61dfa (8) arrived
2020-10-24T11:01:54.591995200Z: INFO: Skov: Block 68a8bbd8ec73fd905166f08c8f9342740ebca3c97e76a52184cda2513bd78100 (14) arrived
2020-10-24T12:13:07.503268000Z: INFO: Skov: Block 60a01b0a2fce73f001a17a9cf4f6ccb1c05aeab7344c6739f469bf5e6941af2f (14) arrived
2020-10-24T13:05:08.352464200Z: INFO: Skov: Block 9aca47015cfd4f08cb4ffe19847633505297320513ae5325f62ccac478ba3b7e (760) arrived
2020-10-24T14:33:55.975816200Z: INFO: Skov: Block 8a9bccb1b394ac5e4b636d33f67b7ed06bfe699f043b4f6139ba6a925105f890 (899) arrived
2020-10-24T15:38:30.131514700Z: INFO: Skov: Block 21ff2909a58cf4cfaee74b087e20f97ee01411c6be09bed2229ed6070d7f1c37 (723) arrived
2020-10-24T16:54:47.308152600Z: INFO: Skov: Block 1fd7eafd4a65c718081e43a13302aaba5b2fc24de5a64588fd74c4570eb247a7 (606) arrived
2020-10-24T17:13:19.204061700Z: INFO: Skov: Block 34439ef8ee218b9d9ea0f50fa179a2f62d2812fb8790365ea9789b3a54ed437a (10) arrived
2020-10-24T18:55:23.424420900Z: INFO: Skov: Block dee6b80228c055e352992a611b3cd707db9d00d017e232670c4211e0f366752a (1191) arrived
2020-10-24T19:18:45.171462600Z: INFO: Skov: Block c59e898ddd66ab626c648de149aa832d9ae3b4e2bcbe4b1959943c86d3adb51b (2) arrived
2020-10-24T20:55:45.872996600Z: INFO: Skov: Block 75ea80c09aa75604ede8a76682ea616736c9919d021f1423e81bb898c47ccbe1 (13) arrived
2020-10-24T21:07:48.845262700Z: INFO: Skov: Block 7a102f8f944d274ee1c7ad575c8979e369075b243fd71bbb557a2f2ff37b7ba3 (9) arrived
2020-10-29T10:17:54.273163800Z: INFO: Starting out of band catch-up
2020-10-29T10:17:54.280404500Z: INFO: Completed out of band catch-up
2020-10-29T10:59:27.355834000Z: INFO: Skov: Block 179cb2337c3ad87f5f832a150a08eed4958e85f0e4f1b49955d2397439619ae5 (13) arrived
2020-10-29T11:03:37.217672200Z: INFO: Skov: Block 8f6cb75d504d544e0d021ceb60003631b3c10a326de675f2f92401cbcc173eff (18) arrived
2020-10-29T12:39:18.889734400Z: INFO: Skov: Block 3a814cae6bd391ab54471fe371d9b7994e40f78a24d2e3cb7faf8c1953bc3c77 (18) arrived
2020-10-29T13:20:03.151458100Z: INFO: Skov: Block ebcd676298201ff0944235c3dd16271a447775f971d38bb5e8e4b0029eb373e4 (5) arrived
2020-10-29T14:31:35.124827400Z: INFO: Skov: Block 58b65597276b82d23ac7de87f13c95db4026a16fd82e661989059c0f17dd1ef7 (1064) arrived
2020-10-29T15:43:01.989901200Z: INFO: Skov: Block b548fdf9835f91299626bad55cf2a3402d25ccfbcd91e8340059a24d7ee14423 (1) arrived
2020-10-29T16:26:05.528920000Z: INFO: Skov: Block 194bd72c2320ed2298f426d7e2e22b54ec79a4912b307d6572875571e96b2a1a (6) arrived
2020-10-29T17:01:56.704543800Z: INFO: Skov: Block dad99c1829168b11d94db76a7ba21433e4c9c7dea04d5901f2d59a8a172f2028 (16) arrived
2020-10-29T18:18:32.100433700Z: INFO: Skov: Block 8c8750186643d71f1a1e6cff78d17387b3527d169093530b041fb6ddfae1f25b (7) arrived
2020-10-29T19:41:01.550080600Z: INFO: Skov: Block 0415dd6cf9f38fbd040ce2a19958bef98cf25f3d90c033ea7b26b982ee37a54f (1) arrived
2020-10-29T20:02:19.992261700Z: INFO: Skov: Block 1673c08f8e5af0e242b36d1d0f8b4cd0fbb25535f6e0f33d7b2b44a58f9a2d64 (2) arrived
2020-10-29T21:39:37.460490400Z: INFO: Skov: Block c61387ddd5d5152574d7a750e63c2d9f1ff5eb79c1e0bc3635baa85c2f327c08 (593) arrived
2020-10-29T22:08:40.399784100Z: INFO: Skov: Block 920128610587d88d5c385d69bd52f17103cabeba4bcd102277fd81f34043d28f (716) arrived
2020-10-29T23:55:53.818252800Z: INFO: Skov: Block 966fe56f9c660d603c3e1b9489655f03e8a8fb5a6be907609030b1ed79093085 (285) arrived
2020-10-30T00:01:50.302196600Z: INFO: Skov: Block fc859a8329fe49fd43c73ed86355331de8e99143b67130cf4ab8c6572f5446fa (481) arrived
2020-10-30T01:08:00.405702200Z: INFO: Skov: Block e70a14b8a3676bfdb35f83b38790d58b30e520ea17a0c67e476d364375d3991f (16) arrived
2020-10-30T02:05:49.062915800Z: INFO: Skov: Block d552e8a3559ddf071012ec240a745b8178b007c3d6414b2d796e32add291121c (7) arrived
2020-10-30T03:25:26.610057000Z: INFO: Skov: Block f2c384441a0498d029f15423fec644e7fcf6fb7b4654d3d80ab7bf9442843610 (4) arrived
2020-10-30T04:21:54.806138500Z: INFO: Skov: Block fdae38f3e927ec1e944c3a97f3a78f88e1b90422592c396f47c4eec2191eee63 (7) arrived
2020-10-30T05:11:07.686654500Z: INFO: Skov: Block 22cfc7fa9148608b026c20648d94725ad95db32b72e1f7683bb881818c4f9b79 (11) arrived
2020-10-30T06:08:03.758865900Z: INFO: Skov: Block 7ee7857dcc84ba06eeb97b08f7fddf29e274a680b690630232cf3386a3ebb923 (0) arrived
2020-10-30T07:20:49.595894400Z: INFO: Skov: Block 4f4e875c578a57a09bbc6563e25764206d8e257cf1bb8ac5c0a756dce544419f (0) arrived
2020-10-30T08:11:50.225007700Z: INFO: Skov: Block 3cb3eeb034cb11b826fd4b9df6122c062f7a20131955922a6badfa679cf1d698 (4) arrived
2020-10-30T09:17:44.453150200Z: INFO: Skov: Block 461dadb100d02d77253f1f5692a45907cc8df829a0d6054c99f2c54203cfe96e (665) arrived
2020-10-30T10:54:58.864280500Z: INFO: Skov: Block 364c1b7250a4c8f18663f2e44f634cf0001f746ae8ffc3fbd5276611ca0aea1a (10) arrived
2020-10-30T11:13:37.417453600Z: INFO: Skov: Block c6918701af69d322b81b05a3ae59d898bff19197a5e5743ded8c7bede7653788 (17) arrived
runtime:185
baked:0
