Date-Time CPU in % Disk in bytes RAM in bytes
16/10/2020T16:07 2.6 230567985 326057984
16/10/2020T16:10 2.6 230632552 319668224
16/10/2020T16:20 2.6 230815978 319672320
16/10/2020T16:30 2.6 230970231 322387968
16/10/2020T16:40 2.6 231145609 319758336
16/10/2020T16:50 2.6 231356129 323297280
16/10/2020T17:00 2.6 231563021 324714496
16/10/2020T17:10 2.6 231781725 324243456
16/10/2020T17:20 2.6 231908525 324358144
16/10/2020T17:30 2.6 232066616 323518464
16/10/2020T17:40 2.6 232189856 323375104
16/10/2020T17:50 2.6 232345837 324919296
16/10/2020T18:00 2.6 232539293 323002368
16/10/2020T18:10 2.6 232689024 323772416
16/10/2020T18:20 2.6 232879732 323952640
16/10/2020T18:30 2.6 233050679 324001792
16/10/2020T18:40 2.7 233235625 323571712
16/10/2020T18:50 2.7 233463099 323637248
16/10/2020T19:00 2.7 233644093 328073216
16/10/2020T19:10 2.7 233867169 326877184
16/10/2020T19:20 2.7 234095159 327143424
16/10/2020T19:30 2.7 234250513 328867840
16/10/2020T19:40 2.7 234458041 333295616
16/10/2020T19:50 2.7 234617085 334897152
16/10/2020T20:00 2.7 234796017 329428992
16/10/2020T20:10 2.7 235043763 334524416
16/10/2020T20:20 2.7 235237110 331112448
16/10/2020T20:30 2.7 235404161 331100160
16/10/2020T20:40 2.7 235622506 333725696
16/10/2020T20:50 2.7 235850969 337653760
16/10/2020T21:00 2.7 3550490 172589056
16/10/2020T21:10 2.7 3550490 170975232
16/10/2020T21:20 2.6 3550490 174026752
16/10/2020T21:30 2.6 3550490 171401216
16/10/2020T21:40 2.6 3550490 170725376
16/10/2020T21:50 2.6 3550490 172335104
16/10/2020T22:00 2.6 3550490 170897408
16/10/2020T22:10 2.6 3550490 171069440
16/10/2020T22:20 2.5 3550490 172290048
16/10/2020T22:30 2.5 3550490 170946560
16/10/2020T22:40 2.5 3550490 171040768
16/10/2020T22:50 2.5 3550490 172691456
16/10/2020T23:00 2.5 3550490 170885120
16/10/2020T23:10 2.5 3550490 167374848
16/10/2020T23:20 2.5 3550490 164294656
16/10/2020T23:30 2.4 3550490 163209216
16/10/2020T23:40 2.4 3550490 163246080
16/10/2020T23:50 2.4 3550490 164352000
17/10/2020T00:00 2.4 3550490 163356672
17/10/2020T00:10 2.4 3550490 163053568
17/10/2020T00:20 2.4 3550490 164151296
17/10/2020T00:30 2.4 3550490 163008512
17/10/2020T00:40 2.3 3550490 162844672
17/10/2020T00:50 2.3 3550490 163934208
17/10/2020T01:00 2.3 3550490 162115584
17/10/2020T01:10 2.3 3550490 162803712
17/10/2020T01:20 2.3 3550490 164192256
17/10/2020T01:30 2.3 3550490 162975744
17/10/2020T01:40 2.3 3550490 162877440
17/10/2020T01:50 2.3 3550490 162639872
17/10/2020T02:00 2.2 3550490 162668544
17/10/2020T02:10 2.2 3550490 162799616
17/10/2020T02:20 2.2 3550490 162639872
17/10/2020T02:30 2.2 3550490 163184640
17/10/2020T02:40 2.2 3550490 162742272
17/10/2020T02:50 2.2 3550490 162328576
17/10/2020T03:00 2.3 29049349 307408896
17/10/2020T03:10 2.6 91270724 492158976
17/10/2020T03:20 2.9 187770510 1071931392
17/10/2020T03:30 3.1 243268343 1205391360
17/10/2020T03:40 3.1 243399344 1202507776
17/10/2020T03:50 3.1 243547087 1202925568
17/10/2020T04:00 3.1 243660780 1203015680
17/10/2020T04:10 3.1 243840116 1204002816
17/10/2020T04:20 3.1 243997852 1205719040
17/10/2020T04:30 3.1 244147499 1203294208
17/10/2020T04:40 3.1 244315624 1207365632
17/10/2020T04:50 3.1 244496100 1204776960
17/10/2020T05:00 3.1 244653667 1206919168
17/10/2020T05:10 3.1 244854369 1206743040
17/10/2020T05:20 3.1 245046227 1207189504
17/10/2020T05:30 3.1 245188861 1207136256
17/10/2020T05:40 3.1 245357644 1207230464
17/10/2020T05:50 3.1 245499706 1208315904
17/10/2020T06:00 3.1 245593206 1206616064
17/10/2020T06:10 3.1 245750359 1207537664
17/10/2020T06:20 3.1 245897666 1207296000
17/10/2020T06:30 3.1 246046825 1206042624
17/10/2020T06:40 3.1 246211647 1206026240
17/10/2020T06:50 3.1 246371458 1207422976
17/10/2020T07:00 3.1 246515351 1209565184
17/10/2020T07:10 3.1 246724354 1209638912
17/10/2020T07:20 3.1 246855616 1209110528
17/10/2020T07:30 3.1 246980905 1209348096
17/10/2020T07:40 3.1 247121115 1209241600
17/10/2020T07:50 3.1 247258387 1209966592
17/10/2020T08:00 3.1 247410005 1209610240
17/10/2020T08:10 3.1 247575481 1209929728
17/10/2020T08:20 3.1 247680125 1209966592
17/10/2020T08:30 3.1 247856310 1210867712
17/10/2020T08:40 3.1 247976779 1209802752
17/10/2020T08:50 3.1 248120554 1210978304
17/10/2020T09:00 3.1 248339915 1212665856
17/10/2020T09:10 3.1 248519758 1213087744
17/10/2020T09:20 3.1 248651515 1215225856
17/10/2020T09:30 3.1 248839386 1213046784
17/10/2020T09:40 3.1 248990817 1213190144
17/10/2020T09:50 3.1 249244522 1213431808
17/10/2020T10:00 3.1 249346412 163520512
17/10/2020T10:10 3.1 249522532 355012608
17/10/2020T10:20 3.1 249678579 356143104
17/10/2020T10:30 3.1 249809029 356089856
17/10/2020T10:40 3.1 249939878 356548608
17/10/2020T10:50 3.1 250111272 356352000
17/10/2020T11:00 3.1 250229248 362606592
17/10/2020T11:10 3.1 250474015 362430464
17/10/2020T11:20 3.1 250651566 363139072
17/10/2020T11:30 3.1 250819932 366153728
17/10/2020T11:40 3.1 250950517 365441024
17/10/2020T11:50 3.1 251127986 365330432
17/10/2020T12:00 3.1 251289465 366551040
17/10/2020T12:10 3.1 251487114 371429376
17/10/2020T12:20 3.1 251626211 382750720
17/10/2020T12:30 3.1 251786941 371781632
17/10/2020T12:40 3.1 251970347 372273152
17/10/2020T12:50 3.1 252200399 372289536
17/10/2020T13:00 3.1 252421099 380932096
17/10/2020T13:10 3.1 252649059 375222272
17/10/2020T13:20 3.1 252800655 376885248
17/10/2020T13:30 3.1 252993663 375230464
17/10/2020T13:40 3.1 253118127 377430016
17/10/2020T13:50 3.1 253208564 376602624
17/10/2020T14:00 3.1 253476857 337641472
17/10/2020T14:10 3.1 253668156 340598784
17/10/2020T14:20 3.1 253852272 341139456
17/10/2020T14:30 3.1 253979810 341512192
17/10/2020T14:40 3.1 254116215 340316160
17/10/2020T14:50 3.1 254231555 341409792
17/10/2020T15:00 3.1 254478509 340107264
17/10/2020T15:10 3.1 254694239 340185088
17/10/2020T15:20 3.1 254795921 343629824
17/10/2020T15:30 3.1 254957316 340557824
17/10/2020T15:40 3.1 255096924 342228992
17/10/2020T15:50 3.1 255244459 342335488
17/10/2020T16:00 3.1 255408467 343875584
17/10/2020T16:10 3.1 255593858 345485312
17/10/2020T16:20 3.1 255738165 345276416
17/10/2020T16:30 3.1 255899499 344903680
17/10/2020T16:40 3.1 256097370 344756224
17/10/2020T16:50 3.1 256266844 344973312
17/10/2020T17:00 3.1 256330097 346460160
17/10/2020T17:10 3.1 256556524 344961024
17/10/2020T17:20 3.1 256674737 345264128
17/10/2020T17:30 3.1 256778101 345141248
17/10/2020T17:40 3.1 256951972 345034752
17/10/2020T17:50 3.1 257063893 346767360
17/10/2020T18:00 3.1 257161300 345198592
17/10/2020T18:10 3.1 257318288 348987392
17/10/2020T18:20 3.1 257421228 351924224
17/10/2020T18:30 3.1 257552854 349675520
17/10/2020T18:40 3.0 257738391 349597696
17/10/2020T18:50 3.0 257896935 349323264
17/10/2020T19:00 3.0 258049546 357609472
17/10/2020T19:10 3.0 258212378 168443904
17/10/2020T19:20 3.0 258424393 318210048
17/10/2020T19:30 3.0 258566536 319254528
17/10/2020T19:40 3.0 258744734 322510848
17/10/2020T19:50 3.0 258877811 321265664
17/10/2020T20:00 3.0 259064985 322924544
17/10/2020T20:10 3.0 259198619 321474560
17/10/2020T20:20 3.0 259336719 323145728
17/10/2020T20:30 3.0 259463006 322244608
17/10/2020T20:40 3.0 259617373 324960256
17/10/2020T20:50 3.0 259818679 321970176
17/10/2020T21:00 3.0 259988252 322011136
17/10/2020T21:10 3.0 260178446 322285568
17/10/2020T21:20 3.0 260281150 332189696
17/10/2020T21:30 3.0 260443225 328077312
17/10/2020T21:40 3.0 260634139 327254016
17/10/2020T21:50 3.0 260817677 331603968
17/10/2020T22:00 3.0 260936678 328785920
17/10/2020T22:10 3.0 261085327 328744960
17/10/2020T22:20 3.0 261222212 331710464
17/10/2020T22:30 3.0 261357195 327864320
17/10/2020T22:40 3.0 261526574 327593984
17/10/2020T22:50 3.0 261674872 330739712
17/10/2020T23:00 3.0 261840496 327749632
17/10/2020T23:10 3.0 262035447 331190272
17/10/2020T23:20 3.0 262102257 332460032
17/10/2020T23:30 3.0 262248469 332136448
17/10/2020T23:40 3.0 262469887 333647872
17/10/2020T23:50 3.0 262611351 333680640
18/10/2020T00:00 3.0 262746433 333512704
18/10/2020T00:10 3.0 262922791 331943936
18/10/2020T00:20 3.0 263049181 333078528
18/10/2020T00:30 3.0 263233747 332271616
18/10/2020T00:40 3.0 263379314 332328960
18/10/2020T00:50 3.0 263486260 336904192
18/10/2020T01:00 3.0 263632386 332378112
18/10/2020T01:10 3.0 263832480 332328960
18/10/2020T01:20 3.0 263932989 334884864
18/10/2020T01:30 3.0 264114632 335372288
18/10/2020T01:40 3.0 264242679 336707584
18/10/2020T01:50 3.0 264419816 340144128
18/10/2020T02:00 3.0 264553573 337649664
18/10/2020T02:10 3.0 264709682 336293888
18/10/2020T02:20 3.0 264838479 339472384
18/10/2020T02:30 3.0 265003566 337227776
18/10/2020T02:40 3.0 265182157 336658432
18/10/2020T02:50 3.0 265312458 336281600
18/10/2020T03:00 3.0 265516575 337600512
18/10/2020T03:10 3.0 265666014 336867328
18/10/2020T03:20 3.0 265797203 339812352
18/10/2020T03:30 3.0 265928301 340070400
18/10/2020T03:40 3.0 266074607 340099072
18/10/2020T03:50 3.0 266186429 339955712
18/10/2020T04:00 3.0 266331102 341716992
18/10/2020T04:10 3.0 266483617 340234240
18/10/2020T04:20 3.0 266632316 345321472
18/10/2020T04:30 3.0 266769011 346202112
18/10/2020T04:40 3.0 266921148 342224896
18/10/2020T04:50 3.0 267062082 340758528
18/10/2020T05:00 3.0 267209571 340774912
18/10/2020T05:10 3.0 267379003 341983232
18/10/2020T05:20 3.0 267485972 344059904
18/10/2020T05:30 3.0 267678896 345812992
18/10/2020T05:40 3.0 267829664 343752704
18/10/2020T05:50 3.0 267991064 349982720
18/10/2020T06:00 3.0 268131487 344801280
18/10/2020T06:10 3.0 268258254 344186880
18/10/2020T06:20 3.0 268405950 344158208
18/10/2020T06:30 3.0 268531272 344236032
18/10/2020T06:40 2.9 268677054 343855104
18/10/2020T06:50 2.9 268828119 349503488
18/10/2020T07:00 2.9 268993794 345378816
18/10/2020T07:10 2.9 269164262 344358912
18/10/2020T07:20 2.9 269299459 347791360
18/10/2020T07:30 2.9 269428865 346767360
18/10/2020T07:40 2.9 269594833 345346048
18/10/2020T07:50 2.9 269813008 346308608
18/10/2020T08:00 2.9 269995816 344977408
18/10/2020T08:10 2.9 270208385 349560832
18/10/2020T08:20 2.9 270392567 344608768
18/10/2020T08:30 2.9 270581767 344358912
18/10/2020T08:40 2.9 270721792 344412160
18/10/2020T08:50 2.9 270912985 344440832
18/10/2020T09:00 2.9 271074067 343896064
18/10/2020T09:10 2.9 271232982 349691904
18/10/2020T09:20 2.9 271405509 347537408
18/10/2020T09:30 2.9 271584921 349167616
18/10/2020T09:40 2.9 271724491 347332608
18/10/2020T09:50 2.9 271883469 350015488
18/10/2020T10:00 2.9 272038913 347217920
18/10/2020T10:10 2.9 272220595 348065792
18/10/2020T10:20 2.9 272439242 347607040
18/10/2020T10:30 2.9 272635943 347496448
18/10/2020T10:40 2.9 272774562 346714112
18/10/2020T10:50 2.9 272953572 346468352
18/10/2020T11:00 2.9 273065532 346734592
18/10/2020T11:10 2.9 273241554 348237824
18/10/2020T11:20 2.9 273402271 350220288
18/10/2020T11:30 2.9 273542729 350117888
18/10/2020T11:40 2.9 273718790 350306304
18/10/2020T11:50 2.9 273889468 357425152
18/10/2020T12:00 2.9 274025327 361426944
18/10/2020T12:10 2.9 274208649 355340288
18/10/2020T12:20 2.9 274319460 356323328
18/10/2020T12:30 2.9 274472322 355647488
18/10/2020T12:40 2.9 274651954 357228544
18/10/2020T12:50 2.9 274806256 353861632
18/10/2020T13:00 2.9 274824327 158478336
18/10/2020T13:10 2.9 274824327 158363648
18/10/2020T13:20 2.9 274824327 163500032
18/10/2020T13:30 2.9 274824327 160436224
18/10/2020T13:40 2.9 274824327 158519296
18/10/2020T13:50 2.9 274824327 158179328
18/10/2020T14:00 2.9 274824327 159727616
18/10/2020T14:10 2.9 274824327 158445568
18/10/2020T14:20 2.9 276317751 317440000
18/10/2020T14:30 2.9 276455464 318730240
18/10/2020T14:40 2.9 276641118 320143360
18/10/2020T14:50 2.9 276780217 319356928
18/10/2020T15:00 2.9 277023259 319070208
18/10/2020T15:10 2.9 277188114 319934464
18/10/2020T15:20 2.9 277314194 320212992
18/10/2020T15:30 2.9 277457366 319877120
18/10/2020T15:40 2.9 277609986 320151552
18/10/2020T15:50 2.9 277751718 320851968
18/10/2020T16:00 2.9 277908540 320524288
18/10/2020T16:10 2.9 278059724 321708032
18/10/2020T16:20 2.9 278221428 324468736
18/10/2020T16:30 2.9 278391164 324423680
18/10/2020T16:40 2.9 278518775 325484544
18/10/2020T16:50 2.9 278665440 326983680
18/10/2020T17:00 2.9 278790682 325398528
18/10/2020T17:10 2.9 279000271 325570560
18/10/2020T17:20 2.9 279156245 325214208
18/10/2020T17:30 2.9 279297230 325861376
18/10/2020T17:40 2.9 279460427 325271552
18/10/2020T17:50 2.9 279625926 325640192
18/10/2020T18:00 2.9 279780312 333160448
18/10/2020T18:10 2.9 279990722 325083136
18/10/2020T18:20 2.9 280131090 330211328
18/10/2020T18:30 2.8 280218620 328716288
18/10/2020T18:40 2.8 280326891 330199040
18/10/2020T18:50 2.8 280448607 329887744
18/10/2020T19:00 2.8 280594666 329863168
18/10/2020T19:10 2.8 280771951 329154560
18/10/2020T19:20 2.8 280859194 330096640
18/10/2020T19:30 2.8 281034302 328900608
18/10/2020T19:40 2.8 281179474 333529088
18/10/2020T19:50 2.8 281367241 328814592
18/10/2020T20:00 2.8 281494708 329203712
18/10/2020T20:10 2.8 281629856 166379520
18/10/2020T20:20 2.8 281629856 166334464
18/10/2020T20:30 2.8 281629856 166133760
18/10/2020T20:40 2.8 282188675 320933888
18/10/2020T20:50 2.8 282291085 323915776
18/10/2020T21:00 2.8 282463717 322940928
18/10/2020T21:10 2.8 282659367 322052096
18/10/2020T21:20 2.8 282837509 324972544
18/10/2020T21:30 2.8 282945113 324222976
18/10/2020T21:40 2.8 283088019 324579328
18/10/2020T21:50 2.8 283265467 328929280
18/10/2020T22:00 2.8 283465068 324382720
18/10/2020T22:10 2.8 283661102 323162112
18/10/2020T22:20 2.8 283829832 323604480
18/10/2020T22:30 2.8 283991973 322998272
18/10/2020T22:40 2.8 284159557 327536640
18/10/2020T22:50 2.8 284306089 330657792
18/10/2020T23:00 2.8 284443974 327479296
18/10/2020T23:10 2.8 284647620 328867840
18/10/2020T23:20 2.8 284794291 328003584
18/10/2020T23:30 2.8 284924665 329523200
18/10/2020T23:40 2.8 285125665 330301440
18/10/2020T23:50 2.8 285250526 334123008
19/10/2020T00:00 2.8 285469328 329097216
19/10/2020T00:10 2.8 285565122 331390976
19/10/2020T00:20 2.8 285704204 329838592
19/10/2020T00:30 2.8 285853617 328663040
19/10/2020T00:40 2.8 285953890 334196736
19/10/2020T00:50 2.8 286090372 332021760
19/10/2020T01:00 2.8 286225786 334123008
19/10/2020T01:10 2.8 286418328 331550720
19/10/2020T01:20 2.8 286585056 334008320
19/10/2020T01:30 2.8 286717394 337178624
19/10/2020T01:40 2.8 286861281 333410304
19/10/2020T01:50 2.8 287014069 333279232
19/10/2020T02:00 2.8 287145904 332492800
19/10/2020T02:10 2.8 287340748 333877248
19/10/2020T02:20 2.8 287512733 337043456
19/10/2020T02:30 2.8 287699098 331943936
19/10/2020T02:40 2.8 287918943 337952768
19/10/2020T02:50 2.8 288034340 337137664
19/10/2020T03:00 2.8 288135394 337838080
19/10/2020T03:10 2.8 288302908 336154624
19/10/2020T03:20 2.8 288473298 337772544
19/10/2020T03:30 2.8 288634416 337301504
19/10/2020T03:40 2.8 288758535 337453056
19/10/2020T03:50 2.8 288910061 337649664
19/10/2020T04:00 2.8 289043612 337252352
19/10/2020T04:10 2.8 289211835 336125952
19/10/2020T04:20 2.8 289340186 337276928
19/10/2020T04:30 2.8 289478160 337190912
19/10/2020T04:40 2.8 289625899 340684800
19/10/2020T04:50 2.8 289749736 339820544
19/10/2020T05:00 2.8 289866362 340787200
19/10/2020T05:10 2.8 290038792 340975616
19/10/2020T05:20 2.8 290168674 340496384
19/10/2020T05:30 2.8 290386977 340131840
19/10/2020T05:40 2.8 290620421 342605824
19/10/2020T05:50 2.8 290759470 344059904
19/10/2020T06:00 2.8 290955819 344494080
19/10/2020T06:10 2.8 291052668 339419136
19/10/2020T06:20 2.8 291219554 345907200
19/10/2020T06:30 2.8 291403740 341377024
19/10/2020T06:40 2.8 291544251 343277568
19/10/2020T06:50 2.8 291698314 344469504
19/10/2020T07:00 2.8 291831794 344842240
19/10/2020T07:10 2.8 291987336 343396352
19/10/2020T07:20 2.8 292145312 343740416
19/10/2020T07:30 2.8 292325759 344092672
19/10/2020T07:40 2.8 292475058 346619904
19/10/2020T07:50 2.8 292601011 345014272
19/10/2020T08:00 2.8 292739636 343785472
19/10/2020T08:10 2.8 292909999 343474176
19/10/2020T08:20 2.8 293037546 344432640
19/10/2020T08:30 2.8 293172948 344846336
19/10/2020T08:40 2.8 293309217 348999680
19/10/2020T08:50 2.8 293423364 348401664
19/10/2020T09:00 2.8 293549398 350117888
19/10/2020T09:10 2.8 293759197 346599424
19/10/2020T09:20 2.8 293908442 348966912
19/10/2020T09:30 2.8 294112534 348286976
19/10/2020T09:40 2.8 294209459 347746304
19/10/2020T09:50 2.8 294358733 347643904
19/10/2020T10:00 2.8 294463808 348037120
19/10/2020T10:10 2.8 294685177 351027200
19/10/2020T10:20 2.8 294797357 347709440
19/10/2020T10:30 2.8 295004673 346468352
19/10/2020T10:40 2.8 295190927 350588928
19/10/2020T10:50 2.8 295327036 351219712
19/10/2020T11:00 2.8 295479271 350994432
19/10/2020T11:10 2.8 295635036 351051776
19/10/2020T11:20 2.8 295768037 352636928
19/10/2020T11:30 2.8 295889329 350896128
19/10/2020T11:40 2.8 296077585 350912512
19/10/2020T11:50 2.8 296192521 350867456
19/10/2020T12:00 2.8 296343784 351195136
19/10/2020T12:10 2.8 296507921 350920704
19/10/2020T12:20 2.8 296650233 167505920
19/10/2020T12:30 2.8 296650233 168386560
19/10/2020T12:40 2.8 296650233 167333888
19/10/2020T12:50 2.8 296650233 167944192
19/10/2020T13:00 2.8 296650233 168218624
19/10/2020T13:10 2.8 296650233 167940096
19/10/2020T13:20 2.8 296650233 167211008
19/10/2020T13:30 2.8 296650233 169132032
19/10/2020T13:40 2.8 296650233 168681472
19/10/2020T13:50 2.8 296650233 169472000
19/10/2020T14:00 2.8 296650233 167305216
19/10/2020T14:10 2.7 296650233 166572032
19/10/2020T14:20 2.7 296650233 168099840
19/10/2020T14:30 2.7 297687491 364040192
19/10/2020T14:40 2.7 298926599 364941312
19/10/2020T14:50 2.7 299124234 366407680
19/10/2020T15:00 2.7 299271148 366354432
19/10/2020T15:10 2.7 299409124 366088192
19/10/2020T15:20 2.8 299593079 370937856
19/10/2020T15:30 2.8 299731277 367869952
19/10/2020T15:40 2.8 299883198 368427008
19/10/2020T15:50 2.8 300032790 367288320
19/10/2020T16:00 2.8 300179771 370536448
19/10/2020T16:10 2.8 300321154 367579136
19/10/2020T16:20 2.8 300517046 369344512
19/10/2020T16:30 2.8 300659537 372244480
19/10/2020T16:40 2.8 300810787 371568640
19/10/2020T16:50 2.8 300997551 377200640
19/10/2020T17:00 2.8 301124453 335065088
19/10/2020T17:10 2.8 301283226 335380480
19/10/2020T17:20 2.8 301425086 336744448
19/10/2020T17:30 2.8 301620241 337686528
19/10/2020T17:40 2.8 301765884 337084416
19/10/2020T17:50 2.8 301928696 335208448
19/10/2020T18:00 2.8 302008848 336662528
19/10/2020T18:10 2.8 302174717 336764928
19/10/2020T18:20 2.8 302354725 335785984
19/10/2020T18:30 2.8 302495873 341311488
19/10/2020T18:40 2.7 302628256 340041728
19/10/2020T18:50 2.7 302787012 340082688
19/10/2020T19:00 2.7 302943115 340590592
19/10/2020T19:10 2.7 303137517 340635648
19/10/2020T19:20 2.7 303355798 341757952
19/10/2020T19:30 2.7 303497320 340377600
19/10/2020T19:40 2.7 303639457 340541440
19/10/2020T19:50 2.7 303829146 339116032
19/10/2020T20:00 2.7 304030545 339292160
19/10/2020T20:10 2.7 304211434 340398080
19/10/2020T20:20 2.7 304396217 345014272
19/10/2020T20:30 2.7 304500528 170901504
19/10/2020T20:40 2.7 304500528 174010368
19/10/2020T20:50 2.7 304817429 327946240
19/10/2020T21:00 2.7 304962836 328499200
19/10/2020T21:10 2.7 305153027 330571776
19/10/2020T21:20 2.7 305337763 331964416
19/10/2020T21:30 2.8 305515583 336207872
19/10/2020T21:40 2.8 305730633 330735616
19/10/2020T21:50 2.8 305869930 331292672
19/10/2020T22:00 2.8 306030393 335482880
19/10/2020T22:10 2.8 306194878 332865536
19/10/2020T22:20 2.8 306362770 332881920
19/10/2020T22:30 2.8 306490589 332623872
19/10/2020T22:40 2.8 306704045 334544896
19/10/2020T22:50 2.8 306901205 336363520
19/10/2020T23:00 2.8 307032929 337805312
19/10/2020T23:10 2.8 307205587 334880768
19/10/2020T23:20 2.8 307337773 339124224
19/10/2020T23:30 2.8 307467808 338927616
19/10/2020T23:40 2.8 307655318 336343040
19/10/2020T23:50 2.8 307811823 341585920
20/10/2020T00:00 2.8 307957677 338628608
20/10/2020T00:10 2.8 308086324 336445440
20/10/2020T00:20 2.8 308238253 337858560
20/10/2020T00:30 2.8 308380571 336801792
20/10/2020T00:40 2.8 308538154 339582976
20/10/2020T00:50 2.8 308745254 346234880
20/10/2020T01:00 2.8 308891745 342806528
20/10/2020T01:10 2.8 309043398 344035328
20/10/2020T01:20 2.8 309168752 342437888
20/10/2020T01:30 2.8 309307764 342122496
20/10/2020T01:40 2.8 309490551 341999616
20/10/2020T01:50 2.8 309642735 341053440
20/10/2020T02:00 2.8 309759851 343531520
20/10/2020T02:10 2.8 309934201 343658496
20/10/2020T02:20 2.8 310040917 342372352
20/10/2020T02:30 2.8 310203173 343814144
20/10/2020T02:40 2.8 310349045 343035904
20/10/2020T02:50 2.8 310479321 346120192
20/10/2020T03:00 2.8 310635217 354340864
20/10/2020T03:10 2.8 310780274 346374144
20/10/2020T03:20 2.8 310961967 346570752
20/10/2020T03:30 2.8 311104147 350347264
20/10/2020T03:40 2.8 311231585 346750976
20/10/2020T03:50 2.8 311381254 346611712
20/10/2020T04:00 2.8 311539674 348356608
20/10/2020T04:10 2.8 311703598 349655040
20/10/2020T04:20 2.8 311901665 346718208
20/10/2020T04:30 2.8 312067837 348217344
20/10/2020T04:40 2.8 312243303 351072256
20/10/2020T04:50 2.8 312382375 351428608
20/10/2020T05:00 2.8 312523023 350105600
20/10/2020T05:10 2.8 312692328 352784384
20/10/2020T05:20 2.8 312855405 352174080
20/10/2020T05:30 2.8 313060130 350134272
20/10/2020T05:40 2.8 313230015 351965184
20/10/2020T05:50 2.8 313426945 354357248
20/10/2020T06:00 2.8 313543852 351059968
20/10/2020T06:10 2.8 313710350 350203904
20/10/2020T06:20 2.8 313842129 351940608
20/10/2020T06:30 2.8 313958142 351174656
20/10/2020T06:40 2.8 314143768 349945856
20/10/2020T06:50 2.8 314348419 353509376
20/10/2020T07:00 2.8 314469134 352137216
20/10/2020T07:10 2.8 314605291 352755712
20/10/2020T07:20 2.8 314753731 354422784
20/10/2020T07:30 2.8 314896166 353652736
20/10/2020T07:40 2.8 315093399 353992704
20/10/2020T07:50 2.8 315301637 353124352
20/10/2020T08:00 2.8 315495409 353452032
20/10/2020T08:10 2.8 315608670 354021376
20/10/2020T08:20 2.8 315809621 354238464
20/10/2020T08:30 2.8 315986986 353759232
20/10/2020T08:40 2.8 316178422 355266560
20/10/2020T08:50 2.8 316354916 359075840
20/10/2020T09:00 2.8 316520091 368885760
20/10/2020T09:10 2.8 316673364 365649920
20/10/2020T09:20 2.8 316783858 363556864
20/10/2020T09:30 2.8 316897321 363507712
20/10/2020T09:40 2.8 317056087 364158976
20/10/2020T09:50 2.8 317161292 362663936
20/10/2020T10:00 2.8 317331176 369422336
20/10/2020T10:10 2.8 317537167 364957696
20/10/2020T10:20 2.8 317660477 362926080
20/10/2020T10:30 2.8 317829041 364908544
20/10/2020T10:40 2.8 317866159 171966464
20/10/2020T10:50 2.8 318122891 376750080
20/10/2020T11:00 2.8 318288581 339959808
20/10/2020T11:10 2.8 318447710 341045248
20/10/2020T11:20 2.8 318570963 345513984
20/10/2020T11:30 2.8 318731225 345264128
20/10/2020T11:40 2.8 318907882 342360064
20/10/2020T11:50 2.8 319067725 345661440
20/10/2020T12:00 2.8 319205660 342433792
20/10/2020T12:10 2.8 319394461 344928256
20/10/2020T12:20 2.8 319486477 345206784
20/10/2020T12:30 2.8 319620213 343199744
20/10/2020T12:40 2.8 319770483 343052288
20/10/2020T12:50 2.8 319910773 349147136
20/10/2020T13:00 2.8 320099409 348225536
20/10/2020T13:10 2.8 320286934 346656768
20/10/2020T13:20 2.8 320461173 346427392
20/10/2020T13:30 2.8 320588221 349794304
20/10/2020T13:40 2.8 320737378 348053504
20/10/2020T13:50 2.8 320951114 349372416
20/10/2020T14:00 2.8 321088147 348209152
20/10/2020T14:10 2.8 321240962 352677888
20/10/2020T14:20 2.8 321395451 347201536
20/10/2020T14:30 2.8 321637612 348758016
20/10/2020T14:40 2.8 321782021 346927104
20/10/2020T14:50 2.8 321912479 351567872
20/10/2020T15:00 2.8 322061895 352653312
20/10/2020T15:10 2.8 322211069 352714752
20/10/2020T15:20 2.8 322354466 356655104
20/10/2020T15:30 2.8 322460670 351518720
20/10/2020T15:40 2.8 322601486 351940608
20/10/2020T15:50 2.8 322771652 351801344
20/10/2020T16:00 2.8 322949070 351514624
20/10/2020T16:10 2.8 323076506 352186368
20/10/2020T16:20 2.8 323245847 353095680
20/10/2020T16:30 2.8 323380995 354279424
20/10/2020T16:40 2.8 323529283 352686080
20/10/2020T16:50 2.8 323677415 354861056
20/10/2020T17:00 2.8 323842551 357965824
20/10/2020T17:10 2.8 323987266 356229120
20/10/2020T17:20 2.8 324132551 355856384
20/10/2020T17:30 2.8 324299854 355794944
20/10/2020T17:40 2.8 324458929 355876864
20/10/2020T17:50 2.8 324597812 361541632
20/10/2020T18:00 2.8 324763954 366854144
20/10/2020T18:10 2.8 324986265 370679808
20/10/2020T18:20 2.8 325170076 363634688
20/10/2020T18:30 2.8 325338974 360128512
20/10/2020T18:40 2.8 325487136 357715968
20/10/2020T18:50 2.8 325602210 360804352
20/10/2020T19:00 2.8 325747933 362422272
20/10/2020T19:10 2.8 325883385 360235008
20/10/2020T19:20 2.8 325990624 363302912
20/10/2020T19:30 2.8 326124131 362934272
20/10/2020T19:40 2.8 326301713 361144320
20/10/2020T19:50 2.8 326428209 363544576
20/10/2020T20:00 2.8 326531291 362766336
20/10/2020T20:10 2.8 326756633 361332736
20/10/2020T20:20 2.8 326851917 363728896
20/10/2020T20:30 2.8 327056781 360816640
20/10/2020T20:40 2.8 327185764 359665664
20/10/2020T20:50 2.8 327340306 365084672
20/10/2020T21:00 2.8 327482950 365432832
20/10/2020T21:10 2.8 327612863 363409408
20/10/2020T21:20 2.8 327735698 363585536
20/10/2020T21:30 2.8 327831222 370040832
20/10/2020T21:40 2.8 327854785 173740032
20/10/2020T21:50 2.8 328155032 378114048
20/10/2020T22:00 2.8 328288671 345235456
20/10/2020T22:10 2.8 328522041 345694208
20/10/2020T22:20 2.8 328665551 347320320
20/10/2020T22:30 2.8 328842431 345354240
20/10/2020T22:40 2.8 329000343 345853952
20/10/2020T22:50 2.8 329196931 346267648
20/10/2020T23:00 2.8 329306395 348573696
20/10/2020T23:10 2.8 329476481 348938240
20/10/2020T23:20 2.8 329648996 348241920
20/10/2020T23:30 2.8 329783167 346832896
20/10/2020T23:40 2.8 329951789 346750976
20/10/2020T23:50 2.8 330071630 351342592
21/10/2020T00:00 2.8 330233501 352862208
21/10/2020T00:10 2.8 330473013 351752192
21/10/2020T00:20 2.8 330586964 352792576
21/10/2020T00:30 2.8 330717111 351522816
21/10/2020T00:40 2.8 330863001 352079872
21/10/2020T00:50 2.8 331012344 351789056
21/10/2020T01:00 2.8 331144432 350416896
21/10/2020T01:10 2.8 331302423 351748096
21/10/2020T01:20 2.8 331434567 351682560
21/10/2020T01:30 2.8 331586993 350248960
21/10/2020T01:40 2.8 331776664 351789056
21/10/2020T01:50 2.8 331929898 354312192
21/10/2020T02:00 2.8 332172427 355045376
21/10/2020T02:10 2.8 332315209 356577280
21/10/2020T02:20 2.8 332474099 355094528
21/10/2020T02:30 2.8 332630621 354455552
21/10/2020T02:40 2.8 332780933 358653952
21/10/2020T02:50 2.8 332940657 357416960
21/10/2020T03:00 2.8 333133134 355045376
21/10/2020T03:10 2.8 333351145 355397632
21/10/2020T03:20 2.8 333572086 357769216
21/10/2020T03:30 2.8 333713183 363606016
21/10/2020T03:40 2.8 333860678 358100992
21/10/2020T03:50 2.8 333999144 360583168
21/10/2020T04:00 2.8 334146793 360464384
21/10/2020T04:10 2.8 334304065 359452672
21/10/2020T04:20 2.8 334492664 358727680
21/10/2020T04:30 2.8 334665937 359690240
21/10/2020T04:40 2.8 334834653 362270720
21/10/2020T04:50 2.8 335010697 359141376
21/10/2020T05:00 2.8 335192327 360366080
21/10/2020T05:10 2.8 335326866 362278912
21/10/2020T05:20 2.8 335530866 360529920
21/10/2020T05:30 2.8 335728303 359571456
21/10/2020T05:40 2.8 335842245 359383040
21/10/2020T05:50 2.8 336021593 364777472
21/10/2020T06:00 2.8 336166952 363819008
21/10/2020T06:10 2.8 336422122 363130880
21/10/2020T06:20 2.8 336628193 368144384
21/10/2020T06:30 2.8 336803918 363520000
21/10/2020T06:40 2.8 336940646 362356736
21/10/2020T06:50 2.8 337070849 362790912
21/10/2020T07:00 2.8 337222063 361914368
21/10/2020T07:10 2.8 337402883 365887488
21/10/2020T07:20 2.8 337547504 365281280
21/10/2020T07:30 2.8 337698122 362315776
21/10/2020T07:40 2.8 337803220 366583808
21/10/2020T07:50 2.8 337960872 366825472
21/10/2020T08:00 2.8 338068205 366145536
21/10/2020T08:10 2.8 338227828 366227456
21/10/2020T08:20 2.8 338463137 384110592
21/10/2020T08:30 2.8 338610415 392179712
21/10/2020T08:40 2.8 338760046 372350976
21/10/2020T08:50 2.8 338865869 373927936
21/10/2020T09:00 2.8 339089547 374763520
21/10/2020T09:10 2.8 339310097 374501376
21/10/2020T09:20 2.8 339463629 372641792
21/10/2020T09:30 2.8 339625504 386686976
21/10/2020T09:40 2.8 339747371 393191424
21/10/2020T09:50 2.8 339905450 381865984
21/10/2020T10:00 2.8 340096024 381906944
21/10/2020T10:10 2.8 340255387 380043264
21/10/2020T10:20 2.8 340440635 379793408
21/10/2020T10:30 2.8 340619143 386252800
21/10/2020T10:40 2.8 340810430 385683456
21/10/2020T10:50 2.8 340987461 379682816
21/10/2020T11:00 2.8 341124413 389812224
21/10/2020T11:10 2.8 341248484 174161920
21/10/2020T11:20 2.8 341248484 176054272
21/10/2020T11:30 2.8 341248484 178909184
21/10/2020T11:40 2.8 341248484 177983488
21/10/2020T11:50 2.8 341903735 384753664
21/10/2020T12:00 2.8 342011360 379764736
21/10/2020T12:10 2.8 342233134 384552960
21/10/2020T12:20 2.8 342432259 383586304
21/10/2020T12:30 2.8 342628722 380846080
21/10/2020T12:40 2.8 342809067 386703360
21/10/2020T12:50 2.8 342957427 383021056
21/10/2020T13:00 2.8 343082120 385548288
21/10/2020T13:10 2.8 343269153 385871872
21/10/2020T13:20 2.8 343437527 388038656
21/10/2020T13:30 2.8 343585760 387022848
21/10/2020T13:40 2.8 343710071 388935680
21/10/2020T13:50 2.8 343856175 392810496
21/10/2020T14:00 2.8 344013317 395366400
21/10/2020T14:10 2.8 344198937 390926336
21/10/2020T14:20 2.8 344372788 390168576
21/10/2020T14:30 2.8 344506721 393129984
21/10/2020T14:40 2.8 344656264 392339456
21/10/2020T14:50 2.8 344812614 394354688
21/10/2020T15:00 2.8 344984081 390467584
21/10/2020T15:10 2.8 345113365 356208640
21/10/2020T15:20 2.8 345296819 355000320
21/10/2020T15:30 2.8 345426922 352698368
21/10/2020T15:40 2.8 345580090 356003840
21/10/2020T15:50 2.8 345765552 355950592
21/10/2020T16:00 2.8 345923160 356823040
21/10/2020T16:10 2.8 346096925 358756352
21/10/2020T16:20 2.8 346241056 355524608
21/10/2020T16:30 2.8 346383660 356814848
21/10/2020T16:40 2.8 346580054 358821888
21/10/2020T16:50 2.8 346737725 357888000
21/10/2020T17:00 2.8 346884988 355930112
21/10/2020T17:10 2.8 347107454 355831808
21/10/2020T17:20 2.8 347253954 360189952
21/10/2020T17:30 2.8 347418018 358989824
21/10/2020T17:40 2.8 347559531 356175872
21/10/2020T17:50 2.8 347716339 370049024
21/10/2020T18:00 2.8 347864669 361512960
21/10/2020T18:10 2.8 348041938 360706048
21/10/2020T18:20 2.8 348235459 363106304
21/10/2020T18:30 2.8 348378453 362573824
21/10/2020T18:40 2.8 348596915 361537536
21/10/2020T18:50 2.8 348810039 359714816
21/10/2020T19:00 2.8 348942493 359940096
21/10/2020T19:10 2.8 349156055 359583744
21/10/2020T19:20 2.8 349322563 364900352
21/10/2020T19:30 2.8 349497706 361177088
21/10/2020T19:40 2.8 349654116 361029632
21/10/2020T19:50 2.8 349834775 365481984
21/10/2020T20:00 2.8 350061668 364449792
21/10/2020T20:10 2.8 350227498 364888064
21/10/2020T20:20 2.8 350379843 364298240
21/10/2020T20:30 2.8 350575488 176832512
21/10/2020T20:40 2.8 350575488 176898048
21/10/2020T20:50 2.8 350575488 179245056
21/10/2020T21:00 2.8 350575488 177238016
21/10/2020T21:10 2.8 350575488 177082368
21/10/2020T21:20 2.8 350575488 179621888
21/10/2020T21:30 2.8 350575488 179761152
21/10/2020T21:40 2.8 350575488 180219904
21/10/2020T21:50 2.8 350575488 179408896
21/10/2020T22:00 2.8 350575488 178483200
21/10/2020T22:10 2.7 350575488 176951296
21/10/2020T22:20 2.7 350575488 176078848
21/10/2020T22:30 2.7 350575488 179245056
21/10/2020T22:40 2.7 350575488 181506048
21/10/2020T22:50 2.7 350575488 177405952
21/10/2020T23:00 2.7 350575488 170045440
21/10/2020T23:10 2.7 350575488 170414080
21/10/2020T23:20 2.7 350575488 169029632
21/10/2020T23:30 2.7 350575488 168783872
21/10/2020T23:40 2.7 350575488 174149632
21/10/2020T23:50 2.7 350575488 181780480
22/10/2020T00:00 2.7 354122489 384966656
22/10/2020T00:10 2.7 354281729 384438272
22/10/2020T00:20 2.7 354398844 392880128
22/10/2020T00:30 2.7 354531886 385892352
22/10/2020T00:40 2.7 354683865 385146880
22/10/2020T00:50 2.7 354810859 385822720
22/10/2020T01:00 2.7 354963555 389029888
22/10/2020T01:10 2.7 355120215 386375680
22/10/2020T01:20 2.7 355288867 390479872
22/10/2020T01:30 2.7 355475113 387600384
22/10/2020T01:40 2.7 355611145 386883584
22/10/2020T01:50 2.7 355804882 386568192
22/10/2020T02:00 2.7 355928446 390668288
22/10/2020T02:10 2.7 356121047 391110656
22/10/2020T02:20 2.7 356250160 390320128
22/10/2020T02:30 2.7 356402322 389890048
22/10/2020T02:40 2.7 356585509 390832128
22/10/2020T02:50 2.7 356740776 391045120
22/10/2020T03:00 2.7 356881140 391479296
22/10/2020T03:10 2.7 357047499 389873664
22/10/2020T03:20 2.7 357195139 392986624
22/10/2020T03:30 2.7 357367520 356491264
22/10/2020T03:40 2.7 357502328 355213312
22/10/2020T03:50 2.7 357634053 358043648
22/10/2020T04:00 2.7 357818157 361578496
22/10/2020T04:10 2.7 358002248 358793216
22/10/2020T04:20 2.7 358148082 359522304
22/10/2020T04:30 2.7 358319550 360656896
22/10/2020T04:40 2.7 358496754 360566784
22/10/2020T04:50 2.7 358651959 360873984
22/10/2020T05:00 2.7 358844514 359784448
22/10/2020T05:10 2.7 358998794 360714240
22/10/2020T05:20 2.7 359134629 360816640
22/10/2020T05:30 2.7 359250279 365236224
22/10/2020T05:40 2.7 359441283 361631744
22/10/2020T05:50 2.7 359581691 363556864
22/10/2020T06:00 2.7 359730312 365215744
22/10/2020T06:10 2.7 359864367 363458560
22/10/2020T06:20 2.7 360011527 363094016
22/10/2020T06:30 2.7 360189793 366485504
22/10/2020T06:40 2.7 360331698 363364352
22/10/2020T06:50 2.7 360497945 363110400
22/10/2020T07:00 2.7 360625503 365903872
22/10/2020T07:10 2.7 360816664 363507712
22/10/2020T07:20 2.7 360987085 363401216
22/10/2020T07:30 2.7 361143123 363790336
22/10/2020T07:40 2.7 361306856 363671552
22/10/2020T07:50 2.7 361497189 363937792
22/10/2020T08:00 2.7 361607819 372224000
22/10/2020T08:10 2.7 361778908 367181824
22/10/2020T08:20 2.7 361963351 367579136
22/10/2020T08:30 2.7 362166350 366723072
22/10/2020T08:40 2.7 362305653 368611328
22/10/2020T08:50 2.7 362478991 373243904
22/10/2020T09:00 2.7 362606559 376532992
22/10/2020T09:10 2.7 362751198 377823232
22/10/2020T09:20 2.7 362913793 375263232
22/10/2020T09:30 2.7 363095204 379351040
22/10/2020T09:40 2.7 363264722 379174912
22/10/2020T09:50 2.7 363399519 380825600
22/10/2020T10:00 2.7 363565502 382742528
22/10/2020T10:10 2.7 363734372 390291456
22/10/2020T10:20 2.7 363860696 397631488
22/10/2020T10:30 2.7 364006021 386084864
22/10/2020T10:40 2.7 364177301 386543616
22/10/2020T10:50 2.7 364390136 387629056
22/10/2020T11:00 2.7 364534851 386134016
22/10/2020T11:10 2.7 364724713 388390912
22/10/2020T11:20 2.7 364911009 389136384
22/10/2020T11:30 2.7 365003172 388608000
22/10/2020T11:40 2.7 365017211 181497856
22/10/2020T11:50 2.7 365017211 182099968
22/10/2020T12:00 2.7 365443385 386949120
22/10/2020T12:10 2.7 365644128 387579904
22/10/2020T12:20 2.7 365776703 389316608
22/10/2020T12:30 2.7 365982703 391008256
22/10/2020T12:40 2.7 366161863 392290304
22/10/2020T12:50 2.7 366327870 389611520
22/10/2020T13:00 2.7 366451135 391503872
22/10/2020T13:10 2.7 366613420 391962624
22/10/2020T13:20 2.7 366773247 393764864
22/10/2020T13:30 2.7 366946376 390438912
22/10/2020T13:40 2.7 367083865 389894144
22/10/2020T13:50 2.7 367248498 390483968
22/10/2020T14:00 2.7 367414624 396857344
22/10/2020T14:10 2.7 367557714 394047488
22/10/2020T14:20 2.7 367663348 396316672
22/10/2020T14:30 2.7 367802686 394981376
22/10/2020T14:40 2.7 367964963 393957376
22/10/2020T14:50 2.7 368135568 395956224
22/10/2020T15:00 2.7 368283497 396165120
22/10/2020T15:10 2.7 368436421 395538432
22/10/2020T15:20 2.7 368584862 395030528
22/10/2020T15:30 2.7 368740688 397701120
22/10/2020T15:40 2.7 368955010 396386304
22/10/2020T15:50 2.7 369132975 357724160
22/10/2020T16:00 2.7 369313464 360800256
22/10/2020T16:10 2.7 369560545 361967616
22/10/2020T16:20 2.7 369701591 361050112
22/10/2020T16:30 2.7 369843334 363286528
22/10/2020T16:40 2.7 370018560 363429888
22/10/2020T16:50 2.7 370229306 361132032
22/10/2020T17:00 2.7 370445201 360992768
22/10/2020T17:10 2.7 370649497 363139072
22/10/2020T17:20 2.7 370808009 367144960
22/10/2020T17:30 2.7 370970567 362094592
22/10/2020T17:40 2.7 371080595 362823680
22/10/2020T17:50 2.7 371267915 362528768
22/10/2020T18:00 2.7 371433420 365617152
22/10/2020T18:10 2.7 371625738 370409472
22/10/2020T18:20 2.7 371774657 379858944
22/10/2020T18:30 2.7 371963840 393854976
22/10/2020T18:40 2.7 372096734 372850688
22/10/2020T18:50 2.7 372261994 378744832
22/10/2020T19:00 2.7 372474141 366936064
22/10/2020T19:10 2.7 372630454 368857088
22/10/2020T19:20 2.7 372827344 367423488
22/10/2020T19:30 2.7 372986539 365793280
22/10/2020T19:40 2.7 373121575 369229824
22/10/2020T19:50 2.7 373361873 368836608
22/10/2020T20:00 2.7 373507383 370581504
22/10/2020T20:10 2.7 373745475 367644672
22/10/2020T20:20 2.7 373864139 370262016
22/10/2020T20:30 2.7 373977184 369844224
22/10/2020T20:40 2.7 374075178 179912704
22/10/2020T20:50 2.7 374075178 180137984
22/10/2020T21:00 2.7 374075178 177856512
22/10/2020T21:10 2.7 374590823 393318400
22/10/2020T21:20 2.7 374756460 390541312
22/10/2020T21:30 2.7 374946661 388423680
22/10/2020T21:40 2.7 375076141 391032832
22/10/2020T21:50 2.7 375215207 393850880
22/10/2020T22:00 2.7 375349771 390905856
22/10/2020T22:10 2.7 375577579 390000640
22/10/2020T22:20 2.7 375765726 390377472
22/10/2020T22:30 2.7 375936443 391843840
22/10/2020T22:40 2.7 376042441 394457088
22/10/2020T22:50 2.7 376159254 391323648
22/10/2020T23:00 2.7 376339956 353660928
