
                 RAM         DISK

03/11/2020T14:41 0.0 730215614 1425768448
03/11/2020T14:48 0.0 730379970 1428881408
03/11/2020T15:00 0.0 730787694 1415073792
03/11/2020T15:30 6.1 731494408 1413074944
03/11/2020T16:00 3.1 732080217 1412816896
03/11/2020T16:30 0.0 732859598 1387675648
03/11/2020T17:00 0.0 733574214 1387876352
03/11/2020T17:30 0.0 734205908 1401962496
03/11/2020T18:00 0.0 734854542 1389789184
03/11/2020T18:30 3.2 735536699 1392300032
03/11/2020T19:00 0.0 736112652 1392549888
03/11/2020T19:30 0.0 736705808 1394200576
03/11/2020T20:00 0.0 737531274 1392996352
03/11/2020T20:30 0.0 738355290 1396236288
03/11/2020T21:00 6.1 739246820 1395912704
03/11/2020T21:30 0.0 740105858 1397338112
03/11/2020T22:00 0.0 741014114 1396142080
03/11/2020T22:30 0.0 741910420 1400356864
03/11/2020T23:00 0.0 742563478 1400328192
03/11/2020T23:30 0.0 743272718 1399926784
04/11/2020T00:00 37.5 743905059 1416253440
04/11/2020T00:30 0.0 744312962 1402818560
04/11/2020T01:00 0.0 744816726 1402839040
04/11/2020T01:30 0.0 745223821 1402626048
04/11/2020T02:00 0.0 745760183 1401606144
04/11/2020T02:30 0.0 746228588 1405673472
04/11/2020T03:00 2.9 746686171 1406459904
04/11/2020T03:30 0.0 747335955 1410760704
04/11/2020T04:00 3.1 747783173 1409003520
04/11/2020T04:30 0.0 748393731 1413689344
04/11/2020T05:00 3.2 748949845 1413013504
04/11/2020T05:30 0.0 749610699 1409978368
04/11/2020T06:00 0.0 750086102 1410834432
04/11/2020T06:30 0.0 750642049 1417539584
04/11/2020T07:00 0.0 751156461 1418481664
04/11/2020T07:30 0.0 751989952 1420382208
04/11/2020T08:00 3.1 752848350 1419726848
04/11/2020T08:30 2.9 753616552 1418080256
04/11/2020T09:00 6.5 754391336 1417535488
04/11/2020T09:30 0.0 755248979 1417285632
04/11/2020T10:00 3.1 755964420 1418100736
04/11/2020T10:30 0.0 756738316 1421484032
04/11/2020T11:00 0.0 757269966 1420652544
04/11/2020T11:30 3.1 758184629 1420943360
04/11/2020T12:00 0.0 758850534 1421070336
04/11/2020T12:30 6.5 759492709 1423233024
04/11/2020T13:00 12.1 760106020 1424338944
04/11/2020T13:30 3.2 760569783 1423822848
04/11/2020T14:00 3.0 761173414 1423376384
04/11/2020T14:30 0.0 761798182 1427136512
04/11/2020T15:00 0.0 762315509 1427681280
04/11/2020T15:30 3.1 762949731 1428119552
04/11/2020T16:00 0.0 763686822 1428381696
04/11/2020T16:30 0.0 764335442 1432481792
04/11/2020T17:00 0.0 765248949 1431691264
04/11/2020T17:30 0.0 766223443 1432608768
04/11/2020T18:00 9.7 766809503 1431748608
04/11/2020T18:30 3.1 767245076 1436254208
04/11/2020T19:00 0.0 768565120 1434435584
04/11/2020T19:30 0.0 768982223 1435525120
04/11/2020T20:00 3.1 769455679 1434783744
04/11/2020T20:30 3.1 770004480 1437806592
04/11/2020T21:00 3.1 770718477 1436864512
04/11/2020T21:30 0.0 771112301 1438556160
04/11/2020T22:00 0.0 771525727 1437405184
04/11/2020T22:30 6.5 772094175 1440952320
04/11/2020T23:00 0.0 772599131 1440964608
04/11/2020T23:30 3.1 773005551 1442119680
05/11/2020T00:00 41.7 773458884 1451843584
05/11/2020T00:30 0.0 773974184 1472708608
05/11/2020T01:00 6.2 774442641 1472045056
05/11/2020T01:30 0.0 774973682 1472032768
05/11/2020T02:00 3.1 775384575 1472225280
05/11/2020T02:30 3.0 775835102 1449070592
05/11/2020T03:00 0.0 776214216 1448316928
05/11/2020T03:30 3.1 776626091 1448288256
05/11/2020T04:00 0.0 777073601 1448972288
05/11/2020T04:30 0.0 777583630 1452179456
05/11/2020T05:00 0.0 778093276 1452519424
05/11/2020T05:30 0.0 778668521 1451347968
05/11/2020T06:00 0.0 779126234 1451700224
05/11/2020T06:30 0.0 779540252 1455427584
05/11/2020T07:00 0.0 780059642 1456492544
05/11/2020T07:30 17.6 780506210 1456336896
05/11/2020T08:00 3.1 780991900 1455034368
05/11/2020T08:30 0.0 781877366 1458327552
05/11/2020T09:00 3.1 782338898 1459834880
05/11/2020T09:30 0.0 782824137 1459736576
05/11/2020T10:00 0.0 783516906 1459642368
05/11/2020T10:30 0.0 784558928 1461866496
05/11/2020T11:00 0.0 785207621 1462972416
05/11/2020T11:30 0.0 785771106 1464160256
05/11/2020T12:00 0.0 786291239 1464377344
05/11/2020T12:30 0.0 786826086 1468076032
05/11/2020T13:00 3.2 787326367 1467838464
05/11/2020T13:30 0.0 787907760 1467457536
05/11/2020T14:00 3.2 788659599 1467133952
05/11/2020T14:30 3.0 789255432 1469632512
05/11/2020T15:00 0.0 790044143 1470541824
05/11/2020T15:30 3.0 791417258 1471471616
05/11/2020T16:00 0.0 792150058 1471725568
05/11/2020T16:30 6.5 792598689 1474252800
05/11/2020T17:00 0.0 793349454 1473413120
05/11/2020T17:30 0.0 794081787 1479204864
05/11/2020T18:00 0.0 794630159 1478680576
05/11/2020T18:30 0.0 795422959 1482469376
05/11/2020T19:00 0.0 796068441 1481924608
05/11/2020T19:30 0.0 796556077 1478275072
05/11/2020T20:00 0.0 797127540 1483821056
05/11/2020T20:30 0.0 797742223 1485262848
05/11/2020T21:00 0.0 798368959 1485377536
05/11/2020T21:30 18.8 799033590 1484103680
05/11/2020T22:00 0.0 799689357 1483509760
05/11/2020T22:30 0.0 800326889 1484406784
05/11/2020T23:00 0.0 800973738 1484496896
05/11/2020T23:30 0.0 801616969 1484890112
06/11/2020T00:00 18.8 802256167 1496846336
06/11/2020T00:30 3.2 802731251 1487712256
06/11/2020T01:00 0.0 803162646 1487208448
06/11/2020T01:30 0.0 803659584 1487675392
06/11/2020T02:00 0.0 804091397 1487691776
06/11/2020T02:30 3.2 804503409 1491111936
06/11/2020T03:00 0.0 804904381 1491292160
06/11/2020T03:30 0.0 807155996 1491689472
06/11/2020T04:00 11.4 808193723 1490935808
06/11/2020T04:30 0.0 808710852 1494106112
06/11/2020T05:00 3.0 810229879 1494261760
06/11/2020T05:30 0.0 810536184 1496530944
06/11/2020T06:00 0.0 811106617 1498398720
06/11/2020T06:30 0.0 811646314 1498337280
06/11/2020T07:00 3.2 812118795 1500188672
06/11/2020T07:30 0.0 812665627 1510641664
06/11/2020T08:00 3.2 813346156 1499762688
06/11/2020T08:30 3.2 813996076 1503301632
06/11/2020T09:00 3.2 814460776 1504460800
06/11/2020T09:30 0.0 815847266 1503723520
06/11/2020T10:00 0.0 816107456 1503608832
06/11/2020T10:30 33.3 817483945 1506701312
06/11/2020T11:00 0.0 817882934 1506177024
06/11/2020T11:30 10.0 818475978 1534787584
06/11/2020T12:00 0.0 819151267 1532542976
06/11/2020T12:30 0.0 819719977 1535049728
06/11/2020T13:00 3.2 820343370 1536131072
06/11/2020T13:30 0.0 820787656 1511456768
06/11/2020T14:00 0.0 821463542 1512878080
06/11/2020T14:30 0.0 822205309 1514385408
06/11/2020T15:00 24.1 822684958 1514725376
06/11/2020T15:30 0.0 823290809 1514979328
06/11/2020T16:00 0.0 824337365 1514102784
06/11/2020T16:30 6.1 825024193 1517408256
06/11/2020T17:00 0.0 825641964 1519005696
06/11/2020T17:30 0.0 826318171 1518526464
06/11/2020T18:00 3.0 826992477 1518534656
06/11/2020T18:30 0.0 827698222 1522151424
06/11/2020T19:00 3.1 828331827 1523453952
06/11/2020T19:30 3.1 829133895 1524060160
06/11/2020T20:00 6.2 829729513 1523884032
06/11/2020T20:30 3.1 830481968 1523855360
06/11/2020T21:00 3.3 831130681 1526427648
06/11/2020T21:30 6.1 831549528 1524191232
06/11/2020T22:00 0.0 831981526 1525915648
06/11/2020T22:30 0.0 832577960 1528958976
06/11/2020T23:00 0.0 833076658 1528520704
06/11/2020T23:30 3.1 833599598 1529524224
07/11/2020T00:00 22.9 834074615 1546813440
07/11/2020T00:30 0.0 834520501 1536487424
07/11/2020T01:00 25.8 835016403 1544318976
07/11/2020T01:30 2.9 835492100 1543020544
07/11/2020T02:00 3.1 836089005 1538539520
07/11/2020T02:30 3.1 836777709 1543979008
07/11/2020T03:00 3.0 837394639 1541480448
07/11/2020T03:30 3.0 838011409 1541001216
07/11/2020T04:00 2.9 838674123 1541713920
07/11/2020T04:30 3.2 839282828 1543876608
07/11/2020T05:00 3.1 839981756 1543536640
07/11/2020T05:30 15.6 840560453 1548300288
07/11/2020T06:00 0.0 841087898 1544900608
07/11/2020T06:30 3.1 841606476 1549131776
07/11/2020T07:00 25.7 842064597 1549729792
07/11/2020T07:30 3.1 842619222 1549008896
07/11/2020T08:00 3.2 843092432 1549127680
07/11/2020T08:30 3.1 843640553 1553444864
07/11/2020T09:00 0.0 844109999 1550053376
07/11/2020T09:30 0.0 844582062 1550483456
07/11/2020T10:00 0.0 844951588 1549496320
07/11/2020T10:30 0.0 845745847 1553309696
07/11/2020T11:00 3.1 846322860 1552318464
07/11/2020T11:30 0.0 846758220 1553035264
07/11/2020T12:00 0.0 847221148 1553342464
07/11/2020T12:30 0.0 847975148 1556463616
07/11/2020T13:00 0.0 848449910 1556094976
07/11/2020T13:30 0.0 848948211 1557712896
07/11/2020T14:00 20.6 849533661 1568202752
07/11/2020T14:30 0.0 849989418 1569865728
07/11/2020T15:00 0.0 850456491 1571184640
07/11/2020T15:30 3.1 851004379 1570983936
07/11/2020T16:00 3.1 851506924 1570549760
07/11/2020T16:30 0.0 852323312 1571778560
07/11/2020T17:00 0.0 852780108 1598521344
07/11/2020T17:30 3.4 853326501 1598042112
07/11/2020T18:00 0.0 853898303 1598291968
07/11/2020T18:30 0.0 854398859 1600610304
07/11/2020T19:00 0.0 854923474 1574473728
07/11/2020T19:30 0.0 855451425 1574924288
07/11/2020T20:00 41.4 856055625 1575542784
07/11/2020T20:30 30.3 856557658 1578086400
07/11/2020T21:00 0.0 857178392 1579819008
07/11/2020T21:30 3.2 857911631 1577619456
07/11/2020T22:00 0.0 858821877 1578565632
07/11/2020T22:30 0.0 859374010 1580417024
07/11/2020T23:00 0.0 859884038 1590124544
07/11/2020T23:30 0.0 860386078 1586573312
08/11/2020T00:00 17.6 860938044 1598480384
08/11/2020T00:30 0.0 861530280 1588916224
08/11/2020T01:00 3.2 862092605 1589153792
08/11/2020T01:30 6.5 862656780 1586458624
08/11/2020T02:00 2.9 863248352 1585917952
08/11/2020T02:30 0.0 863803551 1588703232
08/11/2020T03:00 0.0 864399762 1589653504
08/11/2020T03:30 3.1 865060235 1589772288
08/11/2020T04:00 0.0 865830825 1589026816
08/11/2020T04:30 3.1 866518017 1592012800
08/11/2020T05:00 3.0 867352207 1592840192
08/11/2020T05:30 9.1 868217897 1592344576
08/11/2020T06:00 0.0 869097702 1592500224
08/11/2020T06:30 18.5 870070374 1596993536
08/11/2020T07:00 3.1 870986984 1595723776
08/11/2020T07:30 3.2 872004525 1595932672
08/11/2020T08:00 0.0 872954987 1597489152
08/11/2020T08:30 0.0 873626955 1608179712
08/11/2020T09:00 0.0 874498114 1610956800
08/11/2020T09:30 0.0 875076522 1610571776
08/11/2020T10:00 3.2 875878040 1610899456
08/11/2020T10:30 6.2 876631479 1611726848
08/11/2020T11:00 0.0 877424260 1611579392
08/11/2020T11:30 0.0 878061738 1612677120
08/11/2020T12:00 3.1 878840909 1612550144
08/11/2020T12:30 0.0 879606002 1613873152
08/11/2020T13:00 0.0 880243746 1617199104
08/11/2020T13:30 3.2 880858126 1618595840
08/11/2020T14:00 26.5 881416576 1617973248
08/11/2020T14:30 0.0 882056733 1619800064
08/11/2020T15:00 0.0 882520176 1615613952
08/11/2020T15:30 3.3 882981107 1615978496
08/11/2020T16:00 0.0 883475891 1615675392
08/11/2020T16:30 0.0 885332386 1618919424
08/11/2020T17:00 0.0 886770327 1618968576
08/11/2020T17:30 0.0 888223769 1617461248
08/11/2020T18:00 14.3 889805034 1619062784
08/11/2020T18:30 3.2 891394101 1620635648
08/11/2020T19:00 3.3 893216830 1621209088
08/11/2020T19:30 0.0 894828488 1621848064
08/11/2020T20:00 0.0 896512328 1622646784
08/11/2020T20:30 3.3 897642142 1625206784
08/11/2020T21:00 0.0 898194669 1625247744
08/11/2020T21:30 3.2 898853779 1625624576
08/11/2020T22:00 0.0 899536873 1625731072
08/11/2020T22:30 24.2 900008397 1630588928
08/11/2020T23:00 0.0 900499536 1630195712
08/11/2020T23:30 0.0 901508798 1629814784
09/11/2020T00:00 37.1 901997654 1674932224
09/11/2020T00:30 0.0 902399807 1659215872
09/11/2020T01:00 0.0 902793777 1658925056
09/11/2020T01:30 3.1 903282714 1659850752
09/11/2020T02:00 0.0 903844321 1635016704
09/11/2020T02:30 3.0 904451432 1635704832
09/11/2020T03:00 0.0 905127824 1636163584
09/11/2020T03:30 0.0 905681370 1636864000
09/11/2020T04:00 29.0 906138706 1635807232
09/11/2020T04:30 0.0 906696918 1639845888
09/11/2020T05:00 0.0 907132126 1639751680
09/11/2020T05:30 0.0 907836633 1639710720
09/11/2020T06:00 0.0 908410797 1638678528
09/11/2020T06:30 38.7 909135865 1641033728
09/11/2020T07:00 0.0 909756913 1642713088
09/11/2020T07:30 0.0 910317808 1642266624
09/11/2020T08:00 0.0 910924223 1645256704
09/11/2020T08:30 0.0 911480902 1653239808
09/11/2020T09:00 0.0 912055942 1653161984
09/11/2020T09:30 3.1 912605470 1653440512
09/11/2020T10:00 0.0 913093519 1653743616
09/11/2020T10:30 0.0 913652650 1647575040
09/11/2020T11:00 3.1 914547596 1651712000
09/11/2020T11:30 0.0 915556144 1664966656
09/11/2020T12:00 3.2 915945558 1664901120
09/11/2020T12:30 0.0 916414529 1664106496
09/11/2020T13:00 3.1 916852752 1667559424
09/11/2020T13:30 0.0 917536335 1669144576
09/11/2020T14:00 0.0 918225254 1669058560
09/11/2020T14:30 0.0 918967056 1668079616
09/11/2020T15:00 17.9 919724931 1671753728
09/11/2020T15:30 0.0 920325985 1674608640
09/11/2020T16:00 0.0 920980871 1671680000
09/11/2020T16:30 0.0 921697454 1672843264
09/11/2020T17:00 3.3 922323811 1674625024
09/11/2020T17:30 0.0 922859974 1672024064
09/11/2020T18:00 0.0 923415979 1685520384
09/11/2020T18:30 0.0 923898122 1672536064
09/11/2020T19:00 0.0 924523168 1675014144
09/11/2020T19:30 3.1 925126658 1675329536
09/11/2020T20:00 0.0 925587639 1675309056
09/11/2020T20:30 3.1 926130790 1676374016
09/11/2020T21:00 28.1 926724114 1680232448
09/11/2020T21:30 3.1 927081739 1679372288
09/11/2020T22:00 0.0 927497248 1679093760
09/11/2020T22:30 0.0 928042512 1679593472
09/11/2020T23:00 12.9 928500816 1682329600
09/11/2020T23:30 0.0 928938173 1682464768
10/11/2020T00:00 12.1 929354727 1693741056
10/11/2020T00:30 0.0 929769169 1712701440
10/11/2020T01:00 0.0 930182118 1711808512
10/11/2020T01:30 3.2 930561202 1713647616
10/11/2020T02:00 3.1 931007109 1711771648
10/11/2020T02:30 2.9 931562484 1688731648
10/11/2020T03:00 0.0 932033561 1689792512
10/11/2020T03:30 0.0 932488215 1690116096
10/11/2020T04:00 0.0 932902771 1689415680
10/11/2020T04:30 0.0 933382925 1690181632
10/11/2020T05:00 0.0 933872562 1691983872
10/11/2020T05:30 0.0 934275387 1692266496
10/11/2020T06:00 3.2 934756812 1692172288
10/11/2020T06:30 0.0 935248145 1691787264
10/11/2020T07:00 3.1 935766939 1695825920
10/11/2020T07:30 0.0 936258985 1697062912
10/11/2020T08:00 3.0 936761583 1696821248
10/11/2020T08:30 3.2 937305556 1704017920
10/11/2020T09:00 0.0 937826171 1707708416
10/11/2020T09:30 0.0 938274294 1707556864
10/11/2020T10:00 0.0 938824658 1707081728
10/11/2020T10:30 0.0 939324625 1707397120
10/11/2020T11:00 3.2 939783470 1709764608
10/11/2020T11:30 0.0 940251330 1709498368
10/11/2020T12:00 3.1 940669287 1709072384
10/11/2020T12:30 0.0 941126807 1710891008
10/11/2020T13:00 0.0 941485384 1710964736
10/11/2020T13:30 3.2 941972933 1711345664
10/11/2020T14:00 3.1 942471284 1712537600
10/11/2020T14:30 0.0 942970511 1712398336
10/11/2020T15:00 3.1 943346045 1714675712
10/11/2020T15:30 3.3 943844122 1717268480
10/11/2020T16:00 0.0 944273258 1733570560
10/11/2020T16:30 0.0 944960310 1728344064
10/11/2020T17:00 0.0 945401461 1733328896
10/11/2020T17:30 0.0 945931237 1733439488
10/11/2020T18:00 0.0 946394487 1730707456
10/11/2020T18:30 3.1 947140507 1729781760
10/11/2020T19:00 0.0 947518275 1728626688
10/11/2020T19:30 8.8 947973098 1729097728
10/11/2020T20:00 24.1 948408091 1730834432
10/11/2020T20:30 3.2 949141608 1730138112
10/11/2020T21:00 0.0 949607089 1730383872
10/11/2020T21:30 0.0 950066448 1730322432
10/11/2020T22:00 0.0 950500596 1731379200
10/11/2020T22:30 3.0 950953333 1731571712
10/11/2020T23:00 0.0 951391944 1734688768
10/11/2020T23:30 0.0 951773322 1740279808
11/11/2020T00:00 15.2 952240696 1752797184
11/11/2020T00:30 0.0 952665875 1738334208
11/11/2020T01:00 0.0 953164460 1742602240
11/11/2020T01:30 0.0 953619607 1737830400
11/11/2020T02:00 0.0 954080215 1738366976
11/11/2020T02:30 0.0 954578479 1737605120
11/11/2020T03:00 0.0 955007888 1740492800
11/11/2020T03:30 0.0 955540722 1741152256
11/11/2020T04:00 0.0 956003410 1740058624
11/11/2020T04:30 0.0 956398217 1740873728
11/11/2020T05:00 3.2 956890870 1744875520
11/11/2020T05:30 0.0 957359952 1745747968
11/11/2020T06:00 3.2 957868826 1744855040
11/11/2020T06:30 3.2 958400184 1745399808
11/11/2020T07:00 3.2 958898385 1748586496
11/11/2020T07:30 6.9 959403052 1749241856
11/11/2020T08:00 3.2 959815702 1749245952
11/11/2020T08:30 0.0 960302120 1751961600
11/11/2020T09:00 0.0 960765384 1751486464
11/11/2020T09:30 37.1 961221275 1779609600
11/11/2020T10:00 0.0 961634334 1779462144
11/11/2020T10:30 3.0 962179675 1779331072
11/11/2020T11:00 0.0 962649728 1782411264
11/11/2020T11:30 0.0 963120613 1755213824
11/11/2020T12:00 0.0 963639733 1755357184
11/11/2020T12:30 3.1 964127491 1755783168
11/11/2020T13:00 0.0 964548076 1759027200
11/11/2020T13:30 0.0 965043939 1758502912
11/11/2020T14:00 0.0 965450979 1759174656
11/11/2020T14:30 3.1 965912470 1760223232
11/11/2020T15:00 3.1 966473152 1762697216
11/11/2020T15:30 6.1 966965161 1762836480
11/11/2020T16:00 0.0 967464399 1764147200
11/11/2020T16:30 3.0 968026807 1765580800
11/11/2020T17:00 0.0 968487030 1766068224
11/11/2020T17:30 0.0 968913090 1765359616
11/11/2020T18:00 16.1 969304628 1766608896
11/11/2020T18:30 3.1 969766153 1766764544
11/11/2020T19:00 0.0 970224019 1770479616
11/11/2020T19:30 3.1 970635849 1770455040
11/11/2020T20:00 0.0 971100492 1770508288
11/11/2020T20:30 0.0 971609708 1770262528
11/11/2020T21:00 0.0 972034533 1778798592
11/11/2020T21:30 3.2 972529967 1779298304
11/11/2020T22:00 3.2 972966359 1778716672
11/11/2020T22:30 0.0 973386901 1779130368
11/11/2020T23:00 0.0 973881565 1777184768
11/11/2020T23:30 0.0 974306513 1777049600
12/11/2020T00:00 43.2 974804203 1792933888
12/11/2020T00:30 0.0 975218133 1777213440
12/11/2020T01:00 3.2 975665037 1781035008
12/11/2020T01:30 3.1 976030634 1780932608
12/11/2020T02:00 6.5 976529041 1780842496
12/11/2020T02:30 0.0 976947824 1781977088
12/11/2020T03:00 0.0 977360030 1783848960
12/11/2020T03:30 0.0 977796957 1783656448
12/11/2020T04:00 0.0 978205547 1786765312
12/11/2020T04:30 0.0 978638440 1788850176
12/11/2020T05:00 0.0 979128152 1790119936
12/11/2020T05:30 0.0 979553693 1790820352
12/11/2020T06:00 0.0 980004930 1791324160
12/11/2020T06:30 3.2 980482126 1790824448
12/11/2020T07:00 6.2 980936890 1796890624
12/11/2020T07:30 0.0 981394927 1803210752
12/11/2020T08:00 0.0 981798271 1795235840
12/11/2020T08:30 3.2 982309751 1799589888
12/11/2020T09:00 0.0 982768865 1802383360
12/11/2020T09:30 3.1 983209580 1803276288
12/11/2020T10:00 9.1 983663657 1803259904
12/11/2020T10:30 0.0 984064509 1799553024
12/11/2020T11:00 0.0 984467270 1802113024
12/11/2020T11:30 0.0 985000926 1801629696
12/11/2020T12:00 0.0 985431995 1801531392
12/11/2020T12:30 3.1 985837079 1802051584
12/11/2020T13:00 0.0 986287364 1805959168
12/11/2020T13:30 0.0 986750317 1804079104
12/11/2020T14:00 3.1 987155262 1804959744
12/11/2020T14:30 0.0 987727149 1804845056
12/11/2020T15:00 0.0 988150277 1810305024
12/11/2020T15:30 0.0 988557180 1809981440
12/11/2020T16:00 0.0 989092162 1810378752
12/11/2020T16:30 0.0 989540597 1810354176
12/11/2020T17:00 3.1 989936855 1813397504
12/11/2020T17:30 3.2 990486220 1813331968
12/11/2020T18:00 0.0 991032832 1812295680
12/11/2020T18:30 28.3 991487527 1881935872
12/11/2020T19:00 0.0 991896396 1854304256
12/11/2020T19:30 0.0 992370920 1840250880
12/11/2020T20:00 0.0 992797226 1841213440
12/11/2020T20:30 0.0 993248997 1842020352
12/11/2020T21:00 3.1 993656632 1842655232
12/11/2020T21:30 3.1 994105769 1845813248
12/11/2020T22:00 0.0 994613824 1843523584
12/11/2020T22:30 3.1 995082410 1844473856
12/11/2020T23:00 3.1 995489034 1843326976
12/11/2020T23:30 0.0 995903164 1843724288
13/11/2020T00:00 12.1 996401346 1856598016
13/11/2020T00:30 3.1 996804997 1874362368
13/11/2020T01:00 3.2 997254754 1872740352
13/11/2020T01:30 6.7 997628281 1872842752
13/11/2020T02:00 0.0 998004576 1873559552
13/11/2020T02:30 3.2 998626072 1851052032
13/11/2020T03:00 0.0 998982848 1850253312
13/11/2020T03:30 11.4 999469181 1850806272
13/11/2020T04:00 3.0 999969150 1849397248
13/11/2020T04:30 12.9 1000403578 1851609088
13/11/2020T05:00 0.0 1000795792 1853427712
13/11/2020T05:30 0.0 1001181485 1853792256
13/11/2020T06:00 3.1 1001599038 1852866560
13/11/2020T06:30 0.0 1002005452 1852014592
13/11/2020T07:00 3.1 1002461416 1857081344
13/11/2020T07:30 0.0 1002855769 1856188416
13/11/2020T08:00 0.0 1003290405 1856663552
13/11/2020T08:30 3.1 1003728053 1855664128
13/11/2020T09:00 0.0 1004149811 1859883008
13/11/2020T09:30 0.0 1004584091 1858707456
13/11/2020T10:00 0.0 1005037422 1859018752
13/11/2020T10:30 0.0 1005470123 1858801664
13/11/2020T11:00 3.3 1005886040 1862803456
13/11/2020T11:30 3.1 1006266266 1861074944
13/11/2020T12:00 3.0 1006814323 1862008832
13/11/2020T12:30 0.0 1007319850 1862344704
13/11/2020T13:00 27.3 1007698006 1865322496
13/11/2020T13:30 0.0 1008146002 1868591104
13/11/2020T14:00 3.0 1008677512 1865744384
13/11/2020T14:30 0.0 1009136873 1865187328
13/11/2020T15:00 3.1 1009619497 1867644928
13/11/2020T15:30 0.0 1010103535 1868619776
13/11/2020T16:00 3.0 1010496265 1868197888
13/11/2020T16:30 3.0 1011007256 1868460032
13/11/2020T17:00 0.0 1011456345 1871589376
13/11/2020T17:30 0.0 1011839061 1872101376
13/11/2020T18:00 0.0 1012391599 1876676608
13/11/2020T18:30 0.0 1012769709 1876770816
13/11/2020T19:00 6.5 1013259982 1880674304
13/11/2020T19:30 0.0 1013682517 1880666112
13/11/2020T20:00 0.0 1014111012 1875693568
13/11/2020T20:30 0.0 1014546088 1875533824
13/11/2020T21:00 0.0 1014957259 1885007872
13/11/2020T21:30 25.8 1015470500 1884676096
13/11/2020T22:00 0.0 1015865589 1883500544
13/11/2020T22:30 0.0 1016325620 1883529216
13/11/2020T23:00 0.0 1016772158 1882791936
13/11/2020T23:30 0.0 1017180505 1880989696
14/11/2020T00:00 6.1 1017609593 1893543936
14/11/2020T00:30 0.0 1018072611 1881178112
14/11/2020T01:00 0.0 1018682745 1883947008
14/11/2020T01:30 3.0 1019175348 1884164096
14/11/2020T02:00 0.0 1019556604 1887531008
14/11/2020T02:30 0.0 1019991160 1884643328
14/11/2020T03:00 0.0 1020397223 1887449088
14/11/2020T03:30 3.2 1020825726 1887109120
14/11/2020T04:00 0.0 1021259018 1886957568
14/11/2020T04:30 0.0 1021708730 1887666176
14/11/2020T05:00 0.0 1022110322 1889353728
14/11/2020T05:30 0.0 1022582489 1890488320
14/11/2020T06:00 0.0 1023024752 1890365440
14/11/2020T06:30 0.0 1023484040 1888763904
14/11/2020T07:00 0.0 1023899810 1888268288
14/11/2020T07:30 3.1 1024407092 1887715328
14/11/2020T08:00 3.1 1024879902 1887125504
14/11/2020T08:30 3.2 1025309533 1887887360
14/11/2020T09:00 3.0 1025778515 1891164160
14/11/2020T09:30 0.0 1026222077 1893134336
14/11/2020T10:00 3.1 1026652737 1892642816
14/11/2020T10:30 3.1 1027090530 1891033088
14/11/2020T11:00 3.1 1027581096 1895874560
14/11/2020T11:30 3.1 1027985211 1895981056
14/11/2020T12:00 0.0 1028507479 1895145472
14/11/2020T12:30 3.2 1028850926 1897021440
14/11/2020T13:00 0.0 1029278756 1900670976
14/11/2020T13:30 3.2 1029702197 1899257856
14/11/2020T14:00 3.1 1030071973 1900724224
14/11/2020T14:30 13.3 1030546547 1899544576
14/11/2020T15:00 3.3 1031027882 1901912064
14/11/2020T15:30 0.0 1031557320 1901092864
14/11/2020T16:00 0.0 1031936907 1905537024
14/11/2020T16:30 3.1 1032439513 1931919360
14/11/2020T17:00 0.0 1032805941 1933041664
14/11/2020T17:30 0.0 1033286369 1932546048
14/11/2020T18:00 0.0 1033670287 1931497472
14/11/2020T18:30 3.1 1034150979 1907544064
14/11/2020T19:00 0.0 1034591234 1909022720
14/11/2020T19:30 31.2 1035033124 1910751232
14/11/2020T20:00 0.0 1035472767 1909649408
14/11/2020T20:30 6.1 1035999576 1914089472
14/11/2020T21:00 0.0 1036452524 1916723200
14/11/2020T21:30 0.0 1036880251 1916289024
14/11/2020T22:00 0.0 1037378295 1916600320
14/11/2020T22:30 0.0 1037885319 1912430592
14/11/2020T23:00 3.3 1038282868 1915723776
14/11/2020T23:30 0.0 1038768003 1916116992
15/11/2020T00:00 18.4 1039282590 1932140544
15/11/2020T00:30 0.0 1039680031 1916428288
15/11/2020T01:00 3.1 1040043676 1918894080
15/11/2020T01:30 3.1 1040469713 1919324160
15/11/2020T02:00 0.0 1040825827 1919520768
15/11/2020T02:30 3.2 1041321580 1919205376
15/11/2020T03:00 0.0 1041774870 1923178496
15/11/2020T03:30 0.0 1042292248 1923121152
15/11/2020T04:00 0.0 1042634295 1923088384
15/11/2020T04:30 3.1 1043046922 1922199552
15/11/2020T05:00 0.0 1043482821 1925128192
15/11/2020T05:30 0.0 1043882817 1925767168
15/11/2020T06:00 0.0 1044247404 1927315456
15/11/2020T06:30 3.0 1044686136 1927528448
15/11/2020T07:00 0.0 1045143602 1934602240
15/11/2020T07:30 0.0 1045576234 1930379264
15/11/2020T08:00 0.0 1046022500 1930612736
15/11/2020T08:30 0.0 1046560616 1929781248
15/11/2020T09:00 3.1 1047026191 1933062144
15/11/2020T09:30 0.0 1047525745 1933803520
15/11/2020T10:00 12.9 1047943393 1932763136
15/11/2020T10:30 0.0 1048415190 1933377536
15/11/2020T11:00 0.0 1048779132 1936932864
15/11/2020T11:30 0.0 1049220813 1941487616
15/11/2020T12:00 3.1 1049679286 1940312064
15/11/2020T12:30 0.0 1050063833 1941041152
15/11/2020T13:00 0.0 1050486197 1945174016
15/11/2020T13:30 0.0 1050984179 1941094400
15/11/2020T14:00 0.0 1051497750 1941426176
15/11/2020T14:30 0.0 1051972315 1940815872
15/11/2020T15:00 0.0 1052322956 1945251840
15/11/2020T15:30 10.3 1052847788 1945370624
15/11/2020T16:00 6.1 1053331655 1944686592