Format is DateTime CPU(%) SSD(in bytes) Memory(in bytes)

16/10/2020T16:06 2.9 230542616 337051648
16/10/2020T16:10 2.9 230628456 334606336
16/10/2020T16:20 2.9 230811882 343617536
16/10/2020T16:30 2.9 230966135 332005376
16/10/2020T16:40 2.9 231141513 330104832
16/10/2020T16:50 2.9 231352033 333680640
16/10/2020T17:00 2.9 231558925 338223104
16/10/2020T17:10 2.9 231777629 337903616
16/10/2020T17:20 2.9 231904429 339750912
16/10/2020T17:30 2.9 232062520 339746816
16/10/2020T17:40 2.9 232185760 338173952
16/10/2020T17:50 2.9 232341741 341663744
16/10/2020T18:00 3.0 232535197 340140032
16/10/2020T18:10 3.0 232684928 340348928
16/10/2020T18:20 3.0 232875636 342208512
16/10/2020T18:30 3.0 233046583 338034688
16/10/2020T18:40 3.0 233227433 340131840
16/10/2020T18:50 3.0 233459003 338575360
16/10/2020T19:00 3.0 233639997 341712896
16/10/2020T19:10 3.0 233867169 337981440
16/10/2020T19:20 3.0 234091063 341848064
16/10/2020T19:30 3.0 234246417 339947520
16/10/2020T19:40 3.0 234453945 339390464
16/10/2020T19:50 3.0 234612989 337559552
16/10/2020T20:00 3.0 234791921 339234816
16/10/2020T20:10 3.0 235039667 338550784
16/10/2020T20:20 3.0 235233014 338108416
16/10/2020T20:30 3.0 235400065 338423808
16/10/2020T20:40 3.0 235618410 342155264
16/10/2020T20:50 3.0 235846873 345272320
16/10/2020T21:00 3.0 293184 181772288
16/10/2020T21:10 3.0 293184 183296000
16/10/2020T21:20 2.9 293184 182870016
16/10/2020T21:30 2.9 293184 182792192
16/10/2020T21:40 2.9 293184 186916864
16/10/2020T21:50 2.9 293184 181571584
16/10/2020T22:00 2.9 293184 181391360
16/10/2020T22:10 2.9 293184 181710848
16/10/2020T22:20 2.8 293184 179019776
16/10/2020T22:30 2.8 293184 178774016
16/10/2020T22:40 2.8 293184 180142080
16/10/2020T22:50 2.8 293184 180559872
16/10/2020T23:00 2.8 293184 177704960
16/10/2020T23:10 2.8 293184 172273664
16/10/2020T23:20 2.7 293184 173469696
16/10/2020T23:30 2.7 293184 172560384
16/10/2020T23:40 2.7 293184 173162496
16/10/2020T23:50 2.7 293184 176148480
17/10/2020T00:00 2.7 293184 170156032
17/10/2020T00:10 2.7 293184 175017984
17/10/2020T00:20 2.7 293184 172781568
17/10/2020T00:30 2.7 293184 172568576
17/10/2020T00:40 2.6 293184 173727744
17/10/2020T00:50 2.6 293184 171585536
17/10/2020T01:00 2.6 293184 170520576
17/10/2020T01:10 2.6 293184 179896320
17/10/2020T01:20 2.6 293184 173518848
17/10/2020T01:30 2.6 293184 171618304
17/10/2020T01:40 2.6 293184 171671552
17/10/2020T01:50 2.5 293184 172920832
17/10/2020T02:00 2.5 293184 173953024
17/10/2020T02:10 2.5 293184 172462080
17/10/2020T02:20 2.5 293184 170885120
17/10/2020T02:30 2.5 293184 170717184
17/10/2020T02:40 2.5 293184 170934272
17/10/2020T02:50 2.5 1488016 234418176
17/10/2020T03:00 2.6 23921859 241188864
17/10/2020T03:10 2.7 60406837 257400832
17/10/2020T03:20 2.9 118644839 269856768
17/10/2020T03:30 3.1 185455327 292483072
17/10/2020T03:40 3.3 227130261 295960576
17/10/2020T03:50 3.3 243559375 306802688
17/10/2020T04:00 3.3 243673068 306745344
17/10/2020T04:10 3.3 243852404 305074176
17/10/2020T04:20 3.3 244010140 307978240
17/10/2020T04:30 3.3 244159787 306896896
17/10/2020T04:40 3.3 244327912 307159040
17/10/2020T04:50 3.3 244508388 310939648
17/10/2020T05:00 3.3 244665955 314634240
17/10/2020T05:10 3.3 244866657 316387328
17/10/2020T05:20 3.3 245058515 315580416
17/10/2020T05:30 3.3 245205245 314650624
17/10/2020T05:40 3.3 245369932 315486208
17/10/2020T05:50 3.3 245511994 313921536
17/10/2020T06:00 3.3 245605494 318320640
17/10/2020T06:10 3.3 245762647 314064896
17/10/2020T06:20 3.3 245909954 320086016
17/10/2020T06:30 3.3 246059113 314748928
17/10/2020T06:40 3.3 246223935 319533056
17/10/2020T06:50 3.3 246383746 316465152
17/10/2020T07:00 3.3 246527639 320655360
17/10/2020T07:10 3.3 246736642 319528960
17/10/2020T07:20 3.3 246867904 320516096
17/10/2020T07:30 3.3 246993193 320786432
17/10/2020T07:40 3.3 247133403 319766528
17/10/2020T07:50 3.3 247270675 321286144
17/10/2020T08:00 3.3 247422293 320471040
17/10/2020T08:10 3.3 247587769 321908736
17/10/2020T08:20 3.3 247692413 319991808
17/10/2020T08:30 3.3 247868598 324976640
17/10/2020T08:40 3.3 247989067 319971328
17/10/2020T08:50 3.3 248136938 320413696
17/10/2020T09:00 3.3 248352203 326217728
17/10/2020T09:10 3.3 248532046 322936832
17/10/2020T09:20 3.3 248663803 323231744
17/10/2020T09:30 3.3 248851674 323227648
17/10/2020T09:40 3.3 249007201 323796992
17/10/2020T09:50 3.3 249256810 324554752
17/10/2020T10:00 3.3 249358700 182935552
17/10/2020T10:10 3.3 249534820 372379648
17/10/2020T10:20 3.3 249690867 374898688
17/10/2020T10:30 3.3 249821317 375697408
17/10/2020T10:40 3.3 249956262 377143296
17/10/2020T10:50 3.3 250123560 376340480
17/10/2020T11:00 3.3 250241536 382042112
17/10/2020T11:10 3.3 250486303 385019904
17/10/2020T11:20 3.3 250663854 354942976
17/10/2020T11:30 3.3 250832220 350896128
17/10/2020T11:40 3.3 250962805 349904896
17/10/2020T11:50 3.3 251140274 348934144
17/10/2020T12:00 3.3 251301753 349425664
17/10/2020T12:10 3.3 251499402 354705408
17/10/2020T12:20 3.3 251638499 353710080
17/10/2020T12:30 3.3 251799229 359804928
17/10/2020T12:40 3.3 251982635 356302848
17/10/2020T12:50 3.3 252216783 352272384
17/10/2020T13:00 3.3 252433387 352395264
17/10/2020T13:10 3.3 252661347 355442688
17/10/2020T13:20 3.3 252812943 352403456
17/10/2020T13:30 3.3 253005951 352411648
17/10/2020T13:40 3.3 253130415 355364864
17/10/2020T13:50 3.3 253277183 356233216
17/10/2020T14:00 3.3 253489145 355889152
17/10/2020T14:10 3.3 253680444 361979904
17/10/2020T14:20 3.3 253864560 356364288
17/10/2020T14:30 3.3 253996194 359190528
17/10/2020T14:40 3.3 254132599 357847040
17/10/2020T14:50 3.3 254243843 361439232
17/10/2020T15:00 3.3 254490797 357736448
17/10/2020T15:10 3.3 254706527 357699584
17/10/2020T15:20 3.3 254808209 356671488
17/10/2020T15:30 3.3 254973700 357044224
17/10/2020T15:40 3.3 255109212 359501824
17/10/2020T15:50 3.3 255256747 358961152
17/10/2020T16:00 3.3 255420755 364544000
17/10/2020T16:10 3.3 255610242 361365504
17/10/2020T16:20 3.3 255754549 361304064
17/10/2020T16:30 3.3 255911787 361721856
17/10/2020T16:40 3.3 256109658 363528192
17/10/2020T16:50 3.3 256279132 359636992
17/10/2020T17:00 3.2 256346481 357994496
17/10/2020T17:10 3.2 256572908 356450304
17/10/2020T17:20 3.2 256691121 357777408
17/10/2020T17:30 3.2 256790389 366866432
17/10/2020T17:40 3.2 256964260 358006784
17/10/2020T17:50 3.2 257076181 360423424
17/10/2020T18:00 3.2 257173588 360357888
17/10/2020T18:10 3.2 257334672 362086400
17/10/2020T18:20 3.2 257437612 363372544
17/10/2020T18:30 3.2 257565142 362659840
17/10/2020T18:40 3.2 257750679 360357888
17/10/2020T18:50 3.2 257913319 370610176
17/10/2020T19:00 3.2 258065930 375910400
17/10/2020T19:10 3.2 258220838 180817920
17/10/2020T19:20 3.2 258441552 333012992
17/10/2020T19:30 3.2 258582920 335511552
17/10/2020T19:40 3.2 258761118 332738560
17/10/2020T19:50 3.2 258894195 337301504
17/10/2020T20:00 3.2 259077273 334180352
17/10/2020T20:10 3.2 259210907 333463552
17/10/2020T20:20 3.2 259349007 333688832
17/10/2020T20:30 3.2 259479390 332136448
17/10/2020T20:40 3.2 259629661 332898304
17/10/2020T20:50 3.2 259835063 335089664
17/10/2020T21:00 3.2 260000540 334577664
17/10/2020T21:10 3.2 260194830 336306176
17/10/2020T21:20 3.2 260293438 335278080
17/10/2020T21:30 3.2 260459609 341463040
17/10/2020T21:40 3.2 260646427 341049344
17/10/2020T21:50 3.2 260829965 342708224
17/10/2020T22:00 3.2 260948966 345452544
17/10/2020T22:10 3.2 261101711 338903040
17/10/2020T22:20 3.2 261234500 338812928
17/10/2020T22:30 3.2 261369483 342663168
17/10/2020T22:40 3.2 261538862 339013632
17/10/2020T22:50 3.2 261691256 340729856
17/10/2020T23:00 3.2 261852784 339230720
17/10/2020T23:10 3.2 262047735 339116032
17/10/2020T23:20 3.2 262118641 344084480
17/10/2020T23:30 3.2 262264853 343445504
17/10/2020T23:40 3.2 262482175 348323840
17/10/2020T23:50 3.2 262627735 343986176
18/10/2020T00:00 3.2 262762817 347258880
18/10/2020T00:10 3.2 262939175 345952256
18/10/2020T00:20 3.2 263070774 342134784
18/10/2020T00:30 3.2 263250131 344342528
18/10/2020T00:40 3.2 263395698 343437312
18/10/2020T00:50 3.2 263506740 342892544
18/10/2020T01:00 3.2 263652866 343674880
18/10/2020T01:10 3.2 263852960 343080960
18/10/2020T01:20 3.2 263949373 347066368
18/10/2020T01:30 3.2 264135112 347652096
18/10/2020T01:40 3.2 264259063 347348992
18/10/2020T01:50 3.2 264436200 351735808
18/10/2020T02:00 3.2 264574053 348045312
18/10/2020T02:10 3.2 264726066 347660288
18/10/2020T02:20 3.2 264857846 346329088
18/10/2020T02:30 3.2 265022933 349454336
18/10/2020T02:40 3.2 265202637 347897856
18/10/2020T02:50 3.2 265332938 345018368
18/10/2020T03:00 3.2 265477268 348508160
18/10/2020T03:10 3.2 265682398 349483008
18/10/2020T03:20 3.2 265813587 349876224
18/10/2020T03:30 3.2 265948781 354873344
18/10/2020T03:40 3.2 266095087 350404608
18/10/2020T03:50 3.2 266205796 350334976
18/10/2020T04:00 3.2 266351582 350044160
18/10/2020T04:10 3.2 266500001 348872704
18/10/2020T04:20 3.2 266648700 348741632
18/10/2020T04:30 3.2 266789491 350023680
18/10/2020T04:40 3.2 266941628 352280576
18/10/2020T04:50 3.2 267078466 346968064
18/10/2020T05:00 3.2 267225955 351395840
18/10/2020T05:10 3.2 267395387 353832960
18/10/2020T05:20 3.2 267506452 352165888
18/10/2020T05:30 3.2 267699376 352210944
18/10/2020T05:40 3.2 267850144 351158272
18/10/2020T05:50 3.2 268011544 352202752
18/10/2020T06:00 3.2 268147871 350699520
18/10/2020T06:10 3.2 268278734 353333248
18/10/2020T06:20 3.1 268422334 350773248
18/10/2020T06:30 3.1 268547656 350842880
18/10/2020T06:40 3.1 268697534 350945280
18/10/2020T06:50 3.1 268844503 353521664
18/10/2020T07:00 3.1 269014274 353153024
18/10/2020T07:10 3.1 269180646 356225024
18/10/2020T07:20 3.1 269319939 354832384
18/10/2020T07:30 3.1 269445249 354226176
18/10/2020T07:40 3.1 269615313 357527552
18/10/2020T07:50 3.1 269833488 355971072
18/10/2020T08:00 3.1 270012200 355131392
18/10/2020T08:10 3.1 270228865 354508800
18/10/2020T08:20 3.1 270413047 354525184
18/10/2020T08:30 3.1 270598151 354770944
18/10/2020T08:40 3.1 270738176 357945344
18/10/2020T08:50 3.1 270933465 356634624
18/10/2020T09:00 3.1 271090451 354824192
18/10/2020T09:10 3.1 271249366 355487744
18/10/2020T09:20 3.1 271425989 357429248
18/10/2020T09:30 3.1 271609497 356597760
18/10/2020T09:40 3.1 271740875 359137280
18/10/2020T09:50 3.1 271903949 362225664
18/10/2020T10:00 3.1 272059393 359243776
18/10/2020T10:10 3.1 272239962 360284160
18/10/2020T10:20 3.1 272459722 356687872
18/10/2020T10:30 3.1 272656423 363692032
18/10/2020T10:40 3.1 272790946 357806080
18/10/2020T10:50 3.1 272969956 360951808
18/10/2020T11:00 3.1 273081916 356696064
18/10/2020T11:10 3.1 273257938 359251968
18/10/2020T11:20 3.1 273422751 361005056
18/10/2020T11:30 3.1 273564322 364388352
18/10/2020T11:40 3.1 273735174 363028480
18/10/2020T11:50 3.1 273909948 362766336
18/10/2020T12:00 3.1 274045807 361287680
18/10/2020T12:10 3.1 274225033 363851776
18/10/2020T12:20 3.1 274339940 361537536
18/10/2020T12:30 3.1 274492802 363315200
18/10/2020T12:40 3.1 274668338 360153088
18/10/2020T12:50 3.1 274826736 362807296
18/10/2020T13:00 3.1 274842919 169435136
18/10/2020T13:10 3.1 274842919 169697280
18/10/2020T13:20 3.1 274842919 173395968
18/10/2020T13:30 3.1 274842919 170962944
18/10/2020T13:40 3.1 274842919 171352064
18/10/2020T13:50 3.1 274842919 176046080
18/10/2020T14:00 3.1 274842919 177823744
18/10/2020T14:10 3.1 274842919 177090560
18/10/2020T14:20 3.1 276338231 326840320
18/10/2020T14:30 3.1 276475944 326873088
18/10/2020T14:40 3.1 276657502 328232960
18/10/2020T14:50 3.1 276800697 327061504
18/10/2020T15:00 3.1 277043739 330084352
18/10/2020T15:10 3.1 277204498 330993664
18/10/2020T15:20 3.1 277334674 336572416
18/10/2020T15:30 3.1 277473750 332873728
18/10/2020T15:40 3.1 277626370 332754944
18/10/2020T15:50 3.1 277772198 333557760
18/10/2020T16:00 3.1 277924924 338440192
18/10/2020T16:10 3.1 278076108 331464704
18/10/2020T16:20 3.1 278241908 334569472
18/10/2020T16:30 3.1 278407548 336707584
18/10/2020T16:40 3.1 278535159 335880192
18/10/2020T16:50 3.1 278685920 336936960
18/10/2020T17:00 3.1 278811162 334573568
18/10/2020T17:10 3.1 279015542 337559552
18/10/2020T17:20 3.1 279172629 341643264
18/10/2020T17:30 3.1 279317710 336523264
18/10/2020T17:40 3.1 279480907 337752064
18/10/2020T17:50 3.1 279646406 334303232
18/10/2020T18:00 3.1 279796696 336044032
18/10/2020T18:10 3.1 280007106 341991424
18/10/2020T18:20 3.1 280151570 342257664
18/10/2020T18:30 3.1 280235004 342573056
18/10/2020T18:40 3.1 280343275 339439616
18/10/2020T18:50 3.1 280464991 347017216
18/10/2020T19:00 3.1 280611050 337059840
18/10/2020T19:10 3.1 280788335 335429632
18/10/2020T19:20 3.1 280875578 340013056
18/10/2020T19:30 3.1 281050686 335671296
18/10/2020T19:40 3.1 281199954 339648512
18/10/2020T19:50 3.1 281383625 336891904
18/10/2020T20:00 3.1 281515188 335765504
18/10/2020T20:10 3.1 281650336 175505408
18/10/2020T20:20 3.1 281650336 177512448
18/10/2020T20:30 3.1 281650336 178606080
18/10/2020T20:40 3.1 282205059 331603968
18/10/2020T20:50 3.1 282307469 330518528
18/10/2020T21:00 3.1 282484197 333946880
18/10/2020T21:10 3.1 282679847 334856192
18/10/2020T21:20 3.1 282853893 332787712
18/10/2020T21:30 3.1 282965593 336723968
18/10/2020T21:40 3.1 283104403 331771904
18/10/2020T21:50 3.1 283281851 336285696
18/10/2020T22:00 3.1 283485548 335372288
18/10/2020T22:10 3.1 283677486 332062720
18/10/2020T22:20 3.1 283846216 334045184
18/10/2020T22:30 3.1 284008357 332017664
18/10/2020T22:40 3.1 284175941 337174528
18/10/2020T22:50 3.1 284322473 343924736
18/10/2020T23:00 3.1 284460358 341721088
18/10/2020T23:10 3.1 284664004 339132416
18/10/2020T23:20 3.1 284810675 339255296
18/10/2020T23:30 3.1 284941049 337555456
18/10/2020T23:40 3.1 285142049 339496960
18/10/2020T23:50 3.1 285266910 340144128
19/10/2020T00:00 3.1 285485712 337809408
19/10/2020T00:10 3.1 285581506 339214336
19/10/2020T00:20 3.1 285725797 339570688
19/10/2020T00:30 3.1 285874097 343453696
19/10/2020T00:40 3.1 285970274 343007232
19/10/2020T00:50 3.1 286106756 342290432
19/10/2020T01:00 3.1 286242170 338984960
19/10/2020T01:10 3.1 286434712 341663744
19/10/2020T01:20 3.1 286601440 339361792
19/10/2020T01:30 3.1 286733778 339484672
19/10/2020T01:40 3.1 286877665 341164032
19/10/2020T01:50 3.1 287030453 339906560
19/10/2020T02:00 3.1 287162288 344965120
19/10/2020T02:10 3.1 287358245 346116096
19/10/2020T02:20 3.1 287529117 342167552
19/10/2020T02:30 3.1 287715482 344506368
19/10/2020T02:40 3.1 287935327 344395776
19/10/2020T02:50 3.1 288050724 342974464
19/10/2020T03:00 3.1 288151778 349417472
19/10/2020T03:10 3.1 288319292 347389952
19/10/2020T03:20 3.1 288489682 345063424
19/10/2020T03:30 3.1 288650800 350167040
19/10/2020T03:40 3.1 288774919 345382912
19/10/2020T03:50 3.1 288926445 346206208
19/10/2020T04:00 3.1 289059996 346914816
19/10/2020T04:10 3.1 289228219 349323264
19/10/2020T04:20 3.1 289356570 344399872
19/10/2020T04:30 3.1 289494544 350179328
19/10/2020T04:40 3.1 289642283 348160000
19/10/2020T04:50 3.1 289766120 357060608
19/10/2020T05:00 3.1 289882746 350253056
19/10/2020T05:10 3.1 290055176 352305152
19/10/2020T05:20 3.1 290185058 356089856
19/10/2020T05:30 3.1 290403361 355057664
19/10/2020T05:40 3.1 290636805 348516352
19/10/2020T05:50 3.1 290775854 348413952
19/10/2020T06:00 3.1 290937226 352661504
19/10/2020T06:10 3.1 291069052 351588352
19/10/2020T06:20 3.1 291235938 352960512
19/10/2020T06:30 3.1 291420124 352030720
19/10/2020T06:40 3.1 291560635 357392384
19/10/2020T06:50 3.1 291714698 354500608
19/10/2020T07:00 3.1 291848178 354549760
19/10/2020T07:10 3.1 292003720 352784384
19/10/2020T07:20 3.1 292161696 356610048
19/10/2020T07:30 3.1 292342143 350797824
19/10/2020T07:40 3.1 292491442 356646912
19/10/2020T07:50 3.1 292617395 351985664
19/10/2020T08:00 3.1 292756020 352415744
19/10/2020T08:10 3.1 292922287 352313344
19/10/2020T08:20 3.1 293053930 353009664
19/10/2020T08:30 3.1 293189332 355139584
19/10/2020T08:40 3.1 293321505 354201600
19/10/2020T08:50 3.1 293435652 357330944
19/10/2020T09:00 3.1 293561686 356941824
19/10/2020T09:10 3.1 293771485 363069440
19/10/2020T09:20 3.1 293920730 359174144
19/10/2020T09:30 3.1 294127805 357453824
19/10/2020T09:40 3.1 294221747 366936064
19/10/2020T09:50 3.1 294371021 358457344
19/10/2020T10:00 3.1 294476096 363577344
19/10/2020T10:10 3.1 294697465 362733568
19/10/2020T10:20 3.1 294809645 358850560
19/10/2020T10:30 3.1 295016961 361119744
19/10/2020T10:40 3.1 295203215 361644032
19/10/2020T10:50 3.1 295339324 360939520
19/10/2020T11:00 3.1 295491559 362250240
19/10/2020T11:10 3.1 295647324 362065920
19/10/2020T11:20 3.1 295780325 362135552
19/10/2020T11:30 3.1 295901617 366530560
19/10/2020T11:40 3.1 296089873 362139648
19/10/2020T11:50 3.1 296204809 362106880
19/10/2020T12:00 3.1 296356072 363945984
19/10/2020T12:10 3.1 296520209 359854080
19/10/2020T12:20 3.1 296666617 178315264
19/10/2020T12:30 3.1 296666617 179912704
19/10/2020T12:40 3.1 296666617 180154368
19/10/2020T12:50 3.1 296666617 179490816
19/10/2020T13:00 3.1 296666617 178888704
19/10/2020T13:10 3.0 296666617 176627712
19/10/2020T13:20 3.0 296666617 178585600
19/10/2020T13:30 3.0 296666617 177549312
19/10/2020T13:40 3.0 296666617 178094080
19/10/2020T13:50 3.0 296666617 178688000
19/10/2020T14:00 3.0 296666617 179666944
19/10/2020T14:10 3.0 296666617 178778112
19/10/2020T14:20 3.0 296666617 177750016
19/10/2020T14:30 3.0 298805804 373153792
19/10/2020T14:40 3.0 298938887 372649984
19/10/2020T14:50 3.0 299136522 376725504
19/10/2020T15:00 3.0 299283436 377470976
19/10/2020T15:10 3.0 299417316 376184832
19/10/2020T15:20 3.0 299605367 374628352
19/10/2020T15:30 3.0 299739469 380612608
19/10/2020T15:40 3.0 299895486 373538816
19/10/2020T15:50 3.0 300045078 375021568
19/10/2020T16:00 3.0 300192059 375898112
19/10/2020T16:10 3.0 300333442 374128640
19/10/2020T16:20 3.0 300525238 373768192
19/10/2020T16:30 3.0 300671825 379412480
19/10/2020T16:40 3.0 300823075 378081280
19/10/2020T16:50 3.0 301005743 378281984
19/10/2020T17:00 3.0 301132645 343175168
19/10/2020T17:10 3.0 301295514 341245952
19/10/2020T17:20 3.0 301437374 344150016
19/10/2020T17:30 3.0 301632529 342769664
19/10/2020T17:40 3.0 301778172 341331968
19/10/2020T17:50 3.0 301940984 342257664
19/10/2020T18:00 3.0 302021136 341544960
19/10/2020T18:10 3.0 302187005 342945792
19/10/2020T18:20 3.0 302362917 342769664
19/10/2020T18:30 3.0 302504065 349016064
19/10/2020T18:40 3.0 302636448 355155968
19/10/2020T18:50 3.0 302799300 347439104
19/10/2020T19:00 3.0 302955403 348114944
19/10/2020T19:10 3.0 303149805 347131904
19/10/2020T19:20 3.0 303363990 350945280
19/10/2020T19:30 3.0 303509608 349163520
19/10/2020T19:40 3.0 303647649 348397568
19/10/2020T19:50 3.0 303837338 350670848
19/10/2020T20:00 3.0 304038737 346521600
19/10/2020T20:10 3.0 304219626 348348416
19/10/2020T20:20 3.0 304408505 346734592
19/10/2020T20:30 3.0 304512816 178020352
19/10/2020T20:40 3.0 304512816 180707328
19/10/2020T20:50 3.0 304825621 334503936
19/10/2020T21:00 3.0 304975124 338571264
19/10/2020T21:10 3.0 305163436 340111360
19/10/2020T21:20 3.0 305345955 337629184
19/10/2020T21:30 3.0 305523775 337096704
19/10/2020T21:40 3.0 305742921 339521536
19/10/2020T21:50 3.0 305878122 340127744
19/10/2020T22:00 3.0 306038585 339275776
19/10/2020T22:10 3.0 306203070 337727488
19/10/2020T22:20 3.0 306375058 340119552
19/10/2020T22:30 3.0 306502877 342458368
19/10/2020T22:40 3.0 306712237 339218432
19/10/2020T22:50 3.0 306913493 343580672
19/10/2020T23:00 3.0 307041121 343027712
19/10/2020T23:10 3.0 307218683 343224320
19/10/2020T23:20 3.0 307350061 341749760
19/10/2020T23:30 3.0 307480096 343056384
19/10/2020T23:40 3.0 307663510 343658496
19/10/2020T23:50 3.0 307824111 346775552
20/10/2020T00:00 3.0 307965869 345460736
20/10/2020T00:10 3.0 308094516 347656192
20/10/2020T00:20 3.0 308250541 344973312
20/10/2020T00:30 3.0 308388763 344145920
20/10/2020T00:40 3.0 308550442 342106112
20/10/2020T00:50 3.0 308753446 346796032
20/10/2020T01:00 3.0 308899937 347201536
20/10/2020T01:10 3.0 309051590 345276416
20/10/2020T01:20 3.0 309181040 353832960
20/10/2020T01:30 3.0 309320052 347971584
20/10/2020T01:40 3.0 309502839 347914240
20/10/2020T01:50 3.0 309655023 346763264
20/10/2020T02:00 3.0 309772139 346525696
20/10/2020T02:10 3.0 309946489 350584832
20/10/2020T02:20 3.0 310053205 349339648
20/10/2020T02:30 3.0 310215461 348528640
20/10/2020T02:40 3.0 310361333 346693632
20/10/2020T02:50 3.0 310491609 350121984
20/10/2020T03:00 3.0 310647505 350957568
20/10/2020T03:10 3.0 310796658 352268288
20/10/2020T03:20 3.0 310974255 349843456
20/10/2020T03:30 3.0 311120531 350203904
20/10/2020T03:40 3.0 311247969 358174720
20/10/2020T03:50 3.0 311397638 351313920
20/10/2020T04:00 3.0 311556058 353255424
20/10/2020T04:10 3.0 311719982 360460288
20/10/2020T04:20 3.0 311918049 364744704
20/10/2020T04:30 3.0 312084221 351465472
20/10/2020T04:40 3.0 312259687 351539200
20/10/2020T04:50 3.0 312398759 357736448
20/10/2020T05:00 3.0 312543503 357306368
20/10/2020T05:10 3.0 312708712 354729984
20/10/2020T05:20 3.0 312871789 356184064
20/10/2020T05:30 3.0 313076514 355713024
20/10/2020T05:40 3.0 313246399 356429824
20/10/2020T05:50 3.0 313447425 354713600
20/10/2020T06:00 3.0 313560236 353054720
20/10/2020T06:10 3.0 313730830 356761600
20/10/2020T06:20 3.0 313862609 356950016
20/10/2020T06:30 3.0 313974526 355155968
20/10/2020T06:40 3.0 314158973 354545664
20/10/2020T06:50 3.0 314364803 359575552
20/10/2020T07:00 3.0 314485518 357179392
20/10/2020T07:10 3.0 314625771 358129664
20/10/2020T07:20 3.0 314770115 359960576
20/10/2020T07:30 3.0 314916646 358309888
20/10/2020T07:40 3.0 315108975 361426944
20/10/2020T07:50 3.0 315318021 360226816
20/10/2020T08:00 3.0 315511793 357326848
20/10/2020T08:10 3.0 315629150 362344448
20/10/2020T08:20 3.0 315830101 359473152
20/10/2020T08:30 3.0 316003370 358445056
20/10/2020T08:40 3.0 316194806 360624128
20/10/2020T08:50 3.0 316375396 362192896
20/10/2020T09:00 3.0 316536475 360640512
20/10/2020T09:10 3.0 316689748 364060672
20/10/2020T09:20 3.0 316800242 368193536
20/10/2020T09:30 3.0 316913705 363659264
20/10/2020T09:40 3.0 317072471 367468544
20/10/2020T09:50 3.0 317177676 361340928
20/10/2020T10:00 3.0 317347560 360529920
20/10/2020T10:10 3.0 317553551 370642944
20/10/2020T10:20 3.0 317676861 362295296
20/10/2020T10:30 3.0 317845425 365748224
20/10/2020T10:40 3.0 317882543 176209920
20/10/2020T10:50 3.0 318139275 378273792
20/10/2020T11:00 3.0 318304965 355463168
20/10/2020T11:10 3.0 318464094 349118464
20/10/2020T11:20 3.0 318587347 351252480
20/10/2020T11:30 3.0 318747609 349872128
20/10/2020T11:40 3.0 318924266 349126656
20/10/2020T11:50 3.0 319084109 348860416
20/10/2020T12:00 3.0 319222044 349024256
20/10/2020T12:10 3.0 319410845 353730560
20/10/2020T12:20 3.0 319502861 349196288
20/10/2020T12:30 3.0 319636597 353337344
20/10/2020T12:40 3.0 319786867 351424512
20/10/2020T12:50 3.0 319927157 356478976
20/10/2020T13:00 3.0 320115793 355196928
20/10/2020T13:10 3.0 320303318 353337344
20/10/2020T13:20 3.0 320476378 353341440
20/10/2020T13:30 3.0 320604605 354029568
20/10/2020T13:40 3.0 320753762 360476672
20/10/2020T13:50 3.0 320963402 359694336
20/10/2020T14:00 3.0 321104531 352944128
20/10/2020T14:10 3.0 321257346 355999744
20/10/2020T14:20 3.0 321411835 355311616
20/10/2020T14:30 3.0 321649900 357408768
20/10/2020T14:40 3.0 321798405 356671488
20/10/2020T14:50 3.0 321924767 356089856
20/10/2020T15:00 3.0 322078279 363192320
20/10/2020T15:10 3.0 322227453 356503552
20/10/2020T15:20 3.0 322370850 359505920
20/10/2020T15:30 3.0 322477054 360173568
20/10/2020T15:40 3.0 322617870 359530496
20/10/2020T15:50 3.0 322788036 358055936
20/10/2020T16:00 3.0 322965454 358379520
20/10/2020T16:10 3.0 323092890 361091072
20/10/2020T16:20 3.0 323262231 358932480
20/10/2020T16:30 3.0 323397379 357629952
20/10/2020T16:40 3.0 323541571 356417536
20/10/2020T16:50 3.0 323693799 362078208
20/10/2020T17:00 3.0 323854839 361545728
20/10/2020T17:10 3.0 323999554 364515328
20/10/2020T17:20 3.0 324148935 362713088
20/10/2020T17:30 3.0 324316238 363462656
20/10/2020T17:40 3.0 324475313 363769856
20/10/2020T17:50 3.0 324614196 365211648
20/10/2020T18:00 3.0 324780338 370065408
20/10/2020T18:10 3.0 325002649 361213952
20/10/2020T18:20 3.0 325186460 363192320
20/10/2020T18:30 3.0 325355358 363081728
20/10/2020T18:40 3.0 325503520 362258432
20/10/2020T18:50 3.0 325618594 363634688
20/10/2020T19:00 3.0 325764317 364785664
20/10/2020T19:10 3.0 325899769 365477888
20/10/2020T19:20 3.0 326007008 366432256
20/10/2020T19:30 3.0 326136419 376877056
20/10/2020T19:40 3.0 326318097 367538176
20/10/2020T19:50 3.0 326444593 367341568
20/10/2020T20:00 3.0 326547675 367255552
20/10/2020T20:10 3.0 326773017 367222784
20/10/2020T20:20 3.0 326868301 368930816
20/10/2020T20:30 3.0 327073165 372363264
20/10/2020T20:40 3.0 327202148 367366144
20/10/2020T20:50 3.0 327356690 370122752
20/10/2020T21:00 3.0 327499334 378687488
20/10/2020T21:10 3.0 327629247 371519488
20/10/2020T21:20 3.0 327752082 373391360
20/10/2020T21:30 3.0 327847606 376446976
20/10/2020T21:40 3.0 327871169 179666944
20/10/2020T21:50 3.0 328171416 383942656
20/10/2020T22:00 3.0 328305055 349863936
20/10/2020T22:10 3.0 328538425 351170560
20/10/2020T22:20 3.0 328681935 350924800
20/10/2020T22:30 3.0 328858815 353591296
20/10/2020T22:40 3.0 329016727 351952896
20/10/2020T22:50 3.0 329213315 350179328
20/10/2020T23:00 3.0 329322779 351072256
20/10/2020T23:10 3.0 329492865 353542144
20/10/2020T23:20 3.0 329665380 352739328
20/10/2020T23:30 3.0 329799551 357163008
20/10/2020T23:40 3.0 329963269 350642176
20/10/2020T23:50 3.0 330088014 354635776
21/10/2020T00:00 3.0 330249885 358150144
21/10/2020T00:10 3.0 330489397 357179392
21/10/2020T00:20 3.0 330603348 357281792
21/10/2020T00:30 3.0 330733495 356028416
21/10/2020T00:40 3.0 330879385 355995648
21/10/2020T00:50 3.0 331032824 357748736
21/10/2020T01:00 3.0 331164912 356933632
21/10/2020T01:10 3.0 331322903 356843520
21/10/2020T01:20 3.0 331459143 357920768
21/10/2020T01:30 3.0 331607473 356704256
21/10/2020T01:40 3.0 331797144 360206336
21/10/2020T01:50 3.0 331950378 358424576
21/10/2020T02:00 3.0 332192907 369053696
21/10/2020T02:10 3.0 332335689 375746560
21/10/2020T02:20 3.0 332494579 365510656
21/10/2020T02:30 3.0 332655197 361168896
21/10/2020T02:40 3.0 332801413 361197568
21/10/2020T02:50 3.0 332961137 366321664
21/10/2020T03:00 3.0 333153614 361664512
21/10/2020T03:10 3.0 333371625 359923712
21/10/2020T03:20 3.0 333574195 369410048
21/10/2020T03:30 3.0 333733663 360816640
21/10/2020T03:40 3.0 333881158 360681472
21/10/2020T03:50 3.0 334019624 363986944
21/10/2020T04:00 3.0 334167273 363343872
21/10/2020T04:10 3.0 334324545 368009216
21/10/2020T04:20 3.0 334513144 366387200
21/10/2020T04:30 3.0 334690513 366772224
21/10/2020T04:40 3.0 334859229 363896832
21/10/2020T04:50 3.0 335031177 362315776
21/10/2020T05:00 3.0 335212807 362299392
21/10/2020T05:10 3.0 335347346 366653440
21/10/2020T05:20 3.0 335551346 365314048
21/10/2020T05:30 3.0 335748783 365436928
21/10/2020T05:40 3.0 335862725 366592000
21/10/2020T05:50 3.0 336042073 369008640
21/10/2020T06:00 3.0 336187432 365813760
21/10/2020T06:10 3.0 336446698 369741824
21/10/2020T06:20 3.0 336648673 368640000
21/10/2020T06:30 3.0 336824398 368922624
21/10/2020T06:40 3.0 336961126 366563328
21/10/2020T06:50 3.0 337091329 367566848
21/10/2020T07:00 3.0 337242543 367370240
21/10/2020T07:10 3.0 337423363 367333376
21/10/2020T07:20 3.0 337569163 365654016
21/10/2020T07:30 3.0 337718602 365576192
21/10/2020T07:40 3.0 337827796 366399488
21/10/2020T07:50 3.0 337981352 369020928
21/10/2020T08:00 3.0 338088685 369975296
21/10/2020T08:10 3.0 338253583 368812032
21/10/2020T08:20 3.0 338483617 370606080
21/10/2020T08:30 3.0 338630895 371744768
21/10/2020T08:40 3.0 338780526 373530624
21/10/2020T08:50 3.0 338886349 372035584
21/10/2020T09:00 3.0 339110027 371474432
21/10/2020T09:10 3.0 339334673 371331072
21/10/2020T09:20 3.0 339484109 372473856
21/10/2020T09:30 3.0 339645984 371261440
21/10/2020T09:40 3.0 339767851 375492608
21/10/2020T09:50 3.0 339925930 373850112
21/10/2020T10:00 3.0 340116504 375377920
21/10/2020T10:10 3.0 340275867 371531776
21/10/2020T10:20 3.0 340461115 372645888
21/10/2020T10:30 3.0 340639623 375652352
21/10/2020T10:40 3.0 340830910 371933184
21/10/2020T10:50 3.0 341007941 375672832
21/10/2020T11:00 3.0 341144893 384106496
21/10/2020T11:10 3.0 341268964 178409472
21/10/2020T11:20 3.0 341268964 179441664
21/10/2020T11:30 3.0 341268964 182358016
21/10/2020T11:40 3.0 341268964 184860672
21/10/2020T11:50 3.0 341924215 381435904
21/10/2020T12:00 3.0 342035936 386592768
21/10/2020T12:10 3.0 342253614 390369280
21/10/2020T12:20 3.0 342452739 395239424
21/10/2020T12:30 3.0 342653298 386699264
21/10/2020T12:40 3.0 342833643 389103616
21/10/2020T12:50 3.0 342982003 386838528
21/10/2020T13:00 3.0 343102600 388759552
21/10/2020T13:10 3.0 343289633 395055104
21/10/2020T13:20 3.0 343462103 391032832
21/10/2020T13:30 3.0 343610336 389328896
21/10/2020T13:40 3.0 343730551 390385664
21/10/2020T13:50 3.0 343876655 397160448
21/10/2020T14:00 3.0 344033797 394555392
21/10/2020T14:10 3.0 344222334 395436032
21/10/2020T14:20 3.0 344397364 393895936
21/10/2020T14:30 3.0 344531297 397721600
21/10/2020T14:40 3.0 344676744 393842688
21/10/2020T14:50 3.0 344833094 396566528
21/10/2020T15:00 3.0 345004561 391565312
21/10/2020T15:10 3.0 345137133 357445632
21/10/2020T15:20 3.0 345317299 353767424
21/10/2020T15:30 3.0 345448581 355405824
21/10/2020T15:40 3.0 345604666 355102720
21/10/2020T15:50 3.0 345786032 360239104
21/10/2020T16:00 3.0 345947736 361058304
21/10/2020T16:10 3.0 346121501 368525312
21/10/2020T16:20 3.0 346265632 359215104
21/10/2020T16:30 3.0 346408236 357527552
21/10/2020T16:40 3.0 346604630 362762240
21/10/2020T16:50 3.0 346762301 361467904
21/10/2020T17:00 3.0 346913660 357216256
21/10/2020T17:10 3.0 347136126 358981632
21/10/2020T17:20 3.0 347278530 357093376
21/10/2020T17:30 3.0 347450786 360632320
21/10/2020T17:40 3.0 347588203 357695488
21/10/2020T17:50 3.0 347745011 361062400
21/10/2020T18:00 3.0 347889245 360902656
21/10/2020T18:10 3.0 348066514 360828928
21/10/2020T18:20 3.0 348260035 362049536
21/10/2020T18:30 3.0 348407125 362442752
21/10/2020T18:40 3.0 348621491 367321088
21/10/2020T18:50 3.0 348834615 360767488
21/10/2020T19:00 3.0 348971165 364740608
21/10/2020T19:10 3.0 349180631 365809664
21/10/2020T19:20 3.0 349347139 362958848
21/10/2020T19:30 3.0 349522282 362553344
21/10/2020T19:40 3.0 349678692 361201664
21/10/2020T19:50 3.0 349859351 365686784
21/10/2020T20:00 3.0 350086244 364470272
21/10/2020T20:10 3.0 350252074 367341568
21/10/2020T20:20 3.0 350404419 364613632
21/10/2020T20:30 3.0 350604160 178905088
21/10/2020T20:40 3.0 350604160 180535296
21/10/2020T20:50 3.0 350604160 182071296
21/10/2020T21:00 3.0 350604160 179200000
21/10/2020T21:10 3.0 350604160 179003392
21/10/2020T21:20 3.0 350604160 179965952
21/10/2020T21:30 3.0 350604160 178663424
21/10/2020T21:40 3.0 350604160 179073024
21/10/2020T21:50 3.0 350604160 180379648
21/10/2020T22:00 3.0 350604160 178847744
21/10/2020T22:10 3.0 350604160 179187712
21/10/2020T22:20 3.0 350604160 179191808
21/10/2020T22:30 3.0 350604160 183537664
21/10/2020T22:40 3.0 350604160 179658752
21/10/2020T22:50 3.0 350604160 179113984
21/10/2020T23:00 3.0 350604160 174174208
21/10/2020T23:10 3.0 350604160 172232704
21/10/2020T23:20 3.0 350604160 173604864
21/10/2020T23:30 3.0 350604160 177414144
21/10/2020T23:40 3.0 350604160 176963584
21/10/2020T23:50 3.0 350604160 311525376
22/10/2020T00:00 3.0 354151161 390983680
22/10/2020T00:10 3.0 354306305 392806400
22/10/2020T00:20 3.0 354423420 388755456
22/10/2020T00:30 3.0 354556462 392142848
22/10/2020T00:40 3.0 354708441 389476352
22/10/2020T00:50 3.0 354835435 390578176
22/10/2020T01:00 3.0 354988131 392286208
22/10/2020T01:10 3.0 355144791 392830976
22/10/2020T01:20 3.0 355313443 393117696
22/10/2020T01:30 3.0 355503785 389582848
22/10/2020T01:40 3.0 355635721 394874880
22/10/2020T01:50 3.0 355829458 392654848
22/10/2020T02:00 3.0 355953022 393383936
22/10/2020T02:10 3.0 356145623 394137600
22/10/2020T02:20 3.0 356278832 398663680
22/10/2020T02:30 3.0 356430994 392617984
22/10/2020T02:40 3.0 356610085 396578816
22/10/2020T02:50 3.0 356765352 393367552
22/10/2020T03:00 3.0 356905716 394088448
22/10/2020T03:10 3.0 357072075 396754944
22/10/2020T03:20 3.0 357223811 402489344
22/10/2020T03:30 3.0 357392096 363040768
22/10/2020T03:40 3.0 357526904 360214528
22/10/2020T03:50 3.0 357658629 361459712
22/10/2020T04:00 3.0 357842733 363446272
22/10/2020T04:10 3.0 358026824 377544704
22/10/2020T04:20 3.0 358172658 361648128
22/10/2020T04:30 3.0 358344126 366383104
22/10/2020T04:40 3.0 358521330 361644032
22/10/2020T04:50 3.0 358676535 361373696
22/10/2020T05:00 3.0 358873186 363036672
22/10/2020T05:10 3.0 359023370 360890368
22/10/2020T05:20 3.0 359163301 361521152
22/10/2020T05:30 3.0 359274855 362356736
22/10/2020T05:40 3.0 359465859 361136128
22/10/2020T05:50 3.0 359610363 364326912
22/10/2020T06:00 3.0 359758984 366579712
22/10/2020T06:10 3.0 359893039 367013888
22/10/2020T06:20 3.0 360040199 367448064
22/10/2020T06:30 3.0 360214369 365838336
22/10/2020T06:40 3.0 360356274 363098112
22/10/2020T06:50 3.0 360522521 363028480
22/10/2020T07:00 3.0 360650079 364208128
22/10/2020T07:10 3.0 360845336 364179456
22/10/2020T07:20 3.0 361019853 365690880
22/10/2020T07:30 3.0 361171795 366325760
22/10/2020T07:40 3.0 361335528 365547520
22/10/2020T07:50 3.0 361521765 363540480
22/10/2020T08:00 3.0 361632395 366964736
22/10/2020T08:10 3.0 361803484 365887488
22/10/2020T08:20 3.0 361992023 367202304
22/10/2020T08:30 3.0 362190926 366247936
22/10/2020T08:40 3.0 362330229 370233344
22/10/2020T08:50 3.0 362507663 366006272
22/10/2020T09:00 3.0 362631135 369135616
22/10/2020T09:10 3.0 362775774 369684480
22/10/2020T09:20 3.0 362938369 365559808
22/10/2020T09:30 3.0 363119780 366153728
22/10/2020T09:40 3.0 363289298 365723648
22/10/2020T09:50 3.0 363428191 369672192
22/10/2020T10:00 3.0 363590078 368979968
22/10/2020T10:10 3.0 363758948 373026816
22/10/2020T10:20 3.0 363885272 369569792
22/10/2020T10:30 3.0 364030597 371589120
22/10/2020T10:40 3.0 364201877 374607872
22/10/2020T10:50 3.0 364418808 374775808
22/10/2020T11:00 3.0 364559427 374456320
22/10/2020T11:10 3.0 364749289 374714368
22/10/2020T11:20 3.0 364935585 372883456
22/10/2020T11:30 3.0 365027748 373481472
22/10/2020T11:40 3.0 365055254 181186560
22/10/2020T11:50 3.0 365055254 182767616
22/10/2020T12:00 3.0 365467961 386150400
22/10/2020T12:10 3.0 365668704 387526656
22/10/2020T12:20 3.0 365801279 387698688
22/10/2020T12:30 3.0 366011375 390193152
22/10/2020T12:40 3.0 366186439 388296704
22/10/2020T12:50 3.0 366352446 391405568
22/10/2020T13:00 3.0 366475711 392466432
22/10/2020T13:10 3.0 366642092 389029888
22/10/2020T13:20 3.0 366797823 394694656
22/10/2020T13:30 3.0 366970952 391741440
22/10/2020T13:40 3.0 367108441 391716864
22/10/2020T13:50 3.0 367277170 392134656
22/10/2020T14:00 3.0 367386405 397905920
22/10/2020T14:10 3.0 367582290 397484032
22/10/2020T14:20 3.0 367687924 395747328
22/10/2020T14:30 3.0 367827262 399876096
22/10/2020T14:40 3.0 367993635 409862144
22/10/2020T14:50 3.0 368160144 402989056
22/10/2020T15:00 3.0 368308073 401592320
22/10/2020T15:10 3.0 368465093 400891904
22/10/2020T15:20 3.0 368609438 404082688
22/10/2020T15:30 3.0 368764085 410865664
22/10/2020T15:40 3.0 368983682 407613440
22/10/2020T15:50 3.0 369157551 362967040
22/10/2020T16:00 3.0 369338040 365551616
22/10/2020T16:10 3.0 369585121 363339776
22/10/2020T16:20 3.0 369726167 367316992
22/10/2020T16:30 3.0 369867910 365649920
22/10/2020T16:40 3.0 370043136 365379584
22/10/2020T16:50 3.0 370253882 364748800
22/10/2020T17:00 3.0 370469777 365223936
22/10/2020T17:10 3.0 370678169 364498944
22/10/2020T17:20 3.0 370832585 366391296
22/10/2020T17:30 3.0 370995143 365367296
22/10/2020T17:40 3.0 371105171 367824896
22/10/2020T17:50 3.0 371296587 365092864
22/10/2020T18:00 3.0 371457996 368144384
22/10/2020T18:10 3.0 371650314 372473856
22/10/2020T18:20 3.0 371799233 369631232
22/10/2020T18:30 3.0 371992512 370184192
22/10/2020T18:40 3.0 372125406 367751168
22/10/2020T18:50 3.0 372290666 367882240
22/10/2020T19:00 3.0 372498717 369577984
22/10/2020T19:10 3.0 372655030 372539392
22/10/2020T19:20 3.0 372851920 370126848
22/10/2020T19:30 3.0 373011115 373133312
22/10/2020T19:40 3.0 373146151 373776384
22/10/2020T19:50 3.0 373390545 370405376
22/10/2020T20:00 3.0 373536055 372461568
22/10/2020T20:10 3.0 373774147 370524160
22/10/2020T20:20 3.0 373888715 370786304
22/10/2020T20:30 3.0 374001760 370745344
22/10/2020T20:40 3.0 374099754 177954816
22/10/2020T20:50 3.0 374099754 178143232
22/10/2020T21:00 3.0 374099754 181522432
22/10/2020T21:10 3.0 374619495 389046272
22/10/2020T21:20 3.0 374785132 388653056
22/10/2020T21:30 3.0 374971237 389263360
22/10/2020T21:40 3.0 375100717 391323648
22/10/2020T21:50 3.0 375239783 393437184
22/10/2020T22:00 3.0 375374347 392298496
22/10/2020T22:10 3.0 375602155 400207872
22/10/2020T22:20 3.0 375794398 398827520
22/10/2020T22:30 3.0 375961019 401145856
22/10/2020T22:40 3.0 376067017 393953280
22/10/2020T22:50 3.0 376183830 395218944
22/10/2020T23:00 3.0 376368628 364548096
22/10/2020T23:10 3.0 376524458 369250304
22/10/2020T23:20 3.0 376666052 358895616
