                RAM(%)  MEM       MEM
31/10/2020T13:45 0.0 629987190 637911040
31/10/2020T13:48 6.2 630109565 640856064
31/10/2020T13:49 0.0 630126756 640446464
31/10/2020T13:50 3.2 630172651 642080768
31/10/2020T14:00 3.0 630520261 635854848
31/10/2020T14:10 3.2 630861677 630046720
31/10/2020T14:20 0.0 631166540 629538816
31/10/2020T14:30 0.0 631508580 624922624
31/10/2020T14:40 3.0 631859549 624685056
31/10/2020T14:50 3.0 632195816 625057792
31/10/2020T15:00 6.2 632535315 624635904
31/10/2020T15:10 0.0 632952595 623603712
31/10/2020T15:20 3.2 633374504 626888704
31/10/2020T15:30 3.1 633755892 627478528
31/10/2020T15:40 6.1 634044131 623603712
31/10/2020T15:50 3.2 634517577 624177152
31/10/2020T16:00 6.1 634740664 624771072
31/10/2020T16:10 3.1 635072159 625250304
31/10/2020T16:20 3.2 635291128 624963584
31/10/2020T16:30 6.5 635553180 623403008
31/10/2020T16:40 0.0 635771113 625291264
31/10/2020T16:50 0.0 636032888 625221632
31/10/2020T17:00 20.6 636309327 625045504
31/10/2020T17:10 0.0 636558412 624779264
31/10/2020T17:20 6.5 636808500 631750656
31/10/2020T17:30 3.2 637041513 627163136
31/10/2020T17:40 3.3 637257147 624623616
31/10/2020T17:50 0.0 637485163 627367936
31/10/2020T18:00 0.0 637664659 627159040
31/10/2020T18:10 3.3 638059409 626962432
31/10/2020T18:20 0.0 638286551 628670464
31/10/2020T18:30 3.2 638724850 627621888
31/10/2020T18:40 3.0 638968808 627974144
31/10/2020T18:50 6.1 639193458 627347456
31/10/2020T19:00 6.5 639362557 627302400
31/10/2020T19:10 35.5 639609024 627503104
31/10/2020T19:20 6.2 640219917 629592064
31/10/2020T19:30 3.2 640388416 628686848
31/10/2020T19:40 3.1 640559889 630575104
31/10/2020T19:50 3.0 640952790 630833152
31/10/2020T20:00 9.1 641349976 639471616
31/10/2020T20:10 3.0 641903132 635486208
31/10/2020T20:20 3.2 642028570 635633664
31/10/2020T20:30 3.0 642262722 634662912
31/10/2020T20:40 3.1 642752352 633761792
31/10/2020T20:50 0.0 642970752 635342848
31/10/2020T21:00 5.9 643182510 635109376
31/10/2020T21:10 3.2 643380324 639787008
31/10/2020T21:20 3.2 643554517 638177280
31/10/2020T21:30 3.2 644029551 638603264
31/10/2020T21:40 3.2 644144424 654270464
31/10/2020T21:50 3.0 644278420 643842048
31/10/2020T22:00 0.0 644515979 638398464
31/10/2020T22:10 3.2 644696232 632684544
31/10/2020T22:20 6.2 644897288 632172544
31/10/2020T22:30 6.2 645170655 633307136
31/10/2020T22:40 31.2 645313866 633667584
31/10/2020T22:50 23.5 645537430 632553472
31/10/2020T23:00 3.1 645784072 634073088
31/10/2020T23:10 6.2 645988391 634187776
31/10/2020T23:20 0.0 646182633 638791680
31/10/2020T23:30 3.3 646344961 637259776
31/10/2020T23:40 6.5 646514580 643203072
31/10/2020T23:50 3.1 646736399 646561792
01/11/2020T00:00 17.1 646879734 659021824
01/11/2020T00:10 6.2 647017227 646832128
01/11/2020T00:20 3.2 647185252 645128192
01/11/2020T00:30 3.1 647341066 644169728
01/11/2020T00:40 3.2 647484747 646012928
01/11/2020T00:50 3.2 647699099 646877184
01/11/2020T01:00 0.0 647795970 646492160
01/11/2020T01:10 0.0 647919410 645652480
01/11/2020T01:20 5.9 648085415 648441856
01/11/2020T01:30 17.1 648227102 647081984
01/11/2020T01:40 3.1 648379440 651841536
01/11/2020T01:50 3.1 648560627 656297984
01/11/2020T02:00 6.2 648715357 653484032
01/11/2020T02:10 3.2 648957652 649408512
01/11/2020T02:20 0.0 649030922 649318400
01/11/2020T02:30 3.0 649156239 649060352
01/11/2020T02:40 8.8 649285315 653283328
01/11/2020T02:50 3.2 649440403 647737344
01/11/2020T03:00 3.1 649571236 649216000
01/11/2020T03:10 0.0 649713422 649490432
01/11/2020T03:20 3.1 649876626 650952704
01/11/2020T03:30 30.0 650048787 649805824
01/11/2020T03:40 0.0 650206967 649277440
01/11/2020T03:50 0.0 650332396 649678848
01/11/2020T04:00 3.0 650446678 648716288
01/11/2020T04:10 28.1 650678123 649990144
01/11/2020T04:20 3.3 650798814 650092544
01/11/2020T04:30 3.1 650962055 650473472
01/11/2020T04:40 0.0 651122407 649797632
01/11/2020T04:50 2.9 651275208 650522624
01/11/2020T05:00 3.0 651508456 649134080
01/11/2020T05:10 3.2 651716395 649805824
01/11/2020T05:20 6.1 651876299 652115968
01/11/2020T05:30 3.2 652078239 651431936
01/11/2020T05:40 20.0 652300596 650838016
01/11/2020T05:50 3.0 652501412 651743232
01/11/2020T06:00 6.1 652673979 650366976
01/11/2020T06:10 3.2 652964111 649392128
01/11/2020T06:20 0.0 653168119 652877824
01/11/2020T06:30 3.2 653436558 650436608
01/11/2020T06:40 0.0 653693372 650145792
01/11/2020T06:50 3.1 653888704 650178560
01/11/2020T07:00 3.2 654098014 648036352
01/11/2020T07:10 3.1 654352251 649732096
01/11/2020T07:20 3.2 654571724 653340672
01/11/2020T07:30 3.1 654836146 651145216
01/11/2020T07:40 3.3 655244550 651681792
01/11/2020T07:50 3.3 655541889 653262848
01/11/2020T08:00 3.2 655732033 652804096
01/11/2020T08:10 3.2 655930047 653197312
01/11/2020T08:20 3.1 656181363 652546048
01/11/2020T08:30 29.4 656361317 654413824
01/11/2020T08:40 0.0 656631121 654303232
01/11/2020T08:50 3.0 656914615 652177408
01/11/2020T09:00 2.9 657184494 653905920
01/11/2020T09:10 6.2 657501088 652914688
01/11/2020T09:20 0.0 657722584 655523840
01/11/2020T09:30 0.0 657983787 655609856
01/11/2020T09:40 0.0 658177646 656306176
01/11/2020T09:50 3.1 658319870 658550784
01/11/2020T10:00 3.0 658573280 656580608
01/11/2020T10:10 3.1 658927059 657833984
01/11/2020T10:20 3.0 659084076 656187392
01/11/2020T10:30 3.2 659258061 656232448
01/11/2020T10:40 0.0 659417717 657137664
01/11/2020T10:50 6.1 659625851 657829888
01/11/2020T11:00 3.1 659812197 658407424
01/11/2020T11:10 3.1 660015179 659881984
01/11/2020T11:20 5.9 660206706 662822912
01/11/2020T11:30 3.2 660481735 662466560
01/11/2020T11:40 0.0 660733601 661913600
01/11/2020T11:50 3.1 660938119 693321728
01/11/2020T12:00 3.3 661176693 688201728
01/11/2020T12:10 3.2 661436381 688979968
01/11/2020T12:20 3.1 661684309 688390144
01/11/2020T12:30 3.2 661943726 688680960
01/11/2020T12:40 0.0 662171587 688312320
01/11/2020T12:50 3.2 662379935 686764032
01/11/2020T13:00 0.0 662557432 687710208
01/11/2020T13:10 3.3 662890573 701009920
01/11/2020T13:20 3.1 663169773 693194752
01/11/2020T13:30 3.1 663504143 693137408
01/11/2020T13:40 3.3 663730154 693075968
01/11/2020T13:50 6.2 663888972 669212672
01/11/2020T14:00 3.3 664153254 670507008
01/11/2020T14:10 6.5 664518276 666382336
01/11/2020T14:20 32.1 664868980 667332608
01/11/2020T14:30 6.2 665066600 667086848
01/11/2020T14:40 26.7 665252847 668987392
01/11/2020T14:50 3.1 665519820 665030656
01/11/2020T15:00 3.0 665728923 664285184
01/11/2020T15:10 3.1 666051662 664592384
01/11/2020T15:20 0.0 666260620 668258304
01/11/2020T15:30 3.0 666477536 668160000
01/11/2020T15:40 3.1 666704913 667815936
01/11/2020T15:50 6.2 666913819 667754496
01/11/2020T16:00 3.2 667056818 667635712
01/11/2020T16:10 0.0 667250123 667893760
01/11/2020T16:20 3.1 667409111 668213248
01/11/2020T16:30 0.0 667718322 667664384
01/11/2020T16:40 3.3 667962424 669052928
01/11/2020T16:50 28.6 668272700 669151232
01/11/2020T17:00 0.0 668474618 669220864
01/11/2020T17:10 14.3 668703332 668119040
01/11/2020T17:20 3.3 668954112 670941184
01/11/2020T17:30 0.0 669139574 685723648
01/11/2020T17:40 0.0 669358801 676519936
01/11/2020T17:50 3.2 669611503 671580160
01/11/2020T18:00 6.2 670003661 672772096
01/11/2020T18:10 9.1 670436303 672129024
01/11/2020T18:20 3.2 670603221 672403456
01/11/2020T18:30 20.0 670805798 672505856
01/11/2020T18:40 3.1 671057232 670498816
01/11/2020T18:50 3.0 671270974 672010240
01/11/2020T19:00 0.0 671581959 671420416
01/11/2020T19:10 3.0 671849067 671485952
01/11/2020T19:20 3.2 672101740 679133184
01/11/2020T19:30 0.0 672323033 676425728
01/11/2020T19:40 3.2 672633465 674406400
01/11/2020T19:50 5.9 672971994 673628160
01/11/2020T20:00 3.1 673281061 673771520
01/11/2020T20:10 3.3 673563642 675172352
01/11/2020T20:20 3.1 673903931 675291136
01/11/2020T20:30 3.1 674231707 673521664
01/11/2020T20:40 3.1 674579135 672509952
01/11/2020T20:50 3.1 674867232 675225600
01/11/2020T21:00 8.8 675154556 675246080
01/11/2020T21:10 3.0 675398424 679911424
01/11/2020T21:20 0.0 675680866 677814272
01/11/2020T21:30 0.0 675948533 675487744
01/11/2020T21:40 3.3 676239865 677879808
01/11/2020T21:50 16.1 676522071 678187008
01/11/2020T22:00 3.0 676827947 678334464
01/11/2020T22:10 0.0 677118757 678150144
01/11/2020T22:20 3.3 677349342 677216256
01/11/2020T22:30 0.0 677660514 678031360
01/11/2020T22:40 3.2 677955700 678297600
01/11/2020T22:50 3.1 678205706 678002688
01/11/2020T23:00 3.1 678421361 677277696
01/11/2020T23:10 3.3 678707652 677646336
01/11/2020T23:20 0.0 678951951 681467904
01/11/2020T23:30 0.0 679242762 680812544
01/11/2020T23:40 3.0 679409927 679960576
01/11/2020T23:50 3.1 679646343 680611840
02/11/2020T00:00 43.8 679871348 697294848
02/11/2020T00:10 9.4 680101368 682168320
02/11/2020T00:20 0.0 680237009 681906176
02/11/2020T00:30 0.0 680461088 681775104
02/11/2020T00:40 0.0 680699479 680828928
02/11/2020T00:50 3.2 680866391 680767488
02/11/2020T01:00 3.2 681172179 680005632
02/11/2020T01:10 0.0 681293720 679567360
02/11/2020T01:20 0.0 681509153 683352064
02/11/2020T01:30 3.2 681699765 684396544
02/11/2020T01:40 3.1 681818623 684687360
02/11/2020T01:50 6.2 682000931 688304128
02/11/2020T02:00 3.1 682147294 683565056
02/11/2020T02:10 3.1 682331545 685219840
02/11/2020T02:20 3.2 682458798 684490752
02/11/2020T02:30 6.5 682642469 684781568
02/11/2020T02:40 6.1 682843062 692051968
02/11/2020T02:50 0.0 682985088 688693248
02/11/2020T03:00 3.1 683159755 688029696
02/11/2020T03:10 0.0 683334917 688881664
02/11/2020T03:20 3.2 683505964 691736576
02/11/2020T03:30 3.2 683649014 691802112
02/11/2020T03:40 0.0 683793802 691679232
02/11/2020T03:50 0.0 683933620 690974720
02/11/2020T04:00 3.2 684101270 691970048
02/11/2020T04:10 3.1 684192361 691740672
02/11/2020T04:20 3.1 684329699 692015104
02/11/2020T04:30 6.1 684669197 691879936
02/11/2020T04:40 6.2 684980032 688984064
02/11/2020T04:50 0.0 685100135 687968256
02/11/2020T05:00 3.0 685260245 688635904
02/11/2020T05:10 6.5 685456560 688480256
02/11/2020T05:20 9.7 685685887 691265536
02/11/2020T05:30 3.2 685803691 690012160
02/11/2020T05:40 10.0 685968015 691556352
02/11/2020T05:50 3.3 686112932 698490880
02/11/2020T06:00 3.2 686263206 694755328
02/11/2020T06:10 0.0 686443073 691814400
02/11/2020T06:20 3.1 686531573 696991744
02/11/2020T06:30 6.2 686745418 701558784
02/11/2020T06:40 6.2 686937369 696856576
02/11/2020T06:50 0.0 687087436 694706176
02/11/2020T07:00 6.1 687244229 695873536
02/11/2020T07:10 3.2 687535356 699064320
02/11/2020T07:20 9.7 687707566 697663488
02/11/2020T07:30 3.0 687828638 699789312
02/11/2020T07:40 3.0 687942437 701091840
02/11/2020T07:50 3.1 688133452 709066752
02/11/2020T08:00 3.2 688298280 710049792
02/11/2020T08:10 3.2 688565958 711389184
02/11/2020T08:20 3.1 688779976 712417280
02/11/2020T08:30 3.3 688963474 708960256
02/11/2020T08:40 3.1 689116198 708288512
02/11/2020T08:50 3.0 689306456 707743744
02/11/2020T09:00 2.9 689531324 708452352
02/11/2020T09:10 3.1 689724525 707620864
02/11/2020T09:20 3.2 689920409 710987776
02/11/2020T09:30 0.0 690084617 710590464
02/11/2020T09:40 3.1 690327617 709967872
02/11/2020T09:50 0.0 690608956 711344128
02/11/2020T10:00 3.1 690835642 711798784
02/11/2020T10:10 3.2 691032077 710258688
02/11/2020T10:20 0.0 691416683 711864320
02/11/2020T10:30 3.1 691587310 711610368
02/11/2020T10:40 3.1 691858462 710914048
02/11/2020T10:50 3.2 692032155 710647808
02/11/2020T11:00 3.4 692207572 709464064
02/11/2020T11:10 3.2 692389735 711589888
02/11/2020T11:20 6.7 692580672 713912320
02/11/2020T11:30 3.0 692862268 713699328
02/11/2020T11:40 6.2 693000817 713621504
02/11/2020T11:50 3.1 693338962 713621504
02/11/2020T12:00 3.2 693558181 714035200
02/11/2020T12:10 3.2 693801410 713232384
02/11/2020T12:20 3.1 693996334 714457088
02/11/2020T12:30 0.0 694230845 716828672
02/11/2020T12:40 3.1 694504434 714334208
02/11/2020T12:50 6.5 694681850 713646080
02/11/2020T13:00 6.2 694829948 713605120
02/11/2020T13:10 3.0 695032614 723750912
02/11/2020T13:20 6.2 695324609 716443648
02/11/2020T13:30 0.0 695606302 717307904
02/11/2020T13:40 6.2 695905912 717197312
02/11/2020T13:50 3.1 696127651 715788288
02/11/2020T14:00 3.2 696314069 717090816
02/11/2020T14:10 0.0 696626024 717021184
02/11/2020T14:20 6.1 696742674 716398592
02/11/2020T14:30 3.2 697018235 717819904
02/11/2020T14:40 6.2 697239476 717230080
02/11/2020T14:50 3.1 697561235 714727424
02/11/2020T15:00 0.0 697820366 714600448
02/11/2020T15:10 0.0 698235283 716414976
02/11/2020T15:20 0.0 698394602 716374016
02/11/2020T15:30 0.0 698749040 717459456
02/11/2020T15:40 3.2 699126403 719290368
02/11/2020T15:50 3.1 699406504 716394496
02/11/2020T16:00 0.0 699561859 718938112
02/11/2020T16:10 3.1 699693918 717213696
02/11/2020T16:20 3.2 699944316 723755008
02/11/2020T16:30 5.7 700140729 718036992
02/11/2020T16:40 3.3 700353884 719589376
02/11/2020T16:50 0.0 700605331 718974976
02/11/2020T17:00 0.0 700898630 719761408
02/11/2020T17:10 6.1 701212711 720457728
02/11/2020T17:20 3.0 701600880 720265216
02/11/2020T17:30 3.2 701899148 722624512
02/11/2020T17:40 3.1 702102381 721379328
02/11/2020T17:50 6.1 702419364 720568320
02/11/2020T18:00 0.0 702693531 721248256
02/11/2020T18:10 0.0 703196167 721207296
02/11/2020T18:20 12.5 703635808 721571840
02/11/2020T18:30 6.1 703998814 721272832
02/11/2020T18:40 0.0 704264576 719740928
02/11/2020T18:50 0.0 704516858 719867904
02/11/2020T19:00 0.0 704766749 719249408
02/11/2020T19:10 2.9 705152203 720711680
02/11/2020T19:20 0.0 705462466 724013056
02/11/2020T19:30 9.1 705874588 724389888
02/11/2020T19:40 6.2 706136183 723505152
02/11/2020T19:50 3.1 706481102 721833984
02/11/2020T20:00 0.0 706966219 724090880
02/11/2020T20:10 0.0 707347251 723345408
02/11/2020T20:20 3.2 707757217 723001344
02/11/2020T20:30 3.1 708047351 724267008
02/11/2020T20:40 30.0 708465741 724250624
02/11/2020T20:50 3.1 708731450 723615744
02/11/2020T21:00 3.1 709040423 724127744
02/11/2020T21:10 0.0 709402061 727330816
02/11/2020T21:20 0.0 709679473 731865088
02/11/2020T21:30 3.2 709915420 725860352
02/11/2020T21:40 6.5 710128961 726618112
02/11/2020T21:50 0.0 710448593 730431488
02/11/2020T22:00 0.0 710657480 731934720
02/11/2020T22:10 3.2 710905962 732434432
02/11/2020T22:20 6.1 711088529 732233728
02/11/2020T22:30 0.0 711330965 732598272
02/11/2020T22:40 3.2 711547681 732766208
02/11/2020T22:50 0.0 711837423 733192192
02/11/2020T23:00 3.1 712113799 764477440
02/11/2020T23:10 3.2 712283559 758792192
02/11/2020T23:20 3.1 712510372 763641856
02/11/2020T23:30 6.1 712698249 763265024
02/11/2020T23:40 3.2 712856880 763514880
02/11/2020T23:50 3.0 713022070 765497344
03/11/2020T00:00 22.5 713173931 780980224
03/11/2020T00:10 3.1 713342733 768499712
03/11/2020T00:20 0.0 713460014 763793408
03/11/2020T00:30 6.1 713612768 763686912
03/11/2020T00:40 3.1 713749138 763727872
03/11/2020T00:50 6.2 713928023 764071936
03/11/2020T01:00 3.1 714075878 739831808
03/11/2020T01:10 3.2 714252200 737214464
03/11/2020T01:20 3.2 714403867 739291136
03/11/2020T01:30 0.0 714547161 738656256
03/11/2020T01:40 6.5 714670257 739209216
03/11/2020T01:50 0.0 714806858 738643968
03/11/2020T02:00 3.2 714958842 739373056
03/11/2020T02:10 0.0 715121294 738209792
03/11/2020T02:20 0.0 715274483 737628160
03/11/2020T02:30 6.1 715364036 737472512
03/11/2020T02:40 3.0 715479754 737787904
03/11/2020T02:50 0.0 715618985 738365440
03/11/2020T03:00 0.0 715787990 738041856
03/11/2020T03:10 3.2 715913958 739094528
03/11/2020T03:20 3.0 716114971 741269504
03/11/2020T03:30 3.0 716263148 741064704
03/11/2020T03:40 6.5 716389321 741425152
03/11/2020T03:50 3.1 716528850 741855232
03/11/2020T04:00 3.2 716665385 747835392
03/11/2020T04:10 0.0 716811546 744681472
03/11/2020T04:20 3.0 717009087 741711872
03/11/2020T04:30 0.0 717178250 740257792
03/11/2020T04:40 0.0 717463371 741175296
03/11/2020T04:50 3.3 717923118 740995072
03/11/2020T05:00 0.0 718181746 739766272
03/11/2020T05:10 3.2 718433179 741228544
03/11/2020T05:20 3.3 718608139 743960576
03/11/2020T05:30 0.0 718771772 744787968
03/11/2020T05:40 0.0 718888299 743743488
03/11/2020T05:50 0.0 719026901 744914944
03/11/2020T06:00 6.2 719199560 744787968
03/11/2020T06:10 0.0 719425858 743743488
03/11/2020T06:20 0.0 719690753 744796160
03/11/2020T06:30 3.1 719863503 744886272
03/11/2020T06:40 0.0 720078682 746860544
03/11/2020T06:50 6.2 720343199 743854080
03/11/2020T07:00 3.0 721201197 760647680
03/11/2020T07:10 3.3 721568358 749535232
03/11/2020T07:20 3.2 721645759 749096960
03/11/2020T07:30 0.0 721754363 748507136
03/11/2020T07:40 3.0 722110487 748097536
03/11/2020T07:50 0.0 722440352 748437504
03/11/2020T08:00 3.1 722639122 756973568
03/11/2020T08:10 3.0 722887629 752672768
03/11/2020T08:20 0.0 723120318 753463296
03/11/2020T08:30 6.2 723272826 752951296
03/11/2020T08:40 3.0 723489400 751443968
03/11/2020T08:50 3.2 723779714 752967680
03/11/2020T09:00 3.0 723997458 752410624
03/11/2020T09:10 0.0 724462592 751009792
03/11/2020T09:20 5.9 724648994 755081216
03/11/2020T09:30 0.0 724870977 758140928
03/11/2020T09:40 2.9 725116460 755961856
03/11/2020T09:50 9.1 725433664 755843072
03/11/2020T10:00 5.9 725767002 754204672
03/11/2020T10:10 0.0 726126116 751403008
03/11/2020T10:20 3.0 726364045 750321664
03/11/2020T10:30 0.0 726606252 752136192
03/11/2020T10:40 3.2 727065594 752578560
03/11/2020T10:50 5.9 727253610 751398912
03/11/2020T11:00 3.2 727452597 752189440
03/11/2020T11:10 3.1 727697707 751980544
03/11/2020T11:20 12.5 727928465 752398336
03/11/2020T11:30 6.2 728157373 754774016
03/11/2020T11:40 3.1 728398556 756101120
03/11/2020T11:50 6.1 728590877 754225152
03/11/2020T12:00 3.2 728893124 755548160
03/11/2020T12:10 0.0 729182336 754528256
03/11/2020T12:20 28.6 729524168 754970624
03/11/2020T12:30 0.0 729717998 755576832
03/11/2020T12:40 0.0 729857558 755232768
03/11/2020T12:50 5.7 730135264 756269056
03/11/2020T13:00 0.0 730353674 755347456
03/11/2020T13:10 8.8 730729018 755392512
03/11/2020T13:20 3.2 730972050 769966080
03/11/2020T13:30 3.2 731147745 759410688
03/11/2020T13:40 3.1 731303904 759836672
03/11/2020T13:50 6.2 731425078 759586816
03/11/2020T14:00 6.2 731806875 758960128
03/11/2020T14:10 0.0 732015761 759549952
03/11/2020T14:20 3.4 732238433 761569280
03/11/2020T14:30 0.0 732469988 759762944
03/11/2020T14:40 6.1 732686337 774004736
03/11/2020T14:50 6.1 732986813 764551168
03/11/2020T15:00 3.1 733322430 763580416
03/11/2020T15:10 0.0 733686978 760131584
03/11/2020T15:20 3.1 733842259 762417152
03/11/2020T15:30 0.0 734029144 761122816
03/11/2020T15:40 0.0 734333429 762318848
03/11/2020T15:50 3.0 734511315 761843712
03/11/2020T16:00 0.0 734619049 762900480
03/11/2020T16:10 6.2 734912448 762224640
03/11/2020T16:20 3.2 735138500 773058560
03/11/2020T16:30 3.1 735398430 766791680
03/11/2020T16:40 3.3 735681496 765681664
03/11/2020T16:50 9.1 735881444 767250432
03/11/2020T17:00 6.5 736113046 765108224
03/11/2020T17:10 35.5 736381249 785989632
03/11/2020T17:20 6.2 736622498 768471040
03/11/2020T17:30 3.1 736744740 769769472
03/11/2020T17:40 6.1 736904914 769081344
03/11/2020T17:50 0.0 737189608 769572864
03/11/2020T18:00 8.8 737397470 773001216
03/11/2020T18:10 3.2 737680620 783503360
03/11/2020T18:20 0.0 737882290 775688192
03/11/2020T18:30 30.3 738080806 777080832
03/11/2020T18:40 0.0 738243450 775659520
03/11/2020T18:50 3.0 738411796 776568832
03/11/2020T19:00 6.2 738655580 776933376
03/11/2020T19:10 0.0 738740354 775102464
03/11/2020T19:20 0.0 739036235 779251712
03/11/2020T19:30 3.3 739244640 779239424
03/11/2020T19:40 3.2 739644024 777867264
03/11/2020T19:50 3.2 739902627 777048064
03/11/2020T20:00 0.0 740074202 778371072
03/11/2020T20:10 3.1 740281892 777523200
03/11/2020T20:20 3.2 740616907 778432512
03/11/2020T20:30 0.0 740894122 778166272
03/11/2020T20:40 3.0 741176290 778424320
03/11/2020T20:50 3.2 741530784 778420224
03/11/2020T21:00 3.2 741789748 777973760
03/11/2020T21:10 6.2 742156227 780013568
03/11/2020T21:20 3.1 742384073 778608640
03/11/2020T21:30 3.2 742648786 788922368
03/11/2020T21:40 3.0 742917590 784486400
03/11/2020T21:50 3.2 743209027 783257600
03/11/2020T22:00 3.4 743557042 783749120
03/11/2020T22:10 3.3 743841752 783077376
03/11/2020T22:20 3.2 744205365 782778368
03/11/2020T22:30 6.1 744449252 782643200
03/11/2020T22:40 0.0 744666867 784760832
03/11/2020T22:50 0.0 744868384 783073280
03/11/2020T23:00 3.2 745102310 783589376
03/11/2020T23:10 3.2 745366943 794607616
03/11/2020T23:20 0.0 745608694 791416832
03/11/2020T23:30 22.6 745815646 789516288
03/11/2020T23:40 3.0 746053092 786599936
03/11/2020T23:50 0.0 746209915 786747392
04/11/2020T00:00 34.4 746443891 802721792
04/11/2020T00:10 3.1 746547881 786411520
04/11/2020T00:20 0.0 746718171 788942848
04/11/2020T00:30 6.2 746855890 787542016
04/11/2020T00:40 0.0 747056996 785833984
04/11/2020T00:50 0.0 747218173 786034688
04/11/2020T01:00 3.1 747359654 787333120
04/11/2020T01:10 6.5 747520704 785870848
04/11/2020T01:20 0.0 747643869 789835776
04/11/2020T01:30 3.0 747766749 788652032
04/11/2020T01:40 0.0 747968479 789573632
04/11/2020T01:50 3.0 748131333 790183936
04/11/2020T02:00 6.1 748303111 792903680
04/11/2020T02:10 3.2 748471217 790679552
04/11/2020T02:20 3.3 748614760 789561344
04/11/2020T02:30 3.1 748771516 790106112
04/11/2020T02:40 3.1 748898492 789725184
04/11/2020T02:50 3.0 749027852 789864448
04/11/2020T03:00 0.0 749225003 789852160
04/11/2020T03:10 3.0 749479061 789360640
04/11/2020T03:20 3.1 749724548 790065152
04/11/2020T03:30 3.0 749878883 792039424
04/11/2020T03:40 5.9 749985213 791658496
04/11/2020T03:50 0.0 750178340 791699456
04/11/2020T04:00 3.1 750326101 792211456
04/11/2020T04:10 0.0 750541889 792387584
04/11/2020T04:20 3.0 750731117 792141824
04/11/2020T04:30 0.0 750932563 792297472
04/11/2020T04:40 3.1 751077335 791756800
04/11/2020T04:50 0.0 751258157 791044096
04/11/2020T05:00 6.7 751484581 792403968
04/11/2020T05:10 3.0 751745343 791900160
04/11/2020T05:20 3.1 751998776 792436736
04/11/2020T05:30 3.2 752145435 793300992
04/11/2020T05:40 3.2 752358128 794025984
04/11/2020T05:50 0.0 752489605 793309184
04/11/2020T06:00 3.1 752624934 799784960
04/11/2020T06:10 0.0 752781921 806273024
04/11/2020T06:20 0.0 753004301 803311616
04/11/2020T06:30 3.2 753180881 804540416
04/11/2020T06:40 3.1 753339867 803606528
04/11/2020T06:50 6.2 753496156 803635200
04/11/2020T07:00 0.0 753695293 807108608
04/11/2020T07:10 0.0 754006933 806793216
04/11/2020T07:20 6.1 754235684 802656256
04/11/2020T07:30 3.1 754528784 805937152
04/11/2020T07:40 6.2 754956767 803569664
04/11/2020T07:50 0.0 755210316 803635200
04/11/2020T08:00 3.0 755387182 805347328
04/11/2020T08:10 6.1 755591082 805257216
04/11/2020T08:20 3.1 755888234 806567936
04/11/2020T08:30 6.5 756155384 805527552
04/11/2020T08:40 3.1 756414075 803921920
04/11/2020T08:50 3.0 756660062 805687296
04/11/2020T09:00 6.1 756930168 807989248
04/11/2020T09:10 3.0 757233772 802594816
04/11/2020T09:20 0.0 757440388 804962304
04/11/2020T09:30 8.8 757787811 806014976
04/11/2020T09:40 3.1 758017680 806236160
04/11/2020T09:50 6.1 758317434 806215680
04/11/2020T10:00 0.0 758503252 806187008
04/11/2020T10:10 3.1 758744140 806469632
04/11/2020T10:20 3.2 759029201 805347328
04/11/2020T10:30 3.1 759277148 807026688
04/11/2020T10:40 0.0 759508591 805273600
04/11/2020T10:50 0.0 759689079 805634048
04/11/2020T11:00 3.1 759812894 805376000
04/11/2020T11:10 0.0 759983909 807424000
04/11/2020T11:20 6.1 760289955 805244928
04/11/2020T11:30 3.1 760723461 806629376
04/11/2020T11:40 5.9 760878802 805969920
04/11/2020T11:50 0.0 761136033 806318080
04/11/2020T12:00 0.0 761393462 806076416
04/11/2020T12:10 3.1 761639298 807186432
04/11/2020T12:20 3.1 761887914 808075264
04/11/2020T12:30 21.2 762012799 806621184
04/11/2020T12:40 0.0 762173224 807444480
04/11/2020T12:50 0.0 762420281 808693760
04/11/2020T13:00 10.3 762644852 808386560
04/11/2020T13:10 3.1 762810090 806883328
04/11/2020T13:20 6.2 762980147 817156096
04/11/2020T13:30 3.1 763108615 814907392
04/11/2020T13:40 6.2 763336567 810684416
04/11/2020T13:50 3.3 763481241 810352640
04/11/2020T14:00 0.0 763712246 809697280
04/11/2020T14:10 3.1 764059760 810229760
04/11/2020T14:20 3.1 764157410 812888064
04/11/2020T14:30 12.9 764337014 818106368
04/11/2020T14:40 0.0 764486177 817582080
04/11/2020T14:50 6.2 764638474 819208192
04/11/2020T15:00 0.0 764854341 820178944
04/11/2020T15:10 0.0 765045234 818282496
04/11/2020T15:20 6.1 765270992 819761152
04/11/2020T15:30 6.1 765488563 819253248
04/11/2020T15:40 6.5 765669664 819589120
04/11/2020T15:50 3.1 766076667 818589696
04/11/2020T16:00 0.0 766225654 818835456
04/11/2020T16:10 3.2 766538642 824246272
04/11/2020T16:20 0.0 766729711 824590336
04/11/2020T16:30 3.2 766878370 824176640
04/11/2020T16:40 3.1 767005699 826175488
04/11/2020T16:50 0.0 767201678 823914496
04/11/2020T17:00 6.2 767787781 824307712
04/11/2020T17:10 3.0 768530391 823615488
04/11/2020T17:20 3.2 768619462 823816192
04/11/2020T17:30 0.0 768762275 826630144
04/11/2020T17:40 6.2 768851672 856416256
04/11/2020T17:50 9.4 769133229 854773760
04/11/2020T18:00 3.2 769348335 852402176
04/11/2020T18:10 3.2 769511213 853516288
04/11/2020T18:20 0.0 769633358 853975040
04/11/2020T18:30 0.0 769783908 853065728
04/11/2020T18:40 3.1 769987678 853319680
04/11/2020T18:50 6.1 770149432 853540864
04/11/2020T19:00 9.1 771103952 858177536
04/11/2020T19:10 0.0 771384532 853446656
04/11/2020T19:20 3.2 771445230 852668416
04/11/2020T19:30 3.1 771521055 856760320
04/11/2020T19:40 0.0 771591236 857010176
04/11/2020T19:50 3.1 771849595 854708224
04/11/2020T20:00 3.1 771998607 858165248
04/11/2020T20:10 3.1 772197361 857096192
04/11/2020T20:20 3.3 772369068 855199744
04/11/2020T20:30 3.1 772543312 855076864
04/11/2020T20:40 0.0 772647216 856182784
04/11/2020T20:50 0.0 772905425 855781376
04/11/2020T21:00 6.7 773257309 832339968
04/11/2020T21:10 0.0 773400928 833388544
04/11/2020T21:20 3.1 773524306 832360448
04/11/2020T21:30 0.0 773655229 832094208
04/11/2020T21:40 0.0 773782551 832462848
04/11/2020T21:50 3.1 773920870 832020480
04/11/2020T22:00 6.2 774060463 832249856
04/11/2020T22:10 9.4 774235704 833187840
04/11/2020T22:20 3.2 774446383 832663552
04/11/2020T22:30 6.1 774628911 835162112
04/11/2020T22:40 3.1 774785285 833576960
04/11/2020T22:50 0.0 774944134 834015232
04/11/2020T23:00 0.0 775129771 835330048
04/11/2020T23:10 3.0 775284586 834334720
04/11/2020T23:20 0.0 775412203 831787008
04/11/2020T23:30 3.0 775540287 836812800
04/11/2020T23:40 3.2 775723405 837464064
04/11/2020T23:50 3.2 775852882 837345280
05/11/2020T00:00 28.6 775993620 850563072
05/11/2020T00:10 0.0 776152269 841052160
05/11/2020T00:20 3.1 776343469 839368704
05/11/2020T00:30 3.0 776508920 837271552
05/11/2020T00:40 3.1 776652227 837136384
05/11/2020T00:50 6.1 776804592 836231168
05/11/2020T01:00 3.1 776977377 836403200
05/11/2020T01:10 3.2 777171479 835141632
05/11/2020T01:20 3.1 777342575 837410816
05/11/2020T01:30 6.1 777508418 840343552
05/11/2020T01:40 3.2 777637368 842358784
05/11/2020T01:50 0.0 777786811 839016448
05/11/2020T02:00 6.2 777919311 840421376
05/11/2020T02:10 3.2 778060096 842649600
05/11/2020T02:20 3.1 778217112 840560640
05/11/2020T02:30 0.0 778373934 840552448
05/11/2020T02:40 3.0 778493582 844935168
05/11/2020T02:50 0.0 778625396 840224768
05/11/2020T03:00 0.0 778753048 840568832
05/11/2020T03:10 6.2 778892086 839565312
05/11/2020T03:20 3.2 779036153 840712192
05/11/2020T03:30 0.0 779164923 842240000
05/11/2020T03:40 0.0 779312419 843280384
05/11/2020T03:50 3.2 779462675 840773632
05/11/2020T04:00 3.1 779612433 843321344
05/11/2020T04:10 3.0 779800172 847372288
05/11/2020T04:20 6.2 779994878 844480512
05/11/2020T04:30 3.2 780122462 842113024
05/11/2020T04:40 0.0 780285039 843976704
05/11/2020T04:50 3.2 780456777 843530240
05/11/2020T05:00 6.2 780628012 842121216
05/11/2020T05:10 3.1 780807501 844406784
05/11/2020T05:20 6.2 780972169 844009472
05/11/2020T05:30 15.2 781207353 847593472
05/11/2020T05:40 5.9 781304804 845496320
05/11/2020T05:50 0.0 781495248 847163392
05/11/2020T06:00 3.1 781665066 846229504
05/11/2020T06:10 3.0 781788096 856203264
05/11/2020T06:20 3.0 781928981 851120128
05/11/2020T06:30 0.0 782079084 854958080
05/11/2020T06:40 0.0 782269411 850489344
05/11/2020T06:50 0.0 782419490 852819968
05/11/2020T07:00 3.1 782598474 851611648
05/11/2020T07:10 3.0 782783565 851591168
05/11/2020T07:20 0.0 782912415 851537920
05/11/2020T07:30 14.3 783045042 854814720
05/11/2020T07:40 3.1 783264929 853581824
05/11/2020T07:50 0.0 783379230 854200320
05/11/2020T08:00 3.1 783530732 854773760
05/11/2020T08:10 6.2 784217407 852406272
05/11/2020T08:20 0.0 784338512 850509824
05/11/2020T08:30 3.0 784416198 850182144
05/11/2020T08:40 9.1 784533926 849596416
05/11/2020T08:50 0.0 784726920 849850368
05/11/2020T09:00 5.7 784873634 850485248
05/11/2020T09:10 3.2 785061109 850767872
05/11/2020T09:20 3.1 785227085 850833408
05/11/2020T09:30 0.0 785362969 853688320
05/11/2020T09:40 0.0 785568710 853278720
05/11/2020T09:50 6.5 785676317 853794816
05/11/2020T10:00 0.0 786055738 853909504
05/11/2020T10:10 3.1 786865191 852168704
05/11/2020T10:20 3.2 787001104 853151744
05/11/2020T10:30 6.5 787097760 854585344
05/11/2020T10:40 3.1 787318688 856313856
05/11/2020T10:50 3.0 787565121 854020096
05/11/2020T11:00 0.0 787746453 853061632
05/11/2020T11:10 3.0 787893666 854515712
05/11/2020T11:20 6.1 788073028 855764992
05/11/2020T11:30 3.0 788309938 857350144
05/11/2020T11:40 3.1 788504040 856686592
05/11/2020T11:50 3.1 788664880 856113152
05/11/2020T12:00 6.1 788830071 856870912
05/11/2020T12:10 3.2 788930773 861569024
05/11/2020T12:20 6.2 789186730 857186304
05/11/2020T12:30 0.0 789364918 855629824
05/11/2020T12:40 0.0 789498113 856326144
05/11/2020T12:50 3.1 789699679 858386432
05/11/2020T13:00 5.9 789865199 856121344
05/11/2020T13:10 3.1 790093424 855793664
05/11/2020T13:20 3.1 790277700 857141248
05/11/2020T13:30 0.0 790446592 871481344
05/11/2020T13:40 3.1 790718444 864268288
05/11/2020T13:50 3.2 791030446 861925376
05/11/2020T14:00 3.3 791198431 863330304
05/11/2020T14:10 0.0 791367950 863518720
05/11/2020T14:20 3.1 791561683 860340224
05/11/2020T14:30 3.2 791790168 862986240
05/11/2020T14:40 0.0 792013110 863145984
05/11/2020T14:50 9.4 792204532 863776768
05/11/2020T15:00 0.0 792578879 860487680
05/11/2020T15:10 0.0 792889561 863604736
05/11/2020T15:20 0.0 793116671 865280000
05/11/2020T15:30 6.5 793951994 866897920
05/11/2020T15:40 3.1 794476059 866111488
05/11/2020T15:50 6.1 794587455 867377152
05/11/2020T16:00 3.2 794692986 865374208
05/11/2020T16:10 3.2 794783770 864198656
05/11/2020T16:20 16.7 794909481 864051200
05/11/2020T16:30 12.5 795133425 864272384
05/11/2020T16:40 0.0 795405755 864862208
05/11/2020T16:50 3.2 795577244 865538048
05/11/2020T17:00 0.0 795884190 865505280
05/11/2020T17:10 3.0 796101325 865333248
05/11/2020T17:20 0.0 796346312 864882688
05/11/2020T17:30 0.0 796612427 868564992
05/11/2020T17:40 0.0 796795614 866177024
05/11/2020T17:50 3.0 796958638 868802560
05/11/2020T18:00 3.2 797164895 869396480
05/11/2020T18:10 9.1 797460049 869433344
05/11/2020T18:20 39.4 797676356 869818368
05/11/2020T18:30 3.2 797957695 869310464
05/11/2020T18:40 3.1 798155816 869748736
05/11/2020T18:50 0.0 798373215 869744640
05/11/2020T19:00 6.1 798603177 869519360
05/11/2020T19:10 6.2 798800305 869756928
05/11/2020T19:20 0.0 798914959 869535744
05/11/2020T19:30 0.0 799090813 872796160
05/11/2020T19:40 2.9 799259763 872775680
05/11/2020T19:50 3.1 799468700 872628224
05/11/2020T20:00 3.0 799666372 872640512
05/11/2020T20:10 0.0 799889820 873058304
05/11/2020T20:20 3.1 800083307 874762240
05/11/2020T20:30 3.2 800281055 872796160
05/11/2020T20:40 3.1 800477292 872734720
05/11/2020T20:50 0.0 800653620 871669760
05/11/2020T21:00 3.0 800907791 873058304
05/11/2020T21:10 3.2 801087772 875204608
05/11/2020T21:20 21.4 801372622 873263104
05/11/2020T21:30 37.5 801572422 877056000
05/11/2020T21:40 3.2 801758873 876519424
05/11/2020T21:50 3.1 802023015 876281856
05/11/2020T22:00 9.4 802228189 876158976
05/11/2020T22:10 35.5 802497328 874946560
05/11/2020T22:20 3.1 802671388 877133824
05/11/2020T22:30 0.0 802865721 876011520
05/11/2020T22:40 6.1 803082939 874729472
05/11/2020T22:50 3.2 803295055 874774528
05/11/2020T23:00 3.1 803508474 876179456
05/11/2020T23:10 9.7 803700943 876523520
05/11/2020T23:20 0.0 803930012 876466176
05/11/2020T23:30 3.0 804151705 877015040
05/11/2020T23:40 0.0 804404378 878206976
05/11/2020T23:50 0.0 804577831 879120384
06/11/2020T00:00 16.1 804794999 896507904
06/11/2020T00:10 3.2 804920113 878448640
06/11/2020T00:20 3.1 805116422 880222208
06/11/2020T00:30 6.1 805270083 877674496
06/11/2020T00:40 3.1 805410118 879017984
06/11/2020T00:50 6.1 805556489 878972928
06/11/2020T01:00 3.2 805701478 879067136
06/11/2020T01:10 3.1 805857619 879538176
06/11/2020T01:20 3.1 806010816 879542272
06/11/2020T01:30 0.0 806198416 883326976
06/11/2020T01:40 14.3 806322541 886620160
06/11/2020T01:50 21.9 806477335 882962432
06/11/2020T02:00 0.0 806630229 883482624
06/11/2020T02:10 3.1 806748556 882733056
06/11/2020T02:20 6.2 806903043 883982336
06/11/2020T02:30 3.1 807042241 887185408
06/11/2020T02:40 2.9 807165243 882630656
06/11/2020T02:50 3.2 807262308 882614272
06/11/2020T03:00 3.2 807443213 882675712
06/11/2020T03:10 0.0 808494133 881995776
06/11/2020T03:20 0.0 808624629 881901568
06/11/2020T03:30 0.0 809682540 885579776
06/11/2020T03:40 3.1 809839382 885760000
06/11/2020T03:50 0.0 810659843 884736000
06/11/2020T04:00 9.7 810736651 887365632
06/11/2020T04:10 3.2 810836565 886939648
06/11/2020T04:20 3.1 810909748 887836672
06/11/2020T04:30 6.9 811245588 885506048
06/11/2020T04:40 6.1 812552945 918540288
06/11/2020T04:50 0.0 812702277 911736832
06/11/2020T05:00 0.0 812785095 913715200
06/11/2020T05:10 3.1 812890412 913084416
06/11/2020T05:20 3.0 813013686 914362368
06/11/2020T05:30 3.2 813087304 913715200
06/11/2020T05:40 3.3 813234643 916332544
06/11/2020T05:50 3.1 813451801 918380544
06/11/2020T06:00 0.0 813645449 916500480
06/11/2020T06:10 9.4 813853388 924246016
06/11/2020T06:20 3.2 813992281 920645632
06/11/2020T06:30 3.1 814181050 917307392
06/11/2020T06:40 3.2 814325560 893980672
06/11/2020T06:50 0.0 814516492 889184256
06/11/2020T07:00 3.0 814653531 891506688
06/11/2020T07:10 3.1 814909650 891416576
06/11/2020T07:20 3.1 815059302 891527168
06/11/2020T07:30 6.1 815200363 892751872
06/11/2020T07:40 0.0 815438759 894607360
06/11/2020T07:50 5.6 815600737 893071360
06/11/2020T08:00 0.0 815880892 895393792
06/11/2020T08:10 3.2 816150865 894042112
06/11/2020T08:20 3.2 816326758 894369792
06/11/2020T08:30 6.2 816526716 893235200
06/11/2020T08:40 6.1 816729399 893988864
06/11/2020T08:50 3.1 816875539 893702144
06/11/2020T09:00 0.0 816991416 894087168
06/11/2020T09:10 6.2 818223478 893923328
06/11/2020T09:20 3.1 818295419 893403136
06/11/2020T09:30 6.1 818361522 896479232
06/11/2020T09:40 3.1 818450693 894373888
06/11/2020T09:50 3.1 818527224 896139264
06/11/2020T10:00 12.9 818621712 895725568
06/11/2020T10:10 0.0 818828065 894537728
06/11/2020T10:20 0.0 819719574 895057920
06/11/2020T10:30 26.5 820006393 895438848
06/11/2020T10:40 6.2 820081947 895541248
06/11/2020T10:50 3.1 820235280 896221184
06/11/2020T11:00 3.1 820413574 894885888
06/11/2020T11:10 6.1 820674316 899751936
06/11/2020T11:20 6.2 820868894 895303680
06/11/2020T11:30 27.3 821008605 900108288
06/11/2020T11:40 3.0 821298951 898752512
06/11/2020T11:50 9.1 821534006 900059136
06/11/2020T12:00 0.0 821681907 898711552
06/11/2020T12:10 5.9 821881097 900231168
06/11/2020T12:20 3.2 822095570 899313664
06/11/2020T12:30 0.0 822250617 900444160
06/11/2020T12:40 3.0 822418088 900468736
06/11/2020T12:50 6.1 822594681 899211264
06/11/2020T13:00 3.0 822878106 900280320
06/11/2020T13:10 0.0 823090601 901091328
06/11/2020T13:20 0.0 823152166 901066752
06/11/2020T13:30 3.2 823322392 918597632
06/11/2020T13:40 0.0 823538221 905674752
06/11/2020T13:50 27.3 823688749 907870208
06/11/2020T14:00 3.1 823998278 907632640
06/11/2020T14:10 3.1 824154667 907784192
06/11/2020T14:20 3.2 824507406 904744960
06/11/2020T14:30 3.2 824740045 908587008
06/11/2020T14:40 0.0 824864423 906575872
06/11/2020T14:50 0.0 825028172 906911744
06/11/2020T15:00 29.0 825215598 907718656
06/11/2020T15:10 0.0 825461445 907603968
06/11/2020T15:20 3.2 825615848 907489280
06/11/2020T15:30 0.0 825821449 909848576
06/11/2020T15:40 3.2 826139298 910360576
06/11/2020T15:50 0.0 826589175 910241792
06/11/2020T16:00 3.2 826872101 910438400
06/11/2020T16:10 3.2 827085482 911183872
06/11/2020T16:20 3.3 827316697 909242368
06/11/2020T16:30 0.0 827558929 910843904
06/11/2020T16:40 6.1 827737905 910905344
06/11/2020T16:50 3.1 827942610 910344192
06/11/2020T17:00 6.5 828176700 909340672
06/11/2020T17:10 3.1 828378737 911028224
06/11/2020T17:20 6.1 828646233 919232512
06/11/2020T17:30 0.0 828852907 916324352
06/11/2020T17:40 0.0 829142023 918212608
06/11/2020T17:50 6.1 829315863 916221952
06/11/2020T18:00 3.2 829527213 917491712
06/11/2020T18:10 0.0 829839973 917323776
06/11/2020T18:20 0.0 829974470 918441984
06/11/2020T18:30 3.1 830232958 918425600
06/11/2020T18:40 6.1 830481851 917164032
06/11/2020T18:50 3.2 830682489 917479424
06/11/2020T19:00 3.2 830866563 917778432
06/11/2020T19:10 18.8 831119419 917241856
06/11/2020T19:20 3.2 831339592 916004864
