20/10/2020T21:40 1.1 319824664 327454720
20/10/2020T21:50 1.1 323993112 352178176
20/10/2020T22:00 1.1 324126751 352661504
20/10/2020T22:10 1.1 324360121 376872960
20/10/2020T22:20 1.1 324503631 378748928
20/10/2020T22:30 1.1 324680511 375873536
20/10/2020T22:40 1.1 324838423 376020992
20/10/2020T22:50 1.1 325035011 375754752
20/10/2020T23:00 1.1 325144475 378281984
20/10/2020T23:10 1.1 325314561 377421824
20/10/2020T23:20 1.1 325487076 379568128
20/10/2020T23:30 1.1 325621247 378597376
20/10/2020T23:40 1.1 325789869 380284928
20/10/2020T23:50 1.1 325909710 380592128
21/10/2020T00:00 1.1 326071581 386301952
21/10/2020T00:10 1.1 326311093 382234624
21/10/2020T00:20 1.1 326425044 385376256
21/10/2020T00:30 1.1 326555191 383643648
21/10/2020T00:40 1.1 326705177 383647744
21/10/2020T00:50 1.1 326854520 384315392
21/10/2020T01:00 1.1 326986608 382676992
21/10/2020T01:10 1.1 327140503 384434176
21/10/2020T01:20 1.1 327276743 391192576
21/10/2020T01:30 1.1 327425073 383213568
21/10/2020T01:40 1.1 327614744 384749568
21/10/2020T01:50 1.1 327767978 384512000
21/10/2020T02:00 1.1 327946525 388583424
21/10/2020T02:10 1.1 328153289 387825664
21/10/2020T02:20 1.1 328312179 389173248
21/10/2020T02:30 1.1 328468701 389980160
21/10/2020T02:40 1.1 328619013 389857280
21/10/2020T02:50 1.1 328778737 389652480
21/10/2020T03:00 1.1 328971214 387657728
21/10/2020T03:10 1.1 329189225 390242304
21/10/2020T03:20 1.1 329391795 390479872
21/10/2020T03:30 1.1 329551263 387174400
21/10/2020T03:40 1.1 329698758 389799936
21/10/2020T03:50 1.1 329837224 395198464
21/10/2020T04:00 1.1 329984873 393297920
21/10/2020T04:10 1.1 330142145 392642560
21/10/2020T04:20 1.1 330330744 392052736
21/10/2020T04:30 1.1 330504017 394797056
21/10/2020T04:40 1.1 330676829 391274496
21/10/2020T04:50 1.1 330848777 392794112
21/10/2020T05:00 1.1 331030407 394072064
21/10/2020T05:10 1.1 331164946 392482816
21/10/2020T05:20 1.1 331368946 393658368
21/10/2020T05:30 1.1 331566383 393682944
21/10/2020T05:40 1.1 331680325 392409088
21/10/2020T05:50 1.1 331859673 392187904
21/10/2020T06:00 1.1 332005032 395210752
21/10/2020T06:10 1.1 332260202 398151680
21/10/2020T06:20 1.1 332466273 395771904
21/10/2020T06:30 1.1 332641998 394477568
21/10/2020T06:40 1.1 332778726 396017664
21/10/2020T06:50 1.1 332908929 395730944
21/10/2020T07:00 1.1 333060143 394715136
21/10/2020T07:10 1.1 333240963 394575872
21/10/2020T07:20 1.1 333386763 394092544
21/10/2020T07:30 1.1 333536202 398577664
21/10/2020T07:40 1.1 333641300 395522048
21/10/2020T07:50 1.1 333798952 394424320
21/10/2020T08:00 1.1 333906285 404217856
21/10/2020T08:10 1.1 334071183 403595264
21/10/2020T08:20 1.1 334301217 397860864
21/10/2020T08:30 1.1 334448495 398868480
21/10/2020T08:40 1.1 334598126 397815808
21/10/2020T08:50 1.1 334703949 398626816
21/10/2020T09:00 1.1 334927627 397729792
21/10/2020T09:10 1.1 335148177 406667264
21/10/2020T09:20 1.1 335305805 404254720
21/10/2020T09:30 1.1 335467680 405917696
21/10/2020T09:40 1.1 335589547 405725184
21/10/2020T09:50 1.1 335747626 404856832
21/10/2020T10:00 1.1 335938200 405344256
21/10/2020T10:10 1.1 336097563 405442560
21/10/2020T10:20 1.1 336282811 409931776
21/10/2020T10:30 1.1 336461319 412733440
21/10/2020T10:40 1.1 336652606 414539776
21/10/2020T10:50 1.1 336829637 415232000
21/10/2020T11:00 1.1 336966589 202387456
21/10/2020T11:10 1.1 336966589 200290304
21/10/2020T11:20 1.1 337289488 408317952
21/10/2020T11:30 1.1 337423324 407408640
21/10/2020T11:40 1.1 337579900 407748608
21/10/2020T11:50 1.1 337725431 372662272
21/10/2020T12:00 1.1 337837152 373248000
21/10/2020T12:10 1.1 338058926 375541760
21/10/2020T12:20 1.1 338258051 373743616
21/10/2020T12:30 1.1 338454514 374001664
21/10/2020T12:40 1.1 338634859 376762368
21/10/2020T12:50 1.1 338783219 380542976
21/10/2020T13:00 1.1 338907912 378400768
21/10/2020T13:10 1.1 339094945 375369728
21/10/2020T13:20 1.1 339263319 380477440
21/10/2020T13:30 1.1 339411552 377786368
21/10/2020T13:40 1.1 339531767 379342848
21/10/2020T13:50 1.1 339677871 382337024
21/10/2020T14:00 1.1 339835013 382136320
21/10/2020T14:10 1.1 340024729 381620224
21/10/2020T14:20 1.1 340198580 379355136
21/10/2020T14:30 1.1 340332513 379494400
21/10/2020T14:40 1.1 340482056 380112896
21/10/2020T14:50 1.1 340634310 385613824
21/10/2020T15:00 1.1 340805777 381583360
21/10/2020T15:10 1.1 340938349 395223040
21/10/2020T15:20 1.1 341118515 405245952
21/10/2020T15:30 1.1 341252714 406532096
21/10/2020T15:40 1.1 341405882 409563136
21/10/2020T15:50 1.1 341591344 402243584
21/10/2020T16:00 1.1 341748952 406798336
21/10/2020T16:10 1.1 341922717 405929984
21/10/2020T16:20 1.1 342066848 409485312
21/10/2020T16:30 1.1 342209452 412315648
21/10/2020T16:40 1.1 342405846 410525696
21/10/2020T16:50 1.1 342563517 409120768
21/10/2020T17:00 1.1 342714876 409255936
21/10/2020T17:10 1.1 342937342 411209728
21/10/2020T17:20 1.1 343079746 410927104
21/10/2020T17:30 1.1 343247906 408584192
21/10/2020T17:40 1.1 343389419 409784320
21/10/2020T17:50 1.1 343546227 405635072
21/10/2020T18:00 1.1 343690461 408449024
21/10/2020T18:10 1.1 343867730 407482368
21/10/2020T18:20 1.1 344061251 413310976
21/10/2020T18:30 1.1 344133664 411111424
21/10/2020T18:40 1.1 344422707 382300160
21/10/2020T18:50 1.1 344635831 377683968
21/10/2020T19:00 1.1 344772381 381894656
21/10/2020T19:10 1.1 344981847 380682240
21/10/2020T19:20 1.1 345148355 380948480
21/10/2020T19:30 1.1 345323498 381628416
21/10/2020T19:40 1.1 345479908 383705088
21/10/2020T19:50 1.1 345660567 383422464
21/10/2020T20:00 1.1 345887460 380661760
21/10/2020T20:10 1.1 346053290 383283200
21/10/2020T20:20 1.1 346205635 382021632
21/10/2020T20:30 1.1 346437984 380190720
21/10/2020T20:40 1.1 346632662 382337024
21/10/2020T20:50 1.1 346812485 395227136
21/10/2020T21:00 1.1 346977814 386404352
21/10/2020T21:10 1.1 347171145 399761408
21/10/2020T21:20 1.1 347335722 412512256
21/10/2020T21:30 1.1 347495261 414834688
21/10/2020T21:40 1.1 347674583 417861632
21/10/2020T21:50 1.1 347870495 415420416
21/10/2020T22:00 1.1 347980953 417746944
21/10/2020T22:10 1.1 348168367 414916608
21/10/2020T22:20 1.1 348311611 419721216
21/10/2020T22:30 1.1 348440853 417136640
21/10/2020T22:40 1.1 348548228 417849344
21/10/2020T22:50 1.1 348701578 419966976
21/10/2020T23:00 1.1 348838428 422952960
21/10/2020T23:10 1.1 348993693 420720640
21/10/2020T23:20 1.1 349117330 427491328
21/10/2020T23:30 1.1 349241420 423346176
21/10/2020T23:40 1.1 349413645 422932480
21/10/2020T23:50 1.1 349575768 425545728
22/10/2020T00:00 1.1 349780345 423931904
22/10/2020T00:10 1.1 349935489 402575360
22/10/2020T00:20 1.1 350052604 412094464
22/10/2020T00:30 1.1 350185646 413396992
22/10/2020T00:40 1.1 350337625 414859264
22/10/2020T00:50 1.1 350468715 416251904
22/10/2020T01:00 1.1 350617315 415956992
22/10/2020T01:10 1.1 350778071 419721216
22/10/2020T01:20 1.1 350946723 423387136
22/10/2020T01:30 1.1 351132969 417923072
22/10/2020T01:40 1.1 351264905 415608832
22/10/2020T01:50 1.1 351462738 419528704
22/10/2020T02:00 1.1 351582206 417927168
22/10/2020T02:10 1.1 351782999 419356672
22/10/2020T02:20 1.1 351912112 420773888
22/10/2020T02:30 1.1 352064274 423038976
22/10/2020T02:40 1.1 352243365 422674432
22/10/2020T02:50 1.1 352398632 420311040
22/10/2020T03:00 1.1 352538996 421515264
22/10/2020T03:10 1.1 352709451 421400576
22/10/2020T03:20 1.1 352857091 422916096
22/10/2020T03:30 1.1 353025376 388059136
22/10/2020T03:40 1.1 353160184 388239360
22/10/2020T03:50 1.1 353296005 387964928
22/10/2020T04:00 1.1 353476013 388812800
22/10/2020T04:10 1.1 353664200 392667136
22/10/2020T04:20 1.1 353810034 392253440
22/10/2020T04:30 1.1 353977406 393564160
22/10/2020T04:40 1.1 354154610 390475776
22/10/2020T04:50 1.1 354309815 392339456
22/10/2020T05:00 1.1 354506466 390643712
22/10/2020T05:10 1.1 354656650 390737920
22/10/2020T05:20 1.1 354796581 391184384
22/10/2020T05:30 1.1 354908135 392372224
22/10/2020T05:40 1.1 355099139 404099072
22/10/2020T05:50 1.1 355243643 414015488
22/10/2020T06:00 1.1 355388168 394461184
22/10/2020T06:10 1.1 355526319 396664832
22/10/2020T06:20 1.1 355673479 395431936
22/10/2020T06:30 1.1 355847649 401035264
22/10/2020T06:40 1.1 355989554 394981376
22/10/2020T06:50 1.1 356155801 399781888
22/10/2020T07:00 1.1 356283359 397570048
22/10/2020T07:10 1.1 356478616 398204928
22/10/2020T07:20 1.1 356649037 395968512
22/10/2020T07:30 1.1 356800979 396046336
22/10/2020T07:40 1.1 356964712 396787712
22/10/2020T07:50 1.1 357150949 400879616
22/10/2020T08:00 1.1 357261579 396181504
22/10/2020T08:10 1.1 357432668 400224256
22/10/2020T08:20 1.1 357621207 400314368
22/10/2020T08:30 1.1 357820110 405856256
22/10/2020T08:40 1.1 357954138 399867904
22/10/2020T08:50 1.1 358138026 398958592
22/10/2020T09:00 1.1 358260319 400523264
22/10/2020T09:10 1.1 358404958 397848576
22/10/2020T09:20 1.1 358567553 399323136
22/10/2020T09:30 1.1 358748964 398987264
22/10/2020T09:40 1.1 358918482 399097856
22/10/2020T09:50 1.1 359057375 400207872
22/10/2020T10:00 1.1 359219262 400805888
22/10/2020T10:10 1.1 359388132 403750912
22/10/2020T10:20 1.1 359514456 402812928
22/10/2020T10:30 1.1 359659781 402669568
22/10/2020T10:40 1.1 359831061 400416768
22/10/2020T10:50 1.1 360047992 410599424
22/10/2020T11:00 1.1 360188611 415698944
22/10/2020T11:10 1.1 360378473 425168896
22/10/2020T11:20 1.1 360564769 418910208
22/10/2020T11:30 1.1 360656932 411754496
22/10/2020T11:40 1.1 360792048 413073408
22/10/2020T11:50 1.1 360910490 411205632
22/10/2020T12:00 1.1 361080761 408424448
22/10/2020T12:10 1.1 361281504 411660288
22/10/2020T12:20 1.1 361414079 412729344
22/10/2020T12:30 1.1 361620079 413368320
22/10/2020T12:40 1.1 361795143 412237824
22/10/2020T12:50 1.1 361961150 414715904
22/10/2020T13:00 1.1 362088511 412958720
22/10/2020T13:10 1.1 362250796 411262976
22/10/2020T13:20 1.1 362406527 409796608
22/10/2020T13:30 1.1 362579656 411574272
22/10/2020T13:40 1.1 362721241 410673152
22/10/2020T13:50 1.1 362885874 411889664
22/10/2020T14:00 1.1 362995109 412352512
22/10/2020T14:10 1.1 363190994 421167104
22/10/2020T14:20 1.1 363296628 411656192
22/10/2020T14:30 1.1 363435966 408154112
22/10/2020T14:40 1.1 363602339 410574848
22/10/2020T14:50 1.1 363772944 407678976
22/10/2020T15:00 1.1 363920873 407719936
22/10/2020T15:10 1.1 364073797 410329088
22/10/2020T15:20 1.1 364222238 407949312
22/10/2020T15:30 1.1 364376885 409628672
22/10/2020T15:40 1.1 364587111 409268224
22/10/2020T15:50 1.1 364766255 411361280
22/10/2020T16:00 1.1 364946744 447819776
22/10/2020T16:10 1.1 365193825 451772416
22/10/2020T16:20 1.1 365334871 453451776
22/10/2020T16:30 1.1 365476614 449826816
22/10/2020T16:40 1.1 365655936 450613248
22/10/2020T16:50 1.1 365862586 451346432
22/10/2020T17:00 1.1 366082577 451452928
22/10/2020T17:10 1.1 366286873 449269760
22/10/2020T17:20 1.1 366441289 452554752
22/10/2020T17:30 1.1 366603847 449323008
22/10/2020T17:40 1.1 366713875 454819840
22/10/2020T17:50 1.1 366905291 453312512
22/10/2020T18:00 1.1 367070796 456884224
22/10/2020T18:10 1.1 367263114 454230016
22/10/2020T18:20 1.1 367407937 454098944
22/10/2020T18:30 1.1 367601216 455122944
22/10/2020T18:40 1.1 367734110 453742592
22/10/2020T18:50 1.1 367899370 454598656
22/10/2020T19:00 1.1 368107421 453332992
22/10/2020T19:10 1.1 368267830 455524352
22/10/2020T19:20 1.1 368464720 455749632
22/10/2020T19:30 1.1 368623915 456065024
22/10/2020T19:40 1.1 368758951 454938624
22/10/2020T19:50 1.1 369003345 455319552
22/10/2020T20:00 1.1 369148855 455790592
22/10/2020T20:10 1.1 369386947 460283904
22/10/2020T20:20 1.1 369501515 461963264
22/10/2020T20:30 1.1 369614560 424353792
22/10/2020T20:40 1.1 369728069 424443904
22/10/2020T20:50 1.1 369867333 422948864
22/10/2020T21:00 1.1 370077008 426299392
22/10/2020T21:10 1.1 370207719 424235008
22/10/2020T21:20 1.1 370373356 422424576
22/10/2020T21:30 1.1 370563557 425836544
22/10/2020T21:40 1.1 370693037 422178816
22/10/2020T21:50 1.1 370832103 424177664
22/10/2020T22:00 1.1 370966667 424370176
22/10/2020T22:10 1.1 371194475 427012096
22/10/2020T22:20 1.1 371382622 427675648
22/10/2020T22:30 1.1 371553339 424878080
22/10/2020T22:40 1.1 371659337 425140224
22/10/2020T22:50 1.1 371776150 423809024
22/10/2020T23:00 1.1 371956852 426340352
22/10/2020T23:10 1.1 372116778 425443328
22/10/2020T23:20 1.1 372258372 402247680
22/10/2020T23:30 1.1 372417783 425795584
22/10/2020T23:40 1.1 372594198 438927360
22/10/2020T23:50 1.1 372808988 424456192
23/10/2020T00:00 1.1 372927208 429907968
23/10/2020T00:10 1.1 373154653 426782720
23/10/2020T00:20 1.1 373274825 427474944
23/10/2020T00:30 1.1 373423145 427642880
23/10/2020T00:40 1.1 373591438 425979904
23/10/2020T00:50 1.1 373744801 429838336
23/10/2020T01:00 1.1 373912994 429457408
23/10/2020T01:10 1.1 374075605 427139072
23/10/2020T01:20 1.1 374239641 429694976
23/10/2020T01:30 1.1 374356931 428756992
23/10/2020T01:40 1.1 374501199 432295936
23/10/2020T01:50 1.1 374662295 430891008
23/10/2020T02:00 1.1 374812245 429391872
23/10/2020T02:10 1.1 375011692 430776320
23/10/2020T02:20 1.1 375171140 432168960
23/10/2020T02:30 1.1 375309753 432631808
23/10/2020T02:40 1.1 375418800 395878400
23/10/2020T02:50 1.1 375552573 394371072
23/10/2020T03:00 1.1 375725016 398434304
23/10/2020T03:10 1.1 375885246 397111296
23/10/2020T03:20 1.1 375984673 400551936
23/10/2020T03:30 1.1 376136833 399798272
23/10/2020T03:40 1.1 376274072 400924672
23/10/2020T03:50 1.1 376440405 399396864
23/10/2020T04:00 1.1 376608713 400871424
23/10/2020T04:10 1.1 376781002 402612224
23/10/2020T04:20 1.1 376948524 399491072
23/10/2020T04:30 1.1 377075218 400871424
23/10/2020T04:40 1.1 377257427 400793600
23/10/2020T04:50 1.1 377466098 399745024
23/10/2020T05:00 1.1 377616604 402096128
23/10/2020T05:10 1.1 377764464 401256448
23/10/2020T05:20 1.1 377934637 401412096
23/10/2020T05:30 1.1 378096247 401514496
23/10/2020T05:40 1.1 378259013 405463040
23/10/2020T05:50 1.1 378390035 403357696
23/10/2020T06:00 1.1 378576460 404365312
23/10/2020T06:10 1.1 378749938 403660800
23/10/2020T06:20 1.1 378906165 404897792
23/10/2020T06:30 1.1 379045260 407449600
23/10/2020T06:40 1.1 379213051 403218432
23/10/2020T06:50 1.1 379378216 407474176
23/10/2020T07:00 1.1 379526669 401854464
23/10/2020T07:10 1.1 379758208 401915904
23/10/2020T07:20 1.1 379897212 410046464
23/10/2020T07:30 1.1 380047149 410316800
23/10/2020T07:40 1.1 380202010 407392256
23/10/2020T07:50 1.1 380347654 408571904
23/10/2020T08:00 1.1 380534357 410615808
23/10/2020T08:10 1.1 380713223 407248896
23/10/2020T08:20 1.1 380880817 406896640
23/10/2020T08:30 1.1 381028101 405921792
23/10/2020T08:40 1.1 381141653 409477120
23/10/2020T08:50 1.1 381265929 409743360
23/10/2020T09:00 1.1 381391063 408936448
23/10/2020T09:10 1.1 381538563 407875584
23/10/2020T09:20 1.1 381662942 412041216
23/10/2020T09:30 1.1 381768404 410689536
23/10/2020T09:40 1.1 381910430 411537408
23/10/2020T09:50 1.1 382117472 417984512
23/10/2020T10:00 1.1 382231469 416391168
23/10/2020T10:10 1.1 382414506 419676160
23/10/2020T10:20 1.1 382571028 416923648
23/10/2020T10:30 1.1 382745231 419885056
23/10/2020T10:40 1.1 382883124 416624640
23/10/2020T10:50 1.1 383023752 415825920
23/10/2020T11:00 1.1 383182412 415571968
23/10/2020T11:10 1.1 383312929 416964608
23/10/2020T11:20 1.1 383523527 422146048
23/10/2020T11:30 1.1 383697290 419065856
23/10/2020T11:40 1.1 383866458 419385344
23/10/2020T11:50 1.1 383999940 420917248
23/10/2020T12:00 1.1 384165917 431308800
23/10/2020T12:10 1.1 384315780 435159040
23/10/2020T12:20 1.1 384459390 432857088
23/10/2020T12:30 1.1 384618588 442654720
23/10/2020T12:40 1.1 384725343 433475584
23/10/2020T12:50 1.1 384838637 432254976
23/10/2020T13:00 1.1 385030536 435994624
23/10/2020T13:10 1.1 385152019 434405376
23/10/2020T13:20 1.1 385288415 437555200
23/10/2020T13:30 1.1 385410350 434913280
23/10/2020T13:40 1.1 385590114 439992320
23/10/2020T13:50 1.1 385743915 434458624
23/10/2020T14:00 1.1 385862849 434724864
23/10/2020T14:10 1.1 386045235 438378496
23/10/2020T14:20 1.1 386139281 437764096
23/10/2020T14:30 1.1 386327547 435859456
23/10/2020T14:40 1.1 386442067 439054336
23/10/2020T14:50 1.1 386580642 445648896
23/10/2020T15:00 1.1 386708873 442732544
23/10/2020T15:10 1.1 386909950 444477440
23/10/2020T15:20 1.1 387101443 445755392
23/10/2020T15:30 1.1 387254096 444329984
23/10/2020T15:40 1.1 387419468 446406656
23/10/2020T15:50 1.1 387556681 444461056
23/10/2020T16:00 1.1 387739312 443568128
23/10/2020T16:10 1.1 387923144 444850176
23/10/2020T16:20 1.1 388038710 447827968
23/10/2020T16:30 1.1 388172128 446623744
23/10/2020T16:40 1.1 388340882 448933888
23/10/2020T16:50 1.1 388489812 448602112
23/10/2020T17:00 1.1 388673918 446812160
23/10/2020T17:10 1.1 388838536 442195968
23/10/2020T17:20 1.1 389001304 444719104
23/10/2020T17:30 1.1 389169677 441647104
23/10/2020T17:40 1.1 389285915 442769408
23/10/2020T17:50 1.1 389459446 444805120
23/10/2020T18:00 1.1 389587052 442322944
23/10/2020T18:10 1.1 389809031 441458688
23/10/2020T18:20 1.1 389981545 441876480
23/10/2020T18:30 1.1 390126770 441958400
23/10/2020T18:40 1.1 390298008 444633088
23/10/2020T18:50 1.1 390466254 443064320
23/10/2020T19:00 1.1 390586029 443789312
23/10/2020T19:10 1.1 390734948 441626624
23/10/2020T19:20 1.1 390904667 446312448
23/10/2020T19:30 1.1 391000181 443957248
23/10/2020T19:40 1.1 391142003 443437056
23/10/2020T19:50 1.1 391277446 443482112
23/10/2020T20:00 1.1 391410642 443285504
23/10/2020T20:10 1.1 391584211 441892864
23/10/2020T20:20 1.1 391710141 441581568
23/10/2020T20:30 1.1 391825350 444334080
23/10/2020T20:40 1.1 391952384 442953728
23/10/2020T20:50 1.1 392087066 446279680
23/10/2020T21:00 1.1 392201470 443502592
23/10/2020T21:10 1.1 392398841 445034496
23/10/2020T21:20 1.1 392564659 449052672
23/10/2020T21:30 1.1 392758294 447434752
23/10/2020T21:40 1.1 392917936 448995328
23/10/2020T21:50 1.1 393084533 446980096
23/10/2020T22:00 1.1 393212457 447512576
23/10/2020T22:10 1.1 393441638 444452864
23/10/2020T22:20 1.1 393598780 446922752
23/10/2020T22:30 1.1 393748467 449540096
23/10/2020T22:40 1.1 393888987 449601536
23/10/2020T22:50 1.1 394066355 448229376
23/10/2020T23:00 1.1 394218771 446377984
23/10/2020T23:10 1.1 394403732 451973120
23/10/2020T23:20 1.1 394502244 451260416
23/10/2020T23:30 1.1 394689659 450576384
23/10/2020T23:40 1.1 394856525 449363968
23/10/2020T23:50 1.1 395065249 448634880
24/10/2020T00:00 1.1 395236493 449818624
24/10/2020T00:10 1.1 395434088 449716224
24/10/2020T00:20 1.1 395582352 451616768
24/10/2020T00:30 1.1 395717422 450891776
24/10/2020T00:40 1.1 395901210 446971904
24/10/2020T00:50 1.1 396039743 447115264
24/10/2020T01:00 1.1 396179811 447586304
24/10/2020T01:10 1.1 396301601 447352832
24/10/2020T01:20 1.1 396477058 451854336
24/10/2020T01:30 1.1 396570749 453574656
24/10/2020T01:40 1.1 396694637 457781248
24/10/2020T01:50 1.1 396838256 454971392
24/10/2020T02:00 1.1 396991612 452325376
24/10/2020T02:10 1.1 397170387 454066176
24/10/2020T02:20 1.1 397313972 454938624
24/10/2020T02:30 1.1 397450319 453881856
24/10/2020T02:40 1.1 397567741 452218880
24/10/2020T02:50 1.1 397733619 453472256
24/10/2020T03:00 1.1 397910484 450912256
24/10/2020T03:10 1.1 398122080 452919296
24/10/2020T03:20 1.1 398300307 455708672
24/10/2020T03:30 1.1 398453210 455057408
24/10/2020T03:40 1.1 398563172 455610368
24/10/2020T03:50 1.1 398712123 458780672
24/10/2020T04:00 1.1 398889237 459309056
24/10/2020T04:10 1.1 399011248 457482240
24/10/2020T04:20 1.1 399170947 455643136
24/10/2020T04:30 1.1 399313560 455512064
24/10/2020T04:40 1.1 399491625 455778304
24/10/2020T04:50 1.1 399654901 455200768
24/10/2020T05:00 1.1 399777711 457121792
24/10/2020T05:10 1.1 399969535 455561216
24/10/2020T05:20 1.1 400159700 457646080
24/10/2020T05:30 1.1 400306759 459354112
24/10/2020T05:40 1.1 400444747 458240000
24/10/2020T05:50 1.1 400590369 458600448
24/10/2020T06:00 1.1 400813711 457908224
24/10/2020T06:10 1.1 400920787 459005952
24/10/2020T06:20 1.1 401042460 459444224
24/10/2020T06:30 1.1 401197870 457981952
24/10/2020T06:40 1.1 401395201 458981376
24/10/2020T06:50 1.1 401557486 458911744
24/10/2020T07:00 1.1 401757059 458170368
24/10/2020T07:10 1.1 401933368 459354112
24/10/2020T07:20 1.1 402080770 462671872
24/10/2020T07:30 1.1 402274972 463286272
24/10/2020T07:40 1.1 402419313 466657280
24/10/2020T07:50 1.1 402621126 465616896
24/10/2020T08:00 1.1 402714362 462327808
24/10/2020T08:10 1.1 402920098 470863872
24/10/2020T08:20 1.1 403059599 467042304
24/10/2020T08:30 1.1 403191554 466288640
24/10/2020T08:40 1.1 403367545 462577664
24/10/2020T08:50 1.1 403525363 463790080
24/10/2020T09:00 1.1 403669902 461533184
24/10/2020T09:10 1.1 403836351 463073280
24/10/2020T09:20 1.1 403949416 466169856
24/10/2020T09:30 1.1 404128331 468389888
24/10/2020T09:40 1.1 404283048 465604608
24/10/2020T09:50 1.1 404388220 464343040
24/10/2020T10:00 1.1 404494025 467574784
24/10/2020T10:10 1.1 404709412 464429056
24/10/2020T10:20 1.1 404929441 467193856
24/10/2020T10:30 1.1 405069974 465129472
24/10/2020T10:40 1.1 405266826 466825216
24/10/2020T10:50 1.1 405408237 465862656
24/10/2020T11:00 1.1 405581206 465862656
24/10/2020T11:10 1.1 405791492 465084416
24/10/2020T11:20 1.1 405911230 464654336
24/10/2020T11:30 1.1 406117725 468328448
24/10/2020T11:40 1.1 406266511 469368832
24/10/2020T11:50 1.1 406422692 473010176
24/10/2020T12:00 1.1 406592020 470855680
24/10/2020T12:10 1.1 406776987 470609920
24/10/2020T12:20 1.1 406916431 472489984
24/10/2020T12:30 1.1 407111010 476635136
24/10/2020T12:40 1.1 407274461 470552576
24/10/2020T12:50 1.1 407479067 469659648
24/10/2020T13:00 1.1 407634598 468029440
24/10/2020T13:10 1.1 407823508 472223744
24/10/2020T13:20 1.1 408014578 469397504
24/10/2020T13:30 1.1 408230561 473767936
24/10/2020T13:40 1.1 408363992 472764416
24/10/2020T13:50 1.1 408583844 474472448
24/10/2020T14:00 1.1 408861458 474992640
24/10/2020T14:10 1.1 409061368 472670208
24/10/2020T14:20 1.1 409213922 473280512
24/10/2020T14:30 1.1 409425278 472690688
24/10/2020T14:40 1.1 409567499 472334336
24/10/2020T14:50 1.1 409740494 473858048
24/10/2020T15:00 1.1 409923405 480399360
24/10/2020T15:10 1.1 410082284 472805376
24/10/2020T15:20 1.1 410188409 473141248
24/10/2020T15:30 1.1 410347326 478101504
24/10/2020T15:40 1.1 410496752 476205056
24/10/2020T15:50 1.1 410660607 477061120
24/10/2020T16:00 1.1 410846666 477728768
24/10/2020T16:10 1.1 411006905 479948800
24/10/2020T16:20 1.1 411137749 479944704
24/10/2020T16:30 1.1 411277277 478035968
24/10/2020T16:40 1.1 411424446 476790784
24/10/2020T16:50 1.1 411578616 476962816
24/10/2020T17:00 1.1 411749046 475607040
24/10/2020T17:10 1.1 411917470 476000256
24/10/2020T17:20 1.1 412069865 475176960
24/10/2020T17:30 1.1 412211142 477224960
24/10/2020T17:40 1.1 412409321 476676096
24/10/2020T17:50 1.1 412523521 478171136
24/10/2020T18:00 1.1 412707526 476971008
24/10/2020T18:10 1.1 412914556 480804864
24/10/2020T18:20 1.1 413084188 479166464
24/10/2020T18:30 1.1 413233888 476594176
24/10/2020T18:40 1.1 413415457 480014336
24/10/2020T18:50 1.1 413578088 478158848
24/10/2020T19:00 1.1 413739290 478093312
24/10/2020T19:10 1.1 414005261 478121984
24/10/2020T19:20 1.1 414284087 483364864
24/10/2020T19:30 1.1 414418061 482746368
24/10/2020T19:40 1.1 414587287 481529856
24/10/2020T19:50 1.1 414741063 482488320
24/10/2020T20:00 1.1 414875761 487432192
24/10/2020T20:10 1.1 415055763 487825408
24/10/2020T20:20 1.1 415298745 494600192
24/10/2020T20:30 1.1 415429209 491995136
24/10/2020T20:40 1.1 415571542 496234496
24/10/2020T20:50 1.1 415740347 495980544
24/10/2020T21:00 1.1 415918858 495140864
24/10/2020T21:10 1.1 416106221 495915008
24/10/2020T21:20 1.1 416259098 493162496
24/10/2020T21:30 1.1 416397067 498720768
24/10/2020T21:40 1.1 416542066 493969408
24/10/2020T21:50 1.1 416687666 495112192
24/10/2020T22:00 1.1 416874162 493670400
24/10/2020T22:10 1.1 417056874 495230976
24/10/2020T22:20 1.1 417201011 494338048
24/10/2020T22:30 1.1 417364612 492875776
24/10/2020T22:40 1.1 417503289 492658688
24/10/2020T22:50 1.1 417613101 496095232
24/10/2020T23:00 1.1 417782430 495632384
24/10/2020T23:10 1.1 417939698 494362624
24/10/2020T23:20 1.1 418102979 494362624
24/10/2020T23:30 1.1 418253921 493744128
24/10/2020T23:40 1.1 418427895 495767552
24/10/2020T23:50 1.1 418575483 494555136
25/10/2020T00:00 1.1 418714710 493944832
25/10/2020T00:10 1.1 418880581 496377856
25/10/2020T00:20 1.1 419025699 492728320
25/10/2020T00:30 1.1 419161868 493535232
25/10/2020T00:40 1.1 419310339 495587328
25/10/2020T00:50 1.1 419459411 495116288
25/10/2020T01:00 1.1 419586198 494915584
25/10/2020T01:10 1.1 419747641 502202368
25/10/2020T01:20 1.1 419901805 495624192
25/10/2020T01:30 1.1 420017926 496799744
25/10/2020T01:40 1.1 420149186 495980544
25/10/2020T01:50 1.1 420301983 500334592
25/10/2020T02:00 1.1 420435240 501223424
25/10/2020T02:10 1.1 420605869 498216960
25/10/2020T02:20 1.1 420794801 498028544
25/10/2020T02:30 1.1 420958969 500998144
25/10/2020T02:40 1.1 421116535 498491392
25/10/2020T02:50 1.1 421266411 496934912
25/10/2020T03:00 1.1 421475687 499687424
25/10/2020T03:10 1.1 421661421 501727232
25/10/2020T03:20 1.1 421802574 496222208
25/10/2020T03:30 1.1 421934388 503001088
25/10/2020T03:40 1.1 422123607 501575680
25/10/2020T03:50 1.1 422313009 501166080
25/10/2020T04:00 1.1 422441000 499666944
25/10/2020T04:10 1.1 422603471 502063104
25/10/2020T04:20 1.1 422758743 503595008
25/10/2020T04:30 1.1 422961861 501592064
25/10/2020T04:40 1.1 423134783 502611968
25/10/2020T04:50 1.1 423276383 502575104
25/10/2020T05:00 1.1 423490141 503267328
25/10/2020T05:10 1.1 423610992 506429440
25/10/2020T05:20 1.1 423790206 501256192
25/10/2020T05:30 1.1 423957509 511967232
25/10/2020T05:40 1.1 424107728 503152640
25/10/2020T05:50 1.1 424244666 501293056
25/10/2020T06:00 1.1 424370174 501420032
25/10/2020T06:10 1.1 424548075 501628928
25/10/2020T06:20 1.1 424741664 507097088
25/10/2020T06:30 1.1 425067809 504348672
25/10/2020T06:40 1.1 425225463 504647680
25/10/2020T06:50 1.1 425375432 502968320
25/10/2020T07:00 1.1 425565544 504094720
25/10/2020T07:10 1.1 425706289 503242752
25/10/2020T07:20 1.1 425929232 503230464
25/10/2020T07:30 1.1 426059515 505901056
25/10/2020T07:40 1.1 426240478 506028032
25/10/2020T07:50 1.1 426392249 506458112
25/10/2020T08:00 1.1 426571721 510373888
25/10/2020T08:10 1.1 426764945 505004032
25/10/2020T08:20 1.1 426917710 507637760
25/10/2020T08:30 1.1 427040004 506560512
25/10/2020T08:40 1.1 427120480 507240448
25/10/2020T08:50 1.1 427302209 506757120
25/10/2020T09:00 1.1 427524081 507904000
25/10/2020T09:10 1.1 427742359 507396096
25/10/2020T09:20 1.1 427983600 506224640
25/10/2020T09:30 1.1 428115617 510279680
25/10/2020T09:40 1.1 428277743 513134592
25/10/2020T09:50 1.1 428435574 507314176
25/10/2020T10:00 1.1 428586503 511442944
25/10/2020T10:10 1.1 428764610 513777664
25/10/2020T10:20 1.1 428936434 510255104
25/10/2020T10:30 1.1 429054332 509841408
25/10/2020T10:40 1.1 429243050 507834368
25/10/2020T10:50 1.1 429430381 507760640
25/10/2020T11:00 1.1 429568475 510074880
25/10/2020T11:10 1.1 429723268 509960192
25/10/2020T11:20 1.1 429850564 513171456
25/10/2020T11:30 1.1 430014321 514052096
25/10/2020T11:40 1.1 430174207 511250432
25/10/2020T11:50 1.1 430294887 516128768
25/10/2020T12:00 1.1 430531159 510808064
25/10/2020T12:10 1.1 430802789 511696896
25/10/2020T12:20 1.1 430993634 515563520
25/10/2020T12:30 1.1 431165387 516591616
25/10/2020T12:40 1.1 431281869 512430080
25/10/2020T12:50 1.1 431446639 511361024
25/10/2020T13:00 1.1 431602549 514207744
25/10/2020T13:10 1.1 431744250 511488000
25/10/2020T13:20 1.1 431894065 511766528
25/10/2020T13:30 1.1 432011688 514650112
25/10/2020T13:40 1.1 432148509 518541312
25/10/2020T13:50 1.1 432279538 515751936
25/10/2020T14:00 1.1 432449286 514449408
25/10/2020T14:10 1.1 432628910 514478080
25/10/2020T14:20 1.1 432798422 514043904
25/10/2020T14:30 1.1 432943082 513187840
25/10/2020T14:40 1.1 433111271 514146304
25/10/2020T14:50 1.1 433261806 514371584
25/10/2020T15:00 1.1 433383564 514936832
25/10/2020T15:10 1.1 433550831 513949696
25/10/2020T15:20 1.1 433708269 515846144
25/10/2020T15:30 1.1 433900794 518791168
25/10/2020T15:40 1.1 434149524 518086656
25/10/2020T15:50 1.1 434274711 518733824
25/10/2020T16:00 1.1 434465143 517431296
25/10/2020T16:10 1.1 434618102 516853760
25/10/2020T16:20 1.1 434753080 519499776
25/10/2020T16:30 1.1 434873732 517386240
25/10/2020T16:40 1.1 435040985 519061504
25/10/2020T16:50 1.1 435198372 519532544
25/10/2020T17:00 1.1 435349949 522452992
25/10/2020T17:10 1.1 435531942 524410880
25/10/2020T17:20 1.1 435679503 517550080
25/10/2020T17:30 1.1 435818061 527798272
25/10/2020T17:40 1.1 435976077 524914688
25/10/2020T17:50 1.1 436078417 520302592
25/10/2020T18:00 1.1 436221405 521711616
25/10/2020T18:10 1.1 436401634 521703424
25/10/2020T18:20 1.1 436580712 521990144
25/10/2020T18:30 1.1 436741332 526340096
25/10/2020T18:40 1.1 436890766 540532736
25/10/2020T18:50 1.1 437032149 533966848
25/10/2020T19:00 1.1 437153052 535322624
25/10/2020T19:10 1.1 437369319 536748032
25/10/2020T19:20 1.1 437493129 537571328
25/10/2020T19:30 1.1 437618489 536186880
25/10/2020T19:40 1.1 437772192 540389376
25/10/2020T19:50 1.1 437977446 535441408
25/10/2020T20:00 1.1 438105618 533614592
25/10/2020T20:10 1.1 438324240 533352448
25/10/2020T20:20 1.1 438497928 535752704
25/10/2020T20:30 1.1 438689812 534495232
25/10/2020T20:40 1.1 438848760 534401024
25/10/2020T20:50 1.1 438999368 533110784
25/10/2020T21:00 1.1 439164491 535203840
25/10/2020T21:10 1.1 439331532 536305664
25/10/2020T21:20 1.1 439474128 534622208
25/10/2020T21:30 1.1 439585767 534196224
25/10/2020T21:40 1.1 439747278 534896640
25/10/2020T21:50 1.1 439890307 537628672
25/10/2020T22:00 1.1 440048395 536276992
25/10/2020T22:10 1.1 440273398 536084480
25/10/2020T22:20 1.1 440370894 534192128
25/10/2020T22:30 1.1 440537153 534822912
25/10/2020T22:40 1.1 440698818 536195072
25/10/2020T22:50 1.1 440832513 536444928
25/10/2020T23:00 1.1 440994920 534691840
25/10/2020T23:10 1.1 441182254 539406336
25/10/2020T23:20 1.1 441280187 533086208
25/10/2020T23:30 1.1 441390032 536932352
25/10/2020T23:40 1.1 441551895 536977408
25/10/2020T23:50 1.1 441648578 537198592
26/10/2020T00:00 1.1 441806285 536891392
26/10/2020T00:10 1.1 441989204 536215552
26/10/2020T00:20 1.1 442136101 546652160
26/10/2020T00:30 1.1 442317019 562393088
26/10/2020T00:40 1.1 442434181 549376000
26/10/2020T00:50 1.1 442584204 548581376
26/10/2020T01:00 1.1 442660227 550903808
26/10/2020T01:10 1.1 442855175 549150720
26/10/2020T01:20 1.1 443022645 546406400
26/10/2020T01:30 1.1 443188563 553025536
26/10/2020T01:40 1.1 443369717 551403520
26/10/2020T01:50 1.1 443478731 552210432
26/10/2020T02:00 1.1 443608319 548671488
26/10/2020T02:10 1.1 443758233 551641088
26/10/2020T02:20 1.1 443885016 554643456
26/10/2020T02:30 1.1 444029433 549433344
26/10/2020T02:40 1.1 444183105 551837696
26/10/2020T02:50 1.1 444303495 555446272
26/10/2020T03:00 1.1 444468951 550686720
26/10/2020T03:10 1.1 444588350 556933120
26/10/2020T03:20 1.1 444723808 549998592
26/10/2020T03:30 1.1 444929163 553345024
26/10/2020T03:40 1.1 445130360 553553920
26/10/2020T03:50 1.1 445274641 555982848
26/10/2020T04:00 1.1 445398718 553541632
26/10/2020T04:10 1.1 445542458 551043072
26/10/2020T04:20 1.1 445662477 551936000
26/10/2020T04:30 1.1 445827205 555892736
26/10/2020T04:40 1.1 446020334 552353792
26/10/2020T04:50 1.1 446185751 553877504
26/10/2020T05:00 1.1 446374457 551788544
26/10/2020T05:10 1.1 446559880 561741824
26/10/2020T05:20 1.1 446699271 562860032
26/10/2020T05:30 1.1 446878421 561905664
26/10/2020T05:40 1.1 447062971 563818496
26/10/2020T05:50 1.1 447209712 565092352
26/10/2020T06:00 1.1 447369252 564105216
26/10/2020T06:10 1.1 447568066 561651712
26/10/2020T06:20 1.1 447778207 561963008
26/10/2020T06:30 1.1 447877873 561827840
26/10/2020T06:40 1.1 448101391 564084736
26/10/2020T06:50 1.1 448248722 561463296
26/10/2020T07:00 1.1 448393328 560975872
26/10/2020T07:10 1.1 448576386 562958336
26/10/2020T07:20 1.1 448750349 562987008
26/10/2020T07:30 1.1 448935134 564363264
26/10/2020T07:40 1.1 449094064 563904512
26/10/2020T07:50 1.1 449227180 565444608
26/10/2020T08:00 1.1 449410174 566935552
26/10/2020T08:10 1.1 449571667 566206464
26/10/2020T08:20 1.1 449708956 564559872
26/10/2020T08:30 1.1 449828416 563961856
26/10/2020T08:40 1.1 449987154 564510720
26/10/2020T08:50 1.1 450103321 570486784
26/10/2020T09:00 1.1 450258185 566095872
26/10/2020T09:10 1.1 450388857 573616128
26/10/2020T09:20 1.1 450535932 568561664
26/10/2020T09:30 1.1 450620206 567975936
26/10/2020T09:40 1.1 450725963 567619584
26/10/2020T09:50 1.1 450882666 571355136
26/10/2020T10:00 1.1 451054266 565829632
26/10/2020T10:10 1.1 451220181 567603200
26/10/2020T10:20 1.1 451325403 566530048
26/10/2020T10:30 1.1 451437428 567283712
26/10/2020T10:40 1.1 451584327 566444032
26/10/2020T10:50 1.1 451769611 567824384
26/10/2020T11:00 1.1 452008866 565096448
26/10/2020T11:10 1.1 452103753 569040896
26/10/2020T11:20 1.1 452248551 568586240
26/10/2020T11:30 1.1 452389910 566521856
26/10/2020T11:40 1.1 452515163 568143872
26/10/2020T11:50 1.1 452641341 567148544
26/10/2020T12:00 1.1 452805191 568877056
26/10/2020T12:10 1.1 452979419 569057280
26/10/2020T12:20 1.1 453139834 569393152
26/10/2020T12:30 1.1 453319880 569032704
26/10/2020T12:40 1.1 453470817 569233408
26/10/2020T12:50 1.1 453650721 572329984
26/10/2020T13:00 1.1 453824745 573267968
26/10/2020T13:10 1.1 453961560 569704448
26/10/2020T13:20 1.1 454068987 584577024
26/10/2020T13:30 1.1 454245354 578244608
26/10/2020T13:40 1.1 454437269 584282112
26/10/2020T13:50 1.1 454607868 578371584
26/10/2020T14:00 1.1 454809593 578117632
26/10/2020T14:10 1.1 455150261 581550080
26/10/2020T14:20 1.1 455215539 581259264
26/10/2020T14:30 1.1 455280887 581369856
26/10/2020T14:40 1.1 455425323 578908160
26/10/2020T14:50 1.1 455609780 579616768
26/10/2020T15:00 1.1 455764127 581550080
26/10/2020T15:10 1.1 455930615 585412608
26/10/2020T15:20 1.1 456091277 579682304
26/10/2020T15:30 1.1 456240350 573210624
26/10/2020T15:40 1.1 456365158 576802816
26/10/2020T15:50 1.1 456499945 576012288
26/10/2020T16:00 1.1 456648712 575303680
26/10/2020T16:10 1.1 456861632 573972480
26/10/2020T16:20 1.1 457013075 575787008
26/10/2020T16:30 1.1 457145681 575987712
26/10/2020T16:40 1.1 457263855 579182592
26/10/2020T16:50 1.1 457444192 575651840
26/10/2020T17:00 1.1 457615862 572674048
26/10/2020T17:10 1.1 457780738 576643072
26/10/2020T17:20 1.1 457991744 574738432
26/10/2020T17:30 1.1 458114294 575995904
26/10/2020T17:40 1.1 458260623 625496064
26/10/2020T17:50 1.2 458375243 601133056
26/10/2020T18:00 1.2 458555175 607719424
26/10/2020T18:10 1.2 458802547 609144832
26/10/2020T18:20 1.2 458910012 609632256
26/10/2020T18:30 1.2 459066695 608804864
26/10/2020T18:40 1.2 459231034 611196928
26/10/2020T18:50 1.2 459418076 609689600
26/10/2020T19:00 1.2 459564034 608940032
26/10/2020T19:10 1.2 459704767 606498816
26/10/2020T19:20 1.2 459906607 608206848
26/10/2020T19:30 1.2 460023653 608276480
26/10/2020T19:40 1.2 460205605 608333824
26/10/2020T19:50 1.2 460377361 607621120
26/10/2020T20:00 1.2 460548717 609845248
26/10/2020T20:10 1.2 460774655 605151232
26/10/2020T20:20 1.2 460920436 604082176
26/10/2020T20:30 1.2 461087935 606187520
26/10/2020T20:40 1.2 461189217 600416256
26/10/2020T20:50 1.2 461318778 601645056
26/10/2020T21:00 1.2 461461396 610234368
26/10/2020T21:10 1.2 461592459 602861568
26/10/2020T21:20 1.2 461744312 603664384
26/10/2020T21:30 1.2 461848443 607256576
26/10/2020T21:40 1.2 462015223 600903680
26/10/2020T21:50 1.2 462202610 604057600
26/10/2020T22:00 1.2 462350239 602550272
26/10/2020T22:10 1.2 462593745 603987968
26/10/2020T22:20 1.2 462729834 600965120
26/10/2020T22:30 1.2 462858438 604123136
26/10/2020T22:40 1.2 463014045 606511104
26/10/2020T22:50 1.2 463166355 613617664
26/10/2020T23:00 1.2 463323995 601649152
26/10/2020T23:10 1.2 463463367 602603520
26/10/2020T23:20 1.2 463617852 600821760
26/10/2020T23:30 1.2 463742674 603516928
26/10/2020T23:40 1.2 463926191 602095616
26/10/2020T23:50 1.2 464077454 605986816
27/10/2020T00:00 1.2 464232432 603955200
27/10/2020T00:10 1.2 464458414 603852800
27/10/2020T00:20 1.2 464611683 604737536
27/10/2020T00:30 1.2 464801488 604758016
27/10/2020T00:40 1.2 464946376 604815360
27/10/2020T00:50 1.2 465141114 602918912
27/10/2020T01:00 1.2 465330063 605040640
27/10/2020T01:10 1.2 465453934 603607040
27/10/2020T01:20 1.2 465603057 605093888
27/10/2020T01:30 1.2 465748262 605814784
27/10/2020T01:40 1.2 465916537 607436800
27/10/2020T01:50 1.2 466065646 606900224
27/10/2020T02:00 1.2 466268893 605753344
27/10/2020T02:10 1.2 466511737 605859840
27/10/2020T02:20 1.2 466646985 609312768
27/10/2020T02:30 1.2 466810596 606519296
27/10/2020T02:40 1.2 466952538 605437952
27/10/2020T02:50 1.2 467067571 606781440
27/10/2020T03:00 1.2 467195482 604966912
27/10/2020T03:10 1.2 467355887 611676160
27/10/2020T03:20 1.2 467480759 607772672
27/10/2020T03:30 1.2 467599787 613871616
27/10/2020T03:40 1.2 467778450 610238464
27/10/2020T03:50 1.2 467978854 615550976
27/10/2020T04:00 1.2 468129320 608043008
27/10/2020T04:10 1.2 468348927 608591872
27/10/2020T04:20 1.2 468521818 615288832
27/10/2020T04:30 1.2 468649344 611713024
27/10/2020T04:40 1.2 468798769 609775616
27/10/2020T04:50 1.2 468970213 608370688
27/10/2020T05:00 1.2 469141625 608870400
27/10/2020T05:10 1.2 469350127 609718272
27/10/2020T05:20 1.2 469505186 607924224
27/10/2020T05:30 1.2 469676406 611725312
27/10/2020T05:40 1.2 469831257 613244928
27/10/2020T05:50 1.2 469989022 610828288
27/10/2020T06:00 1.2 470107237 612626432
27/10/2020T06:10 1.2 470299416 613691392
27/10/2020T06:20 1.2 470441643 616603648
27/10/2020T06:30 1.2 470591383 612417536
27/10/2020T06:40 1.2 470783644 613539840
27/10/2020T06:50 1.2 470942347 614010880
27/10/2020T07:00 1.2 471141530 622714880
27/10/2020T07:10 1.2 471311064 627466240
27/10/2020T07:20 1.2 471431896 620347392
27/10/2020T07:30 1.2 471612385 623636480
27/10/2020T07:40 1.2 471781505 625602560
27/10/2020T07:50 1.2 471935415 617975808
27/10/2020T08:00 1.2 472084741 614785024
27/10/2020T08:10 1.2 472248743 614076416
27/10/2020T08:20 1.2 472364878 614219776
27/10/2020T08:30 1.2 472508813 616914944
27/10/2020T08:40 1.2 472709985 614449152
27/10/2020T08:50 1.2 472828460 617611264
27/10/2020T09:00 1.2 472995966 617009152
27/10/2020T09:10 1.2 473111583 613548032
27/10/2020T09:20 1.2 473261995 623742976
27/10/2020T09:30 1.2 473408325 619184128
27/10/2020T09:40 1.2 473567469 619376640
27/10/2020T09:50 1.2 473713309 622223360
27/10/2020T10:00 1.2 473867614 618430464
27/10/2020T10:10 1.2 474081472 617857024
27/10/2020T10:20 1.2 474200810 619147264
27/10/2020T10:30 1.2 474401996 617230336
27/10/2020T10:40 1.2 474547944 620015616
27/10/2020T10:50 1.2 474679109 616955904
27/10/2020T11:00 1.2 474832622 616878080
27/10/2020T11:10 1.2 474979240 621391872
27/10/2020T11:20 1.2 475104803 620331008
27/10/2020T11:30 1.2 475300030 623767552
27/10/2020T11:40 1.2 475465187 622796800
27/10/2020T11:50 1.2 475585449 621445120
27/10/2020T12:00 1.2 475754630 623161344
27/10/2020T12:10 1.2 475930155 623894528
27/10/2020T12:20 1.2 476078919 623570944
27/10/2020T12:30 1.2 476193027 621899776
27/10/2020T12:40 1.2 476339356 624230400
27/10/2020T12:50 1.2 476467337 624492544
27/10/2020T13:00 1.2 476669821 622665728
27/10/2020T13:10 1.2 476870813 620371968
27/10/2020T13:20 1.2 477034716 630710272
27/10/2020T13:30 1.2 477190119 646242304
27/10/2020T13:40 1.2 477372920 635482112
27/10/2020T13:50 1.2 477519711 637218816
27/10/2020T14:00 1.2 477670104 637247488
27/10/2020T14:10 1.2 477873648 636751872
27/10/2020T14:20 1.2 478052652 636841984
27/10/2020T14:30 1.2 478168680 636129280
27/10/2020T14:40 1.2 478346487 641851392
27/10/2020T14:50 1.2 478524245 636313600
27/10/2020T15:00 1.2 478738410 636149760
27/10/2020T15:10 1.2 478899353 636248064
27/10/2020T15:20 1.2 479017404 641376256
27/10/2020T15:30 1.2 479148688 640901120
27/10/2020T15:40 1.2 479307870 639397888
27/10/2020T15:50 1.2 479419475 638726144
27/10/2020T16:00 1.2 479602388 645009408
27/10/2020T16:10 1.2 479795921 645406720
27/10/2020T16:20 1.2 479960865 647557120
27/10/2020T16:30 1.2 480110679 645894144
27/10/2020T16:40 1.2 480252406 648421376
27/10/2020T16:50 1.2 480410478 648908800
27/10/2020T17:00 1.2 480544157 649170944
27/10/2020T17:10 1.2 480690560 647778304
27/10/2020T17:20 1.2 480822308 647659520
27/10/2020T17:30 1.2 480997633 646676480
27/10/2020T17:40 1.2 481157604 646926336
27/10/2020T17:50 1.2 481302514 649359360
27/10/2020T18:00 1.2 481394420 650272768
27/10/2020T18:10 1.2 481608032 649089024
27/10/2020T18:20 1.2 481741265 648048640
27/10/2020T18:30 1.2 481915326 646529024
27/10/2020T18:40 1.2 482112498 648962048
27/10/2020T18:50 1.2 482271505 649510912
27/10/2020T19:00 1.2 482453926 651550720
27/10/2020T19:10 1.2 482628581 647348224
27/10/2020T19:20 1.2 482781728 648032256
27/10/2020T19:30 1.2 482960702 650747904
27/10/2020T19:40 1.2 483077891 646684672
27/10/2020T19:50 1.2 483214631 649334784
27/10/2020T20:00 1.2 483339183 649551872
27/10/2020T20:10 1.2 483534169 646111232
27/10/2020T20:20 1.2 483685370 649613312
27/10/2020T20:30 1.2 483800773 648081408
27/10/2020T20:40 1.2 483971827 648466432
27/10/2020T20:50 1.2 484125703 647143424
27/10/2020T21:00 1.2 484269063 649572352
27/10/2020T21:10 1.2 484501360 648052736
27/10/2020T21:20 1.2 484651838 647680000
27/10/2020T21:30 1.2 484786697 653094912
27/10/2020T21:40 1.2 484990369 654094336
27/10/2020T21:50 1.2 485180846 658468864
27/10/2020T22:00 1.2 485327168 654983168
27/10/2020T22:10 1.2 485522623 655638528
27/10/2020T22:20 1.2 485604589 649080832
27/10/2020T22:30 1.2 485764145 647393280
27/10/2020T22:40 1.2 485919788 648830976
27/10/2020T22:50 1.2 486082317 648769536
27/10/2020T23:00 1.2 486180362 648572928
27/10/2020T23:10 1.2 486372677 647737344
27/10/2020T23:20 1.2 486504679 647512064
27/10/2020T23:30 1.2 486652765 655089664
27/10/2020T23:40 1.2 486811208 650072064
27/10/2020T23:50 1.2 486999680 654766080
28/10/2020T00:00 1.2 487160786 653541376
28/10/2020T00:10 1.2 487370338 655400960
28/10/2020T00:20 1.2 487543199 651620352
28/10/2020T00:30 1.2 487666670 651251712
28/10/2020T00:40 1.2 487843108 652410880
28/10/2020T00:50 1.2 488005970 652271616
28/10/2020T01:00 1.2 488160740 652722176
28/10/2020T01:10 1.2 488317076 650838016
28/10/2020T01:20 1.2 488522431 652972032
28/10/2020T01:30 1.2 488663683 658186240
28/10/2020T01:40 1.2 488835827 655568896
28/10/2020T01:50 1.2 488962300 658087936
28/10/2020T02:00 1.2 489201729 654356480
28/10/2020T02:10 1.2 489288945 657063936
28/10/2020T02:20 1.2 489407529 659193856
28/10/2020T02:30 1.2 489572722 654000128
28/10/2020T02:40 1.2 489779095 655253504
28/10/2020T02:50 1.2 489917757 653766656
28/10/2020T03:00 1.2 490098772 653475840
28/10/2020T03:10 1.2 490247543 656011264
28/10/2020T03:20 1.2 490403976 653938688
28/10/2020T03:30 1.2 490531290 657903616
28/10/2020T03:40 1.2 490634107 660180992
28/10/2020T03:50 1.2 490789018 657440768
28/10/2020T04:00 1.2 490904242 658628608
28/10/2020T04:10 1.2 491098449 657317888
28/10/2020T04:20 1.2 491308878 658919424
28/10/2020T04:30 1.2 491470098 658911232
28/10/2020T04:40 1.2 491631972 657453056
28/10/2020T04:50 1.2 491797938 656855040
28/10/2020T05:00 1.2 491887049 658116608
28/10/2020T05:10 1.2 492093507 658628608
28/10/2020T05:20 1.2 492251547 657289216
28/10/2020T05:30 1.2 492429038 663449600
28/10/2020T05:40 1.2 492582973 662859776
28/10/2020T05:50 1.2 492753674 662118400
28/10/2020T06:00 1.2 492946625 663519232
28/10/2020T06:10 1.2 493093617 662093824
28/10/2020T06:20 1.2 493285191 662568960
28/10/2020T06:30 1.2 493500243 664875008
28/10/2020T06:40 1.2 493671330 662638592
28/10/2020T06:50 1.2 493854848 661958656
28/10/2020T07:00 1.2 494048860 662376448
28/10/2020T07:10 1.2 494334823 661225472
28/10/2020T07:20 1.2 494399865 662990848
28/10/2020T07:30 1.2 494510142 664178688
28/10/2020T07:40 1.2 494635634 665505792
28/10/2020T07:50 1.2 494798287 667009024
28/10/2020T08:00 1.2 494990433 664137728
28/10/2020T08:10 1.2 495179110 665100288
28/10/2020T08:20 1.2 495321738 663949312
28/10/2020T08:30 1.2 495456479 663900160
28/10/2020T08:40 1.2 495648493 665493504
28/10/2020T08:50 1.2 495781120 666968064
28/10/2020T09:00 1.2 495936092 663838720
28/10/2020T09:10 1.2 496157659 663437312
28/10/2020T09:20 1.2 496329178 669478912
28/10/2020T09:30 1.2 496479866 666648576
28/10/2020T09:40 1.2 496625266 668700672
28/10/2020T09:50 1.2 496819516 672813056
28/10/2020T10:00 1.2 496974727 667414528
28/10/2020T10:10 1.2 497165899 667062272
28/10/2020T10:20 1.2 497321481 672301056
28/10/2020T10:30 1.2 497446958 669880320
28/10/2020T10:40 1.2 497600558 669093888
28/10/2020T10:50 1.2 497712268 670191616
28/10/2020T11:00 1.2 497870523 668901376
28/10/2020T11:10 1.2 498075232 670396416
28/10/2020T11:20 1.2 498188020 668667904
28/10/2020T11:30 1.2 498320891 670191616
28/10/2020T11:40 1.2 498458117 671686656
28/10/2020T11:50 1.2 498582161 673333248
28/10/2020T12:00 1.2 498743529 671043584
28/10/2020T12:10 1.2 498926629 676982784
28/10/2020T12:20 1.2 499069875 685232128
28/10/2020T12:30 1.2 499230958 679510016
28/10/2020T12:40 1.2 499348173 676831232
28/10/2020T12:50 1.2 499473488 679276544
28/10/2020T13:00 1.2 499651847 685355008
28/10/2020T13:10 1.2 499861122 680169472
28/10/2020T13:20 1.2 500013947 678203392
28/10/2020T13:30 1.2 500166450 678383616
28/10/2020T13:40 1.2 500304156 678400000
28/10/2020T13:50 1.2 500546412 680075264
28/10/2020T14:00 1.2 500675659 679813120
28/10/2020T14:10 1.2 500908576 678064128
28/10/2020T14:20 1.2 501043203 681299968
28/10/2020T14:30 1.2 501276245 680677376
28/10/2020T14:40 1.2 501482485 678526976
28/10/2020T14:50 1.2 501699782 681975808
28/10/2020T15:00 1.2 501949415 679493632
28/10/2020T15:10 1.2 502089893 679190528
28/10/2020T15:20 1.2 502303999 679686144
28/10/2020T15:30 1.2 502512648 684691456
28/10/2020T15:40 1.2 502687024 680280064
28/10/2020T15:50 1.2 502897795 682594304
28/10/2020T16:00 1.2 503116185 684937216
28/10/2020T16:10 1.2 503330888 682921984
28/10/2020T16:20 1.2 503523748 680607744
28/10/2020T16:30 1.2 503781694 681361408
28/10/2020T16:40 1.2 503961998 683397120
28/10/2020T16:50 1.2 504143632 683438080
28/10/2020T17:00 1.2 504307042 683200512
28/10/2020T17:10 1.2 504506063 687894528
28/10/2020T17:20 1.2 504636757 683597824
28/10/2020T17:30 1.2 504865531 686702592
28/10/2020T17:40 1.2 505082577 689152000
28/10/2020T17:50 1.2 505300269 686542848
28/10/2020T18:00 1.2 505613010 685596672
28/10/2020T18:10 1.2 505769955 684752896
28/10/2020T18:20 1.2 506070853 686157824
28/10/2020T18:30 1.2 506323198 688128000
28/10/2020T18:40 1.2 506599527 687075328
28/10/2020T18:50 1.2 506761416 684126208
28/10/2020T19:00 1.2 506994401 686915584
28/10/2020T19:10 1.2 507258425 683827200
28/10/2020T19:20 1.2 507603204 688279552
28/10/2020T19:30 1.2 507805369 692879360
28/10/2020T19:40 1.2 508068761 696799232
28/10/2020T19:50 1.2 508342833 705433600
28/10/2020T20:00 1.2 508538687 697556992
28/10/2020T20:10 1.2 508841479 699203584
28/10/2020T20:20 1.2 509153466 697491456
28/10/2020T20:30 1.2 509422488 695656448
28/10/2020T20:40 1.2 509696947 697749504
28/10/2020T20:50 1.2 509955771 697782272
28/10/2020T21:00 1.2 510173058 697602048
28/10/2020T21:10 1.2 510449780 696274944
28/10/2020T21:20 1.2 510599273 704000000
28/10/2020T21:30 1.2 510798144 707108864
28/10/2020T21:40 1.2 510961760 714854400
28/10/2020T21:50 1.2 511202366 713502720
28/10/2020T22:00 1.2 511472241 713007104
28/10/2020T22:10 1.2 511663003 715452416
28/10/2020T22:20 1.2 511925199 716857344
28/10/2020T22:30 1.2 512141700 717783040
28/10/2020T22:40 1.2 512322669 720936960
28/10/2020T22:50 1.2 512497133 716894208
28/10/2020T23:00 1.2 512828721 720314368
28/10/2020T23:10 1.2 513211024 715780096
28/10/2020T23:20 1.2 513319621 718131200
28/10/2020T23:30 1.2 513529348 718245888
28/10/2020T23:40 1.2 513726513 719843328
28/10/2020T23:50 1.2 513883680 733245440
29/10/2020T00:00 1.2 514005504 755019776
29/10/2020T00:10 1.2 514141242 755802112
29/10/2020T00:20 1.2 514275175 753655808
29/10/2020T00:30 1.2 514391474 748765184
29/10/2020T00:40 1.2 514571982 748896256
29/10/2020T00:50 1.2 514711194 752300032
29/10/2020T01:00 1.2 514897481 749867008
29/10/2020T01:10 1.2 515082206 750407680
29/10/2020T01:20 1.2 515234414 749576192
29/10/2020T01:30 1.2 515385937 751132672
29/10/2020T01:40 1.2 515569354 753111040
29/10/2020T01:50 1.2 515766307 749981696
29/10/2020T02:00 1.2 515894593 750231552
29/10/2020T02:10 1.2 516119952 745275392
29/10/2020T02:20 1.2 516320988 747646976
29/10/2020T02:30 1.2 516544435 745320448
29/10/2020T02:40 1.2 516721936 744620032
29/10/2020T02:50 1.2 517532442 746160128
29/10/2020T03:00 1.2 517728903 745689088
29/10/2020T03:10 1.2 517793179 748400640
29/10/2020T03:20 1.2 517859261 746762240
29/10/2020T03:30 1.2 517976332 750718976
29/10/2020T03:40 1.2 518108629 748204032
29/10/2020T03:50 1.2 518297103 750661632
29/10/2020T04:00 1.2 518458066 753569792
29/10/2020T04:10 1.2 518618994 761393152
29/10/2020T04:20 1.2 518778733 761675776
29/10/2020T04:30 1.2 518958794 766414848
29/10/2020T04:40 1.2 519249301 761303040
29/10/2020T04:50 1.2 519413664 760647680
29/10/2020T05:00 1.2 519625160 757841920
29/10/2020T05:10 1.2 519797939 759271424
29/10/2020T05:20 1.2 519997556 756559872
29/10/2020T05:30 1.2 520222975 760307712
29/10/2020T05:40 1.2 520427101 760987648
29/10/2020T05:50 1.2 520682425 760045568
29/10/2020T06:00 1.2 520886519 762404864
29/10/2020T06:10 1.2 521133206 761282560
29/10/2020T06:20 1.2 521381816 759349248
29/10/2020T06:30 1.2 521632602 757817344
29/10/2020T06:40 1.2 521842017 760418304
29/10/2020T06:50 1.2 522109944 761384960
29/10/2020T07:00 1.2 522310272 760078336
29/10/2020T07:10 1.2 522511826 761896960
29/10/2020T07:20 1.2 522699236 762781696
29/10/2020T07:30 1.2 522923114 761520128
29/10/2020T07:40 1.2 523089160 762314752
29/10/2020T07:50 1.2 523271678 762609664
29/10/2020T08:00 1.2 523449872 764858368
29/10/2020T08:10 1.2 523571375 761626624
29/10/2020T08:20 1.2 523773574 761348096
29/10/2020T08:30 1.2 523984936 767016960
29/10/2020T08:40 1.2 524174740 763817984
29/10/2020T08:50 1.2 524370781 759410688
29/10/2020T09:00 1.2 524637956 761970688
29/10/2020T09:10 1.2 524810544 762359808
29/10/2020T09:20 1.2 525003180 759320576
29/10/2020T09:30 1.2 525141705 755892224
29/10/2020T09:40 1.2 525336803 765689856
29/10/2020T09:50 1.2 525514036 765669376
29/10/2020T10:00 1.2 525719413 768688128
29/10/2020T10:10 1.2 525902975 768352256
29/10/2020T10:20 1.2 526078417 767459328
29/10/2020T10:30 1.2 526352546 765976576
29/10/2020T10:40 1.2 526595734 771383296
29/10/2020T10:50 1.2 526858027 768020480
29/10/2020T11:00 1.2 527035087 771235840
29/10/2020T11:10 1.2 527326958 768385024
29/10/2020T11:20 1.2 527764553 767594496
29/10/2020T11:30 1.2 527879337 771579904
29/10/2020T11:40 1.2 528095823 817115136
29/10/2020T11:50 1.2 528433368 826224640
29/10/2020T12:00 1.2 528766938 823865344
29/10/2020T12:10 1.2 529212776 826552320
29/10/2020T12:20 1.2 529605650 824066048
29/10/2020T12:30 1.2 529967578 825712640
29/10/2020T12:40 1.2 530407834 825798656
29/10/2020T12:50 1.2 530787952 829702144
29/10/2020T13:00 1.2 531175748 826060800
29/10/2020T13:10 1.2 531702517 824582144
29/10/2020T13:20 1.2 532379432 826470400
29/10/2020T13:30 1.2 532999679 824983552
29/10/2020T13:40 1.2 533660180 827801600
29/10/2020T13:50 1.2 534273425 830025728
29/10/2020T14:00 1.2 534826772 828878848
29/10/2020T14:10 1.2 535413922 829218816
29/10/2020T14:20 1.2 536121365 827920384
29/10/2020T14:30 1.2 536898064 829014016
29/10/2020T14:40 1.2 537433077 831569920
29/10/2020T14:50 1.2 538052288 828551168
29/10/2020T15:00 1.2 538555557 838893568
29/10/2020T15:10 1.2 539199174 801607680
29/10/2020T15:20 1.2 539830400 804909056
29/10/2020T15:30 1.2 540255422 806461440
29/10/2020T15:40 1.2 540932425 806498304
29/10/2020T15:50 1.2 541677210 811548672
29/10/2020T16:00 1.2 542320910 808509440
29/10/2020T16:10 1.2 542949154 810663936
29/10/2020T16:20 1.2 543546611 807890944
29/10/2020T16:30 1.2 544173006 807563264
29/10/2020T16:40 1.2 544694417 816807936
29/10/2020T16:50 1.2 545206704 814858240
29/10/2020T17:00 1.2 546027694 813256704
29/10/2020T17:10 1.2 546381132 818118656
29/10/2020T17:20 1.2 546904880 815661056
29/10/2020T17:30 1.2 547518975 815017984
29/10/2020T17:40 1.2 548112942 819236864
29/10/2020T17:50 1.2 550468665 819712000
29/10/2020T18:00 1.2 551042586 818057216
29/10/2020T18:10 1.2 551291511 820002816
29/10/2020T18:20 1.2 551513143 819044352
29/10/2020T18:30 1.2 551697979 817405952
29/10/2020T18:40 1.2 551933849 817233920
29/10/2020T18:50 1.2 552414665 817184768
29/10/2020T19:00 1.2 552978643 808964096
29/10/2020T19:10 1.2 553319014 812212224
29/10/2020T19:20 1.2 553732414 810790912
29/10/2020T19:30 1.2 554257466 819089408
29/10/2020T19:40 1.2 554653224 821276672
29/10/2020T19:50 1.2 555137173 820355072
29/10/2020T20:00 1.2 555623591 818556928
29/10/2020T20:10 1.2 556149745 824201216
29/10/2020T20:20 1.2 556669377 819425280
29/10/2020T20:30 1.2 557215934 821960704
29/10/2020T20:40 1.2 558037843 827961344
29/10/2020T20:50 1.2 558616290 820592640
29/10/2020T21:00 1.2 559198134 825540608
29/10/2020T21:10 1.2 559738168 821874688
29/10/2020T21:20 1.2 560285862 820613120
29/10/2020T21:30 1.2 560797195 860188672
29/10/2020T21:40 1.2 561397848 861888512
29/10/2020T21:50 1.2 561919165 859586560
29/10/2020T22:00 1.2 562386640 858976256
29/10/2020T22:10 1.2 563250004 860565504
29/10/2020T22:20 1.2 563690213 862162944
29/10/2020T22:30 1.2 564201197 858796032
29/10/2020T22:40 1.2 564717783 877547520
29/10/2020T22:50 1.2 565067950 870961152
29/10/2020T23:00 1.2 565482054 870572032
29/10/2020T23:10 1.2 565948643 871129088
29/10/2020T23:20 1.2 566445203 871809024
29/10/2020T23:30 1.2 566806565 872607744
29/10/2020T23:40 1.2 567199952 872071168
29/10/2020T23:50 1.2 567615479 874500096
30/10/2020T00:00 1.2 568035306 875675648
30/10/2020T00:10 1.2 568352697 873816064
30/10/2020T00:20 1.2 568735656 876863488
30/10/2020T00:30 1.2 569112382 875847680
30/10/2020T00:40 1.2 569462166 880357376
30/10/2020T00:50 1.2 569843009 873611264
30/10/2020T01:00 1.2 570200759 875122688
30/10/2020T01:10 1.2 570591565 873734144
30/10/2020T01:20 1.2 570931643 875405312
30/10/2020T01:30 1.2 571373622 873775104
30/10/2020T01:40 1.2 571795843 877383680
30/10/2020T01:50 1.2 572139042 877912064
30/10/2020T02:00 1.2 572356263 871542784
30/10/2020T02:10 1.2 572575225 872062976
30/10/2020T02:20 1.2 572856021 872550400
30/10/2020T02:30 1.2 573132012 871641088
30/10/2020T02:40 1.2 573365454 871505920
30/10/2020T02:50 1.2 573542711 874405888
30/10/2020T03:00 1.2 573699879 873627648
30/10/2020T03:10 1.2 573830446 877441024
30/10/2020T03:20 1.2 573952391 876756992
30/10/2020T03:30 1.2 574131356 877355008
30/10/2020T03:40 1.2 574376850 878604288
30/10/2020T03:50 1.2 574529334 876199936
30/10/2020T04:00 1.2 574682032 879624192
30/10/2020T04:10 1.2 574828365 878632960
30/10/2020T04:20 1.2 574945792 879525888
30/10/2020T04:30 1.2 575087988 880058368
30/10/2020T04:40 1.2 575225132 878927872
30/10/2020T04:50 1.2 575376557 877436928
30/10/2020T05:00 1.2 575532290 880353280
30/10/2020T05:10 1.2 575738256 877158400
30/10/2020T05:20 1.2 575889044 879878144
30/10/2020T05:30 1.2 576051435 876187648
30/10/2020T05:40 1.2 576209593 879300608
30/10/2020T05:50 1.2 576340748 883494912
30/10/2020T06:00 1.2 576500490 874463232
30/10/2020T06:10 1.2 576759521 874369024
30/10/2020T06:20 1.2 576955674 874156032
30/10/2020T06:30 1.2 577112838 876167168
30/10/2020T06:40 1.2 577247336 877289472
30/10/2020T06:50 1.2 577478860 874762240
30/10/2020T07:00 1.2 577741771 876969984
30/10/2020T07:10 1.2 578067711 876290048
30/10/2020T07:20 1.2 578417823 875503616
30/10/2020T07:30 1.2 578696249 876281856
30/10/2020T07:40 1.2 578896987 877273088
30/10/2020T07:50 1.2 579217381 877391872
30/10/2020T08:00 1.2 579453553 877568000
30/10/2020T08:10 1.2 579709151 875900928
30/10/2020T08:20 1.2 579919245 877613056
30/10/2020T08:30 1.2 580161608 875896832
30/10/2020T08:40 1.2 580509879 878239744
30/10/2020T08:50 1.2 580891299 876417024
30/10/2020T09:00 1.2 581153704 877801472
30/10/2020T09:10 1.2 581557378 875290624
30/10/2020T09:20 1.2 581905077 878268416
30/10/2020T09:30 1.2 582316784 877391872
30/10/2020T09:40 1.2 582565714 878886912
30/10/2020T09:50 1.2 582910213 882573312
30/10/2020T10:00 1.2 583282909 880410624
30/10/2020T10:10 1.2 583476944 882274304
30/10/2020T10:20 1.2 583735346 881238016
30/10/2020T10:30 1.2 584007378 882753536
30/10/2020T10:40 1.2 584393134 880967680
30/10/2020T10:50 1.2 584647340 881225728
30/10/2020T11:00 1.2 584881512 879718400
30/10/2020T11:10 1.2 585144881 880992256
30/10/2020T11:20 1.2 585422937 883896320
30/10/2020T11:30 1.2 585710381 879210496
30/10/2020T11:40 1.2 585993191 888041472
30/10/2020T11:50 1.2 586903323 930213888
30/10/2020T12:00 1.2 587807154 972320768
30/10/2020T12:10 1.2 588212834 935571456
30/10/2020T12:20 1.2 588326671 935043072
30/10/2020T12:30 1.2 588423171 966008832
30/10/2020T12:40 1.2 588515329 944951296
30/10/2020T12:50 1.3 588635603 971788288
30/10/2020T13:00 1.3 588771297 976199680
30/10/2020T13:10 1.3 588961899 949067776
30/10/2020T13:20 1.3 589197008 945410048
30/10/2020T13:30 1.3 589402622 948371456
30/10/2020T13:40 1.3 589568187 951672832
30/10/2020T13:50 1.3 589908807 960708608
30/10/2020T14:00 1.3 590198092 968232960
30/10/2020T14:10 1.3 590413134 958443520
30/10/2020T14:20 1.3 590635923 960176128
30/10/2020T14:30 1.3 590879780 957124608
30/10/2020T14:40 1.3 591079032 958824448
30/10/2020T14:50 1.3 591306535 958451712
30/10/2020T15:00 1.3 591623838 966156288
30/10/2020T15:10 1.3 591942635 966037504
30/10/2020T15:20 1.3 592249689 968712192
30/10/2020T15:30 1.3 592572781 967442432
30/10/2020T15:40 1.3 592924607 434462720
30/10/2020T15:50 1.3 593373650 479944704
30/10/2020T16:00 1.3 593791479 487124992
30/10/2020T16:10 1.3 594067485 488550400
30/10/2020T16:20 1.3 594560608 490119168
30/10/2020T16:30 1.3 594872385 489508864
30/10/2020T16:40 1.3 595289245 493617152
30/10/2020T16:50 1.3 595662294 489365504
30/10/2020T17:00 1.3 595956066 488644608
30/10/2020T17:10 1.3 596290517 486961152
30/10/2020T17:20 1.3 596699630 488718336
30/10/2020T17:30 1.3 597062282 491016192
30/10/2020T17:40 1.3 597392538 491503616
30/10/2020T17:50 1.3 597771798 494764032
30/10/2020T18:00 1.3 598135717 491458560
30/10/2020T18:10 1.3 598437580 494829568
30/10/2020T18:20 1.3 598759504 492269568
30/10/2020T18:30 1.3 599165321 493195264
30/10/2020T18:40 1.3 599559865 494321664
30/10/2020T18:50 1.3 599936661 491642880
30/10/2020T19:00 1.3 600317002 493019136
30/10/2020T19:10 1.3 600784293 495153152
30/10/2020T19:20 1.3 601119457 493768704
30/10/2020T19:30 1.3 601394189 493445120
30/10/2020T19:40 1.3 601716360 493305856
30/10/2020T19:50 1.3 602068121 498352128
30/10/2020T20:00 1.3 602396008 498298880
30/10/2020T20:10 1.3 602623775 495943680
30/10/2020T20:20 1.3 602888681 495742976
30/10/2020T20:30 1.3 603180083 497967104
30/10/2020T20:40 1.3 603428306 500654080
30/10/2020T20:50 1.3 603717949 497070080
30/10/2020T21:00 1.3 603985705 497078272
30/10/2020T21:10 1.3 604302713 495730688
30/10/2020T21:20 1.3 604489661 500391936
30/10/2020T21:30 1.3 604665189 497762304
30/10/2020T21:40 1.3 604840516 498876416
30/10/2020T21:50 1.3 605011223 502403072
30/10/2020T22:00 1.3 605166860 500473856
30/10/2020T22:10 1.3 605436028 503717888
30/10/2020T22:20 1.3 605637909 503496704
30/10/2020T22:30 1.3 605920796 503230464
30/10/2020T22:40 1.3 606074553 501817344
30/10/2020T22:50 1.3 606228734 507355136
30/10/2020T23:00 1.3 606463639 469991424
30/10/2020T23:10 1.3 606666857 471973888
30/10/2020T23:20 1.3 606849522 470102016
30/10/2020T23:30 1.3 607006952 471711744
30/10/2020T23:40 1.3 607142961 468709376
30/10/2020T23:50 1.3 607288712 476385280
31/10/2020T00:00 1.3 607446381 474513408
31/10/2020T00:10 1.3 607628648 471339008
31/10/2020T00:20 1.3 607764718 473145344
31/10/2020T00:30 1.3 607959881 472072192
31/10/2020T00:40 1.3 608058488 473079808
31/10/2020T00:50 1.3 608235073 473964544
31/10/2020T01:00 1.3 608374558 472576000
31/10/2020T01:10 1.3 608529515 470433792
31/10/2020T01:20 1.3 608654704 470515712
31/10/2020T01:30 1.3 608848218 471252992
31/10/2020T01:40 1.3 609012181 470999040
31/10/2020T01:50 1.3 609116258 473628672
31/10/2020T02:00 1.3 609241496 475688960
31/10/2020T02:10 1.3 609387682 475238400
31/10/2020T02:20 1.3 609552400 477171712
31/10/2020T02:30 1.3 609692078 474550272
31/10/2020T02:40 1.3 609811167 476196864
31/10/2020T02:50 1.3 609891833 478945280
31/10/2020T03:00 1.3 610047847 475607040
31/10/2020T03:10 1.3 610153966 473030656
31/10/2020T03:20 1.3 610257752 475205632
31/10/2020T03:30 1.3 610427804 473968640
31/10/2020T03:40 1.3 610562728 474832896
31/10/2020T03:50 1.3 610734145 476680192
31/10/2020T04:00 1.3 610908081 476016640
31/10/2020T04:10 1.3 611172776 478859264
31/10/2020T04:20 1.3 611318677 476811264
31/10/2020T04:30 1.3 611454660 478515200
31/10/2020T04:40 1.3 611622920 476594176
31/10/2020T04:50 1.3 611807184 479186944
31/10/2020T05:00 1.3 611982589 477827072
31/10/2020T05:10 1.3 612104695 478261248
31/10/2020T05:20 1.3 612267321 478867456
31/10/2020T05:30 1.3 612374928 477827072
31/10/2020T05:40 1.3 612574986 477450240
31/10/2020T05:50 1.3 612799497 483672064
31/10/2020T06:00 1.3 612956248 480276480
31/10/2020T06:10 1.3 613112024 481529856
31/10/2020T06:20 1.3 613344604 482074624
31/10/2020T06:30 1.3 613542890 482357248
31/10/2020T06:40 1.3 613695295 478867456
31/10/2020T06:50 1.3 613907346 484937728
31/10/2020T07:00 1.3 614178105 480464896
31/10/2020T07:10 1.3 614383198 481419264
31/10/2020T07:20 1.3 614636248 478810112
31/10/2020T07:30 1.3 614881551 483368960
31/10/2020T07:40 1.3 615208303 481443840
31/10/2020T07:50 1.3 615505373 482938880
31/10/2020T08:00 1.3 615698654 484052992
31/10/2020T08:10 1.3 615969933 485126144
31/10/2020T08:20 1.3 616193973 484859904
31/10/2020T08:30 1.3 616345223 482893824
31/10/2020T08:40 1.3 616515545 485855232
31/10/2020T08:50 1.3 616763802 484958208
31/10/2020T09:00 1.3 617108263 481882112
31/10/2020T09:10 1.3 617486701 485249024
31/10/2020T09:20 1.3 617742312 485892096
31/10/2020T09:30 1.3 617974778 486330368
31/10/2020T09:40 1.3 618222769 483311616
31/10/2020T09:50 1.3 618396092 487325696
31/10/2020T10:00 1.3 618704941 488017920
31/10/2020T10:10 1.3 618948066 487288832
31/10/2020T10:20 1.3 619182572 488284160
31/10/2020T10:30 1.3 619417243 486731776
31/10/2020T10:40 1.3 619632246 486789120
31/10/2020T10:50 1.3 619903442 488873984
31/10/2020T11:00 1.3 620133525 486293504
31/10/2020T11:10 1.3 620445385 485306368
31/10/2020T11:20 1.3 620726772 489467904
31/10/2020T11:30 1.3 621060512 484376576
31/10/2020T11:40 1.3 621338279 486383616
31/10/2020T11:50 1.3 621540951 489549824
31/10/2020T12:00 1.3 621697574 490491904
31/10/2020T12:10 1.3 622025962 491565056
31/10/2020T12:20 1.3 622276553 488325120
31/10/2020T12:30 1.3 622573597 489263104
31/10/2020T12:40 1.3 622805987 488390656
31/10/2020T12:50 1.3 623089610 487329792
31/10/2020T13:00 1.3 623279423 490098688
31/10/2020T13:10 1.3 623533885 487530496
31/10/2020T13:20 1.3 623891317 487522304
31/10/2020T13:30 1.3 624132123 490467328
31/10/2020T13:40 1.3 624479138 488321024
31/10/2020T13:50 1.3 624895107 490602496
31/10/2020T14:00 1.3 625238621 491065344
31/10/2020T14:10 1.3 625580037 492826624
31/10/2020T14:20 1.3 625884900 490606592
31/10/2020T14:30 1.3 626231036 491667456
31/10/2020T14:40 1.3 626582005 492953600
31/10/2020T14:50 1.3 626918272 492019712
31/10/2020T15:00 1.3 627257771 494895104
31/10/2020T15:10 1.3 627675051 492773376
31/10/2020T15:20 1.3 628096960 491008000
31/10/2020T15:30 1.3 628478348 490852352
31/10/2020T15:40 1.3 628766587 490369024
31/10/2020T15:50 1.3 629235937 495321088
31/10/2020T16:00 1.3 629463120 493883392
31/10/2020T16:10 1.3 629794615 494022656
31/10/2020T16:20 1.3 630013584 493707264
31/10/2020T16:30 1.3 630275636 491941888
31/10/2020T16:40 1.3 630493569 493432832
31/10/2020T16:50 1.3 630747152 493936640
31/10/2020T17:00 1.3 631027687 492060672
31/10/2020T17:10 1.3 631272676 492503040
31/10/2020T17:20 1.3 631526860 492605440
31/10/2020T17:30 1.3 631759873 493826048
31/10/2020T17:40 1.3 631975507 494477312
31/10/2020T17:50 1.3 632203523 497913856
31/10/2020T18:00 1.3 632383019 495747072
31/10/2020T18:10 1.3 632777769 495632384
31/10/2020T18:20 1.3 633004911 494899200
31/10/2020T18:30 1.3 633443210 496349184
31/10/2020T18:40 1.3 633687168 496766976
31/10/2020T18:50 1.3 633911818 497541120
31/10/2020T19:00 1.3 634080917 496640000
31/10/2020T19:10 1.3 634331480 495644672
31/10/2020T19:20 1.3 634938277 496021504
31/10/2020T19:30 1.3 635114968 501075968
31/10/2020T19:40 1.3 635282345 496418816
31/10/2020T19:50 1.3 635671150 499154944
31/10/2020T20:00 1.3 636068336 499183616
31/10/2020T20:10 1.3 636621492 499392512
31/10/2020T20:20 1.3 636746930 497934336
31/10/2020T20:30 1.3 636981082 498130944
31/10/2020T20:40 1.3 637470712 497594368
31/10/2020T20:50 1.3 637689112 497377280
31/10/2020T21:00 1.3 637900870 509554688
31/10/2020T21:10 1.3 638098684 509038592
31/10/2020T21:20 1.3 638272877 507580416
31/10/2020T21:30 1.3 638747911 505794560
31/10/2020T21:40 1.3 638862784 507338752
31/10/2020T21:50 1.3 638996780 509243392
31/10/2020T22:00 1.3 639234339 511295488
31/10/2020T22:10 1.3 639414592 508968960
31/10/2020T22:20 1.3 639615648 511541248
31/10/2020T22:30 1.3 639889015 509984768
31/10/2020T22:40 1.3 640032226 513015808
31/10/2020T22:50 1.3 640255790 510709760
31/10/2020T23:00 1.3 640502432 509923328
31/10/2020T23:10 1.3 640706751 509444096
31/10/2020T23:20 1.3 640905089 502149120
31/10/2020T23:30 1.3 641063321 502497280
31/10/2020T23:40 1.3 641232940 502947840
31/10/2020T23:50 1.3 641454759 506109952
01/11/2020T00:00 1.3 641598094 504930304
01/11/2020T00:10 1.3 641735587 505311232
01/11/2020T00:20 1.3 641903612 504414208
01/11/2020T00:30 1.3 642059426 505196544
01/11/2020T00:40 1.3 642203107 503218176
01/11/2020T00:50 1.3 642417459 504287232
01/11/2020T01:00 1.3 642514330 507162624
01/11/2020T01:10 1.3 642633674 507179008
01/11/2020T01:20 1.3 642803775 505638912
01/11/2020T01:30 1.3 642945462 506597376
01/11/2020T01:40 1.3 643097800 508493824
01/11/2020T01:50 1.3 643274891 511303680
01/11/2020T02:00 1.3 643433717 509939712
01/11/2020T02:10 1.3 643671916 507400192
01/11/2020T02:20 1.3 643749282 509861888
01/11/2020T02:30 1.3 643870503 510697472
01/11/2020T02:40 1.3 644003675 507535360
01/11/2020T02:50 1.3 644158763 508411904
01/11/2020T03:00 1.3 644289596 510914560
01/11/2020T03:10 1.3 644431782 508624896
01/11/2020T03:20 1.3 644594986 510808064
01/11/2020T03:30 1.3 644767147 511938560
01/11/2020T03:40 1.3 644925327 510083072
01/11/2020T03:50 1.3 645050756 511987712
01/11/2020T04:00 1.3 645165038 512663552
01/11/2020T04:10 1.3 645395304 510169088
01/11/2020T04:20 1.3 645517174 513953792
01/11/2020T04:30 1.3 645680415 512217088
01/11/2020T04:40 1.3 645840767 510672896
01/11/2020T04:50 1.3 645997664 511283200
01/11/2020T05:00 1.3 646230912 510742528
01/11/2020T05:10 1.3 646434755 513183744
01/11/2020T05:20 1.3 646598755 510652416
01/11/2020T05:30 1.3 646800695 511508480
01/11/2020T05:40 1.3 647023052 512040960
01/11/2020T05:50 1.3 647223868 514793472
01/11/2020T06:00 1.3 647396435 512450560
01/11/2020T06:10 1.3 647682471 512552960
01/11/2020T06:20 1.3 647890575 512438272
01/11/2020T06:30 1.3 648159014 514531328
01/11/2020T06:40 1.3 648411732 515371008
01/11/2020T06:50 1.3 648611160 514256896
01/11/2020T07:00 1.3 648820470 514854912
01/11/2020T07:10 1.3 649070611 513884160
01/11/2020T07:20 1.3 649294180 514510848
01/11/2020T07:30 1.3 649558602 515170304
01/11/2020T07:40 1.3 649962910 513445888
01/11/2020T07:50 1.3 650260249 515575808
01/11/2020T08:00 1.3 650454489 517144576
01/11/2020T08:10 1.3 650652503 514863104
01/11/2020T08:20 1.3 650903819 518430720
01/11/2020T08:30 1.3 651083773 516632576
01/11/2020T08:40 1.3 651353577 516325376
01/11/2020T08:50 1.3 651637071 517423104
01/11/2020T09:00 1.3 651906950 516575232
01/11/2020T09:10 1.3 652223544 517091328
01/11/2020T09:20 1.3 652445040 515661824
01/11/2020T09:30 1.3 652706243 516722688
01/11/2020T09:40 1.3 652900102 517414912
01/11/2020T09:50 1.3 653042326 515117056
01/11/2020T10:00 1.3 653295736 516366336
01/11/2020T10:10 1.3 653649515 516521984
01/11/2020T10:20 1.3 653806532 516243456
01/11/2020T10:30 1.3 653980517 515534848
01/11/2020T10:40 1.3 654144269 515796992
01/11/2020T10:50 1.3 654348307 518606848
01/11/2020T11:00 1.3 654530557 517562368
01/11/2020T11:10 1.3 654737635 514035712
01/11/2020T11:20 1.3 654925066 515813376
01/11/2020T11:30 1.3 655200095 516337664
01/11/2020T11:40 1.3 655451961 514985984
01/11/2020T11:50 1.3 655660575 521293824
01/11/2020T12:00 1.3 655899149 517181440
01/11/2020T12:10 1.3 656154741 517152768
01/11/2020T12:20 1.3 656402669 518725632
01/11/2020T12:30 1.3 656662086 518447104
01/11/2020T12:40 1.3 656889947 520335360
01/11/2020T12:50 1.3 657098295 516378624
01/11/2020T13:00 1.3 657275792 515252224
01/11/2020T13:10 1.3 657608933 514977792
01/11/2020T13:20 1.3 657888133 514686976
01/11/2020T13:30 1.3 658222503 516374528
01/11/2020T13:40 1.3 658452610 514113536
01/11/2020T13:50 1.3 658607332 517623808
01/11/2020T14:00 1.3 658871614 519499776
01/11/2020T14:10 1.3 659240732 517750784
01/11/2020T14:20 1.3 659587340 518635520
01/11/2020T14:30 1.3 659784960 518803456
01/11/2020T14:40 1.3 659971207 520499200
01/11/2020T14:50 1.3 660242276 519479296
01/11/2020T15:00 1.3 660447283 518008832
01/11/2020T15:10 1.3 660770022 517439488
01/11/2020T15:20 1.3 660978980 520122368
01/11/2020T15:30 1.3 661195896 519675904
01/11/2020T15:40 1.3 661423273 517820416
01/11/2020T15:50 1.3 661632179 522072064
01/11/2020T16:00 1.3 661775178 520945664
01/11/2020T16:10 1.3 661968483 522539008
01/11/2020T16:20 1.3 662127471 521175040
01/11/2020T16:30 1.3 662436682 524611584
01/11/2020T16:40 1.3 662684880 525017088
01/11/2020T16:50 1.3 662991060 523763712
01/11/2020T17:00 1.3 663192978 521383936
01/11/2020T17:10 1.3 663422871 522399744
01/11/2020T17:20 1.3 663672472 521359360
01/11/2020T17:30 1.3 663857934 521162752
01/11/2020T17:40 1.3 664077161 522706944
01/11/2020T17:50 1.3 664329863 523792384
01/11/2020T18:00 1.3 664722021 524193792
01/11/2020T18:10 1.3 665154663 526827520
01/11/2020T18:20 1.3 665321581 523411456
01/11/2020T18:30 1.3 665528254 523771904
01/11/2020T18:40 1.3 665775592 524890112
01/11/2020T18:50 1.3 665993430 523718656
01/11/2020T19:00 1.3 666300319 524738560
01/11/2020T19:10 1.3 666567427 524943360
01/11/2020T19:20 1.3 666820100 524689408
01/11/2020T19:30 1.3 667041393 524918784
01/11/2020T19:40 1.3 667355921 524324864
01/11/2020T19:50 1.3 667694450 527085568
01/11/2020T20:00 1.3 667999421 526417920
01/11/2020T20:10 1.3 668282002 528265216
01/11/2020T20:20 1.3 668622291 527732736
01/11/2020T20:30 1.3 668950067 529448960
01/11/2020T20:40 1.3 669297495 527900672
01/11/2020T20:50 1.3 669589688 526372864
01/11/2020T21:00 1.3 669872916 528621568
01/11/2020T21:10 1.3 670116784 527364096
01/11/2020T21:20 1.3 670399226 528945152
01/11/2020T21:30 1.3 670666893 527253504
01/11/2020T21:40 1.3 670958225 530321408
01/11/2020T21:50 1.3 671240431 531578880
01/11/2020T22:00 1.3 671546307 530546688
01/11/2020T22:10 1.3 671837117 532008960
01/11/2020T22:20 1.3 672071798 531501056
01/11/2020T22:30 1.3 672378874 532647936
01/11/2020T22:40 1.3 672674060 532148224
01/11/2020T22:50 1.3 672924066 529768448
01/11/2020T23:00 1.3 673143817 534618112
01/11/2020T23:10 1.3 673430108 531832832
01/11/2020T23:20 1.3 673674407 531062784
01/11/2020T23:30 1.3 673965218 529817600
01/11/2020T23:40 1.3 674136479 532811776
01/11/2020T23:50 1.3 674368799 536682496
02/11/2020T00:00 1.3 674593804 534724608
02/11/2020T00:10 1.3 674825003 570433536
02/11/2020T00:20 1.3 674959465 540278784
02/11/2020T00:30 1.3 675183544 539901952
02/11/2020T00:40 1.3 675421935 539217920
02/11/2020T00:50 1.3 675588847 538554368
02/11/2020T01:00 1.3 675898731 540921856
02/11/2020T01:10 1.3 676016176 539041792
02/11/2020T01:20 1.3 676231609 539541504
02/11/2020T01:30 1.3 676422221 539283456
02/11/2020T01:40 1.3 676541079 540065792
02/11/2020T01:50 1.3 676723387 546332672
02/11/2020T02:00 1.3 676869750 542900224
02/11/2020T02:10 1.3 677054001 542343168
02/11/2020T02:20 1.3 677181254 546381824
02/11/2020T02:30 1.3 677364925 543039488
02/11/2020T02:40 1.3 677565518 544837632
02/11/2020T02:50 1.3 677707544 539602944
02/11/2020T03:00 1.3 677882211 538394624
02/11/2020T03:10 1.3 678057373 537554944
02/11/2020T03:20 1.3 678228420 536883200
02/11/2020T03:30 1.3 678371470 538873856
02/11/2020T03:40 1.3 678520354 537407488
02/11/2020T03:50 1.3 678656076 541810688
02/11/2020T04:00 1.3 678823726 540459008
02/11/2020T04:10 1.3 678914817 539807744
02/11/2020T04:20 1.3 679052155 540041216
02/11/2020T04:30 1.3 679391653 540995584
02/11/2020T04:40 1.3 679702488 540680192
02/11/2020T04:50 1.3 679822591 541003776
02/11/2020T05:00 1.3 679982701 541216768
02/11/2020T05:10 1.3 680179016 540266496
02/11/2020T05:20 1.3 680404247 541351936
02/11/2020T05:30 1.3 680522051 541122560
02/11/2020T05:40 1.3 680686375 541863936
02/11/2020T05:50 1.3 680831292 543821824
02/11/2020T06:00 1.3 680981566 546148352
02/11/2020T06:10 1.3 681161433 547069952
02/11/2020T06:20 1.3 681249933 543686656
02/11/2020T06:30 1.3 681463778 546873344
02/11/2020T06:40 1.3 681655729 546263040
02/11/2020T06:50 1.3 681805796 542961664
02/11/2020T07:00 1.3 681962589 543633408
02/11/2020T07:10 1.3 682253716 547143680
02/11/2020T07:20 1.3 682425926 546222080
02/11/2020T07:30 1.3 682545819 546856960
02/11/2020T07:40 1.3 682664893 543924224
02/11/2020T07:50 1.3 682851812 555610112
02/11/2020T08:00 1.3 683016640 561524736
02/11/2020T08:10 1.3 683284318 548331520
02/11/2020T08:20 1.3 683502432 549502976
02/11/2020T08:30 1.3 683685930 551333888
02/11/2020T08:40 1.3 683834558 549715968
02/11/2020T08:50 1.3 684024816 549437440
02/11/2020T09:00 1.3 684253780 548491264
02/11/2020T09:10 1.3 684442885 548765696
02/11/2020T09:20 1.3 684642865 550047744
02/11/2020T09:30 1.3 684807073 551763968
02/11/2020T09:40 1.3 685045977 551600128
02/11/2020T09:50 1.3 685327316 553811968
02/11/2020T10:00 1.3 685554002 550825984
02/11/2020T10:10 1.3 685750437 555061248
02/11/2020T10:20 1.3 686135043 552660992
02/11/2020T10:30 1.3 686305670 553975808
02/11/2020T10:40 1.3 686576822 551608320
02/11/2020T10:50 1.3 686750515 551084032
02/11/2020T11:00 1.3 686925932 553455616
02/11/2020T11:10 1.3 687112191 551440384
02/11/2020T11:20 1.3 687299032 552865792
02/11/2020T11:30 1.3 687580628 551235584
02/11/2020T11:40 1.3 687719177 553398272
02/11/2020T11:50 1.3 688061418 555634688
02/11/2020T12:00 1.3 688276541 556507136
02/11/2020T12:10 1.3 688519770 556326912
02/11/2020T12:20 1.3 688718790 554246144
02/11/2020T12:30 1.3 688953301 554541056
02/11/2020T12:40 1.3 689222794 553340928
02/11/2020T12:50 1.3 689400210 555667456
02/11/2020T13:00 1.3 689552404 552857600
02/11/2020T13:10 1.3 689755070 556453888
02/11/2020T13:20 1.3 690047065 555237376
02/11/2020T13:30 1.3 690328758 553369600
02/11/2020T13:40 1.3 690624272 559624192
02/11/2020T13:50 1.3 690846011 559857664
02/11/2020T14:00 1.3 691032429 558395392
02/11/2020T14:10 1.3 691344384 558538752
02/11/2020T14:20 1.3 691461034 556068864
02/11/2020T14:30 1.3 691736595 556691456
02/11/2020T14:40 1.3 691957836 562434048
02/11/2020T14:50 1.3 692279595 558637056
02/11/2020T15:00 1.3 692538726 557735936
02/11/2020T15:10 1.3 692957739 561717248
02/11/2020T15:20 1.3 693112962 564441088
02/11/2020T15:30 1.3 693467400 560377856
02/11/2020T15:40 1.3 693844763 558854144
02/11/2020T15:50 1.3 694124864 560918528
02/11/2020T16:00 1.3 694280219 559841280
