Mon Nov  2 22:45:06 UTC 2020
Transaction is finalized into block e7b82b13d5657d220cd2a24ad5328e6e311db5737fb65be0852649c7768211c9 with status "success" and cost 3.007000 GTU (30070 NRG).
Transaction is finalized into block 348d7a3dcb478c2183e7143e641531b62442e4858ea3ddcca4571d0aa1c10376 with status "success" and cost 3.007000 GTU (30070 NRG).
Transaction is finalized into block ec1079186b5b8798a9d51664d9b53257e766c4d3dc9a36f6919874226bb776ee with status "success" and cost 3.007000 GTU (30070 NRG).
Transaction is finalized into block 21157a95837173ce6995b5b940aa29ef75108b694107ea60d5dc83b56b129efa with status "success" and cost 3.007000 GTU (30070 NRG).
Transaction is finalized into block def3b3f9c9453c1afd18bf9c60c9c4f9c85bfea287d70044d68d9553fc862e1f with status "success" and cost 3.007000 GTU (30070 NRG).
Transaction is finalized into block 2356c3f939dba99aa26f09551f243ebba5bfd2eef4aec1cd14733979247f1732 with status "success" and cost 3.007000 GTU (30070 NRG).
Transaction is finalized into block 306b17fb5c424a87361ba80fe4ac7298957a79dcc0aeb14762505eeae47c9d04 with status "success" and cost 3.007000 GTU (30070 NRG).
Transaction is finalized into block 438d4ca0f5665bbe74b250acc228c89bc842104a3dbda2e236959e8259a23cf1 with status "success" and cost 3.007000 GTU (30070 NRG).
Transaction is finalized into block 7c64de6344c0db538ca238f221b8df55c0cdfad0f87f7b6d1f341f25602534ac with status "success" and cost 3.007000 GTU (30070 NRG).
Transaction is finalized into block 617deb5e6172be3a2fe8c7d342960d49964e9a84b200e2d49edb397ab1f62390 with status "success" and cost 3.007000 GTU (30070 NRG).
Transaction is finalized into block 7d355a8901f18503caa8a6e9f37a4e9471c89bc88076e0a5b8a6de9dbf96f281 with status "success" and cost 3.007000 GTU (30070 NRG).
Mon Nov  2 23:09:01 UTC 2020
Transaction is finalized into block e7b82b13d5657d220cd2a24ad5328e6e311db5737fb65be0852649c7768211c9 with status "success" and cost 3.007000 GTU (30070 NRG).
Transaction is finalized into block 348d7a3dcb478c2183e7143e641531b62442e4858ea3ddcca4571d0aa1c10376 with status "success" and cost 3.007000 GTU (30070 NRG).
Transaction is finalized into block ec1079186b5b8798a9d51664d9b53257e766c4d3dc9a36f6919874226bb776ee with status "success" and cost 3.007000 GTU (30070 NRG).
Transaction is finalized into block 21157a95837173ce6995b5b940aa29ef75108b694107ea60d5dc83b56b129efa with status "success" and cost 3.007000 GTU (30070 NRG).
Transaction is finalized into block def3b3f9c9453c1afd18bf9c60c9c4f9c85bfea287d70044d68d9553fc862e1f with status "success" and cost 3.007000 GTU (30070 NRG).
Transaction is finalized into block 2356c3f939dba99aa26f09551f243ebba5bfd2eef4aec1cd14733979247f1732 with status "success" and cost 3.007000 GTU (30070 NRG).
Transaction is finalized into block 306b17fb5c424a87361ba80fe4ac7298957a79dcc0aeb14762505eeae47c9d04 with status "success" and cost 3.007000 GTU (30070 NRG).
Transaction is finalized into block 438d4ca0f5665bbe74b250acc228c89bc842104a3dbda2e236959e8259a23cf1 with status "success" and cost 3.007000 GTU (30070 NRG).
Transaction is finalized into block 7c64de6344c0db538ca238f221b8df55c0cdfad0f87f7b6d1f341f25602534ac with status "success" and cost 3.007000 GTU (30070 NRG).
Transaction is finalized into block 617deb5e6172be3a2fe8c7d342960d49964e9a84b200e2d49edb397ab1f62390 with status "success" and cost 3.007000 GTU (30070 NRG).
Transaction is finalized into block 7d355a8901f18503caa8a6e9f37a4e9471c89bc88076e0a5b8a6de9dbf96f281 with status "success" and cost 3.007000 GTU (30070 NRG).
Transaction is finalized into block 295361f225c1d04991dc74ec81348f18c198a5e8d1a9a1b6eeda9ed487af7cf1 with status "success" and cost 3.007000 GTU (30070 NRG).
Transaction is finalized into block 43fb63e64a5f6b3ff9e67350a8dc22d2826b4d967328fab633fe8251ad37aadc with status "success" and cost 3.007000 GTU (30070 NRG).
Transaction is finalized into block d2f913f1c20d445e9fb2c0c456ac73495f019b09b8041f3b1393152b4b59d92f with status "success" and cost 3.007000 GTU (30070 NRG).
Transaction is finalized into block 628dae3b9af29a0aa334f81f13a86b1afae76744d8c8564595221df563aa503a with status "success" and cost 3.007000 GTU (30070 NRG).
Transaction is finalized into block e8b0bc1f4e5571f0cd91ea85842bd0ce28ef2b90656f188e6d0c594012ad8bdc with status "success" and cost 3.007000 GTU (30070 NRG).
Transaction is finalized into block be2424ec5975e626411683881b8cefa27b3ffa07b4e727aba7fe96f2ca94f3c9 with status "success" and cost 3.007000 GTU (30070 NRG).
Transaction is finalized into block 406885e361c2ed7594b1b53330c10773132f088cc4be59fc68b6ca5f110e3fc3 with status "success" and cost 3.007000 GTU (30070 NRG).
Transaction is finalized into block a93ead8eff1bc89272d277df7736b9633067f13fdaa9c02c6c8d6b2188f8cfb1 with status "success" and cost 3.007000 GTU (30070 NRG).
Transaction is finalized into block b39662655121e8f4a6e0788eed3c17954c3665c61f6cf3f76b9caa9a5e20bcc5 with status "success" and cost 3.007000 GTU (30070 NRG).

Tue Nov  3 10:10:01 UTC 2020
Transaction is finalized into block 0a30ece4b43d838ce50fa5d4fa1b20248ad9a99085c4a78eee1aa7fd7d2033a1 with status "success" and cost 3.007000 GTU (30070 NRG).
Transaction is finalized into block d0c2f63682942c3dc5b0aaf2c8b17456c871567fa96b7162362e89001778f61e with status "success" and cost 3.007000 GTU (30070 NRG).
Transaction is finalized into block f5bede955f894dbce5d5c01934be2a14f0435cdb262399e38212e5b2cd4cce0e with status "success" and cost 3.007000 GTU (30070 NRG).
Transaction is finalized into block 0d7e5cf7b6b83354a27c98be581ef05e27bb58e0ea31520954be197a4d20cda8 with status "success" and cost 3.007000 GTU (30070 NRG).
Transaction is finalized into block a535978cabdd0abd29a28616eca97c66459cd4764e8c0327ef3bf1a38bde0ff0 with status "success" and cost 3.007000 GTU (30070 NRG).
Transaction is finalized into block e4c3486e592f994b04470402546c7a29801022211496539565fb183c6076ed03 with status "success" and cost 3.007000 GTU (30070 NRG).
Transaction is finalized into block 25c66e3844804f253ba49e7ffb79a87ed22f02f9988e1187b76a98e19f07df59 with status "success" and cost 3.007000 GTU (30070 NRG).
Tue Nov  3 12:10:01 UTC 2020
Transaction is finalized into block 0a30ece4b43d838ce50fa5d4fa1b20248ad9a99085c4a78eee1aa7fd7d2033a1 with status "success" and cost 3.007000 GTU (30070 NRG).
Transaction is finalized into block d0c2f63682942c3dc5b0aaf2c8b17456c871567fa96b7162362e89001778f61e with status "success" and cost 3.007000 GTU (30070 NRG).
Transaction is finalized into block f5bede955f894dbce5d5c01934be2a14f0435cdb262399e38212e5b2cd4cce0e with status "success" and cost 3.007000 GTU (30070 NRG).
Transaction is finalized into block 0d7e5cf7b6b83354a27c98be581ef05e27bb58e0ea31520954be197a4d20cda8 with status "success" and cost 3.007000 GTU (30070 NRG).
Transaction is finalized into block a535978cabdd0abd29a28616eca97c66459cd4764e8c0327ef3bf1a38bde0ff0 with status "success" and cost 3.007000 GTU (30070 NRG).
Transaction is finalized into block e4c3486e592f994b04470402546c7a29801022211496539565fb183c6076ed03 with status "success" and cost 3.007000 GTU (30070 NRG).
Transaction is finalized into block 25c66e3844804f253ba49e7ffb79a87ed22f02f9988e1187b76a98e19f07df59 with status "success" and cost 3.007000 GTU (30070 NRG).
Transaction is finalized into block 36eefad9f5ec850c91e18f83f3f016658365642a5bf2833fce939a151666a27f with status "success" and cost 3.007000 GTU (30070 NRG).
Transaction is finalized into block c4e332acf503622ef583713a0a97e5c8af0a95ff075609908e2318991826c1b6 with status "success" and cost 3.007000 GTU (30070 NRG).
Transaction is finalized into block ef258d0cc5ed68646a13fe83484f90697fb3cd2c601d0ba0f753b900a67814c4 with status "success" and cost 3.007000 GTU (30070 NRG).
Transaction is finalized into block 44c62b68704dc21f2268ba2ad41fe71f0af9207c8bbde8eda82959202133bb01 with status "success" and cost 3.007000 GTU (30070 NRG).
Transaction is finalized into block 08d2714b97700d303f2b7c78e770adb5871c4e63e88f1e3bbffc3e59ee62bc32 with status "success" and cost 3.007000 GTU (30070 NRG).
Transaction is finalized into block 4815e98fee572f67fee8cebfe8ffda2be7fe494ada24432a9f959dfafd1483eb with status "success" and cost 3.007000 GTU (30070 NRG).
Tue Nov  3 17:10:01 UTC 2020
Transaction is finalized into block 0a30ece4b43d838ce50fa5d4fa1b20248ad9a99085c4a78eee1aa7fd7d2033a1 with status "success" and cost 3.007000 GTU (30070 NRG).
Transaction is finalized into block d0c2f63682942c3dc5b0aaf2c8b17456c871567fa96b7162362e89001778f61e with status "success" and cost 3.007000 GTU (30070 NRG).
Transaction is finalized into block f5bede955f894dbce5d5c01934be2a14f0435cdb262399e38212e5b2cd4cce0e with status "success" and cost 3.007000 GTU (30070 NRG).
Transaction is finalized into block 0d7e5cf7b6b83354a27c98be581ef05e27bb58e0ea31520954be197a4d20cda8 with status "success" and cost 3.007000 GTU (30070 NRG).
Transaction is finalized into block a535978cabdd0abd29a28616eca97c66459cd4764e8c0327ef3bf1a38bde0ff0 with status "success" and cost 3.007000 GTU (30070 NRG).
Transaction is finalized into block e4c3486e592f994b04470402546c7a29801022211496539565fb183c6076ed03 with status "success" and cost 3.007000 GTU (30070 NRG).
Transaction is finalized into block 25c66e3844804f253ba49e7ffb79a87ed22f02f9988e1187b76a98e19f07df59 with status "success" and cost 3.007000 GTU (30070 NRG).
Transaction is finalized into block 36eefad9f5ec850c91e18f83f3f016658365642a5bf2833fce939a151666a27f with status "success" and cost 3.007000 GTU (30070 NRG).
Transaction is finalized into block c4e332acf503622ef583713a0a97e5c8af0a95ff075609908e2318991826c1b6 with status "success" and cost 3.007000 GTU (30070 NRG).
Transaction is finalized into block ef258d0cc5ed68646a13fe83484f90697fb3cd2c601d0ba0f753b900a67814c4 with status "success" and cost 3.007000 GTU (30070 NRG).
Transaction is finalized into block 44c62b68704dc21f2268ba2ad41fe71f0af9207c8bbde8eda82959202133bb01 with status "success" and cost 3.007000 GTU (30070 NRG).
Transaction is finalized into block 08d2714b97700d303f2b7c78e770adb5871c4e63e88f1e3bbffc3e59ee62bc32 with status "success" and cost 3.007000 GTU (30070 NRG).
Transaction is finalized into block 4815e98fee572f67fee8cebfe8ffda2be7fe494ada24432a9f959dfafd1483eb with status "success" and cost 3.007000 GTU (30070 NRG).
Transaction is finalized into block be9aef514e8d3ea8077875895653e74a94079e2f4e70b20f0037b7aeba0e59fe with status "success" and cost 3.007000 GTU (30070 NRG).
Transaction is finalized into block 69000f0dcdf2eb2aff30c2729658d813842abf1ab29fabb63615a15f1621cbf4 with status "success" and cost 3.007000 GTU (30070 NRG).
Transaction is finalized into block 1b98c0af9f228bc92060ddedfee264a2f9abe927a413e348fbb1e3ee5d1b9acf with status "success" and cost 3.007000 GTU (30070 NRG).
Transaction is finalized into block 4d9d2e165557f98a710346a640a362477e647eb70fdd38687f53e97946533a0e with status "success" and cost 3.007000 GTU (30070 NRG).
Transaction is finalized into block cb5a983265a03180d484484da3f1e843870d85ebde4d318a64efb403c94bbfc1 with status "success" and cost 3.007000 GTU (30070 NRG).
Transaction is finalized into block 9849bafce14ba96c8dd54c39c01ee51e418647ce2060701ed8aed89171f5e81d with status "success" and cost 3.007000 GTU (30070 NRG).
Transaction is finalized into block 60f54d15cc40f802e759ae800ec73855a9cc83fc8d004d26be253c6e9ccab63f with status "success" and cost 3.007000 GTU (30070 NRG).
Transaction is finalized into block f5dcfadaddd6957e296fac1ebcfd2a8c6322adda7b558e654b951e24736e559c with status "success" and cost 3.007000 GTU (30070 NRG).
Transaction is finalized into block 6dd819ba5d2bb1891bbb728b84c7faa829bb352621af08c24fc976ac526fadb8 with status "success" and cost 3.007000 GTU (30070 NRG).



Wed Nov  4 10:10:01 UTC 2020
Transaction is finalized into block ec6c1bf4a9f456125b1604f992ea8b43a434e15c4e2e93075bab188df84f6f7c with status "success" and cost 3.007000 GTU (30070 NRG).
Transaction is finalized into block 652de7195d9c81ad3f143c7b765ea82f6971e7d4db93ba97dfb000c0bdfb7026 with status "success" and cost 3.007000 GTU (30070 NRG).
Transaction is finalized into block 89fab59a12a326e18159dfb489fdbd2822bd743aef5c66b06a771815ccecc7cb with status "success" and cost 3.007000 GTU (30070 NRG).
Transaction is finalized into block b4c83588548f379aaf9fa49818b4ccbd73f889789f8a242303576b9526b1d3e4 with status "success" and cost 3.007000 GTU (30070 NRG).
Transaction is finalized into block 7977f039ca692eabe4eb26fa4c9d2c17d6b07d1d0d679191208cff2048cacc8b with status "success" and cost 3.007000 GTU (30070 NRG).
Transaction is finalized into block e4a9f2824633e47b120e76494be47e6159851fe46d605fed39ef49b1993031ff with status "success" and cost 3.007000 GTU (30070 NRG).
Transaction is finalized into block b37e617807e25d30c7a030d920c2d715dd46cb55b1722f7d46c23ccf0deae7da with status "success" and cost 3.007000 GTU (30070 NRG).
Transaction is finalized into block e45d07aa36d8a84bb05911c306f7b84fd2ab472d30f24806e73b4c95e6676112 with status "success" and cost 3.007000 GTU (30070 NRG).
Transaction is finalized into block 3d643ad1af109ab1ef0229a777ffa97e1a86e1b8562c86dca88396909e8512a7 with status "success" and cost 3.007000 GTU (30070 NRG).
Transaction is finalized into block 166729b161070bea6f7d176c4d9a429cf868f13af7ba5e65699cfd66d363d590 with status "success" and cost 3.007000 GTU (30070 NRG).
Transaction is finalized into block 9bad12d3f61a33105ced3004dab7283a9f5250b1093bbc909f17812daaeb01c1 with status "success" and cost 3.007000 GTU (30070 NRG).
Wed Nov  4 12:10:01 UTC 2020
Transaction is finalized into block ec6c1bf4a9f456125b1604f992ea8b43a434e15c4e2e93075bab188df84f6f7c with status "success" and cost 3.007000 GTU (30070 NRG).
Transaction is finalized into block 652de7195d9c81ad3f143c7b765ea82f6971e7d4db93ba97dfb000c0bdfb7026 with status "success" and cost 3.007000 GTU (30070 NRG).
Transaction is finalized into block 89fab59a12a326e18159dfb489fdbd2822bd743aef5c66b06a771815ccecc7cb with status "success" and cost 3.007000 GTU (30070 NRG).
Transaction is finalized into block b4c83588548f379aaf9fa49818b4ccbd73f889789f8a242303576b9526b1d3e4 with status "success" and cost 3.007000 GTU (30070 NRG).
Transaction is finalized into block 7977f039ca692eabe4eb26fa4c9d2c17d6b07d1d0d679191208cff2048cacc8b with status "success" and cost 3.007000 GTU (30070 NRG).
Transaction is finalized into block e4a9f2824633e47b120e76494be47e6159851fe46d605fed39ef49b1993031ff with status "success" and cost 3.007000 GTU (30070 NRG).
Transaction is finalized into block b37e617807e25d30c7a030d920c2d715dd46cb55b1722f7d46c23ccf0deae7da with status "success" and cost 3.007000 GTU (30070 NRG).
Transaction is finalized into block e45d07aa36d8a84bb05911c306f7b84fd2ab472d30f24806e73b4c95e6676112 with status "success" and cost 3.007000 GTU (30070 NRG).
Transaction is finalized into block 3d643ad1af109ab1ef0229a777ffa97e1a86e1b8562c86dca88396909e8512a7 with status "success" and cost 3.007000 GTU (30070 NRG).
Transaction is finalized into block 166729b161070bea6f7d176c4d9a429cf868f13af7ba5e65699cfd66d363d590 with status "success" and cost 3.007000 GTU (30070 NRG).
Transaction is finalized into block 9bad12d3f61a33105ced3004dab7283a9f5250b1093bbc909f17812daaeb01c1 with status "success" and cost 3.007000 GTU (30070 NRG).
Transaction is finalized into block 4292fdc48c720dcd11719ab0117b2980bb8c919849663f54546817fdcd06291c with status "success" and cost 3.007000 GTU (30070 NRG).
Transaction is finalized into block 8490b837327e81f3204d4aecf8469cfecd5ff99bd2e2e6f883dfaea67f45ec68 with status "success" and cost 3.007000 GTU (30070 NRG).
Transaction is finalized into block 613098f0a1e3f810ee1f18bd843b4b65fb372300bd5befd96a1bf9cca64a5ce7 with status "success" and cost 3.007000 GTU (30070 NRG).
Transaction is finalized into block a5bd8ad6f61143841288dd5ffd4790061078f66ebac044d64d6adf5c59429ac8 with status "success" and cost 3.007000 GTU (30070 NRG).
Transaction is finalized into block 017d6801383aafe0caee2ae175cb94a52b53c0d3b303d2087e0b4c70794a8540 with status "success" and cost 3.007000 GTU (30070 NRG).
Transaction is finalized into block d3c21eebddf9261ee1762cc33cdf95afbc5d5f2625ea213decdb4239702178c9 with status "success" and cost 3.007000 GTU (30070 NRG).
Transaction is finalized into block 103bc5a373e2f29b16d45fdae3a695d9c5cf3b5c656ea3f88d27900dd660b820 with status "success" and cost 3.007000 GTU (30070 NRG).
Transaction is finalized into block 4304bbfc07d51cf59612bb3313f9a9b5051d6783c36c47a82b9c0026d082f8fa with status "success" and cost 3.007000 GTU (30070 NRG).
Transaction is finalized into block d0aa33bbf524c516e1c5fda2540b5571dbed228cf5d8c4a4c84f7326c82984ce with status "success" and cost 3.007000 GTU (30070 NRG).
Wed Nov  4 17:10:01 UTC 2020
Transaction is finalized into block ec6c1bf4a9f456125b1604f992ea8b43a434e15c4e2e93075bab188df84f6f7c with status "success" and cost 3.007000 GTU (30070 NRG).
Transaction is finalized into block 652de7195d9c81ad3f143c7b765ea82f6971e7d4db93ba97dfb000c0bdfb7026 with status "success" and cost 3.007000 GTU (30070 NRG).
Transaction is finalized into block 89fab59a12a326e18159dfb489fdbd2822bd743aef5c66b06a771815ccecc7cb with status "success" and cost 3.007000 GTU (30070 NRG).
Transaction is finalized into block b4c83588548f379aaf9fa49818b4ccbd73f889789f8a242303576b9526b1d3e4 with status "success" and cost 3.007000 GTU (30070 NRG).
Transaction is finalized into block 7977f039ca692eabe4eb26fa4c9d2c17d6b07d1d0d679191208cff2048cacc8b with status "success" and cost 3.007000 GTU (30070 NRG).
Transaction is finalized into block e4a9f2824633e47b120e76494be47e6159851fe46d605fed39ef49b1993031ff with status "success" and cost 3.007000 GTU (30070 NRG).
Transaction is finalized into block b37e617807e25d30c7a030d920c2d715dd46cb55b1722f7d46c23ccf0deae7da with status "success" and cost 3.007000 GTU (30070 NRG).
Transaction is finalized into block e45d07aa36d8a84bb05911c306f7b84fd2ab472d30f24806e73b4c95e6676112 with status "success" and cost 3.007000 GTU (30070 NRG).
Transaction is finalized into block 3d643ad1af109ab1ef0229a777ffa97e1a86e1b8562c86dca88396909e8512a7 with status "success" and cost 3.007000 GTU (30070 NRG).
Transaction is finalized into block 166729b161070bea6f7d176c4d9a429cf868f13af7ba5e65699cfd66d363d590 with status "success" and cost 3.007000 GTU (30070 NRG).
Transaction is finalized into block 9bad12d3f61a33105ced3004dab7283a9f5250b1093bbc909f17812daaeb01c1 with status "success" and cost 3.007000 GTU (30070 NRG).
Transaction is finalized into block 4292fdc48c720dcd11719ab0117b2980bb8c919849663f54546817fdcd06291c with status "success" and cost 3.007000 GTU (30070 NRG).
Transaction is finalized into block 8490b837327e81f3204d4aecf8469cfecd5ff99bd2e2e6f883dfaea67f45ec68 with status "success" and cost 3.007000 GTU (30070 NRG).
Transaction is finalized into block 613098f0a1e3f810ee1f18bd843b4b65fb372300bd5befd96a1bf9cca64a5ce7 with status "success" and cost 3.007000 GTU (30070 NRG).
Transaction is finalized into block a5bd8ad6f61143841288dd5ffd4790061078f66ebac044d64d6adf5c59429ac8 with status "success" and cost 3.007000 GTU (30070 NRG).
Transaction is finalized into block 017d6801383aafe0caee2ae175cb94a52b53c0d3b303d2087e0b4c70794a8540 with status "success" and cost 3.007000 GTU (30070 NRG).
Transaction is finalized into block d3c21eebddf9261ee1762cc33cdf95afbc5d5f2625ea213decdb4239702178c9 with status "success" and cost 3.007000 GTU (30070 NRG).
Transaction is finalized into block 103bc5a373e2f29b16d45fdae3a695d9c5cf3b5c656ea3f88d27900dd660b820 with status "success" and cost 3.007000 GTU (30070 NRG).
Transaction is finalized into block 4304bbfc07d51cf59612bb3313f9a9b5051d6783c36c47a82b9c0026d082f8fa with status "success" and cost 3.007000 GTU (30070 NRG).
Transaction is finalized into block d0aa33bbf524c516e1c5fda2540b5571dbed228cf5d8c4a4c84f7326c82984ce with status "success" and cost 3.007000 GTU (30070 NRG).
Transaction is finalized into block 83fea1a0b6cbd58b6e84a465c5c8cf1e233b0d5fa9c4db029559193b22d232ae with status "success" and cost 3.007000 GTU (30070 NRG).
Transaction is finalized into block 8cab4e2b5125448a13fe4ba0073b732e0e034851721c51316c58305404e06a02 with status "success" and cost 3.007000 GTU (30070 NRG).
Transaction is finalized into block 399c023ba7d474d9e09be372af0cd3743058a614bd7fcdf7524fb344f69e4dd9 with status "success" and cost 3.007000 GTU (30070 NRG).
Transaction is finalized into block 1739f7712942c610d10f5010901255921c1929fdb563bc6fa79c9cd272830037 with status "success" and cost 3.007000 GTU (30070 NRG).
Transaction is finalized into block 24604ec11eda3a2b1e4557ee6f9813c9164b64b8801d7ca1ef0fd5a6f0874325 with status "success" and cost 3.007000 GTU (30070 NRG).
Transaction is finalized into block 92c77c0059959d5f9ac7b4cc0b83329dd767d849573610c9b3785ba603b5f6f8 with status "success" and cost 3.007000 GTU (30070 NRG).
Transaction is finalized into block fb862bc17deef6317105fee5f492ec8542958f90b02f49ebe04b03ac96de2937 with status "success" and cost 3.007000 GTU (30070 NRG).
Transaction is finalized into block 01edee8e0e994a040f5388a1ae84ffeb6682ddce72bd70b0dd73cde2d0a145ae with status "success" and cost 3.007000 GTU (30070 NRG).
Transaction is finalized into block e809c485d51ad691094a507f9efb40c3b7ca3d964170597598428f28a87b4ce2 with status "success" and cost 3.007000 GTU (30070 NRG).
Transaction is finalized into block 964fd7a5a995de4bd7cbd669d60f49ad1dc6315f20d0146adaacf636806d2e19 with status "success" and cost 3.007000 GTU (30070 NRG).


Thu Nov  5 10:10:01 UTC 2020
Transaction is finalized into block 54455119ad7a920590c00c25f4ae707ebd5bffdfd14f36a04771f0bbd2828a43 with status "success" and cost 3.007000 GTU (30070 NRG).
Transaction is finalized into block b3b017935693ddb5a78b91b178ca54bd1e582da71e8035b420de5e11687e7efd with status "success" and cost 3.007000 GTU (30070 NRG).
Transaction is finalized into block f95bf46df063817f1c840c34a5f2226e49e262ce02b08a2267a8c1a04b61e676 with status "success" and cost 3.007000 GTU (30070 NRG).
Transaction is finalized into block 15bf10e77be199176b8269172038e07f22af5fb08a4bf3dea2499ba9734e1dc7 with status "success" and cost 3.007000 GTU (30070 NRG).
Transaction is finalized into block 281ebb744f427a4bbf130a6d25c9ab369a0ee1b9b2e3a59e8e9aaa173c2b4096 with status "success" and cost 3.007000 GTU (30070 NRG).
Transaction is finalized into block c21ff79992ea3e1a8389bb7c40410b2e52cc089a7d1ace0c89c195812d953a99 with status "success" and cost 3.007000 GTU (30070 NRG).
Transaction is finalized into block d47038d040787e588ab381d5bff705918cba4cd19fcde773db5a1e864a060d2a with status "success" and cost 3.007000 GTU (30070 NRG).
Thu Nov  5 12:10:01 UTC 2020
Transaction is finalized into block 54455119ad7a920590c00c25f4ae707ebd5bffdfd14f36a04771f0bbd2828a43 with status "success" and cost 3.007000 GTU (30070 NRG).
Transaction is finalized into block b3b017935693ddb5a78b91b178ca54bd1e582da71e8035b420de5e11687e7efd with status "success" and cost 3.007000 GTU (30070 NRG).
Transaction is finalized into block f95bf46df063817f1c840c34a5f2226e49e262ce02b08a2267a8c1a04b61e676 with status "success" and cost 3.007000 GTU (30070 NRG).
Transaction is finalized into block 15bf10e77be199176b8269172038e07f22af5fb08a4bf3dea2499ba9734e1dc7 with status "success" and cost 3.007000 GTU (30070 NRG).
Transaction is finalized into block 281ebb744f427a4bbf130a6d25c9ab369a0ee1b9b2e3a59e8e9aaa173c2b4096 with status "success" and cost 3.007000 GTU (30070 NRG).
Transaction is finalized into block c21ff79992ea3e1a8389bb7c40410b2e52cc089a7d1ace0c89c195812d953a99 with status "success" and cost 3.007000 GTU (30070 NRG).
Transaction is finalized into block d47038d040787e588ab381d5bff705918cba4cd19fcde773db5a1e864a060d2a with status "success" and cost 3.007000 GTU (30070 NRG).
Transaction is finalized into block 17ce769b15300d2d553ac7317935ff31e8f9f1e564d0fcebbf9915fd933d8be1 with status "success" and cost 3.007000 GTU (30070 NRG).
Transaction is finalized into block 6d891f2131e15126e76f9aa71bfc4471d84ee459e19efb80a13b2b2585647173 with status "success" and cost 3.007000 GTU (30070 NRG).
Transaction is finalized into block 700891a3eb82f92e7f977f125e736310b4a09b672a1fd8653b96b3dc47821f16 with status "success" and cost 3.007000 GTU (30070 NRG).
Transaction is finalized into block 495e021f23429916eca636a9c341977ae798fc2aa14341d1514cf2c53acc0055 with status "success" and cost 3.007000 GTU (30070 NRG).
Transaction is finalized into block 680264f095cdf6879af5b7494f67a68839c42c9a227d8151972332a2414d6be0 with status "success" and cost 3.007000 GTU (30070 NRG).
Transaction is finalized into block 3cec307cde89efe590c6e39870de0e8b47b82092ec882f5df25d9567af7c1317 with status "success" and cost 3.007000 GTU (30070 NRG).
Transaction is finalized into block e9c53e0cba33ee3fb7b44417d2d93a6cabc216a48533a521cc14f75170800502 with status "success" and cost 3.007000 GTU (30070 NRG).
Transaction is finalized into block a6e60a00f576ec247218995f78dd133a155160e2c4d9b7798fba9680b99c361e with status "success" and cost 3.007000 GTU (30070 NRG).
Thu Nov  5 17:10:01 UTC 2020
Transaction is finalized into block 54455119ad7a920590c00c25f4ae707ebd5bffdfd14f36a04771f0bbd2828a43 with status "success" and cost 3.007000 GTU (30070 NRG).
Transaction is finalized into block b3b017935693ddb5a78b91b178ca54bd1e582da71e8035b420de5e11687e7efd with status "success" and cost 3.007000 GTU (30070 NRG).
Transaction is finalized into block f95bf46df063817f1c840c34a5f2226e49e262ce02b08a2267a8c1a04b61e676 with status "success" and cost 3.007000 GTU (30070 NRG).
Transaction is finalized into block 15bf10e77be199176b8269172038e07f22af5fb08a4bf3dea2499ba9734e1dc7 with status "success" and cost 3.007000 GTU (30070 NRG).
Transaction is finalized into block 281ebb744f427a4bbf130a6d25c9ab369a0ee1b9b2e3a59e8e9aaa173c2b4096 with status "success" and cost 3.007000 GTU (30070 NRG).
Transaction is finalized into block c21ff79992ea3e1a8389bb7c40410b2e52cc089a7d1ace0c89c195812d953a99 with status "success" and cost 3.007000 GTU (30070 NRG).
Transaction is finalized into block d47038d040787e588ab381d5bff705918cba4cd19fcde773db5a1e864a060d2a with status "success" and cost 3.007000 GTU (30070 NRG).
Transaction is finalized into block 17ce769b15300d2d553ac7317935ff31e8f9f1e564d0fcebbf9915fd933d8be1 with status "success" and cost 3.007000 GTU (30070 NRG).
Transaction is finalized into block 6d891f2131e15126e76f9aa71bfc4471d84ee459e19efb80a13b2b2585647173 with status "success" and cost 3.007000 GTU (30070 NRG).
Transaction is finalized into block 700891a3eb82f92e7f977f125e736310b4a09b672a1fd8653b96b3dc47821f16 with status "success" and cost 3.007000 GTU (30070 NRG).
Transaction is finalized into block 495e021f23429916eca636a9c341977ae798fc2aa14341d1514cf2c53acc0055 with status "success" and cost 3.007000 GTU (30070 NRG).
Transaction is finalized into block 680264f095cdf6879af5b7494f67a68839c42c9a227d8151972332a2414d6be0 with status "success" and cost 3.007000 GTU (30070 NRG).
Transaction is finalized into block 3cec307cde89efe590c6e39870de0e8b47b82092ec882f5df25d9567af7c1317 with status "success" and cost 3.007000 GTU (30070 NRG).
Transaction is finalized into block e9c53e0cba33ee3fb7b44417d2d93a6cabc216a48533a521cc14f75170800502 with status "success" and cost 3.007000 GTU (30070 NRG).
Transaction is finalized into block a6e60a00f576ec247218995f78dd133a155160e2c4d9b7798fba9680b99c361e with status "success" and cost 3.007000 GTU (30070 NRG).
Transaction is finalized into block 8601773c2f7c3aa856a372c324e6610f016b72313368bfaa953e6a966cc1bed8 with status "success" and cost 3.007000 GTU (30070 NRG).
Transaction is finalized into block 7694c18aadda3596859a64244a91759a5d6177d5fbd7a39513f1878fc394f837 with status "success" and cost 3.007000 GTU (30070 NRG).
Transaction is finalized into block 79cca2c146ab9eb2fac9bdf05f3c0f6aadcb5f5cbf7583e90105d716cc3f84c4 with status "success" and cost 3.007000 GTU (30070 NRG).
Transaction is finalized into block 3c7ce784545c8c2496337d27ed5716e89e1708ab2d1b09751a61c0f95f93d7e7 with status "success" and cost 3.007000 GTU (30070 NRG).
Transaction is finalized into block e0b334bc42b83deced9a2236b30702a86a99575534d1ebe43b718214c7013b62 with status "success" and cost 3.007000 GTU (30070 NRG).
Transaction is finalized into block e0660dadd173df8a50f1ae7d08c96a69f239ea673a8ccb4015e505b4ce697dea with status "success" and cost 3.007000 GTU (30070 NRG).


Fri Nov  6 10:10:01 UTC 2020
Transaction is finalized into block 69616e15ae6cbec885da6c5027c91367aaf93aa92747c05de7144f23ebaf5845 with status "success" and cost 3.007000 GTU (30070 NRG).
Transaction is finalized into block 00474770a8b20298f553faae6e4812be9c690b85c79899c2784811c523f8b984 with status "success" and cost 3.007000 GTU (30070 NRG).
Transaction is finalized into block 2255912f68389a4275657af8abd55f6b0f366132bbf6fe57d31f5aa0a4e3fac9 with status "success" and cost 3.007000 GTU (30070 NRG).
Transaction is finalized into block ffbe9c512fbbd0d95e334d79387ff69a07da624974655c054efdd7240a719e5f with status "success" and cost 3.007000 GTU (30070 NRG).
Transaction is finalized into block 790bbf15ad48ecdbe2e67f01863a7873867c424bd6b304137a0e03d0ce0fb93a with status "success" and cost 3.007000 GTU (30070 NRG).
Transaction is finalized into block 5426ac4fa9a501f1f312281bac09927910b79a2802f07d71fd18b16110242246 with status "success" and cost 3.007000 GTU (30070 NRG).
Transaction is finalized into block 678ceae5f443501d122c5b8bf8f2e76e4bbc9a6e50768494c03a3dda86913495 with status "success" and cost 3.007000 GTU (30070 NRG).
Transaction is finalized into block 81a36901784c4e80c1a618e280b0b297b914b0f3201910fce2d2b17adda6d792 with status "success" and cost 3.007000 GTU (30070 NRG).
Transaction is finalized into block 30c9d7cce599c1a02fa9fd71ee22d597b51aa6e7783a39b6ffc1908b64c5118d with status "success" and cost 3.007000 GTU (30070 NRG).
Fri Nov  6 12:10:01 UTC 2020
Transaction is finalized into block 69616e15ae6cbec885da6c5027c91367aaf93aa92747c05de7144f23ebaf5845 with status "success" and cost 3.007000 GTU (30070 NRG).
Transaction is finalized into block 00474770a8b20298f553faae6e4812be9c690b85c79899c2784811c523f8b984 with status "success" and cost 3.007000 GTU (30070 NRG).
Transaction is finalized into block 2255912f68389a4275657af8abd55f6b0f366132bbf6fe57d31f5aa0a4e3fac9 with status "success" and cost 3.007000 GTU (30070 NRG).
Transaction is finalized into block ffbe9c512fbbd0d95e334d79387ff69a07da624974655c054efdd7240a719e5f with status "success" and cost 3.007000 GTU (30070 NRG).
Transaction is finalized into block 790bbf15ad48ecdbe2e67f01863a7873867c424bd6b304137a0e03d0ce0fb93a with status "success" and cost 3.007000 GTU (30070 NRG).
Transaction is finalized into block 5426ac4fa9a501f1f312281bac09927910b79a2802f07d71fd18b16110242246 with status "success" and cost 3.007000 GTU (30070 NRG).
Transaction is finalized into block 678ceae5f443501d122c5b8bf8f2e76e4bbc9a6e50768494c03a3dda86913495 with status "success" and cost 3.007000 GTU (30070 NRG).
Transaction is finalized into block 81a36901784c4e80c1a618e280b0b297b914b0f3201910fce2d2b17adda6d792 with status "success" and cost 3.007000 GTU (30070 NRG).
Transaction is finalized into block 30c9d7cce599c1a02fa9fd71ee22d597b51aa6e7783a39b6ffc1908b64c5118d with status "success" and cost 3.007000 GTU (30070 NRG).
Transaction is finalized into block 97f48b40b654a32c58398aa9739d8da14072f239ce9f396fa0d4c6bc2dd8b777 with status "success" and cost 3.007000 GTU (30070 NRG).
Transaction is finalized into block f9dd5a8180502ffe478809c2a0a6e36bfdc2b0296271d882d486780a4b24db80 with status "success" and cost 3.007000 GTU (30070 NRG).
Transaction is finalized into block a57bdafa0e25c5d01d09284b1483f06447022461a4f5167dc3c8be9b9472ac0d with status "success" and cost 3.007000 GTU (30070 NRG).
Transaction is finalized into block b8e5b93f28c4ac00b426289b45dfbe495db7d11b0be21c23df0a34f60414830d with status "success" and cost 3.007000 GTU (30070 NRG).
Transaction is finalized into block 948292324c85caf5e1d261a7e8055c7e71b19c8b87a864c70ca26cd02d4a677a with status "success" and cost 3.007000 GTU (30070 NRG).
Transaction is finalized into block ca8e56ba8e11ef11d559f912388189db7305243aa5e4523f2f5583314eb49fd0 with status "success" and cost 3.007000 GTU (30070 NRG).
Transaction is finalized into block 3ababb56b73d20dca051aaca40e0aee3b2abe5b0cbf46397d55f2b61a4da435c with status "success" and cost 3.007000 GTU (30070 NRG).
Transaction is finalized into block 9b0429d1e7b8835b0fcebe7c40cea66c0b04e60e83ad8d840c99896c3f411115 with status "success" and cost 3.007000 GTU (30070 NRG).
Fri Nov  6 17:10:01 UTC 2020
Transaction is finalized into block 69616e15ae6cbec885da6c5027c91367aaf93aa92747c05de7144f23ebaf5845 with status "success" and cost 3.007000 GTU (30070 NRG).
Transaction is finalized into block 00474770a8b20298f553faae6e4812be9c690b85c79899c2784811c523f8b984 with status "success" and cost 3.007000 GTU (30070 NRG).
Transaction is finalized into block 2255912f68389a4275657af8abd55f6b0f366132bbf6fe57d31f5aa0a4e3fac9 with status "success" and cost 3.007000 GTU (30070 NRG).
Transaction is finalized into block ffbe9c512fbbd0d95e334d79387ff69a07da624974655c054efdd7240a719e5f with status "success" and cost 3.007000 GTU (30070 NRG).
Transaction is finalized into block 790bbf15ad48ecdbe2e67f01863a7873867c424bd6b304137a0e03d0ce0fb93a with status "success" and cost 3.007000 GTU (30070 NRG).
Transaction is finalized into block 5426ac4fa9a501f1f312281bac09927910b79a2802f07d71fd18b16110242246 with status "success" and cost 3.007000 GTU (30070 NRG).
Transaction is finalized into block 678ceae5f443501d122c5b8bf8f2e76e4bbc9a6e50768494c03a3dda86913495 with status "success" and cost 3.007000 GTU (30070 NRG).
Transaction is finalized into block 81a36901784c4e80c1a618e280b0b297b914b0f3201910fce2d2b17adda6d792 with status "success" and cost 3.007000 GTU (30070 NRG).
Transaction is finalized into block 30c9d7cce599c1a02fa9fd71ee22d597b51aa6e7783a39b6ffc1908b64c5118d with status "success" and cost 3.007000 GTU (30070 NRG).
Transaction is finalized into block 97f48b40b654a32c58398aa9739d8da14072f239ce9f396fa0d4c6bc2dd8b777 with status "success" and cost 3.007000 GTU (30070 NRG).
Transaction is finalized into block f9dd5a8180502ffe478809c2a0a6e36bfdc2b0296271d882d486780a4b24db80 with status "success" and cost 3.007000 GTU (30070 NRG).
Transaction is finalized into block a57bdafa0e25c5d01d09284b1483f06447022461a4f5167dc3c8be9b9472ac0d with status "success" and cost 3.007000 GTU (30070 NRG).
Transaction is finalized into block b8e5b93f28c4ac00b426289b45dfbe495db7d11b0be21c23df0a34f60414830d with status "success" and cost 3.007000 GTU (30070 NRG).
Transaction is finalized into block 948292324c85caf5e1d261a7e8055c7e71b19c8b87a864c70ca26cd02d4a677a with status "success" and cost 3.007000 GTU (30070 NRG).
Transaction is finalized into block ca8e56ba8e11ef11d559f912388189db7305243aa5e4523f2f5583314eb49fd0 with status "success" and cost 3.007000 GTU (30070 NRG).
Transaction is finalized into block 3ababb56b73d20dca051aaca40e0aee3b2abe5b0cbf46397d55f2b61a4da435c with status "success" and cost 3.007000 GTU (30070 NRG).
Transaction is finalized into block 9b0429d1e7b8835b0fcebe7c40cea66c0b04e60e83ad8d840c99896c3f411115 with status "success" and cost 3.007000 GTU (30070 NRG).
Transaction is finalized into block 1dbe04243cd955b11917ac5fa72323b5e81f6e9a1a94dc26b24b442b7b06135b with status "success" and cost 3.007000 GTU (30070 NRG).
Transaction is finalized into block 84a3f58f0ab1ca1459907972f272bf2678d0b0d996554c95eed4c4a1046986c8 with status "success" and cost 3.007000 GTU (30070 NRG).
Transaction is finalized into block 8bb6819259d2cf9df2f684e2eebc02c0b741c279457fdaf6cbcafc15dd0662f3 with status "success" and cost 3.007000 GTU (30070 NRG).
Transaction is finalized into block 8d23f551edd5cfabbf77f36ae95555ed9f0fc2d8e962db2964a09d816af4fd79 with status "success" and cost 3.007000 GTU (30070 NRG).
Transaction is finalized into block 4542cd6327fe5639f3e60ed30bb7bcb5ea81f10d4f742e661097548a55fa7158 with status "success" and cost 3.007000 GTU (30070 NRG).


Sat Nov  7 10:10:01 UTC 2020
Transaction is finalized into block d575724f506f4ae6d9c3d6d3a8954c1c46ee717a1ccec66d995f1da739bca47a with status "success" and cost 3.007000 GTU (30070 NRG).
Transaction is finalized into block 9ce01fdb7f6cb131b367696de4ead085a54118c994cffda36c110edc7ef06cd3 with status "success" and cost 3.007000 GTU (30070 NRG).
Transaction is finalized into block 65ed56f48c4c4d581965dc7a12fcc5bfdf95c478116aeb15d9ef25b5585f9b0c with status "success" and cost 3.007000 GTU (30070 NRG).
Transaction is finalized into block 89acfab198231650d587ace965f372afbb1243ccb4868315f2ab0b2f71f9e61c with status "success" and cost 3.007000 GTU (30070 NRG).
Transaction is finalized into block 902b2102fbfa9da4efdffd01e211c7ca29fc7ca74c5befc0e012bd9fff4a4d55 with status "success" and cost 3.007000 GTU (30070 NRG).
Transaction is finalized into block b605927b80dfb6bef9453b85f02c93782e95465c9ea5c87e88c0bc9670bcd118 with status "success" and cost 3.007000 GTU (30070 NRG).
Transaction is finalized into block eb91e195dbeb4cc7e0c5f3fb924ae5823a588b4bd15c75f1b7742fcc2ed22ed5 with status "success" and cost 3.007000 GTU (30070 NRG).
Transaction is finalized into block fd3ffd4e588dd5e15e45c48aa9570f1248966181f442baf65083474289351cec with status "success" and cost 3.007000 GTU (30070 NRG).
Transaction is finalized into block 89b4888c1a95236187798d825e1115b278aa98348b9589b9b7ed55237fbd2cfc with status "success" and cost 3.007000 GTU (30070 NRG).
Transaction is finalized into block 3959d73101c29194d6d4a75c30027df4daf56d83eca5508205ccf6f347c3f3f1 with status "success" and cost 3.007000 GTU (30070 NRG).
Sat Nov  7 12:10:01 UTC 2020
Transaction is finalized into block d575724f506f4ae6d9c3d6d3a8954c1c46ee717a1ccec66d995f1da739bca47a with status "success" and cost 3.007000 GTU (30070 NRG).
Transaction is finalized into block 9ce01fdb7f6cb131b367696de4ead085a54118c994cffda36c110edc7ef06cd3 with status "success" and cost 3.007000 GTU (30070 NRG).
Transaction is finalized into block 65ed56f48c4c4d581965dc7a12fcc5bfdf95c478116aeb15d9ef25b5585f9b0c with status "success" and cost 3.007000 GTU (30070 NRG).
Transaction is finalized into block 89acfab198231650d587ace965f372afbb1243ccb4868315f2ab0b2f71f9e61c with status "success" and cost 3.007000 GTU (30070 NRG).
Transaction is finalized into block 902b2102fbfa9da4efdffd01e211c7ca29fc7ca74c5befc0e012bd9fff4a4d55 with status "success" and cost 3.007000 GTU (30070 NRG).
Transaction is finalized into block b605927b80dfb6bef9453b85f02c93782e95465c9ea5c87e88c0bc9670bcd118 with status "success" and cost 3.007000 GTU (30070 NRG).
Transaction is finalized into block eb91e195dbeb4cc7e0c5f3fb924ae5823a588b4bd15c75f1b7742fcc2ed22ed5 with status "success" and cost 3.007000 GTU (30070 NRG).
Transaction is finalized into block fd3ffd4e588dd5e15e45c48aa9570f1248966181f442baf65083474289351cec with status "success" and cost 3.007000 GTU (30070 NRG).
Transaction is finalized into block 89b4888c1a95236187798d825e1115b278aa98348b9589b9b7ed55237fbd2cfc with status "success" and cost 3.007000 GTU (30070 NRG).
Transaction is finalized into block 3959d73101c29194d6d4a75c30027df4daf56d83eca5508205ccf6f347c3f3f1 with status "success" and cost 3.007000 GTU (30070 NRG).
Transaction is finalized into block f95cf33658ebb42900a2be8d6754f1b6d1874385f536c2a89765176820344c0a with status "success" and cost 3.007000 GTU (30070 NRG).
Transaction is finalized into block d042d164b73bc1b0313f54986ed6bca06485d01e0c739b2221099f8caab5ae0f with status "success" and cost 3.007000 GTU (30070 NRG).
Transaction is finalized into block c12b916f20b02457676c93f772a5200ad092cdaa1273fe8086f710d9ec6f0e1d with status "success" and cost 3.007000 GTU (30070 NRG).
Transaction is finalized into block 572292fdbf064d0eaa7003586e06af31bf4b8c3c48ad42d2f0bf7219030c85ee with status "success" and cost 3.007000 GTU (30070 NRG).
Transaction is finalized into block 2b127e3ecd98fc550456437e623b9b4f3ca27ca0f971da87478ec5ae1cc5fc29 with status "success" and cost 3.007000 GTU (30070 NRG).
Transaction is finalized into block 89f33763a173bff8a82b241971dfbee831eb0444426f5c70dde24bea2c5610a0 with status "success" and cost 3.007000 GTU (30070 NRG).
Transaction is finalized into block dae08dcb64441b13a59efc5ca486b44dcf28ca644f160a105e75c1d95085cbe7 with status "success" and cost 3.007000 GTU (30070 NRG).
Transaction is finalized into block cfb487d021348aba794170038e37f280a6d6346d5427fe044ecd3465de9ddc37 with status "success" and cost 3.007000 GTU (30070 NRG).
Transaction is finalized into block 7db3b92836168fdccbb4e9f492c7e0c93bd24ffc7b802d003a20665d86f1497e with status "success" and cost 3.007000 GTU (30070 NRG).
Transaction is finalized into block 5c173cf6736966606e865aaf109fc1ea4cd00e0ec1c456e7d1635d9c1e89e893 with status "success" and cost 3.007000 GTU (30070 NRG).
Sat Nov  7 17:10:01 UTC 2020
Transaction is finalized into block d575724f506f4ae6d9c3d6d3a8954c1c46ee717a1ccec66d995f1da739bca47a with status "success" and cost 3.007000 GTU (30070 NRG).
Transaction is finalized into block 9ce01fdb7f6cb131b367696de4ead085a54118c994cffda36c110edc7ef06cd3 with status "success" and cost 3.007000 GTU (30070 NRG).
Transaction is finalized into block 65ed56f48c4c4d581965dc7a12fcc5bfdf95c478116aeb15d9ef25b5585f9b0c with status "success" and cost 3.007000 GTU (30070 NRG).
Transaction is finalized into block 89acfab198231650d587ace965f372afbb1243ccb4868315f2ab0b2f71f9e61c with status "success" and cost 3.007000 GTU (30070 NRG).
Transaction is finalized into block 902b2102fbfa9da4efdffd01e211c7ca29fc7ca74c5befc0e012bd9fff4a4d55 with status "success" and cost 3.007000 GTU (30070 NRG).
Transaction is finalized into block b605927b80dfb6bef9453b85f02c93782e95465c9ea5c87e88c0bc9670bcd118 with status "success" and cost 3.007000 GTU (30070 NRG).
Transaction is finalized into block eb91e195dbeb4cc7e0c5f3fb924ae5823a588b4bd15c75f1b7742fcc2ed22ed5 with status "success" and cost 3.007000 GTU (30070 NRG).
Transaction is finalized into block fd3ffd4e588dd5e15e45c48aa9570f1248966181f442baf65083474289351cec with status "success" and cost 3.007000 GTU (30070 NRG).
Transaction is finalized into block 89b4888c1a95236187798d825e1115b278aa98348b9589b9b7ed55237fbd2cfc with status "success" and cost 3.007000 GTU (30070 NRG).
Transaction is finalized into block 3959d73101c29194d6d4a75c30027df4daf56d83eca5508205ccf6f347c3f3f1 with status "success" and cost 3.007000 GTU (30070 NRG).
Transaction is finalized into block f95cf33658ebb42900a2be8d6754f1b6d1874385f536c2a89765176820344c0a with status "success" and cost 3.007000 GTU (30070 NRG).
Transaction is finalized into block d042d164b73bc1b0313f54986ed6bca06485d01e0c739b2221099f8caab5ae0f with status "success" and cost 3.007000 GTU (30070 NRG).
Transaction is finalized into block c12b916f20b02457676c93f772a5200ad092cdaa1273fe8086f710d9ec6f0e1d with status "success" and cost 3.007000 GTU (30070 NRG).
Transaction is finalized into block 572292fdbf064d0eaa7003586e06af31bf4b8c3c48ad42d2f0bf7219030c85ee with status "success" and cost 3.007000 GTU (30070 NRG).
Transaction is finalized into block 2b127e3ecd98fc550456437e623b9b4f3ca27ca0f971da87478ec5ae1cc5fc29 with status "success" and cost 3.007000 GTU (30070 NRG).
Transaction is finalized into block 89f33763a173bff8a82b241971dfbee831eb0444426f5c70dde24bea2c5610a0 with status "success" and cost 3.007000 GTU (30070 NRG).
Transaction is finalized into block dae08dcb64441b13a59efc5ca486b44dcf28ca644f160a105e75c1d95085cbe7 with status "success" and cost 3.007000 GTU (30070 NRG).
Transaction is finalized into block cfb487d021348aba794170038e37f280a6d6346d5427fe044ecd3465de9ddc37 with status "success" and cost 3.007000 GTU (30070 NRG).
Transaction is finalized into block 7db3b92836168fdccbb4e9f492c7e0c93bd24ffc7b802d003a20665d86f1497e with status "success" and cost 3.007000 GTU (30070 NRG).
Transaction is finalized into block 5c173cf6736966606e865aaf109fc1ea4cd00e0ec1c456e7d1635d9c1e89e893 with status "success" and cost 3.007000 GTU (30070 NRG).
Transaction is finalized into block a7d0f83737d97488e7ff035025b96b7406037b89afd7ce5e2296d224df452f9b with status "success" and cost 3.007000 GTU (30070 NRG).
Transaction is finalized into block 1c277cf54e02ca66ee7103dfd7777260f1c30b3ab5f4f4c57ecd9796c9ca9875 with status "success" and cost 3.007000 GTU (30070 NRG).
Transaction is finalized into block 568a5864e06bfffb200251669e6f5b795fe2e0aaf6f55fc4064571597ae5cd55 with status "success" and cost 3.007000 GTU (30070 NRG).
Transaction is finalized into block 0ff21ad7c08079b5eaad0289cc0c8f611bb72bed719784cb72db449b1df55cef with status "success" and cost 3.007000 GTU (30070 NRG).
Transaction is finalized into block 02694920822c58bd1189d4923bc102c9ccfac709ac0a013dc5c3f3b814561446 with status "success" and cost 3.007000 GTU (30070 NRG).
Transaction is finalized into block bb1fe38f7df95542c4fe381958c8de75cb7c7161f25504fd46a1c0a66052e7f4 with status "success" and cost 3.007000 GTU (30070 NRG).


Sun Nov  8 10:10:01 UTC 2020
Transaction is finalized into block 53b15ff99dee627e956fd81259700c38a49f2933d8ccf634e35d0666755209c3 with status "success" and cost 3.007000 GTU (30070 NRG).
Transaction is finalized into block a058f70c0e471f86eb01400d8557df28a4038ee386b709a6ff1e5e55630c4656 with status "success" and cost 3.007000 GTU (30070 NRG).
Transaction is finalized into block b58e5cf5ac08594a7df1fafb9eae0caefc33f1f7a2b806d895e39b6048ff2e4d with status "success" and cost 3.007000 GTU (30070 NRG).
Transaction is finalized into block b6efbd0ab593c770de0615ddaa66178b424a08d2297b20310c4634050707ed0e with status "success" and cost 3.007000 GTU (30070 NRG).
Transaction is finalized into block ff7b2f8a1e760245178260faaa45596ad1b8b04593e025a70a2c36c96c0048b9 with status "success" and cost 3.007000 GTU (30070 NRG).
Transaction is finalized into block bb7c342e94093eb752c8f11e2f66df76e5d6095258ea115e083d30415c44d58f with status "success" and cost 3.007000 GTU (30070 NRG).
Transaction is finalized into block 85a0baa4dc7ed2eb3326b15dc4b6b435ca2ea483fcfbba0fbc922db70282180a with status "success" and cost 3.007000 GTU (30070 NRG).
Transaction is finalized into block ea3a1c67c9e9707744ee59a146811c63a84f7c9f0511edd115dce01ebb98a602 with status "success" and cost 3.007000 GTU (30070 NRG).
Transaction is finalized into block a6e0bf536c28c573dfe14b0b19fc7d3e681b28a7da9c3ec9adf8e2f3ccd0cedc with status "success" and cost 3.007000 GTU (30070 NRG).
Sun Nov  8 12:10:01 UTC 2020
Transaction is finalized into block 53b15ff99dee627e956fd81259700c38a49f2933d8ccf634e35d0666755209c3 with status "success" and cost 3.007000 GTU (30070 NRG).
Transaction is finalized into block a058f70c0e471f86eb01400d8557df28a4038ee386b709a6ff1e5e55630c4656 with status "success" and cost 3.007000 GTU (30070 NRG).
Transaction is finalized into block b58e5cf5ac08594a7df1fafb9eae0caefc33f1f7a2b806d895e39b6048ff2e4d with status "success" and cost 3.007000 GTU (30070 NRG).
Transaction is finalized into block b6efbd0ab593c770de0615ddaa66178b424a08d2297b20310c4634050707ed0e with status "success" and cost 3.007000 GTU (30070 NRG).
Transaction is finalized into block ff7b2f8a1e760245178260faaa45596ad1b8b04593e025a70a2c36c96c0048b9 with status "success" and cost 3.007000 GTU (30070 NRG).
Transaction is finalized into block bb7c342e94093eb752c8f11e2f66df76e5d6095258ea115e083d30415c44d58f with status "success" and cost 3.007000 GTU (30070 NRG).
Transaction is finalized into block 85a0baa4dc7ed2eb3326b15dc4b6b435ca2ea483fcfbba0fbc922db70282180a with status "success" and cost 3.007000 GTU (30070 NRG).
Transaction is finalized into block ea3a1c67c9e9707744ee59a146811c63a84f7c9f0511edd115dce01ebb98a602 with status "success" and cost 3.007000 GTU (30070 NRG).
Transaction is finalized into block a6e0bf536c28c573dfe14b0b19fc7d3e681b28a7da9c3ec9adf8e2f3ccd0cedc with status "success" and cost 3.007000 GTU (30070 NRG).
Transaction is finalized into block 5b5087f40fd838e16a0866068245b476bd1737fcfc750754b7c66ac3bb0940c4 with status "success" and cost 3.007000 GTU (30070 NRG).
Transaction is finalized into block b8cc22b2bd1c665cc3dff6e50034f15f2a2576babd25e0938f2c0a002aed3656 with status "success" and cost 3.007000 GTU (30070 NRG).
Transaction is finalized into block c014b8f86c341cfa5779a56256a9a361191c070a2b734a784ac006bae924ea88 with status "success" and cost 3.007000 GTU (30070 NRG).
Transaction is finalized into block f60acf8cebe2e251c3d3b9355822ac244317c62800d9c615304a0000dc6b5a9f with status "success" and cost 3.007000 GTU (30070 NRG).
Transaction is finalized into block 9ed1cc155185df92dc27ce0e0bd0974b0978407ab8a251aafb5a515ba476d720 with status "success" and cost 3.007000 GTU (30070 NRG).
Transaction is finalized into block 24a3be12c571955f8b22e8182ad958f5525048abddcfd4a09c41567279df0ba0 with status "success" and cost 3.007000 GTU (30070 NRG).
Transaction is finalized into block 617b037e800cf4dbc2c3a83348b637e18b07a4ae52864166ded685bf58043bb8 with status "success" and cost 3.007000 GTU (30070 NRG).
Transaction is finalized into block 08943d1e8fecd20dbb69745807dbd16d4af2cdb27221c0a636a1ce36af9f11b2 with status "success" and cost 3.007000 GTU (30070 NRG).
Transaction is finalized into block 26f3b382f3bb290ae55648e0eacfa4380d8f00f578fa6a6952aaef9757cf2ba2 with status "success" and cost 3.007000 GTU (30070 NRG).
Sun Nov  8 17:10:01 UTC 2020
Transaction is finalized into block 53b15ff99dee627e956fd81259700c38a49f2933d8ccf634e35d0666755209c3 with status "success" and cost 3.007000 GTU (30070 NRG).
Transaction is finalized into block a058f70c0e471f86eb01400d8557df28a4038ee386b709a6ff1e5e55630c4656 with status "success" and cost 3.007000 GTU (30070 NRG).
Transaction is finalized into block b58e5cf5ac08594a7df1fafb9eae0caefc33f1f7a2b806d895e39b6048ff2e4d with status "success" and cost 3.007000 GTU (30070 NRG).
Transaction is finalized into block b6efbd0ab593c770de0615ddaa66178b424a08d2297b20310c4634050707ed0e with status "success" and cost 3.007000 GTU (30070 NRG).
Transaction is finalized into block ff7b2f8a1e760245178260faaa45596ad1b8b04593e025a70a2c36c96c0048b9 with status "success" and cost 3.007000 GTU (30070 NRG).
Transaction is finalized into block bb7c342e94093eb752c8f11e2f66df76e5d6095258ea115e083d30415c44d58f with status "success" and cost 3.007000 GTU (30070 NRG).
Transaction is finalized into block 85a0baa4dc7ed2eb3326b15dc4b6b435ca2ea483fcfbba0fbc922db70282180a with status "success" and cost 3.007000 GTU (30070 NRG).
Transaction is finalized into block ea3a1c67c9e9707744ee59a146811c63a84f7c9f0511edd115dce01ebb98a602 with status "success" and cost 3.007000 GTU (30070 NRG).
Transaction is finalized into block a6e0bf536c28c573dfe14b0b19fc7d3e681b28a7da9c3ec9adf8e2f3ccd0cedc with status "success" and cost 3.007000 GTU (30070 NRG).
Transaction is finalized into block 5b5087f40fd838e16a0866068245b476bd1737fcfc750754b7c66ac3bb0940c4 with status "success" and cost 3.007000 GTU (30070 NRG).
Transaction is finalized into block b8cc22b2bd1c665cc3dff6e50034f15f2a2576babd25e0938f2c0a002aed3656 with status "success" and cost 3.007000 GTU (30070 NRG).
Transaction is finalized into block c014b8f86c341cfa5779a56256a9a361191c070a2b734a784ac006bae924ea88 with status "success" and cost 3.007000 GTU (30070 NRG).
Transaction is finalized into block f60acf8cebe2e251c3d3b9355822ac244317c62800d9c615304a0000dc6b5a9f with status "success" and cost 3.007000 GTU (30070 NRG).
Transaction is finalized into block 9ed1cc155185df92dc27ce0e0bd0974b0978407ab8a251aafb5a515ba476d720 with status "success" and cost 3.007000 GTU (30070 NRG).
Transaction is finalized into block 24a3be12c571955f8b22e8182ad958f5525048abddcfd4a09c41567279df0ba0 with status "success" and cost 3.007000 GTU (30070 NRG).
Transaction is finalized into block 617b037e800cf4dbc2c3a83348b637e18b07a4ae52864166ded685bf58043bb8 with status "success" and cost 3.007000 GTU (30070 NRG).
Transaction is finalized into block 08943d1e8fecd20dbb69745807dbd16d4af2cdb27221c0a636a1ce36af9f11b2 with status "success" and cost 3.007000 GTU (30070 NRG).
Transaction is finalized into block 26f3b382f3bb290ae55648e0eacfa4380d8f00f578fa6a6952aaef9757cf2ba2 with status "success" and cost 3.007000 GTU (30070 NRG).
Transaction is finalized into block 48101fb12e09590a4b1f3f9bec25effe490e6dbda8779852f583bba017e5d34e with status "success" and cost 3.007000 GTU (30070 NRG).
Transaction is finalized into block d99b4132e37d196b297ecaa2638e6f005cc914e2934f09b56c329ad0c69b87c5 with status "success" and cost 3.007000 GTU (30070 NRG).
Transaction is finalized into block 863138dcdd53feb00ebfedb1f8224249899432d10b80bc5b85de3d07e2d4e58c with status "success" and cost 3.007000 GTU (30070 NRG).
Transaction is finalized into block f12f9ac3cf8b740d20ce006d80961f1f243c3cf85d1820220cabeb25aec95997 with status "success" and cost 3.007000 GTU (30070 NRG).
Transaction is finalized into block 913522a494720e031b26ec67087bad4bb380e88bad0f537ec92625c03deb7687 with status "success" and cost 3.007000 GTU (30070 NRG).
Transaction is finalized into block 70a445e761347e5f3aa494482dd8b7138ad44e2a68b1644dfe2ebc7def4f89a9 with status "success" and cost 3.007000 GTU (30070 NRG).
Transaction is finalized into block 25996cf2e887854feb77c26956bc5f84f14be8a46e4d736aaa30c541ef2ad7a0 with status "success" and cost 3.007000 GTU (30070 NRG).
