Mon Nov  2 22:45:06 UTC 2020
[92mTransaction 'fb0ebc24c4ef10949a7577f4fd7e577994bc69812928b609557718641f36b0a7' sent to the baker.
[92mTransaction '6ea6b248dd2043f980af4c89405cfd023b0be345e47060c186a43e338e4779cf' sent to the baker.
[92mTransaction 'f2c4ddbe343a40d06eb6a1419727167f864d7b4c8312921478513724ca085acf' sent to the baker.
[92mTransaction '280cb307ddf38d86573c74f4aedc90bec454a544ae5545ed1cdad5cf016b1f94' sent to the baker.
[92mTransaction '53cabde3f61039a44ce85adb11cccbcabb72037cc5e4cacb2b1c8a5eddfa9463' sent to the baker.
[92mTransaction '149de6febe090f9fb0d70bcc6c3beada7246a6234b514cdda7b502c33076cdda' sent to the baker.
[92mTransaction '8acdde5df56ee338b636953f2b5349079ea16efb9e51560c7312d91b5658875a' sent to the baker.
[92mTransaction 'd508b4c8699e8e3caa337502dcfa4ce007e567dab865f0ecad684b8f0b38c2a0' sent to the baker.
[92mTransaction 'a660d170fd02e77e79495bc4af3c6649e874d155a225ef9c0190ae7e443cedde' sent to the baker.
[92mTransaction 'b12e8f4fea22f39b8e31f78d2626842fca9fed5eda07998c0bc7f27147922899' sent to the baker.
[92mTransaction '9511c807dfde426b742c52e505f494107e112ca211c8d5cc0e17161ce929eb5f' sent to the baker.
Mon Nov  2 23:09:01 UTC 2020
[92mTransaction 'fb0ebc24c4ef10949a7577f4fd7e577994bc69812928b609557718641f36b0a7' sent to the baker.
[92mTransaction '6ea6b248dd2043f980af4c89405cfd023b0be345e47060c186a43e338e4779cf' sent to the baker.
[92mTransaction 'f2c4ddbe343a40d06eb6a1419727167f864d7b4c8312921478513724ca085acf' sent to the baker.
[92mTransaction '280cb307ddf38d86573c74f4aedc90bec454a544ae5545ed1cdad5cf016b1f94' sent to the baker.
[92mTransaction '53cabde3f61039a44ce85adb11cccbcabb72037cc5e4cacb2b1c8a5eddfa9463' sent to the baker.
[92mTransaction '149de6febe090f9fb0d70bcc6c3beada7246a6234b514cdda7b502c33076cdda' sent to the baker.
[92mTransaction '8acdde5df56ee338b636953f2b5349079ea16efb9e51560c7312d91b5658875a' sent to the baker.
[92mTransaction 'd508b4c8699e8e3caa337502dcfa4ce007e567dab865f0ecad684b8f0b38c2a0' sent to the baker.
[92mTransaction 'a660d170fd02e77e79495bc4af3c6649e874d155a225ef9c0190ae7e443cedde' sent to the baker.
[92mTransaction 'b12e8f4fea22f39b8e31f78d2626842fca9fed5eda07998c0bc7f27147922899' sent to the baker.
[92mTransaction '9511c807dfde426b742c52e505f494107e112ca211c8d5cc0e17161ce929eb5f' sent to the baker.
[92mTransaction '09493bc9f687bdbc74f031d707d010dfaa9006ea53817876eab031c3ea8317f7' sent to the baker.
[92mTransaction 'f05802c7da4eb83a14d0655ddc4a2bb84973853dcbcba09fa0c01e8244518de5' sent to the baker.
[92mTransaction '8a7659459899b7c6630b70e4937ae5452ef08138247ca1fa9d5da457d1052203' sent to the baker.
[92mTransaction '76f4ed5d15192cf3f7a6b636f5eec915963421bdc4bcb2bb85e2172f01cbd511' sent to the baker.
[92mTransaction '7f1148533ff99e487ed0fb23f5908c672e87ae8724f8fc581a450bba563468fd' sent to the baker.
[92mTransaction '5c78ec0fa8c863592905e04916df0669fec0829f1d679d5971039a829920f102' sent to the baker.
[92mTransaction '4c957b08c83ccfe6b9a8fff97c378557565d067ad4e1b97e6f9ec4fd0edd93b8' sent to the baker.
[92mTransaction 'd1c3c938f565211bebccdbc570b71d9673359a4c24df1b38b4122af633058273' sent to the baker.
[92mTransaction '2a4fd0c7c5820a3f592f411d78be9039037972565ec71cbaa4aa63b115466bfc' sent to the baker.
[92mTransaction '21ff817261f28fd1cb5ea57863dda7af0544aaf7c24c313437acfaac5622ec66' sent to the baker.
[92mTransaction 'b203822b3c7244482dde3e0a7bffdc62131b085e7515f7a7bd29a4e06898f689' sent to the baker.

Tue Nov  3 10:10:01 UTC 2020
[92mTransaction '133a5d54d637774e90bdc7414e26c84f978d583281cdee9256bb5877ace6ed13' sent to the baker.
[92mTransaction '363578d5021805698c626d8493668a24bdaf9297508b2a930e8e3ece9082dac0' sent to the baker.
[92mTransaction '8e20d60905b9cb0387eb8d406125d3d1dbec5be5ce5da11c1067e413fd57d8d5' sent to the baker.
[92mTransaction 'd13b0a92e8ebc3f9d5ed11aa24eed6d3f3a86490b5a406f249ea6bead60e940c' sent to the baker.
[92mTransaction 'ffa66ba371e9152643c5568aa4c9bdbbd9a9c7cce362f6e54bdb18f7cae497c1' sent to the baker.
[92mTransaction 'c46ddeabe556b6275236b4eb0b6e84df0fe71f5e0417dc7e13dd7a1c2db027f4' sent to the baker.
[92mTransaction 'd7278e1e79bdb33b0d8b70d6198b31be276b6d4d955e6f9a7c143bd3387db2eb' sent to the baker.
[92mTransaction '960880be42078a4245dedf50119580c902d51d40172a81df40457ce10892b703' sent to the baker.
[92mTransaction 'f2e3c366f89765771391dfdbc9f79fb6bec76f7865d1fef1b111a6ad5641f596' sent to the baker.
[92mTransaction '32ce7a3c6b7a57aba774c95bee61976a942a38ab1e0b48a17e1e13d701afaffc' sent to the baker.
[92mTransaction '58ee0de5418131bafd68788d6863717f3571b398a4b26455b10536d5e8fcb22c' sent to the baker.
Tue Nov  3 12:10:01 UTC 2020
[92mTransaction '133a5d54d637774e90bdc7414e26c84f978d583281cdee9256bb5877ace6ed13' sent to the baker.
[92mTransaction '363578d5021805698c626d8493668a24bdaf9297508b2a930e8e3ece9082dac0' sent to the baker.
[92mTransaction '8e20d60905b9cb0387eb8d406125d3d1dbec5be5ce5da11c1067e413fd57d8d5' sent to the baker.
[92mTransaction 'd13b0a92e8ebc3f9d5ed11aa24eed6d3f3a86490b5a406f249ea6bead60e940c' sent to the baker.
[92mTransaction 'ffa66ba371e9152643c5568aa4c9bdbbd9a9c7cce362f6e54bdb18f7cae497c1' sent to the baker.
[92mTransaction 'c46ddeabe556b6275236b4eb0b6e84df0fe71f5e0417dc7e13dd7a1c2db027f4' sent to the baker.
[92mTransaction 'd7278e1e79bdb33b0d8b70d6198b31be276b6d4d955e6f9a7c143bd3387db2eb' sent to the baker.
[92mTransaction '960880be42078a4245dedf50119580c902d51d40172a81df40457ce10892b703' sent to the baker.
[92mTransaction 'f2e3c366f89765771391dfdbc9f79fb6bec76f7865d1fef1b111a6ad5641f596' sent to the baker.
[92mTransaction '32ce7a3c6b7a57aba774c95bee61976a942a38ab1e0b48a17e1e13d701afaffc' sent to the baker.
[92mTransaction '58ee0de5418131bafd68788d6863717f3571b398a4b26455b10536d5e8fcb22c' sent to the baker.
[92mTransaction '488185ed0b82b48767f8d5b1698fb9aceb3fd71dc18183e67f6c841e5a4dab99' sent to the baker.
[92mTransaction '1ed5d2bcddacb3927a8eda594cbd652f085853e141c436a6938fd733c204c4e7' sent to the baker.
[92mTransaction '5e5f42572d6262e5138466d8bf21424908989afb36606077ecc0e951668f89fd' sent to the baker.
[92mTransaction '80e9478d4b3af0b22a5efee4a6b924b61c243a10d09f784cdb18731ac55b7dee' sent to the baker.
[92mTransaction 'de87a708abaaf53de1ec56c42622ce6ef2778724e2dfe6b51767286accfd1fcd' sent to the baker.
[92mTransaction '83fe37d20feeba37a34d9649f56d342cd42468831ffc044ce303fc2e971a0c17' sent to the baker.
[92mTransaction '074470bfd8a7a5af9dca20a85b1ba43230eb1588c0bcbb4b1037e3fe4791aa41' sent to the baker.
[92mTransaction '034e2db67e448c8ed6490d5ba764ec8ac19de69c3769feb98c8edb4524e99bdb' sent to the baker.
[92mTransaction '1759d809a7380ed2587023b0b4b87a94f482b7e9f5d83a87b32857d297831467' sent to the baker.
[92mTransaction 'b710273c665bafb15d15ba2229408a52c2c60c896a30ca47c0e3f5ef6a3f99a7' sent to the baker.
[92mTransaction 'c5b2c67e7ab8cd905c6cb2fbbb6cd73c19cd47f42540eaa4f5d578f82c302885' sent to the baker.
Tue Nov  3 17:10:01 UTC 2020
[92mTransaction '133a5d54d637774e90bdc7414e26c84f978d583281cdee9256bb5877ace6ed13' sent to the baker.
[92mTransaction '363578d5021805698c626d8493668a24bdaf9297508b2a930e8e3ece9082dac0' sent to the baker.
[92mTransaction '8e20d60905b9cb0387eb8d406125d3d1dbec5be5ce5da11c1067e413fd57d8d5' sent to the baker.
[92mTransaction 'd13b0a92e8ebc3f9d5ed11aa24eed6d3f3a86490b5a406f249ea6bead60e940c' sent to the baker.
[92mTransaction 'ffa66ba371e9152643c5568aa4c9bdbbd9a9c7cce362f6e54bdb18f7cae497c1' sent to the baker.
[92mTransaction 'c46ddeabe556b6275236b4eb0b6e84df0fe71f5e0417dc7e13dd7a1c2db027f4' sent to the baker.
[92mTransaction 'd7278e1e79bdb33b0d8b70d6198b31be276b6d4d955e6f9a7c143bd3387db2eb' sent to the baker.
[92mTransaction '960880be42078a4245dedf50119580c902d51d40172a81df40457ce10892b703' sent to the baker.
[92mTransaction 'f2e3c366f89765771391dfdbc9f79fb6bec76f7865d1fef1b111a6ad5641f596' sent to the baker.
[92mTransaction '32ce7a3c6b7a57aba774c95bee61976a942a38ab1e0b48a17e1e13d701afaffc' sent to the baker.
[92mTransaction '58ee0de5418131bafd68788d6863717f3571b398a4b26455b10536d5e8fcb22c' sent to the baker.
[92mTransaction '488185ed0b82b48767f8d5b1698fb9aceb3fd71dc18183e67f6c841e5a4dab99' sent to the baker.
[92mTransaction '1ed5d2bcddacb3927a8eda594cbd652f085853e141c436a6938fd733c204c4e7' sent to the baker.
[92mTransaction '5e5f42572d6262e5138466d8bf21424908989afb36606077ecc0e951668f89fd' sent to the baker.
[92mTransaction '80e9478d4b3af0b22a5efee4a6b924b61c243a10d09f784cdb18731ac55b7dee' sent to the baker.
[92mTransaction 'de87a708abaaf53de1ec56c42622ce6ef2778724e2dfe6b51767286accfd1fcd' sent to the baker.
[92mTransaction '83fe37d20feeba37a34d9649f56d342cd42468831ffc044ce303fc2e971a0c17' sent to the baker.
[92mTransaction '074470bfd8a7a5af9dca20a85b1ba43230eb1588c0bcbb4b1037e3fe4791aa41' sent to the baker.
[92mTransaction '034e2db67e448c8ed6490d5ba764ec8ac19de69c3769feb98c8edb4524e99bdb' sent to the baker.
[92mTransaction '1759d809a7380ed2587023b0b4b87a94f482b7e9f5d83a87b32857d297831467' sent to the baker.
[92mTransaction 'b710273c665bafb15d15ba2229408a52c2c60c896a30ca47c0e3f5ef6a3f99a7' sent to the baker.
[92mTransaction 'c5b2c67e7ab8cd905c6cb2fbbb6cd73c19cd47f42540eaa4f5d578f82c302885' sent to the baker.
[92mTransaction '7e85a0cc300456ab79d0792d721bb22ab48a67554d1792de0ee975a5ded15835' sent to the baker.
[92mTransaction '722ebeb06849839fd1a634d4670d5491fc7790d4a1c6cb516cfde3c1d2f08739' sent to the baker.
[92mTransaction '1cbdd9a5786a52c49faf5ad8f5b5e3739f85f5f6ce2187ced84fa1da287453fc' sent to the baker.
[92mTransaction 'e9c929e233fcc9c4b6d1106b8ae62d3b07daf0c7f054f08fdaa7940601002c6a' sent to the baker.
[92mTransaction '2dfbf23806d3ed869aa682a24cbd60b2ac7b2e66ad5613208d41a00ee6accf5a' sent to the baker.
[92mTransaction '71297c53d1b4907ea4a77fbc3fae68390b6831f56500b7b31604649c50072a52' sent to the baker.
[92mTransaction 'aa46557aa2a7e6e57cddc7323e958573b03297facb3e1176d5eda151290aebe4' sent to the baker.
[92mTransaction 'a6ecf894dee8997ee75c2d46deecff60ab5a903c3b077b3225851a1112d80c58' sent to the baker.
[92mTransaction '1840f593de8a6600f40109ea793c408efc00fa6c3f033be189e4b9e78becd07c' sent to the baker.
[92mTransaction '5b77b9feecd8cfbb51bde086f1106a134ba3014fda072dea58aa02ced4d9cca3' sent to the baker.
[92mTransaction '95d89397439604bfde5f057c010379352b4639e026bad006aca44c71e18a866e' sent to the baker.

Wed Nov  4 10:10:01 UTC 2020
[92mTransaction '3afc3925e4e5c4a708115bd1b9ea85ba7c502ce8d89a0f4d34512ea60614d847' sent to the baker.
[92mTransaction '3ad504291e75e45a8bee8b94f20e6529efcd91b878fc6e224d2f73c9529d4d0b' sent to the baker.
[92mTransaction '34fc5fc1c8f9aa204190cd8bb282a2f6d97c08b55e4d0354d7edf76104538f20' sent to the baker.
[92mTransaction '212da6f1173ad871d7eb42018ff56fdbe992b156adc5a1deae35dc9af24fa0d8' sent to the baker.
[92mTransaction '367f1e18135d2ed0002971364b79cd84af19dea785aab098fd68af8e1ebc7172' sent to the baker.
[92mTransaction '793eceb2861ca165a48060fc3a67961e0cf1e63c678cba80a3db60ff45bc2585' sent to the baker.
[92mTransaction '6b30c0a3fd54153ae7055385afb79bc4b3d1702fa53fc7b99476b4d863439d15' sent to the baker.
[92mTransaction 'cbb77d7ba0c07686f764e1373543fdfbfd0f46768d763b57290b1f82f0846d27' sent to the baker.
[92mTransaction '103a31b313b58a0b4637bcfd2a26e2418a1081853cc46f816ba0ae8437984b9f' sent to the baker.
[92mTransaction '0d8a55d4cac3b45c3c4b70ae2735f6742039bb0109df9c9018a8b01f6453e768' sent to the baker.
[92mTransaction '593c985ef6066fdcfb516daed03dd7866cc988e9f468ceb5e9e663b5f576e8c1' sent to the baker.
Wed Nov  4 12:10:01 UTC 2020
[92mTransaction '3afc3925e4e5c4a708115bd1b9ea85ba7c502ce8d89a0f4d34512ea60614d847' sent to the baker.
[92mTransaction '3ad504291e75e45a8bee8b94f20e6529efcd91b878fc6e224d2f73c9529d4d0b' sent to the baker.
[92mTransaction '34fc5fc1c8f9aa204190cd8bb282a2f6d97c08b55e4d0354d7edf76104538f20' sent to the baker.
[92mTransaction '212da6f1173ad871d7eb42018ff56fdbe992b156adc5a1deae35dc9af24fa0d8' sent to the baker.
[92mTransaction '367f1e18135d2ed0002971364b79cd84af19dea785aab098fd68af8e1ebc7172' sent to the baker.
[92mTransaction '793eceb2861ca165a48060fc3a67961e0cf1e63c678cba80a3db60ff45bc2585' sent to the baker.
[92mTransaction '6b30c0a3fd54153ae7055385afb79bc4b3d1702fa53fc7b99476b4d863439d15' sent to the baker.
[92mTransaction 'cbb77d7ba0c07686f764e1373543fdfbfd0f46768d763b57290b1f82f0846d27' sent to the baker.
[92mTransaction '103a31b313b58a0b4637bcfd2a26e2418a1081853cc46f816ba0ae8437984b9f' sent to the baker.
[92mTransaction '0d8a55d4cac3b45c3c4b70ae2735f6742039bb0109df9c9018a8b01f6453e768' sent to the baker.
[92mTransaction '593c985ef6066fdcfb516daed03dd7866cc988e9f468ceb5e9e663b5f576e8c1' sent to the baker.
[92mTransaction 'c13f2bca4aa7495681f6327573606bcce1c518c1dc4036b5d27ae9954627fd9e' sent to the baker.
[92mTransaction 'c4165a70552d1d7afd7aaca5b166f7352e91986deef1c799ff9ee659e1689195' sent to the baker.
[92mTransaction 'e5bc53d96c2416cb0b9593bf62e4d5e4b947d9483c146417a6881541ea02cbe4' sent to the baker.
[92mTransaction 'a05d84cc4c56f66fc2c358d20ea7372359a5a46e8e615603a0f97799bb5b16ec' sent to the baker.
[92mTransaction 'b5f8e3365b18e58f602d0ffb8a313a06fd755bb33ba65ef4cf891a27be93da9b' sent to the baker.
[92mTransaction '4de367d08485685f4828bf97c333ad0d781667329db53c601c14abf612cbf173' sent to the baker.
[92mTransaction '0e2928541a62127d931fb11572ece99b1ed06221c69963dcff3750d96046b432' sent to the baker.
[92mTransaction '07cf122dbd15cb3620b881bca8b7bc89d4641b5c2352318295e410f60289841c' sent to the baker.
[92mTransaction '210e851d733ff8e4dae668cceec21cf0c0e0d87132b2719fff1e1b707216a4c3' sent to the baker.
[92mTransaction '19848a98b0f0d4e6545228517915aa545613117f2c4e618d9ef73fb7eb00b81f' sent to the baker.
[92mTransaction 'bec008e053f4680fc77815892b0b44b804e6952c237305295b9dbf78d02de79e' sent to the baker.
Wed Nov  4 17:10:01 UTC 2020
[92mTransaction '3afc3925e4e5c4a708115bd1b9ea85ba7c502ce8d89a0f4d34512ea60614d847' sent to the baker.
[92mTransaction '3ad504291e75e45a8bee8b94f20e6529efcd91b878fc6e224d2f73c9529d4d0b' sent to the baker.
[92mTransaction '34fc5fc1c8f9aa204190cd8bb282a2f6d97c08b55e4d0354d7edf76104538f20' sent to the baker.
[92mTransaction '212da6f1173ad871d7eb42018ff56fdbe992b156adc5a1deae35dc9af24fa0d8' sent to the baker.
[92mTransaction '367f1e18135d2ed0002971364b79cd84af19dea785aab098fd68af8e1ebc7172' sent to the baker.
[92mTransaction '793eceb2861ca165a48060fc3a67961e0cf1e63c678cba80a3db60ff45bc2585' sent to the baker.
[92mTransaction '6b30c0a3fd54153ae7055385afb79bc4b3d1702fa53fc7b99476b4d863439d15' sent to the baker.
[92mTransaction 'cbb77d7ba0c07686f764e1373543fdfbfd0f46768d763b57290b1f82f0846d27' sent to the baker.
[92mTransaction '103a31b313b58a0b4637bcfd2a26e2418a1081853cc46f816ba0ae8437984b9f' sent to the baker.
[92mTransaction '0d8a55d4cac3b45c3c4b70ae2735f6742039bb0109df9c9018a8b01f6453e768' sent to the baker.
[92mTransaction '593c985ef6066fdcfb516daed03dd7866cc988e9f468ceb5e9e663b5f576e8c1' sent to the baker.
[92mTransaction 'c13f2bca4aa7495681f6327573606bcce1c518c1dc4036b5d27ae9954627fd9e' sent to the baker.
[92mTransaction 'c4165a70552d1d7afd7aaca5b166f7352e91986deef1c799ff9ee659e1689195' sent to the baker.
[92mTransaction 'e5bc53d96c2416cb0b9593bf62e4d5e4b947d9483c146417a6881541ea02cbe4' sent to the baker.
[92mTransaction 'a05d84cc4c56f66fc2c358d20ea7372359a5a46e8e615603a0f97799bb5b16ec' sent to the baker.
[92mTransaction 'b5f8e3365b18e58f602d0ffb8a313a06fd755bb33ba65ef4cf891a27be93da9b' sent to the baker.
[92mTransaction '4de367d08485685f4828bf97c333ad0d781667329db53c601c14abf612cbf173' sent to the baker.
[92mTransaction '0e2928541a62127d931fb11572ece99b1ed06221c69963dcff3750d96046b432' sent to the baker.
[92mTransaction '07cf122dbd15cb3620b881bca8b7bc89d4641b5c2352318295e410f60289841c' sent to the baker.
[92mTransaction '210e851d733ff8e4dae668cceec21cf0c0e0d87132b2719fff1e1b707216a4c3' sent to the baker.
[92mTransaction '19848a98b0f0d4e6545228517915aa545613117f2c4e618d9ef73fb7eb00b81f' sent to the baker.
[92mTransaction 'bec008e053f4680fc77815892b0b44b804e6952c237305295b9dbf78d02de79e' sent to the baker.
[92mTransaction 'cdce909dfaea2661d843a3b27fde49a02013804c3cc4551223b9fcd1905b23b8' sent to the baker.
[92mTransaction 'ed63b81f50742a3527ceacb43189d50ad47462400e5eb3341ba0dec093b2ca0a' sent to the baker.
[92mTransaction '02fcf87e5536b5f2d5814fe3fc0936ec0c1a3256b714582b990bb3ce9f86187b' sent to the baker.
[92mTransaction 'ed93a32fcf259f04c3d4b7f19af9995e534fac57f1f923e661fc01c55760aef6' sent to the baker.
[92mTransaction '2231523421b845cde3f6a3a22a3bb9dc5f58d3432a33fc74a5879521b2929c8f' sent to the baker.
[92mTransaction '17b85d6c09d77320b3cdeeaac34ee0826048dd186920a44373aca52131f09a2d' sent to the baker.
[92mTransaction 'a76629692a35974e585bac72e97cc4a0031dec142d49a5987dc6ec5028c25704' sent to the baker.
[92mTransaction '18dbbf785f7a5b5ca5b3c6fdc7f76577531536de2e8fc82e2b1e5f95f2fe51d0' sent to the baker.
[92mTransaction '8ac1f9f55c227e4714e684c23f5fffc910155bba7757860168dcefc2a043f21c' sent to the baker.
[92mTransaction 'e409e4ddd54f77b0beb42564139428eb5612af29cbd4da76993e1b91a9242e36' sent to the baker.
[92mTransaction '232ee2d1f46681739629d310ee9d2c48974578fafe4671c4a48449cab42f3d3f' sent to the baker.

Thu Nov  5 10:10:01 UTC 2020
[92mTransaction '5de161fcf8b76463ad202be491cf795ffb1b1a5d8273e80ae4952aefe7525a84' sent to the baker.
[92mTransaction '7010e89c94dd23de76ed5a0fa5698aa27ce6d42640eb927092eae6aa3342ba51' sent to the baker.
[92mTransaction 'f83a9c2ea1dfc4e109fa77ed449a1783b4b423f82947a06bbecb2e9c6fd13881' sent to the baker.
[92mTransaction '5cae01f63c1387ea97c3fc05980018bd9593a5e46d7259a0b8dd4f799b71c7d8' sent to the baker.
[92mTransaction 'e92a9498193b89d905311f01200aac1d363aef99c25cabf71f022bd6289f301d' sent to the baker.
[92mTransaction '5ac77749e26d4ca28771ae5a71e85f31a540a1070091e70b0ba109a0994bea7c' sent to the baker.
[92mTransaction 'e9e0603049c2d4d6b17c091cabdd3baecd4d0e3f32ff21c3e81d64f8a3c7a399' sent to the baker.
[92mTransaction '20e0f3003ec2c79e96857c5138d0251fa80f7553e015ab8103ded0dabb80070f' sent to the baker.
[92mTransaction '99b381771f6912df0230338114906378fc8c8a53d3bbbc9d824e8b8aaa9c49ed' sent to the baker.
[92mTransaction 'ddc897970cf57dee20650ef1919593cd7764262c225310e9b06f6e0226c3cdf9' sent to the baker.
[92mTransaction 'fddbbd9ba50cb94b56cc6804da30459e2c0c9827c79e0bb402e90fa069b27e8e' sent to the baker.
Thu Nov  5 12:10:01 UTC 2020
[92mTransaction '5de161fcf8b76463ad202be491cf795ffb1b1a5d8273e80ae4952aefe7525a84' sent to the baker.
[92mTransaction '7010e89c94dd23de76ed5a0fa5698aa27ce6d42640eb927092eae6aa3342ba51' sent to the baker.
[92mTransaction 'f83a9c2ea1dfc4e109fa77ed449a1783b4b423f82947a06bbecb2e9c6fd13881' sent to the baker.
[92mTransaction '5cae01f63c1387ea97c3fc05980018bd9593a5e46d7259a0b8dd4f799b71c7d8' sent to the baker.
[92mTransaction 'e92a9498193b89d905311f01200aac1d363aef99c25cabf71f022bd6289f301d' sent to the baker.
[92mTransaction '5ac77749e26d4ca28771ae5a71e85f31a540a1070091e70b0ba109a0994bea7c' sent to the baker.
[92mTransaction 'e9e0603049c2d4d6b17c091cabdd3baecd4d0e3f32ff21c3e81d64f8a3c7a399' sent to the baker.
[92mTransaction '20e0f3003ec2c79e96857c5138d0251fa80f7553e015ab8103ded0dabb80070f' sent to the baker.
[92mTransaction '99b381771f6912df0230338114906378fc8c8a53d3bbbc9d824e8b8aaa9c49ed' sent to the baker.
[92mTransaction 'ddc897970cf57dee20650ef1919593cd7764262c225310e9b06f6e0226c3cdf9' sent to the baker.
[92mTransaction 'fddbbd9ba50cb94b56cc6804da30459e2c0c9827c79e0bb402e90fa069b27e8e' sent to the baker.
[92mTransaction 'bdfbb4e2e8efbfba526ce94e0667d291119c295b7a7431e4361fa4b99b36f76b' sent to the baker.
[92mTransaction '63938790d4e68ffa52a19b9658f6a9625363d2baf86b2d0fdcbea19436447bb1' sent to the baker.
[92mTransaction '80d3b1a96d48c68c69de23cee185bd66cf2e752839cf691825e367c20cf947ce' sent to the baker.
[92mTransaction '79dc58fdf311c4037f8d6306ccd2897d2867e3947e0d0b3389b09ce3e3879351' sent to the baker.
[92mTransaction 'b9954fc3ec9f4912416185f0e04f8ca07109064df72174b23aa612a11390786c' sent to the baker.
[92mTransaction 'a36c9984c1e88cde2d7b7471cebfb0537c80a9df8f52bb4f2160107b235d3ee3' sent to the baker.
[92mTransaction 'cab9bc751007d2da33db4bf029d61724f1d912eb1c69dcfe96e4cfe5d068b8e4' sent to the baker.
[92mTransaction 'c7b3209dfdae63af0a6a1de150f08ce6d5c586be68cf069bae4099f2edc0dfe9' sent to the baker.
[92mTransaction '3b765d2abe2ec6ef7ce42322c24bc7f4aa97b05287404b408fc1b5e385a19ce5' sent to the baker.
[92mTransaction 'f13a420fabac8214f116ffcd384ad94ab75a792ab70ad36dc292e912ab7ca973' sent to the baker.
[92mTransaction 'db3d083163a063954e602690cf1ca9b55d64e61f24a5dd365cfab7086f1ae6cb' sent to the baker.
Thu Nov  5 17:10:01 UTC 2020
[92mTransaction '5de161fcf8b76463ad202be491cf795ffb1b1a5d8273e80ae4952aefe7525a84' sent to the baker.
[92mTransaction '7010e89c94dd23de76ed5a0fa5698aa27ce6d42640eb927092eae6aa3342ba51' sent to the baker.
[92mTransaction 'f83a9c2ea1dfc4e109fa77ed449a1783b4b423f82947a06bbecb2e9c6fd13881' sent to the baker.
[92mTransaction '5cae01f63c1387ea97c3fc05980018bd9593a5e46d7259a0b8dd4f799b71c7d8' sent to the baker.
[92mTransaction 'e92a9498193b89d905311f01200aac1d363aef99c25cabf71f022bd6289f301d' sent to the baker.
[92mTransaction '5ac77749e26d4ca28771ae5a71e85f31a540a1070091e70b0ba109a0994bea7c' sent to the baker.
[92mTransaction 'e9e0603049c2d4d6b17c091cabdd3baecd4d0e3f32ff21c3e81d64f8a3c7a399' sent to the baker.
[92mTransaction '20e0f3003ec2c79e96857c5138d0251fa80f7553e015ab8103ded0dabb80070f' sent to the baker.
[92mTransaction '99b381771f6912df0230338114906378fc8c8a53d3bbbc9d824e8b8aaa9c49ed' sent to the baker.
[92mTransaction 'ddc897970cf57dee20650ef1919593cd7764262c225310e9b06f6e0226c3cdf9' sent to the baker.
[92mTransaction 'fddbbd9ba50cb94b56cc6804da30459e2c0c9827c79e0bb402e90fa069b27e8e' sent to the baker.
[92mTransaction 'bdfbb4e2e8efbfba526ce94e0667d291119c295b7a7431e4361fa4b99b36f76b' sent to the baker.
[92mTransaction '63938790d4e68ffa52a19b9658f6a9625363d2baf86b2d0fdcbea19436447bb1' sent to the baker.
[92mTransaction '80d3b1a96d48c68c69de23cee185bd66cf2e752839cf691825e367c20cf947ce' sent to the baker.
[92mTransaction '79dc58fdf311c4037f8d6306ccd2897d2867e3947e0d0b3389b09ce3e3879351' sent to the baker.
[92mTransaction 'b9954fc3ec9f4912416185f0e04f8ca07109064df72174b23aa612a11390786c' sent to the baker.
[92mTransaction 'a36c9984c1e88cde2d7b7471cebfb0537c80a9df8f52bb4f2160107b235d3ee3' sent to the baker.
[92mTransaction 'cab9bc751007d2da33db4bf029d61724f1d912eb1c69dcfe96e4cfe5d068b8e4' sent to the baker.
[92mTransaction 'c7b3209dfdae63af0a6a1de150f08ce6d5c586be68cf069bae4099f2edc0dfe9' sent to the baker.
[92mTransaction '3b765d2abe2ec6ef7ce42322c24bc7f4aa97b05287404b408fc1b5e385a19ce5' sent to the baker.
[92mTransaction 'f13a420fabac8214f116ffcd384ad94ab75a792ab70ad36dc292e912ab7ca973' sent to the baker.
[92mTransaction 'db3d083163a063954e602690cf1ca9b55d64e61f24a5dd365cfab7086f1ae6cb' sent to the baker.
[92mTransaction 'bad14191434a1920a1e6310eea4c1dc133d4dac32f8d7bb048e7df16854e50b2' sent to the baker.
[92mTransaction '8eebdd40135a6652963a7d4a7d15be567cd29a8a59c0d636b83bcca72ae47730' sent to the baker.
[92mTransaction '3d57feef0595aaf9aee271f86f139a147741ff76c0dc4ce03249efb567418943' sent to the baker.
[92mTransaction '406784fc99ddc655bb2ab51dc8bc6888bea778a9cadda53a4a574f7a130c5c04' sent to the baker.
[92mTransaction '27e2aee942950e2dfd42b98fb12c6285b07950ec53cc450030578ee51e244c4c' sent to the baker.
[92mTransaction 'e4ecf02a43bb8fff7bd9af6c40052c58526fb334b945fc0b4bf9f948c31d63a3' sent to the baker.
[92mTransaction 'cda668a70cfb22110cb4048ea10257be2f6c3866519537b7084cff24731e0048' sent to the baker.
[92mTransaction 'aaebf76cfccbd6213cc490ef1be476a5e9a44fb3f7e66edd5f3c6b95005407d6' sent to the baker.
[92mTransaction 'da027665705a45b609195601c8c0184b93c80709f649ec13da75bd75fe3fbcbd' sent to the baker.
[92mTransaction '7630f6cdf904dc9da12e328e2227d68a6328f8d17422d3852f2a81b787ee08d8' sent to the baker.
[92mTransaction '213d757727df57a86549fffa2145899142a5143c40260286ebb30b24d6b4200b' sent to the baker.


Fri Nov  6 10:10:01 UTC 2020
[92mTransaction '6618c53519371e64eb2ceb2d54375778af6b5cfc6469feefc708a58bf1c39cfe' sent to the baker.
[92mTransaction '29f41273449c1766537c9b8bbb4e1bffffe671dd9d831904fe748860bd691a02' sent to the baker.
[92mTransaction '0265b14803a330621650750f8ec52eb659e0d6a841ec35911be1c818d4335c12' sent to the baker.
[92mTransaction 'c75d102516b36b4c59dea7f2916bd96220870e2797c1ac4144d01e0b71c0d694' sent to the baker.
[92mTransaction '567a52ff6050471720ca063bb3b6bf6de6230c502789a127fb3d42aa96c781f1' sent to the baker.
[92mTransaction '3a0a027a7b8e6d9bd539bbc3432fc832308dad57046dc17fa0f95ae43db32be3' sent to the baker.
[92mTransaction '1871737d5280c59d9d631ba145f757039245f0fecf5798cedcb75081cb16bde2' sent to the baker.
[92mTransaction 'a24fa5cf1ba5ae39d7333026fa3f785ffca02e34077e9c4bce13dd67d65ae90d' sent to the baker.
[92mTransaction 'd5c80e89745d175c933bc1f726b7fbe0bc5c226a8246b6942bbad934b21f205c' sent to the baker.
[92mTransaction '9b4ce99be3d6fb72c433c74893bd1ecee37c18d854a0985ffb0975f5d66e0ad6' sent to the baker.
[92mTransaction 'e5168ca1fce164d80b69f5c864bfdc82ac2ecda31887e68eacde3b821ed27fea' sent to the baker.
Fri Nov  6 12:10:01 UTC 2020
[92mTransaction '6618c53519371e64eb2ceb2d54375778af6b5cfc6469feefc708a58bf1c39cfe' sent to the baker.
[92mTransaction '29f41273449c1766537c9b8bbb4e1bffffe671dd9d831904fe748860bd691a02' sent to the baker.
[92mTransaction '0265b14803a330621650750f8ec52eb659e0d6a841ec35911be1c818d4335c12' sent to the baker.
[92mTransaction 'c75d102516b36b4c59dea7f2916bd96220870e2797c1ac4144d01e0b71c0d694' sent to the baker.
[92mTransaction '567a52ff6050471720ca063bb3b6bf6de6230c502789a127fb3d42aa96c781f1' sent to the baker.
[92mTransaction '3a0a027a7b8e6d9bd539bbc3432fc832308dad57046dc17fa0f95ae43db32be3' sent to the baker.
[92mTransaction '1871737d5280c59d9d631ba145f757039245f0fecf5798cedcb75081cb16bde2' sent to the baker.
[92mTransaction 'a24fa5cf1ba5ae39d7333026fa3f785ffca02e34077e9c4bce13dd67d65ae90d' sent to the baker.
[92mTransaction 'd5c80e89745d175c933bc1f726b7fbe0bc5c226a8246b6942bbad934b21f205c' sent to the baker.
[92mTransaction '9b4ce99be3d6fb72c433c74893bd1ecee37c18d854a0985ffb0975f5d66e0ad6' sent to the baker.
[92mTransaction 'e5168ca1fce164d80b69f5c864bfdc82ac2ecda31887e68eacde3b821ed27fea' sent to the baker.
[92mTransaction '62d923fec8e3466357de03cf83a74e24fb33aa449529aafa40d65f1e748cd1a3' sent to the baker.
[92mTransaction '41c36b340319c0cf8daeaf9124e2138fbe258abaa73ccc30ac753a16dbed5127' sent to the baker.
[92mTransaction '3828e8ce461a7914ffaadfaee2812ab658ff6121b2b295a3606f5b6babf9f748' sent to the baker.
[92mTransaction '85dd645558c222ce10ae1d0e43849b151480d52863fd44bce8e54d7f0bbb0315' sent to the baker.
[92mTransaction 'be0e0df60736df0a70597d7e596334d343199309639c7333275e85b423a83113' sent to the baker.
[92mTransaction '54600a6147976b7eefd81184f974c684cab5ce2e773746c1f4ef6d99b2b390d1' sent to the baker.
[92mTransaction '19034a2643b74a3748ab914c1490d00d27d17d9558ad8ac35ce4f5220de0d7f9' sent to the baker.
[92mTransaction '6cd3f8f4489e4c4f63f425aae619a2a55a1104a0e027a8386fde57f7951783c3' sent to the baker.
[92mTransaction '3a166dccd78c1dc68d46413689598916e131413f7ee4ef0a941745c6b2a2b62b' sent to the baker.
[92mTransaction '872cb3f7ee6a1dd3d1708b317cfd3e41e4921063f392ef94d639ebb2244ac4ea' sent to the baker.
[92mTransaction '5001118807525147e203eb50899180f6986e0f446b2f146c45b0840646aa5249' sent to the baker.
Fri Nov  6 17:10:01 UTC 2020
[92mTransaction '6618c53519371e64eb2ceb2d54375778af6b5cfc6469feefc708a58bf1c39cfe' sent to the baker.
[92mTransaction '29f41273449c1766537c9b8bbb4e1bffffe671dd9d831904fe748860bd691a02' sent to the baker.
[92mTransaction '0265b14803a330621650750f8ec52eb659e0d6a841ec35911be1c818d4335c12' sent to the baker.
[92mTransaction 'c75d102516b36b4c59dea7f2916bd96220870e2797c1ac4144d01e0b71c0d694' sent to the baker.
[92mTransaction '567a52ff6050471720ca063bb3b6bf6de6230c502789a127fb3d42aa96c781f1' sent to the baker.
[92mTransaction '3a0a027a7b8e6d9bd539bbc3432fc832308dad57046dc17fa0f95ae43db32be3' sent to the baker.
[92mTransaction '1871737d5280c59d9d631ba145f757039245f0fecf5798cedcb75081cb16bde2' sent to the baker.
[92mTransaction 'a24fa5cf1ba5ae39d7333026fa3f785ffca02e34077e9c4bce13dd67d65ae90d' sent to the baker.
[92mTransaction 'd5c80e89745d175c933bc1f726b7fbe0bc5c226a8246b6942bbad934b21f205c' sent to the baker.
[92mTransaction '9b4ce99be3d6fb72c433c74893bd1ecee37c18d854a0985ffb0975f5d66e0ad6' sent to the baker.
[92mTransaction 'e5168ca1fce164d80b69f5c864bfdc82ac2ecda31887e68eacde3b821ed27fea' sent to the baker.
[92mTransaction '62d923fec8e3466357de03cf83a74e24fb33aa449529aafa40d65f1e748cd1a3' sent to the baker.
[92mTransaction '41c36b340319c0cf8daeaf9124e2138fbe258abaa73ccc30ac753a16dbed5127' sent to the baker.
[92mTransaction '3828e8ce461a7914ffaadfaee2812ab658ff6121b2b295a3606f5b6babf9f748' sent to the baker.
[92mTransaction '85dd645558c222ce10ae1d0e43849b151480d52863fd44bce8e54d7f0bbb0315' sent to the baker.
[92mTransaction 'be0e0df60736df0a70597d7e596334d343199309639c7333275e85b423a83113' sent to the baker.
[92mTransaction '54600a6147976b7eefd81184f974c684cab5ce2e773746c1f4ef6d99b2b390d1' sent to the baker.
[92mTransaction '19034a2643b74a3748ab914c1490d00d27d17d9558ad8ac35ce4f5220de0d7f9' sent to the baker.
[92mTransaction '6cd3f8f4489e4c4f63f425aae619a2a55a1104a0e027a8386fde57f7951783c3' sent to the baker.
[92mTransaction '3a166dccd78c1dc68d46413689598916e131413f7ee4ef0a941745c6b2a2b62b' sent to the baker.
[92mTransaction '872cb3f7ee6a1dd3d1708b317cfd3e41e4921063f392ef94d639ebb2244ac4ea' sent to the baker.
[92mTransaction '5001118807525147e203eb50899180f6986e0f446b2f146c45b0840646aa5249' sent to the baker.
[92mTransaction '35bcd55d4f741702a31d577ea105f4ebae53332b6afc8e11b30f8fb75a324786' sent to the baker.
[92mTransaction '7889779c50f52a59d660ab3c44294ef7aba1161b45575257654a5e04d9e98707' sent to the baker.
[92mTransaction '8b4ec05988288ae04176357e782e766664698d9b455c81decaf7db7ca61f0aa1' sent to the baker.
[92mTransaction 'b1ca93c05c61667286dfe2095881d68a5def98cb972a19b11f8d64e9b2647445' sent to the baker.
[92mTransaction 'ea52bf680a1e30f410911e3a30d434ce9515ab00d19262a1aa85cad33c5abb8e' sent to the baker.
[92mTransaction '32f5b1f0cb1ae25d5e479164ad3985d53b2f9193a6105f96963c30e70f15a905' sent to the baker.
[92mTransaction 'a68b38e8f768dfc4d190b9bd3153a43f4098120763f8ddd1437068278a391153' sent to the baker.
[92mTransaction 'f3f4162e6816e54e6c740836f260a70c809f15ae4423df9cdf207cebb2716973' sent to the baker.
[92mTransaction 'daff3f22a431aed12ddd7408dd2543a0d9c194ffc580599c3211edc6f1094fd3' sent to the baker.
[92mTransaction '1494f4236919de0e537ca72076be0481c5fc5e5014d345aa11a01218b4277dcd' sent to the baker.
[92mTransaction '1698af6e3d26755acc8260f14143d8d7cee22a2509e8405f7f6e519ae515c7b2' sent to the baker.
Sat Nov  7 10:10:01 UTC 2020
[92mTransaction 'dba6258b0884b57cc0c9df59d6432216682619c4b18abc81aae5a897b975c9a0' sent to the baker.
[92mTransaction '52535a778946012e4ae75953cf1d7914baa1ff126dc76a8731d4d9d24cf6e5b2' sent to the baker.
[92mTransaction '5fdd27237af432ff0504c17c2d22dbdb81fed53b76e61a72e93256c01767e4f7' sent to the baker.
[92mTransaction '77ead9cc9d82c6e3fd4d1d81db54ff8ed5073f9a9143ac744569468a4558618f' sent to the baker.
[92mTransaction '18bf4b74c3161397c945aeb5e54dbf29d4c717be8bf17d30a76c9a6dd0491ac8' sent to the baker.
[92mTransaction '605e29db7bdc387cc1b143eeda0d773c3c06ee01d33961575ab80aa7f6718b30' sent to the baker.
[92mTransaction '86e25e36158ffa32ba95e8ed851c7613873790094217a44f0be793ce5a0754d1' sent to the baker.
[92mTransaction 'e732b5e506b597143429b60f02b203fd75b4f3ab4574ff9e7665961e0ff98afd' sent to the baker.
[92mTransaction '14a0883089366c6587122cae0e363ce0efb428cecd488aacfacd8ca8c2824460' sent to the baker.
[92mTransaction '71f4b0fe7949d314f9d4a07f4245bf9ddc4442d74712ce310e4801efbfce7d4e' sent to the baker.
[92mTransaction '718144695008c6458b4984fd07ee6d9abe6903cb8bcd6ff75d8cf3ef00d918b9' sent to the baker.
Sat Nov  7 12:10:01 UTC 2020
[92mTransaction 'dba6258b0884b57cc0c9df59d6432216682619c4b18abc81aae5a897b975c9a0' sent to the baker.
[92mTransaction '52535a778946012e4ae75953cf1d7914baa1ff126dc76a8731d4d9d24cf6e5b2' sent to the baker.
[92mTransaction '5fdd27237af432ff0504c17c2d22dbdb81fed53b76e61a72e93256c01767e4f7' sent to the baker.
[92mTransaction '77ead9cc9d82c6e3fd4d1d81db54ff8ed5073f9a9143ac744569468a4558618f' sent to the baker.
[92mTransaction '18bf4b74c3161397c945aeb5e54dbf29d4c717be8bf17d30a76c9a6dd0491ac8' sent to the baker.
[92mTransaction '605e29db7bdc387cc1b143eeda0d773c3c06ee01d33961575ab80aa7f6718b30' sent to the baker.
[92mTransaction '86e25e36158ffa32ba95e8ed851c7613873790094217a44f0be793ce5a0754d1' sent to the baker.
[92mTransaction 'e732b5e506b597143429b60f02b203fd75b4f3ab4574ff9e7665961e0ff98afd' sent to the baker.
[92mTransaction '14a0883089366c6587122cae0e363ce0efb428cecd488aacfacd8ca8c2824460' sent to the baker.
[92mTransaction '71f4b0fe7949d314f9d4a07f4245bf9ddc4442d74712ce310e4801efbfce7d4e' sent to the baker.
[92mTransaction '718144695008c6458b4984fd07ee6d9abe6903cb8bcd6ff75d8cf3ef00d918b9' sent to the baker.
[92mTransaction 'b2fc5bcf150c56ccf4ad81c40c3cf187e9c14c3a527108b79fea5504ef6dc122' sent to the baker.
[92mTransaction '086c0501ee1ae2e76a8f08473a0eb2b6a7fdb11009c8a2fc44da4ea46dabdd41' sent to the baker.
[92mTransaction 'f394eb601a89aea44e662afc40ac1a90e5797489441279d2b20ff524ce51005f' sent to the baker.
[92mTransaction '0b6fb51298381b8b1cbe2df6c3b8c9f570493117662c2d36dddd366b29b61172' sent to the baker.
[92mTransaction '65d4cbd2f5a240180b31d7e1d15fd6d41cdf39d78545c2e8a9f0d9d1613c9814' sent to the baker.
[92mTransaction '175de8758bbabe978348218df7983cfc8e09296b3664544ae5f52fb7ef108e0d' sent to the baker.
[92mTransaction '890838e4d89d2bca9d864063d3ed3e816dd0aa5a59b14da2448909c90ff86365' sent to the baker.
[92mTransaction '5f8bd1e1f913a7f5412a0e2ae31e43abf1d119856925a284b2ebae2aeb76969a' sent to the baker.
[92mTransaction 'a5eeb64042f5530a46832f5bc4ea2927226180a53cd5969479c08bddf2d8a5b8' sent to the baker.
[92mTransaction 'fd89371fee71d2b21411aef33ec64798ffd0eeb43954eca4a25b72f3fc1b5937' sent to the baker.
[92mTransaction 'aace9897d9a9b334d0d01835bc2cd7effff87573a348a0cefd852502cead7e8b' sent to the baker.
Sat Nov  7 17:10:01 UTC 2020
[92mTransaction 'dba6258b0884b57cc0c9df59d6432216682619c4b18abc81aae5a897b975c9a0' sent to the baker.
[92mTransaction '52535a778946012e4ae75953cf1d7914baa1ff126dc76a8731d4d9d24cf6e5b2' sent to the baker.
[92mTransaction '5fdd27237af432ff0504c17c2d22dbdb81fed53b76e61a72e93256c01767e4f7' sent to the baker.
[92mTransaction '77ead9cc9d82c6e3fd4d1d81db54ff8ed5073f9a9143ac744569468a4558618f' sent to the baker.
[92mTransaction '18bf4b74c3161397c945aeb5e54dbf29d4c717be8bf17d30a76c9a6dd0491ac8' sent to the baker.
[92mTransaction '605e29db7bdc387cc1b143eeda0d773c3c06ee01d33961575ab80aa7f6718b30' sent to the baker.
[92mTransaction '86e25e36158ffa32ba95e8ed851c7613873790094217a44f0be793ce5a0754d1' sent to the baker.
[92mTransaction 'e732b5e506b597143429b60f02b203fd75b4f3ab4574ff9e7665961e0ff98afd' sent to the baker.
[92mTransaction '14a0883089366c6587122cae0e363ce0efb428cecd488aacfacd8ca8c2824460' sent to the baker.
[92mTransaction '71f4b0fe7949d314f9d4a07f4245bf9ddc4442d74712ce310e4801efbfce7d4e' sent to the baker.
[92mTransaction '718144695008c6458b4984fd07ee6d9abe6903cb8bcd6ff75d8cf3ef00d918b9' sent to the baker.
[92mTransaction 'b2fc5bcf150c56ccf4ad81c40c3cf187e9c14c3a527108b79fea5504ef6dc122' sent to the baker.
[92mTransaction '086c0501ee1ae2e76a8f08473a0eb2b6a7fdb11009c8a2fc44da4ea46dabdd41' sent to the baker.
[92mTransaction 'f394eb601a89aea44e662afc40ac1a90e5797489441279d2b20ff524ce51005f' sent to the baker.
[92mTransaction '0b6fb51298381b8b1cbe2df6c3b8c9f570493117662c2d36dddd366b29b61172' sent to the baker.
[92mTransaction '65d4cbd2f5a240180b31d7e1d15fd6d41cdf39d78545c2e8a9f0d9d1613c9814' sent to the baker.
[92mTransaction '175de8758bbabe978348218df7983cfc8e09296b3664544ae5f52fb7ef108e0d' sent to the baker.
[92mTransaction '890838e4d89d2bca9d864063d3ed3e816dd0aa5a59b14da2448909c90ff86365' sent to the baker.
[92mTransaction '5f8bd1e1f913a7f5412a0e2ae31e43abf1d119856925a284b2ebae2aeb76969a' sent to the baker.
[92mTransaction 'a5eeb64042f5530a46832f5bc4ea2927226180a53cd5969479c08bddf2d8a5b8' sent to the baker.
[92mTransaction 'fd89371fee71d2b21411aef33ec64798ffd0eeb43954eca4a25b72f3fc1b5937' sent to the baker.
[92mTransaction 'aace9897d9a9b334d0d01835bc2cd7effff87573a348a0cefd852502cead7e8b' sent to the baker.
[92mTransaction '3c8b3523aa0da246f7ecab13a9dfd335bcea729635347b5740ff476351f2db8c' sent to the baker.
[92mTransaction '770c38033a728ba0e2cca4c04f61ed6160be2e845dfdfae58b2f5e3adf2dd9ad' sent to the baker.
[92mTransaction '35173a1018967d5fb670bfd2c00189584265b3a4499d8d793f2a50acf9294cfd' sent to the baker.
[92mTransaction 'ade4a34ee90e971e28a4d05a762ee8b5a885c04b75e0fad93d97d74bef90d333' sent to the baker.
[92mTransaction '2a02efc249a3932c2442f25dccc0674673c2a7cf422f1117a4557750b6ab50cd' sent to the baker.
[92mTransaction '850b8626695676f28747f65e1af11afeba3a8862065d42c2b47ac38d5d20ec98' sent to the baker.
[92mTransaction 'd1a900bb4709d34274b87df6dd837ff82f8b58b8164783a47c30000dc622d5ea' sent to the baker.
[92mTransaction 'df29e8884e89ccc84e237050572c2a5dbfc9a3b6457c14cff423c88bc6bf1f9d' sent to the baker.
[92mTransaction '355a774d83598263565447b17cf38907a8c328b5998bb5d0bafe0f26a2b4b8b2' sent to the baker.
[92mTransaction '060ed11c9965236747851b817175c08cad22916ba13f4a7e80ef2647376c6bf7' sent to the baker.
[92mTransaction 'aaf35fb9556c9344b0d96862ff5c4464f2d29096fb00d8fe3de0e7b1c52e4130' sent to the baker.

Sun Nov  8 10:10:01 UTC 2020
[92mTransaction 'f1d4c2484127ab4198575496f0281d61dbf880f13caa4a0dca01ec6b978f3db5' sent to the baker.
[92mTransaction '6f157642b242a50266264d3273f7fe828a8a3b851f776d8e06c5950bba93b28a' sent to the baker.
[92mTransaction '3c52803c44ad9573e35412b72b037a98e436bf9fde9c5cd9579ea59ce1a2f3ac' sent to the baker.
[92mTransaction 'c932fd66f26ba931da1499a3ff753db3ed8c900f0abb5582631ccf464428dce1' sent to the baker.
[92mTransaction '6ad56f6c77bbda9473fa3fc4c517d67056e2ef9709d92e91b536e9f1656270af' sent to the baker.
[92mTransaction 'c119a4d02507a66eda8d0371d9c7fdb644f344efc59c245ae142ef9905cfa411' sent to the baker.
[92mTransaction 'bd2e22c7b8ef283e1e1cf804a32c1d23b160f3b53901bab48e35c0dfa67643ed' sent to the baker.
[92mTransaction '0eeda79dc052fea13b4fed247720f3c0caa594125d5d84f52f153ef9c6e1f337' sent to the baker.
[92mTransaction '1a03a03662356b028f0014eb43cbad117a5b16ff4d868f737f2599d3b52c5daa' sent to the baker.
[92mTransaction '8fa8f799432d791e173511e8894ff5afe7bb3a02d502e445485f1f65c6f7d7d8' sent to the baker.
[92mTransaction 'a6977a2ac6a3719c828ae050d22c694a28c8e32d34c4c5e8f9d51a60bedb414e' sent to the baker.
Sun Nov  8 12:10:01 UTC 2020
[92mTransaction 'f1d4c2484127ab4198575496f0281d61dbf880f13caa4a0dca01ec6b978f3db5' sent to the baker.
[92mTransaction '6f157642b242a50266264d3273f7fe828a8a3b851f776d8e06c5950bba93b28a' sent to the baker.
[92mTransaction '3c52803c44ad9573e35412b72b037a98e436bf9fde9c5cd9579ea59ce1a2f3ac' sent to the baker.
[92mTransaction 'c932fd66f26ba931da1499a3ff753db3ed8c900f0abb5582631ccf464428dce1' sent to the baker.
[92mTransaction '6ad56f6c77bbda9473fa3fc4c517d67056e2ef9709d92e91b536e9f1656270af' sent to the baker.
[92mTransaction 'c119a4d02507a66eda8d0371d9c7fdb644f344efc59c245ae142ef9905cfa411' sent to the baker.
[92mTransaction 'bd2e22c7b8ef283e1e1cf804a32c1d23b160f3b53901bab48e35c0dfa67643ed' sent to the baker.
[92mTransaction '0eeda79dc052fea13b4fed247720f3c0caa594125d5d84f52f153ef9c6e1f337' sent to the baker.
[92mTransaction '1a03a03662356b028f0014eb43cbad117a5b16ff4d868f737f2599d3b52c5daa' sent to the baker.
[92mTransaction '8fa8f799432d791e173511e8894ff5afe7bb3a02d502e445485f1f65c6f7d7d8' sent to the baker.
[92mTransaction 'a6977a2ac6a3719c828ae050d22c694a28c8e32d34c4c5e8f9d51a60bedb414e' sent to the baker.
[92mTransaction 'a19478d6294eb7a478169bc19a9c6c21541fd153362a7911685876e557312bb1' sent to the baker.
[92mTransaction '0e640108104dcfbbe0b5d2604f34d489cdc5104fb7d7f6ea66a51c600b86d936' sent to the baker.
[92mTransaction '2b12963acdd0fd105e3e902fc959035400947df55f2cb5b26ef315aad06c25f0' sent to the baker.
[92mTransaction 'a45feafaa04b6476a1fd06949ddd8cf6fbfd95838071c43018737dda5ee3d6f8' sent to the baker.
[92mTransaction '85d37227534f4d5f8c62a09e1ac1da062ee0f6a2c05827adbbe470ef165e4810' sent to the baker.
[92mTransaction 'e647847cf879648e1af0044379cb2486d3eece1559d9c97d26befcdd052518c3' sent to the baker.
[92mTransaction 'f4b5cf471437e22666704821fe2dc328a2c3c71334a3f6d5b6da2d80624e0efb' sent to the baker.
[92mTransaction '04e3d0384822f9c46c6194ed60bfeaffec3224ca004f990dfe2d800b8c20f963' sent to the baker.
[92mTransaction '02a989977603859aca676b11804801ff822dd11f886f23a306a84e7949888300' sent to the baker.
[92mTransaction '5948ea0e970110a62fff168d97f47e2fed4d775499a191815083c85a31add2bd' sent to the baker.
[92mTransaction 'fabdc6d0e52e443d926d171edfb6810d91c2780e60efc73a18f70f27950a7b70' sent to the baker.
Sun Nov  8 17:10:01 UTC 2020
[92mTransaction 'f1d4c2484127ab4198575496f0281d61dbf880f13caa4a0dca01ec6b978f3db5' sent to the baker.
[92mTransaction '6f157642b242a50266264d3273f7fe828a8a3b851f776d8e06c5950bba93b28a' sent to the baker.
[92mTransaction '3c52803c44ad9573e35412b72b037a98e436bf9fde9c5cd9579ea59ce1a2f3ac' sent to the baker.
[92mTransaction 'c932fd66f26ba931da1499a3ff753db3ed8c900f0abb5582631ccf464428dce1' sent to the baker.
[92mTransaction '6ad56f6c77bbda9473fa3fc4c517d67056e2ef9709d92e91b536e9f1656270af' sent to the baker.
[92mTransaction 'c119a4d02507a66eda8d0371d9c7fdb644f344efc59c245ae142ef9905cfa411' sent to the baker.
[92mTransaction 'bd2e22c7b8ef283e1e1cf804a32c1d23b160f3b53901bab48e35c0dfa67643ed' sent to the baker.
[92mTransaction '0eeda79dc052fea13b4fed247720f3c0caa594125d5d84f52f153ef9c6e1f337' sent to the baker.
[92mTransaction '1a03a03662356b028f0014eb43cbad117a5b16ff4d868f737f2599d3b52c5daa' sent to the baker.
[92mTransaction '8fa8f799432d791e173511e8894ff5afe7bb3a02d502e445485f1f65c6f7d7d8' sent to the baker.
[92mTransaction 'a6977a2ac6a3719c828ae050d22c694a28c8e32d34c4c5e8f9d51a60bedb414e' sent to the baker.
[92mTransaction 'a19478d6294eb7a478169bc19a9c6c21541fd153362a7911685876e557312bb1' sent to the baker.
[92mTransaction '0e640108104dcfbbe0b5d2604f34d489cdc5104fb7d7f6ea66a51c600b86d936' sent to the baker.
[92mTransaction '2b12963acdd0fd105e3e902fc959035400947df55f2cb5b26ef315aad06c25f0' sent to the baker.
[92mTransaction 'a45feafaa04b6476a1fd06949ddd8cf6fbfd95838071c43018737dda5ee3d6f8' sent to the baker.
[92mTransaction '85d37227534f4d5f8c62a09e1ac1da062ee0f6a2c05827adbbe470ef165e4810' sent to the baker.
[92mTransaction 'e647847cf879648e1af0044379cb2486d3eece1559d9c97d26befcdd052518c3' sent to the baker.
[92mTransaction 'f4b5cf471437e22666704821fe2dc328a2c3c71334a3f6d5b6da2d80624e0efb' sent to the baker.
[92mTransaction '04e3d0384822f9c46c6194ed60bfeaffec3224ca004f990dfe2d800b8c20f963' sent to the baker.
[92mTransaction '02a989977603859aca676b11804801ff822dd11f886f23a306a84e7949888300' sent to the baker.
[92mTransaction '5948ea0e970110a62fff168d97f47e2fed4d775499a191815083c85a31add2bd' sent to the baker.
[92mTransaction 'fabdc6d0e52e443d926d171edfb6810d91c2780e60efc73a18f70f27950a7b70' sent to the baker.
[92mTransaction 'b32c9e93c9384bca21bc8b62919e462b7446b01f3c48c018383b01ae0bc62afb' sent to the baker.
[92mTransaction 'f7b8c1afe0a8f17f3167c27d1bd15c92661b96360c08ec77f0c8e31c8c9f0270' sent to the baker.
[92mTransaction '72934f5967e111be12c64d5915ca7d22919398dd8d7bdd1e5258e9fc29a8e27c' sent to the baker.
[92mTransaction '8f1c75773f4ee73ed57a1d18a4455baaa7c20c39f47d4f527cbd93d030420b42' sent to the baker.
[92mTransaction '22d679fa4a1d3b3b3ef816fd97349812c807cec042f00b882adf8167d5a342a7' sent to the baker.
[92mTransaction '08b3739ea1f33cbe5968373a4aa7d3affbdab2ef4a66b882ca60a9672e538fec' sent to the baker.
[92mTransaction 'd57baf8e4ee6137ba18e1cf5a46d3a113ba1915f344c3fb7ec4067e1cb7c843d' sent to the baker.
[92mTransaction '6548606be0aaeb21a70d0c8a1a9b843cbe801fbd3912440577be776c384a4c09' sent to the baker.
[92mTransaction '957c9e89920ddc694c18184f6cdf550bbbb5ad1b447ef1ec5268bd8293b72970' sent to the baker.
[92mTransaction 'e40b9e1efa6fb8eb971750273416d45e39cdf89a3e9628a7cd1c14cc2918579e' sent to the baker.
[92mTransaction '69184d9bbe17cfbaaaf3ec253803404171d5a52a53a2aafa924bb97aeac71ef3' sent to the baker.






