Andrius@Andriuss-MacBook-Pro concordium-software % ./concordium-client config account import export.concordiumwallet            
Enter encryption password: 
Loaded account(s):
- 3d53KkeRAQytjkaWaWm6bywAjDGLW44H1vXeqJLZtNqeoEE4VT ("Acc android").
All signing keys have been encrypted with the password used for this import.
Adding account 3d53KkeRAQytjkaWaWm6bywAjDGLW44H1vXeqJLZtNqeoEE4VT with name 'Acc android'.
Creating directory '/var/lib/concordium/config/accounts/3d53KkeRAQytjkaWaWm6bywAjDGLW44H1vXeqJLZtNqeoEE4VT'.
Created key directory.
Writing file '/var/lib/concordium/config/accounts/names.map'.
Added name mapping.
The keys were successfully written to disk.
Andrius@Andriuss-MacBook-Pro concordium-software % ./concordium-client config show                                              
Base configuration:
- Verbose:            no
- Account config dir: /var/lib/concordium/config/accounts
- Account name map:
    Acc android -> 3d53KkeRAQytjkaWaWm6bywAjDGLW44H1vXeqJLZtNqeoEE4VT
    Antras -> 3ChifyK369cRTiSFUUxMvBYzbyCH3TAYPGpkjYybQ24ib29V3B
    Darius account -> 4goBpDc8LLkPWA6i6keUpURJdEDQsXWm9i6kVjaAD4WzeRs6gk
    Darius second -> 3uB3ewjunCN1qSzTa87XscVsgtzfwGHNirYuaKBw76iaYG8BzQ
    Ketvirtas -> 3QfVc4W8FmpCY1GvBfoZfGG4rcrYQgEdz1zTv6WeK4MUbwt8yJ
    Pagrindinis -> 45bfqjei4fQa981qLji1mxdvi8AMi7nKTqs5VuHAJsqaTdKkUU
    Papildymas -> 3xf4BScLznQieKQpv95DcvKZdKNSySi9LPRB2CR57yeWL81f4M
    Papildymas 1 -> 4b7SHwx5wxSQ9FxLeV6KirexgedDcxp327SEbi2LHavUAL1cj2
    Papildymas 2 -> 4PM76UDtGQkKQfxePn2XKZ62rYFJ7QqQwBe4QAewqKcU8sDoQn
    Tikras antras -> 4KYWymfuk4yHAMJ4E6nTvtfSkPSNWwHbRECgoai3GSugrsgKsw
    Tikras pirmas -> 2xUiE9JmG5UWstRsh6gsbPUpjPr1UKLtTtLFW5bMxRB4CWDtEc
    Tomas -> 3KZUSLnbzxtGzmQ8jS6DDUmaBYftGNENbBZdioa8QrtNbsF6F5
    Tomas second -> 3dfPk4jgjNE74DBbZSB23e5Wp7JxdxUoRXLA4SKKoapPAQFLPW
    Trecias -> 3SNnikEzaVW3n6sA3m6KLJ6K8rEkbfnitR86aRVt9RdLvKzbeH

Account keys:
- '2xUiE9JmG5UWstRsh6gsbPUpjPr1UKLtTtLFW5bMxRB4CWDtEc' (Tikras pirmas):
{
    "0": {
        "encryptedSignKey": {
            "metadata": {
                "encryptionMethod": "AES-256",
                "iterations": 100000,
                "salt": "QLFwHkn2Of3S2whUHt1/wQ==",
                "initializationVector": "8Mb3CNR87WO9oJP1ycbhDQ==",
                "keyDerivationMethod": "PBKDF2WithHmacSHA256"
            },
            "cipherText": "szGkS2KPURbX5Dc216qHDh33tHb8R5HPd77S2ebRpqST7oNIOGZ7IjqR8D/1Y2ZosClJE0VwHJvIpVKen4B5z3x2RvIyMgZcoRGg3TOFBEU="
        },
        "verifyKey": "6a6c1ec9479e3ce8199929c1ccc4c05de7f966a5f6145597e1fd9adb4f6d0711",
        "schemeId": "Ed25519"
    }
}
- '3ChifyK369cRTiSFUUxMvBYzbyCH3TAYPGpkjYybQ24ib29V3B' (Antras):
{
    "0": {
        "encryptedSignKey": {
            "metadata": {
                "encryptionMethod": "AES-256",
                "iterations": 100000,
                "salt": "eqWMF8QJRUsvv2iXlgcH8g==",
                "initializationVector": "QtK+7aXhlBECbvfoJFfRYA==",
                "keyDerivationMethod": "PBKDF2WithHmacSHA256"
            },
            "cipherText": "a0tyI5lar6ZqisPSgfI9Aj6bpQ6sBaC7nbkSBYqzg2I6hszu4ZeUisaeeNuwOighcx6sEUHyAc+3x1fZrhKNHYp5lbI4vyiPcqkL7RzkG5g="
        },
        "verifyKey": "8f8ce1179346bd31f66f4bb7eadc7809273205249b655c073edb1777c698c717",
        "schemeId": "Ed25519"
    }
}
- '3KZUSLnbzxtGzmQ8jS6DDUmaBYftGNENbBZdioa8QrtNbsF6F5' (Tomas):
{
    "0": {
        "encryptedSignKey": {
            "metadata": {
                "encryptionMethod": "AES-256",
                "iterations": 100000,
                "salt": "t+qYWO2FPSrrYqEeJDbtAg==",
                "initializationVector": "LV3xOb92o/HSpDhDobmHsg==",
                "keyDerivationMethod": "PBKDF2WithHmacSHA256"
            },
            "cipherText": "MAeQ5mEqpVrd56OYj+u1z+SgzLZK9RXBdrf1J6Zu8FKpQQD8hBJ02dhnS6EWQZqAnJV0DsXpUqQwYWKYE4bb86BBU1JycyfEDK6LJk0JnWk="
        },
        "verifyKey": "06f4d213f240b49f89467c62d918ae28155c037b66fa002b26f1ba9e0cea22ef",
        "schemeId": "Ed25519"
    }
}
- '3QfVc4W8FmpCY1GvBfoZfGG4rcrYQgEdz1zTv6WeK4MUbwt8yJ' (Ketvirtas):
{
    "0": {
        "encryptedSignKey": {
            "metadata": {
                "encryptionMethod": "AES-256",
                "iterations": 100000,
                "salt": "CWAB6C+4wGDBXGRANFTgag==",
                "initializationVector": "k38VZXjb1ELo7GAsUPOGNA==",
                "keyDerivationMethod": "PBKDF2WithHmacSHA256"
            },
            "cipherText": "Ic9YIfdehyxLGrY4Y51t/eY6vNULXOZJ+tYeMPl09QlmbSz1E/Vhyzy/Ui8UmdThUYjIMv6JT5dyfUTRIbf1XI70J4/zeUCHVAucopK4qOo="
        },
        "verifyKey": "ae32f7f949f50eaae680f81f8aecdc97ac498f400286f033d9e0bbfa1aa5b44d",
        "schemeId": "Ed25519"
    }
}
- '3SNnikEzaVW3n6sA3m6KLJ6K8rEkbfnitR86aRVt9RdLvKzbeH' (Trecias):
{
    "0": {
        "encryptedSignKey": {
            "metadata": {
                "encryptionMethod": "AES-256",
                "iterations": 100000,
                "salt": "DKora2BNHxSdnvru6feORw==",
                "initializationVector": "px5/8uiPVLNZj1//x3mePQ==",
                "keyDerivationMethod": "PBKDF2WithHmacSHA256"
            },
            "cipherText": "Solaa7Coi7pTAjVCPyDNvKYhnHXpGHqcvZkUwNAOuHfynwsIzKUCCwFLPJ+GvNe+qOoofLINNukDEmwR9/N4CftYu12z+m0nuUOLzMEbB08="
        },
        "verifyKey": "5d33731330878216cebbde6269aa5038e3fcbc2d36c5e23a894a45183fa1287b",
        "schemeId": "Ed25519"
    }
}
- '3d53KkeRAQytjkaWaWm6bywAjDGLW44H1vXeqJLZtNqeoEE4VT' (Acc android):
{
    "0": {
        "encryptedSignKey": {
            "metadata": {
                "encryptionMethod": "AES-256",
                "iterations": 100000,
                "salt": "E8N3TvAL+Hvocf82HzrSoA==",
                "initializationVector": "ZvqpkxkdccT+7IZu+ISlkg==",
                "keyDerivationMethod": "PBKDF2WithHmacSHA256"
            },
            "cipherText": "F8U76Edwbr3sUta65q6wNrEgycHO2M2hCsMzyYK8m//HhNm+l2MHeqPXvHEbMJc/V2TZBM/0ZDJdUOC9ifDnBkLKzaKYVuiIpblZ77NDt3U="
        },
        "verifyKey": "18b9201b4059c06a594a8cdb62196bfe532c475a195d09ff42c128fdd311e5ce",
        "schemeId": "Ed25519"
    }
}
- '3dfPk4jgjNE74DBbZSB23e5Wp7JxdxUoRXLA4SKKoapPAQFLPW' (Tomas second):
{
    "0": {
        "encryptedSignKey": {
            "metadata": {
                "encryptionMethod": "AES-256",
                "iterations": 100000,
                "salt": "jSqRg5TRiOXUzZKmkRQSDw==",
                "initializationVector": "/HfTfMkEFvE5EMy2LE7i3w==",
                "keyDerivationMethod": "PBKDF2WithHmacSHA256"
            },
            "cipherText": "0jSI8Cpicen0vtNMs9EgbKostXVlMRL8omQ0/r0S7M4IWw2neMF54M8TAmG3bd4lkLCT7w7y00LtQQZxGH0d0+7E4TQPMiQ+YAiI1PtjcSA="
        },
        "verifyKey": "2c74ba3e50724dc3bc10c5761262c84e513edcf543476cbb1f5a226bffd3bcc4",
        "schemeId": "Ed25519"
    }
}
- '3uB3ewjunCN1qSzTa87XscVsgtzfwGHNirYuaKBw76iaYG8BzQ' (Darius second):
{
    "0": {
        "encryptedSignKey": {
            "metadata": {
                "encryptionMethod": "AES-256",
                "iterations": 100000,
                "salt": "VtonBm2xNP5yB58rx25Vuw==",
                "initializationVector": "Boi7YFFZImTR8wDHz5KM9A==",
                "keyDerivationMethod": "PBKDF2WithHmacSHA256"
            },
            "cipherText": "u29thwV80Ve57xfHYD2Lif69A8rA1cEbqQUf4n5KaMo4h6fREb+5H0acO7vhF9fpUE/gLokhhsvXAg3wHXrPpEvKumAxFldARec+reYd9jc="
        },
        "verifyKey": "58a1ddcf2a12a0bd3b737735dab4488c69bf68fa7a168105dbc6df7451db7c3a",
        "schemeId": "Ed25519"
    }
}
- '3xf4BScLznQieKQpv95DcvKZdKNSySi9LPRB2CR57yeWL81f4M' (Papildymas):
{
    "0": {
        "encryptedSignKey": {
            "metadata": {
                "encryptionMethod": "AES-256",
                "iterations": 100000,
                "salt": "oTTBlKntTQyjV4yylOJ1Mg==",
                "initializationVector": "I9IAIVHaOoCv6k/aIUnsAA==",
                "keyDerivationMethod": "PBKDF2WithHmacSHA256"
            },
            "cipherText": "MJ3jmQMVkWMW5+9dr5V3c4t9SD8R0AWgctB90JnTtmpO9sMy64J4aPEuUmr1v0VWrxtipSTfxljRAheZ+LNN0z1+rVMjQBdpvB7xWWZyGrQ="
        },
        "verifyKey": "404e8b726cfdc4c45aa4eae74eedbed61e7eda20070d2423581ccc16e3306273",
        "schemeId": "Ed25519"
    }
}
- '45bfqjei4fQa981qLji1mxdvi8AMi7nKTqs5VuHAJsqaTdKkUU' (Pagrindinis):
{
    "0": {
        "encryptedSignKey": {
            "metadata": {
                "encryptionMethod": "AES-256",
                "iterations": 100000,
                "salt": "Jxb0K9SsYG2gLS4GlZ9VZw==",
                "initializationVector": "Iio8Il+reGFjhHOyCFX+1Q==",
                "keyDerivationMethod": "PBKDF2WithHmacSHA256"
            },
            "cipherText": "gIW4FkQ+2oUN/UBS3bF8Dk6CQVQ9WEORcuRSd+b6aUiKEeoXXJY1zOu6oye8cIszRZjOxQJC/UTEVnv24bVsgdoeOco4vm2ArMzmkjjN4No="
        },
        "verifyKey": "86383bbc365c90448e3207cbac084141dfe597ad9b634a93f4040a749cfd34e1",
        "schemeId": "Ed25519"
    }
}
- '4KYWymfuk4yHAMJ4E6nTvtfSkPSNWwHbRECgoai3GSugrsgKsw' (Tikras antras):
{
    "0": {
        "encryptedSignKey": {
            "metadata": {
                "encryptionMethod": "AES-256",
                "iterations": 100000,
                "salt": "0dRgK0f+p/hCN43M31+dxg==",
                "initializationVector": "Jx4S/LNY3ULZ35QOAIrEeA==",
                "keyDerivationMethod": "PBKDF2WithHmacSHA256"
            },
            "cipherText": "7J3JN0BGnJEjaKsEumzwzJreilu7o9a0a2ITjfORD2Ch2xfhLkDKXFX945EC14TQSOSYSQdLrZhQ9fLjssQSCLzrh578JdvM+TZaw4TAVqQ="
        },
        "verifyKey": "511a1fd5299e71d95cc4adea89b74b0a0ab4eee8f713df3867e442fd16954fc8",
        "schemeId": "Ed25519"
    }
}
- '4PM76UDtGQkKQfxePn2XKZ62rYFJ7QqQwBe4QAewqKcU8sDoQn' (Papildymas 2):
{
    "0": {
        "encryptedSignKey": {
            "metadata": {
                "encryptionMethod": "AES-256",
                "iterations": 100000,
                "salt": "QPhEU2Xzz7tKhz6xfz0Big==",
                "initializationVector": "DHKkNKR+hv+EtgoMpaKDkA==",
                "keyDerivationMethod": "PBKDF2WithHmacSHA256"
            },
            "cipherText": "9iHD8ogJiDOJXW96PSbgOkn2lNOmqXrQdP5xyaS4/KnHoPzns0Uc5Ezxd7+8pm/yDIaSK9VMvImVrcRn48r+Z7gnLxszQRx5OhWPB+VGOqE="
        },
        "verifyKey": "75ea2c54bdba84bc8f60db961a880ef8cce4a542870300ed548570641166368d",
        "schemeId": "Ed25519"
    }
}
- '4b7SHwx5wxSQ9FxLeV6KirexgedDcxp327SEbi2LHavUAL1cj2' (Papildymas 1):
{
    "0": {
        "encryptedSignKey": {
            "metadata": {
                "encryptionMethod": "AES-256",
                "iterations": 100000,
                "salt": "BfGytx+U3jvpeljjBmCEPg==",
                "initializationVector": "bwp1ThgEr9x2bigccrJqzQ==",
                "keyDerivationMethod": "PBKDF2WithHmacSHA256"
            },
            "cipherText": "6ZvpA0fAi4OeJD5ETyqeG/shR4cjHULSPyITCM17PMk4tn7dgUVxkjZm5ANWwDQVDvUdPGqXfXrfCmbvxRMnehR9netSypqq0+ENFUJJ5fY="
        },
        "verifyKey": "003389cf39e3f66f4e948103f0c453e094fd62b4cf8894ecf2bf80120cf6d135",
        "schemeId": "Ed25519"
    }
}
- '4goBpDc8LLkPWA6i6keUpURJdEDQsXWm9i6kVjaAD4WzeRs6gk' (Darius account):
{
    "0": {
        "encryptedSignKey": {
            "metadata": {
                "encryptionMethod": "AES-256",
                "iterations": 100000,
                "salt": "qFWsRxY+pFOfeCAc+lydYg==",
                "initializationVector": "HH2kIiUm2a660UDVKSog4g==",
                "keyDerivationMethod": "PBKDF2WithHmacSHA256"
            },
            "cipherText": "dsgckJ6tcm+fgGc7kpsHVgUf+dk+M8XDg9Cqmi5mOI0RQSSnp750rgmLnr0Y4X1s6vujlUeUw5mPXuU+0YETX0CZVqrIyXOgbklN3PhFlFc="
        },
        "verifyKey": "a08c81ea53b9f124fe77d00880d004b77b128f67d4ca378d7798f81df31fbd61",
        "schemeId": "Ed25519"
    }
}
Encryption secret keys:
- '2xUiE9JmG5UWstRsh6gsbPUpjPr1UKLtTtLFW5bMxRB4CWDtEc' (Tikras pirmas): {
    "metadata": {
        "encryptionMethod": "AES-256",
        "iterations": 100000,
        "salt": "3Tb5kq0m1gH6Z9e4Dgz2iQ==",
        "initializationVector": "c9EdNTsmPGMFqcjjidBOYw==",
        "keyDerivationMethod": "PBKDF2WithHmacSHA256"
    },
    "cipherText": "50jPsK+JDkHV3z9egUMEDTGelapIcKro+GP7Wqhmyun41OuUmUehA/NZrntitVPZh4OA1WtiMFpX+4uv8Bo1mTllDjQTGcHfxv9nrsyNtQmShWVVMggcvtfCQQTYDlGO"
}
- '3ChifyK369cRTiSFUUxMvBYzbyCH3TAYPGpkjYybQ24ib29V3B' (Antras): {
    "metadata": {
        "encryptionMethod": "AES-256",
        "iterations": 100000,
        "salt": "fxPQCpYjJI5/bOVvkj6ANw==",
        "initializationVector": "uokEOoaO+qLW9kFZAoPJsg==",
        "keyDerivationMethod": "PBKDF2WithHmacSHA256"
    },
    "cipherText": "bWGq/3o4eXjeSuGnB1gpUtAuBSc+YMMdQ7vplARJxT151CE7DoVBs3Owh53Q9W13meG4UumQWBmJyaFBTwwZ61AxE/muIXy4F5anmD9Nb3FUt90CX+4iQxCQcyHEtouM"
}
- '3KZUSLnbzxtGzmQ8jS6DDUmaBYftGNENbBZdioa8QrtNbsF6F5' (Tomas): {
    "metadata": {
        "encryptionMethod": "AES-256",
        "iterations": 100000,
        "salt": "DFGJTc5ZVM4FjjS07eAHKQ==",
        "initializationVector": "KsUrwoJG6ODKBbjxg7if7Q==",
        "keyDerivationMethod": "PBKDF2WithHmacSHA256"
    },
    "cipherText": "b0a6adgZXDJaatKBAmY6f7JySQkcS9Xszqowdzs+H+M6NmN/veFzKp37gUDI2WsIi6xc1XV5WmJVB7eTWVZAUMD+daw0X3wczPujx3nqOCf0ovRPcFAdGfEKzDTZRJn/"
}
- '3QfVc4W8FmpCY1GvBfoZfGG4rcrYQgEdz1zTv6WeK4MUbwt8yJ' (Ketvirtas): {
    "metadata": {
        "encryptionMethod": "AES-256",
        "iterations": 100000,
        "salt": "c9U33S1ayrL0xbvvqUCOgA==",
        "initializationVector": "lu5yEZYzA42SXEJ+XbYu0w==",
        "keyDerivationMethod": "PBKDF2WithHmacSHA256"
    },
    "cipherText": "wmblHJnX5/yVwu7jJCF8MrqAHfgx6Q3sTxdudoh3Bmi5vd0JWVDTCRvKmDB2KMpdZtN/KxpA8TYvLB3KL5T1AGLvzrnasx2It+O7koPjcoYBljCjjWbJWVBqoQDGtJDe"
}
- '3SNnikEzaVW3n6sA3m6KLJ6K8rEkbfnitR86aRVt9RdLvKzbeH' (Trecias): {
    "metadata": {
        "encryptionMethod": "AES-256",
        "iterations": 100000,
        "salt": "gyC4k5fi61eh9A3Wyu/hqA==",
        "initializationVector": "EIFpP53jItu6BK8NiRwC3g==",
        "keyDerivationMethod": "PBKDF2WithHmacSHA256"
    },
    "cipherText": "aG9p/dAGHWOZltpxuRjiDkhmCwFIQ0PWNHEavo1XY08oE9yd4HR1AsSa9y6xnB13U9Va6/IBwX+98g+VgADvvDHxVeMyqDXgV2m6M7rZTKf02Td4l1ij8C365oYn8n6w"
}
- '3d53KkeRAQytjkaWaWm6bywAjDGLW44H1vXeqJLZtNqeoEE4VT' (Acc android): {
    "metadata": {
        "encryptionMethod": "AES-256",
        "iterations": 100000,
        "salt": "thxb5lHe9tW1F9y8IE3eGQ==",
        "initializationVector": "qQr2PVSfc7TjolKsP56COQ==",
        "keyDerivationMethod": "PBKDF2WithHmacSHA256"
    },
    "cipherText": "LWMWT/o/mp23M43R2KAVST27KSX1L1CdafU3DsVmUPbJkQrmcQQRfbTwOlkn9jYvlF3x4Vyhkw6Et1kezA+CPI/fXez+5DMEvjEfsNpWGafnBAS/XN/HcO8NCEBM2Rei"
}
- '3dfPk4jgjNE74DBbZSB23e5Wp7JxdxUoRXLA4SKKoapPAQFLPW' (Tomas second): {
    "metadata": {
        "encryptionMethod": "AES-256",
        "iterations": 100000,
        "salt": "44HmkcbgyLuO2uqjo/29NA==",
        "initializationVector": "pC6kGFD4slGZtksnDJ8uQQ==",
        "keyDerivationMethod": "PBKDF2WithHmacSHA256"
    },
    "cipherText": "Q+3XTFQMOE/2KMTUoG26Ov3baUG+C2BHF6acpVk1/+R6dpFb81QECgau1F88Kt6Td7OozDtjMpRaQfgwLn4zfHDq/+rsbur6pwRNP1fed937O8nD3BEgz5gjLMDSpUIl"
}
- '3uB3ewjunCN1qSzTa87XscVsgtzfwGHNirYuaKBw76iaYG8BzQ' (Darius second): {
    "metadata": {
        "encryptionMethod": "AES-256",
        "iterations": 100000,
        "salt": "DZDkxEZcSqMXulK7kYYiOw==",
        "initializationVector": "HmfTQ+j1tTQJ/n70rUs6yg==",
        "keyDerivationMethod": "PBKDF2WithHmacSHA256"
    },
    "cipherText": "8gUqvI/kU3KYYlflVsn2hg6ZYF/LeY9ftYxNTQP67Pgkk7+nuVBWwmphnG0Pjmm7AyLmCIPAoD/zct0kvp/4l3FNkHixhHiUQGslbM31pE9Xz5rgWCcfWn22+i0dXk+0"
}
- '3xf4BScLznQieKQpv95DcvKZdKNSySi9LPRB2CR57yeWL81f4M' (Papildymas): {
    "metadata": {
        "encryptionMethod": "AES-256",
        "iterations": 100000,
        "salt": "jmwgSwkEnJKFfPLXmkngtQ==",
        "initializationVector": "wk1qkCVVr7u3w/l5TT5MPA==",
        "keyDerivationMethod": "PBKDF2WithHmacSHA256"
    },
    "cipherText": "Bq+Vjb+X5l4JQdWRi/zY981YIUS7+MbaEAPqcNGRcCNx5T3uhHYQ+sXgDpzyMf2ehLRnx1pkBF/CbOqUGeGgScHkhPLLrcGASpuBtA+PdVBUAWvC0FesTWf2hR7nKoSM"
}
- '45bfqjei4fQa981qLji1mxdvi8AMi7nKTqs5VuHAJsqaTdKkUU' (Pagrindinis): {
    "metadata": {
        "encryptionMethod": "AES-256",
        "iterations": 100000,
        "salt": "a5xWcvcl5wJbfof9RItNOQ==",
        "initializationVector": "AoAIcqgIuVy04oSx5BDd4A==",
        "keyDerivationMethod": "PBKDF2WithHmacSHA256"
    },
    "cipherText": "v1m977rTG0lwH98YHQdVoAC6UWxhODQY+ayX3gbBclpVjINHHn7sQ7FmUGzca66zxexg+Su3PmnlImCAgr5rAtAWJUWft6ls5X95eHwL+HL50DhudX5SKLA5v3dT8eOq"
}
- '4KYWymfuk4yHAMJ4E6nTvtfSkPSNWwHbRECgoai3GSugrsgKsw' (Tikras antras): {
    "metadata": {
        "encryptionMethod": "AES-256",
        "iterations": 100000,
        "salt": "x4QaNxvuDq0AsINvQr3t3A==",
        "initializationVector": "1Q0RqwL8m0uWHjv6VS9R3A==",
        "keyDerivationMethod": "PBKDF2WithHmacSHA256"
    },
    "cipherText": "xmn3wIloaItbh8FEJbYknAVI5hkgIPHDZ/woeHte1noQEb7sTgc+UvgEfUV3LVZ3CiA/BfacK3rNTl3uihBzHol0f51yi157P1uMVJnaQmnRGaKrOkor+8eF5Mi/gB6A"
}
- '4PM76UDtGQkKQfxePn2XKZ62rYFJ7QqQwBe4QAewqKcU8sDoQn' (Papildymas 2): {
    "metadata": {
        "encryptionMethod": "AES-256",
        "iterations": 100000,
        "salt": "x/9u5q/aNeaQoI7mG9jzGg==",
        "initializationVector": "Uq2Oe/C/ld8Qzo0l76pI+g==",
        "keyDerivationMethod": "PBKDF2WithHmacSHA256"
    },
    "cipherText": "KA8jVh8R4XU3xsDA8/y2LmsXbuLc5cnpOqx4bEo9M4Xrgc5Lia0NiwPl6h5z5LpafaAhjE5q59yo3IXfVuJouj2+xlJoLnlJmHCpeq2QpoxSWYZ9/tYy2Ddp3AmJkbF8"
}
- '4b7SHwx5wxSQ9FxLeV6KirexgedDcxp327SEbi2LHavUAL1cj2' (Papildymas 1): {
    "metadata": {
        "encryptionMethod": "AES-256",
        "iterations": 100000,
        "salt": "VabUq2PvDnjYZKSUzaufAQ==",
        "initializationVector": "iLJGJ7HQ6bgBqYUNVmjM9A==",
        "keyDerivationMethod": "PBKDF2WithHmacSHA256"
    },
    "cipherText": "VY6WBvAisVj6gFiSCG36XPffRj++e1gDmE8YpAkkBlgODWQkjxd86EtUs9W0gLd1bNGPFZa7O0O957dbNcrmSEIa+SKo2CPLv+Vl4t07fyWczG17Q+O8cgwQkJMoS9PE"
}
- '4goBpDc8LLkPWA6i6keUpURJdEDQsXWm9i6kVjaAD4WzeRs6gk' (Darius account): {
    "metadata": {
        "encryptionMethod": "AES-256",
        "iterations": 100000,
        "salt": "TkmZ9pOQgUY8ngEFwalE4Q==",
        "initializationVector": "C7aipKgOx09DS5B5s0MWiQ==",
        "keyDerivationMethod": "PBKDF2WithHmacSHA256"
    },
    "cipherText": "sckiB8QO3aMBTVuQaTliWFE9Q3UXLWDvPqKbGUiFeCSPdt0KhkDKpqL9t/cj99L5+0uCvBxPXArxGjXGRlZG49NHHkJbIsHfxHdOeLjtJ4g8ndf+AatQu8jVAxcvBFS6"
}
Andrius@Andriuss-MacBook-Pro concordium-software % 